Startup is 'sourced'
Opening the database
Phonon calculation for Untitled

Phonon parameters
=================
The calculation explores the full Brillouin zone and accounts for an interaction range of about 10.0 Angstroem.
The asymmetric atoms are displaced by +/-0.02 Angstroem.

In a first step, need to run an optimization of atom positions for the supercell containing 32 atoms.
Then, need to run a total number of 2 single point energy calculations on supercells with displaced atoms containing 32 atoms.

      Supercell transformation matrix              Supercell lattice vectors
       2.00000    0.00000    0.00000             8.86098    0.00000    0.00000
       0.00000    2.00000    0.00000             0.00000    8.86098    0.00000
       0.00000    0.00000    2.00000             0.00000    0.00000    8.86098

     Supercell           Site        Displaced atom     Displacement (fractional units)
   ---------------    ----------     --------------     -------------------------------
  undisplaced           ----            ----             0.00000    0.00000    0.00000
  displaced_Ag__a       Ag              Ag               0.00226    0.00000    0.00000
  displaced_Ag__b       Ag              Ag              -0.00226    0.00000    0.00000

Invariance conditions are not enforced.
No approximation to LO/TO splitting
Properties: Phonon dispersion and form factors 
            Phonon density of states 
            Thermodynamic functions
==========================================


VASP parameters
===============
Since no magnetic moments are in the model, this is a non-magnetic calculation using 'accurate' precision
and a user-defined planewave cutoff energy of 600.000 eV.

The electronic iterations convergence is 1.00E-005 eV using the Very Fast (RMM-DIIS) algorithm
and reciprocal space projection operators.

The requested k-spacing is 0.1 per Angstrom, which leads to a 25x25x25 mesh.
This corresponds to actual k-spacings of 0.098 x 0.098 x 0.098 per Angstrom.

Using first order Methfessel-Paxton smearing with a width of 0.2 eV.

Other non-default parameters:
	Extrafine augmentation grid for accurate forces is TRUE
	Algorithm is Very Fast (RMM-DIIS)
	Wave functions is TRUE
==========================================

------------------------------------------------------------------------

Results for initial structural minimization of the supercell without displacements:
--------------------------------------------------------------------------------------

There are 20 symmetry-unique k-points
The plane wave cutoff is 600.00 eV

   VASP energy:             -86.084960 eV for Ag32

   Initial VASP energy:     -86.084960 eV for Ag32
   Relaxation energy:         0.000000 eV gained after 1 optimization steps.

Electronic contributions:
                          Empirical Formula          Cell
                                    Ag          (Ag)32
                          --------------- ---------------
              VASP Energy        -259.560       -8305.934 kJ/mol
      Energy of formation          13.266         424.501
                  PV term        -126.559       -4049.901

   This is the electronic part of the formation energy with respect to the
   elements in their standard state. It is obtained from the total energy (above)
   and tabulated VASP energies for the elements in their standard state.
   See the documentation for more details.

   Details for Ag:
                                             VASP energy (Etot):     -259.56 kJ/mol
       Standard state energy of 1.00 atoms of Ag  1.00 * -272.83:  -  -272.83
                                                                   ----------
                                        Energy of formation (Ef):       13.27 kJ/mol


Cell parameters:
 Parameter    Value    
---------- ------------
         a     8.860983
         b     8.860983
         c     8.860983
     alpha    89.999999
      beta    89.999999
     gamma    89.999999

    Volume    86.967257 Ang^3

        Density:     8.238 Mg/m^3

   The pressure given below is exerted by the system according to its volume.
   Positive pressure would cause expansion during full geometry optimization.
       Pressure:    -9.666 GPa
               =   -96.660 kbar

                      XX        YY        ZZ        XY        YZ        ZX
         Stress:     9.666     9.666     9.666     0.000     0.000     0.000 GPa
               =    96.660    96.660    96.660     0.000     0.000     0.000 kbar
   The stress tensor above is imposed on the system, i.e. negative values of diagonal components 
   would cause expansion of the corresponding lattice parameter upon full geometry optimization.
   The pressure and stress include only electronic terms, i.e. the vibrational,
   temperature and other terms are not included here.

Fractional Coordinates:
	Atom          Initial Coordinates             Final Coordinates
	-----      -------- -------- --------      -------- -------- --------
	Ag           0.7500   0.7500   0.5000        0.7500   0.7500   0.5000
	Ag           0.7500   0.7500   0.0000        0.7500   0.7500   0.0000
	Ag           0.7500   0.0000   0.2500        0.7500   0.0000   0.2500
	Ag           0.7500   0.2500   0.5000        0.7500   0.2500   0.5000
	Ag           0.0000   0.7500   0.2500        0.0000   0.7500   0.2500
	Ag           0.0000   0.0000   0.5000        0.0000   0.0000   0.5000
	Ag           0.2500   0.7500   0.5000        0.2500   0.7500   0.5000
	Ag           0.7500   0.0000   0.7500        0.7500   0.0000   0.7500
	Ag           0.7500   0.2500   0.0000        0.7500   0.2500   0.0000
	Ag           0.7500   0.5000   0.2500        0.7500   0.5000   0.2500
	Ag           0.0000   0.7500   0.7500        0.0000   0.7500   0.7500
	Ag           0.0000   0.0000   0.0000        0.0000   0.0000   0.0000
	Ag           0.0000   0.2500   0.2500        0.0000   0.2500   0.2500
	Ag           0.0000   0.5000   0.5000        0.0000   0.5000   0.5000
	Ag           0.2500   0.7500   0.0000        0.2500   0.7500   0.0000
	Ag           0.2500   0.0000   0.2500        0.2500   0.0000   0.2500
	Ag           0.2500   0.2500   0.5000        0.2500   0.2500   0.5000
	Ag           0.5000   0.7500   0.2500        0.5000   0.7500   0.2500
	Ag           0.5000   0.0000   0.5000        0.5000   0.0000   0.5000
	Ag           0.7500   0.5000   0.7500        0.7500   0.5000   0.7500
	Ag           0.0000   0.2500   0.7500        0.0000   0.2500   0.7500
	Ag           0.0000   0.5000   0.0000        0.0000   0.5000   0.0000
	Ag           0.2500   0.0000   0.7500        0.2500   0.0000   0.7500
	Ag           0.2500   0.2500   0.0000        0.2500   0.2500   0.0000
	Ag           0.2500   0.5000   0.2500        0.2500   0.5000   0.2500
	Ag           0.5000   0.7500   0.7500        0.5000   0.7500   0.7500
	Ag           0.5000   0.0000   0.0000        0.5000   0.0000   0.0000
	Ag           0.5000   0.2500   0.2500        0.5000   0.2500   0.2500
	Ag           0.5000   0.5000   0.5000        0.5000   0.5000   0.5000
	Ag           0.2500   0.5000   0.7500        0.2500   0.5000   0.7500
	Ag           0.5000   0.2500   0.7500        0.5000   0.2500   0.7500
	Ag           0.5000   0.5000   0.0000        0.5000   0.5000   0.0000

Results for supercell calculations:
------------------------------------------------------------------------
	        Supercell         Energy (eV)
	      -------------      -------------
	        undisplaced       -86.08496
	     displaced_Ag__a      -86.08471
	     displaced_Ag__b      -86.08471


Symmetry analysis of Gamma point phonon frequencies:
----------------------------------------------------
   Crystal  Point  Group: O_h   (m3m) 
   Supercell Point Group: O_h   (m3m) 
    Table of irreducible representations of point group:
 ------------------------------------------
    IR     1  5  7  9 11  6  8 10 12 13 16 17 18 21 23 14 15 19 20 22 24  2  3  4 25 38 39 43 44 46 48 29 30 31 32 33 34 35 36 26 27 28 37 40 41 42 45 47
 ------------------------------------------
 A1g(R)    1  1  1  1  1  1  1  1  1  1  1  1  1  1  1  1  1  1  1  1  1  1  1  1  1  1  1  1  1  1  1  1  1  1  1  1  1  1  1  1  1  1  1  1  1  1  1  1   x^2+y^2+z^2                         
 A2g       1  1  1  1  1  1  1  1  1 -1 -1 -1 -1 -1 -1 -1 -1 -1 -1 -1 -1  1  1  1  1 -1 -1 -1 -1 -1 -1  1  1  1  1  1  1  1  1  1  1  1 -1 -1 -1 -1 -1 -1                                       
 Eg(R)     2 -1 -1 -1 -1 -1 -1 -1 -1  0  0  0  0  0  0  0  0  0  0  0  0  2  2  2  2  0  0  0  0  0  0 -1 -1 -1 -1 -1 -1 -1 -1  2  2  2  0  0  0  0  0  0   (2z^2-x^2-y^2, x^2-y^2)             
 T1g       3  0  0  0  0  0  0  0  0 -1 -1 -1 -1 -1 -1  1  1  1  1  1  1 -1 -1 -1  3  1  1  1  1  1  1  0  0  0  0  0  0  0  0 -1 -1 -1 -1 -1 -1 -1 -1 -1                                       
 T2g(R)    3  0  0  0  0  0  0  0  0  1  1  1  1  1  1 -1 -1 -1 -1 -1 -1 -1 -1 -1  3 -1 -1 -1 -1 -1 -1  0  0  0  0  0  0  0  0 -1 -1 -1  1  1  1  1  1  1   (xy,xz,yz)                          
 A1u       1  1  1  1  1  1  1  1  1  1  1  1  1  1  1  1  1  1  1  1  1  1  1  1 -1 -1 -1 -1 -1 -1 -1 -1 -1 -1 -1 -1 -1 -1 -1 -1 -1 -1 -1 -1 -1 -1 -1 -1                                       
 A2u       1  1  1  1  1  1  1  1  1 -1 -1 -1 -1 -1 -1 -1 -1 -1 -1 -1 -1  1  1  1 -1  1  1  1  1  1  1 -1 -1 -1 -1 -1 -1 -1 -1 -1 -1 -1  1  1  1  1  1  1                                       
 Eu        2 -1 -1 -1 -1 -1 -1 -1 -1  0  0  0  0  0  0  0  0  0  0  0  0  2  2  2 -2  0  0  0  0  0  0  1  1  1  1  1  1  1  1 -2 -2 -2  0  0  0  0  0  0                                       
 T1u(I)    3  0  0  0  0  0  0  0  0 -1 -1 -1 -1 -1 -1  1  1  1  1  1  1 -1 -1 -1 -3 -1 -1 -1 -1 -1 -1  0  0  0  0  0  0  0  0  1  1  1  1  1  1  1  1  1   (x,y,z)                             
 T2u       3  0  0  0  0  0  0  0  0  1  1  1  1  1  1 -1 -1 -1 -1 -1 -1 -1 -1 -1 -3  1  1  1  1  1  1  0  0  0  0  0  0  0  0  1  1  1 -1 -1 -1 -1 -1 -1                                       
 ------------------------------------------
    Wave vector= 0.0000  0.0000  0.0000    no macro. electric field
 Multi. Omega   Irreducible Representations
  3     0.011     T1u(I)                                                                                                     
Notation: (R)  Raman active mode
          (I)  Infrared active mode
          (RI) Raman and Infrared active mode

Thermodynamic Properties
   for empirical formula Ag

The following thermodynamic functions are obtained from the phonon
density of states within the harmonic approximation. The results are
meaningful only below the melting point, which lies well below 3000 K
for most materials.
Definitions:
      Cv            : vibrational heat capacity at constant volume
E_vib(T)=E(T)-E(0)  : the change in vibrational internal energy from 0 K, where
                        E(0) = E_elec + ZPE is the electronic energy of formation E_elec plus the zero point energy ZPE
      S(T)          : the vibrational entropy at temperature T
   -(A(T)-E(0))     : the change in the vibrational Helmholtz free energy from 0 K
      E(T)          : the electronic energy of formation plus the vibrational internal energy, so this term is
                        E_elec + ZPE + E_vib(T)
      A(T)          : the electronic plus vibrational Helmholtz free energy,
                        E(T) - T.S(T)
Note that the electronic energy, which is part of the enthalpy and free energies,
 is referenced to the elements in their standard state.

Electronic energy =    13.27 kJ/mol (referenced to elements in the standard state)
          PV term =  -126.56 kJ/mol
Zero-point energy =     0.97 kJ/mol

    T       Cv       E(T)-E(0)      S(T)   -(A(T)-E(0))     E(T)        A(T)
    K     J/K/mol      kJ/mol     J/K/mol     kJ/mol       kJ/mol      kJ/mol
  ----- ----------- ----------- ----------- ----------- ----------- -----------
     0      0.0000      0.0000      0.0000      0.0000     14.2399     14.2399
     1      0.0004      0.0000      0.0001      0.0000     14.2399     14.2399
     2      0.0081      0.0000      0.0021      0.0000     14.2399     14.2399
     3      0.0254      0.0000      0.0084      0.0000     14.2399     14.2399
     4      0.0539      0.0001      0.0193      0.0000     14.2400     14.2399
     5      0.1018      0.0001      0.0359      0.0000     14.2400     14.2399
    10      1.3884      0.0029      0.3712      0.0008     14.2428     14.2391
    15      4.7673      0.0177      1.5260      0.0052     14.2576     14.2347
    20      8.6525      0.0513      3.4345      0.0173     14.2912     14.2226
    30     14.6721      0.1704      8.1774      0.0750     14.4103     14.1649
    40     18.2196      0.3364     12.9309      0.1808     14.5763     14.0591
    50     20.2941      0.5299     17.2391      0.3321     14.7698     13.9078
    60     21.5687      0.7397     21.0606      0.5239     14.9796     13.7160
    70     22.3949      0.9598     24.4518      0.7518     15.1997     13.4881
    80     22.9563      1.1867     27.4811      1.0118     15.4266     13.2281
    90     23.3533      1.4184     30.2092      1.3004     15.6583     12.9395
   100     23.6435      1.6534     32.6855      1.6151     15.8933     12.6248
   125     24.0994      2.2508     38.0158      2.5011     16.4907     11.7388
   150     24.3526      2.8567     42.4341      3.5083     17.0966     10.7316
   175     24.5071      3.4676     46.2005      4.6174     17.7075      9.6225
   200     24.6082      4.0816     49.4800      5.8143     18.3215      8.4256
   225     24.6779      4.6978     52.3827      7.0883     18.9377      7.1516
   250     24.7279      5.3154     54.9855      8.4309     19.5553      5.8090
   273     24.7624      5.8845     57.1634      9.7210     20.1244      4.5189
   275     24.7650      5.9340     57.3441      9.8355     20.1740      4.4044
   298     24.7912      6.5040     59.3344     11.1776     20.7439      3.0623
   300     24.7932      6.5535     59.5002     11.2964     20.7934      2.9435
   350     24.8328      7.7943     63.3253     14.3695     22.0342     -0.1296
   400     24.8585      9.0366     66.6431     17.6205     23.2765     -3.3806
   450     24.8761     10.2800     69.5721     21.0273     24.5199     -6.7874
   500     24.8888     11.5241     72.1937     24.5726     25.7640    -10.3327
   550     24.8981     12.7688     74.5663     28.2425     27.0087    -14.0026
   600     24.9052     14.0138     76.7331     32.0257     28.2537    -17.7858
   650     24.9108     15.2592     78.7268     35.9129     29.4991    -21.6730
   700     24.9152     16.5049     80.5730     39.8959     30.7448    -25.6560
   750     24.9187     17.7507     82.2921     43.9680     31.9906    -29.7281
   800     24.9216     18.9967     83.9005     48.1232     33.2366    -33.8833
   850     24.9241     20.2429     85.4114     52.3564     34.4828    -38.1165
   900     24.9261     21.4891     86.8361     56.6629     35.7290    -42.4230
   950     24.9278     22.7355     88.1838     61.0386     36.9754    -46.7987
  1000     24.9292     23.9819     89.4625     65.4800     38.2218    -51.2401
  1050     24.9305     25.2284     90.6788     69.9838     39.4683    -55.7439
  1100     24.9316     26.4749     91.8386     74.5469     40.7148    -60.3070
  1150     24.9325     27.7215     92.9468     79.1667     41.9614    -64.9268
  1200     24.9334     28.9681     94.0080     83.8407     43.2081    -69.6008
  1250     24.9341     30.2148     95.0259     88.5668     44.4547    -74.3269
  1300     24.9347     31.4615     96.0038     93.3426     45.7014    -79.1027
  1350     24.9353     32.7083     96.9449     98.1665     46.9482    -83.9266
  1400     24.9359     33.9551     97.8517    103.0365     48.1950    -88.7966
  1450     24.9363     35.2019     98.7268    107.9511     49.4418    -93.7112
  1500     24.9367     36.4487     99.5721    112.9086     50.6886    -98.6687
  1550     24.9371     37.6955    100.3898    117.9078     51.9354   -103.6679
  1600     24.9375     38.9424    101.1815    122.9471     53.1823   -108.7072
  1650     24.9378     40.1892    101.9489    128.0254     54.4291   -113.7855
  1700     24.9381     41.4361    102.6934    133.1415     55.6760   -118.9016
  1750     24.9383     42.6830    103.4162    138.2943     56.9229   -124.0544
  1800     24.9386     43.9300    104.1188    143.4827     58.1699   -129.2428
  1850     24.9388     45.1769    104.8021    148.7058     59.4168   -134.4659
  1900     24.9390     46.4238    105.4672    153.9626     60.6637   -139.7227
  1950     24.9392     47.6708    106.1150    159.2522     61.9107   -145.0123
  2000     24.9394     48.9177    106.7464    164.5738     63.1576   -150.3339
  2100     24.9397     51.4117    107.9632    175.3097     65.6516   -161.0698
  2200     24.9400     53.9056    109.1234    186.1644     68.1455   -171.9245
  2300     24.9402     56.3996    110.2321    197.1324     70.6395   -182.8925
  2400     24.9404     58.8936    111.2935    208.2090     73.1335   -193.9691
  2500     24.9406     61.3877    112.3116    219.3896     75.6276   -205.1497
  2600     24.9408     63.8817    113.2898    230.6699     78.1216   -216.4300
  2700     24.9409     66.3758    114.2311    242.0462     80.6157   -227.8063
  2800     24.9410     68.8699    115.1381    253.5149     83.1098   -239.2750
  2900     24.9411     71.3640    116.0133    265.0726     85.6039   -250.8327
  3000     24.9412     73.8581    116.8589    276.7163     88.0980   -262.4764

Job completed on Wed 25 January 2017 at 11:27:30 æ±äº¬ (æ¨™æº–æ™‚) after 4516 s (1:15:16)
