Startup is 'sourced'
Opening the database
Phonon calculation for Untitled_1

Phonon parameters
=================
The calculation explores the full Brillouin zone and accounts for an interaction range of about 10.0 Angstroem.
The asymmetric atoms are displaced by +/-0.02 Angstroem.

In a first step, need to run an optimization of atom positions for the supercell containing 32 atoms.
Then, need to run a total number of 2 single point energy calculations on supercells with displaced atoms containing 32 atoms.

      Supercell transformation matrix              Supercell lattice vectors
       2.00000    0.00000    0.00000             8.75051    0.00000    0.00000
       0.00000    2.00000    0.00000             0.00000    8.75051    0.00000
       0.00000    0.00000    2.00000             0.00000    0.00000    8.75051

     Supercell           Site        Displaced atom     Displacement (fractional units)
   ---------------    ----------     --------------     -------------------------------
  undisplaced           ----            ----             0.00000    0.00000    0.00000
  displaced_Au__a       Au              Au               0.00229    0.00000    0.00000
  displaced_Au__b       Au              Au              -0.00229    0.00000    0.00000

Invariance conditions are not enforced.
No approximation to LO/TO splitting
Properties: Phonon dispersion and form factors 
            Phonon density of states 
            Thermodynamic functions
==========================================


VASP parameters
===============
Since no magnetic moments are in the model, this is a non-magnetic calculation using 'accurate' precision
and a user-defined planewave cutoff energy of 600.000 eV.

The electronic iterations convergence is 1.00E-005 eV using the Normal (blocked Davidson) algorithm
and reciprocal space projection operators.

The requested k-spacing is 0.3 per Angstrom, which leads to a 9x9x9 mesh.
This corresponds to actual k-spacings of 0.276 x 0.276 x 0.276 per Angstrom.

Using first order Methfessel-Paxton smearing with a width of 0.2 eV.

Other non-default parameters:
	Extrafine augmentation grid for accurate forces is TRUE
	Wave functions is TRUE
==========================================

------------------------------------------------------------------------

Using GGA-PBE / PAW potentials:
	Au

Results for initial structural minimization of the supercell without displacements:
--------------------------------------------------------------------------------------

There are 4 symmetry-unique k-points
The plane wave cutoff is 600.00 eV

   VASP energy:            -100.374896 eV for Au32

   Initial VASP energy:    -100.374900 eV for Au32
   Relaxation energy:         0.000004 eV gained after 1 optimization steps.

Electronic contributions:
                          Empirical Formula          Cell
                                    Au          (Au)32
                          --------------- ---------------
              VASP Energy        -302.647       -9684.703 kJ/mol
      Energy of formation          13.025         416.793
                  PV term        -159.032       -5089.033

   This is the electronic part of the formation energy with respect to the
   elements in their standard state. It is obtained from the total energy (above)
   and tabulated VASP energies for the elements in their standard state.
   See the documentation for more details.

   Details for Au:
                                             VASP energy (Etot):     -302.65 kJ/mol
       Standard state energy of 1.00 atoms of Au  1.00 * -315.67:  -  -315.67
                                                                   ----------
                                        Energy of formation (Ef):       13.02 kJ/mol


Cell parameters:
 Parameter    Value    
---------- ------------
         a     8.750513
         b     8.750513
         c     8.750513
     alpha    89.999999
      beta    89.999999
     gamma    89.999999

    Volume    83.754959 Ang^3

        Density:    15.620 Mg/m^3

   The pressure given below is exerted by the system according to its volume.
   Positive pressure would cause expansion during full geometry optimization.
       Pressure:   -12.612 GPa
               =  -126.120 kbar

                      XX        YY        ZZ        XY        YZ        ZX
         Stress:    12.612    12.612    12.612     0.000     0.000     0.000 GPa
               =   126.120   126.120   126.120     0.000     0.000     0.000 kbar
   The stress tensor above is imposed on the system, i.e. negative values of diagonal components 
   would cause expansion of the corresponding lattice parameter upon full geometry optimization.
   The pressure and stress include only electronic terms, i.e. the vibrational,
   temperature and other terms are not included here.

Fractional Coordinates:
	Atom          Initial Coordinates             Final Coordinates
	-----      -------- -------- --------      -------- -------- --------
	Au           0.7500   0.7500   0.5000        0.7500   0.7500   0.5000
	Au           0.7500   0.7500   0.0000        0.7500   0.7500   0.0000
	Au           0.7500   0.0000   0.2500        0.7500   0.0000   0.2500
	Au           0.7500   0.2500   0.5000        0.7500   0.2500   0.5000
	Au           0.0000   0.7500   0.2500        0.0000   0.7500   0.2500
	Au           0.0000   0.0000   0.5000        0.0000   0.0000   0.5000
	Au           0.2500   0.7500   0.5000        0.2500   0.7500   0.5000
	Au           0.7500   0.0000   0.7500        0.7500   0.0000   0.7500
	Au           0.7500   0.2500   0.0000        0.7500   0.2500   0.0000
	Au           0.7500   0.5000   0.2500        0.7500   0.5000   0.2500
	Au           0.0000   0.7500   0.7500        0.0000   0.7500   0.7500
	Au           0.0000   0.0000   0.0000        0.0000   0.0000   0.0000
	Au           0.0000   0.2500   0.2500        0.0000   0.2500   0.2500
	Au           0.0000   0.5000   0.5000        0.0000   0.5000   0.5000
	Au           0.2500   0.7500   0.0000        0.2500   0.7500   0.0000
	Au           0.2500   0.0000   0.2500        0.2500   0.0000   0.2500
	Au           0.2500   0.2500   0.5000        0.2500   0.2500   0.5000
	Au           0.5000   0.7500   0.2500        0.5000   0.7500   0.2500
	Au           0.5000   0.0000   0.5000        0.5000   0.0000   0.5000
	Au           0.7500   0.5000   0.7500        0.7500   0.5000   0.7500
	Au           0.0000   0.2500   0.7500        0.0000   0.2500   0.7500
	Au           0.0000   0.5000   0.0000        0.0000   0.5000   0.0000
	Au           0.2500   0.0000   0.7500        0.2500   0.0000   0.7500
	Au           0.2500   0.2500   0.0000        0.2500   0.2500   0.0000
	Au           0.2500   0.5000   0.2500        0.2500   0.5000   0.2500
	Au           0.5000   0.7500   0.7500        0.5000   0.7500   0.7500
	Au           0.5000   0.0000   0.0000        0.5000   0.0000   0.0000
	Au           0.5000   0.2500   0.2500        0.5000   0.2500   0.2500
	Au           0.5000   0.5000   0.5000        0.5000   0.5000   0.5000
	Au           0.2500   0.5000   0.7500        0.2500   0.5000   0.7500
	Au           0.5000   0.2500   0.7500        0.5000   0.2500   0.7500
	Au           0.5000   0.5000   0.0000        0.5000   0.5000   0.0000

Results for supercell calculations:
------------------------------------------------------------------------
	        Supercell         Energy (eV)
	      -------------      -------------
	        undisplaced      -100.37490
	     displaced_Au__a     -100.37461
	     displaced_Au__b     -100.37461


Symmetry analysis of Gamma point phonon frequencies:
----------------------------------------------------
   Crystal  Point  Group: O_h   (m3m) 
   Supercell Point Group: O_h   (m3m) 
    Table of irreducible representations of point group:
 ------------------------------------------
    IR     1  5  7  9 11  6  8 10 12 13 16 17 18 21 23 14 15 19 20 22 24  2  3  4 25 38 39 43 44 46 48 29 30 31 32 33 34 35 36 26 27 28 37 40 41 42 45 47
 ------------------------------------------
 A1g(R)    1  1  1  1  1  1  1  1  1  1  1  1  1  1  1  1  1  1  1  1  1  1  1  1  1  1  1  1  1  1  1  1  1  1  1  1  1  1  1  1  1  1  1  1  1  1  1  1   x^2+y^2+z^2                         
 A2g       1  1  1  1  1  1  1  1  1 -1 -1 -1 -1 -1 -1 -1 -1 -1 -1 -1 -1  1  1  1  1 -1 -1 -1 -1 -1 -1  1  1  1  1  1  1  1  1  1  1  1 -1 -1 -1 -1 -1 -1                                       
 Eg(R)     2 -1 -1 -1 -1 -1 -1 -1 -1  0  0  0  0  0  0  0  0  0  0  0  0  2  2  2  2  0  0  0  0  0  0 -1 -1 -1 -1 -1 -1 -1 -1  2  2  2  0  0  0  0  0  0   (2z^2-x^2-y^2, x^2-y^2)             
 T1g       3  0  0  0  0  0  0  0  0 -1 -1 -1 -1 -1 -1  1  1  1  1  1  1 -1 -1 -1  3  1  1  1  1  1  1  0  0  0  0  0  0  0  0 -1 -1 -1 -1 -1 -1 -1 -1 -1                                       
 T2g(R)    3  0  0  0  0  0  0  0  0  1  1  1  1  1  1 -1 -1 -1 -1 -1 -1 -1 -1 -1  3 -1 -1 -1 -1 -1 -1  0  0  0  0  0  0  0  0 -1 -1 -1  1  1  1  1  1  1   (xy,xz,yz)                          
 A1u       1  1  1  1  1  1  1  1  1  1  1  1  1  1  1  1  1  1  1  1  1  1  1  1 -1 -1 -1 -1 -1 -1 -1 -1 -1 -1 -1 -1 -1 -1 -1 -1 -1 -1 -1 -1 -1 -1 -1 -1                                       
 A2u       1  1  1  1  1  1  1  1  1 -1 -1 -1 -1 -1 -1 -1 -1 -1 -1 -1 -1  1  1  1 -1  1  1  1  1  1  1 -1 -1 -1 -1 -1 -1 -1 -1 -1 -1 -1  1  1  1  1  1  1                                       
 Eu        2 -1 -1 -1 -1 -1 -1 -1 -1  0  0  0  0  0  0  0  0  0  0  0  0  2  2  2 -2  0  0  0  0  0  0  1  1  1  1  1  1  1  1 -2 -2 -2  0  0  0  0  0  0                                       
 T1u(I)    3  0  0  0  0  0  0  0  0 -1 -1 -1 -1 -1 -1  1  1  1  1  1  1 -1 -1 -1 -3 -1 -1 -1 -1 -1 -1  0  0  0  0  0  0  0  0  1  1  1  1  1  1  1  1  1   (x,y,z)                             
 T2u       3  0  0  0  0  0  0  0  0  1  1  1  1  1  1 -1 -1 -1 -1 -1 -1 -1 -1 -1 -3  1  1  1  1  1  1  0  0  0  0  0  0  0  0  1  1  1 -1 -1 -1 -1 -1 -1                                       
 ------------------------------------------
    Wave vector= 0.0000  0.0000  0.0000    no macro. electric field
 Multi. Omega   Irreducible Representations
  3     0.006     T1u(I)                                                                                                     
Notation: (R)  Raman active mode
          (I)  Infrared active mode
          (RI) Raman and Infrared active mode

Thermodynamic Properties
   for empirical formula Au

The following thermodynamic functions are obtained from the phonon
density of states within the harmonic approximation. The results are
meaningful only below the melting point, which lies well below 3000 K
for most materials.
Definitions:
      Cv            : vibrational heat capacity at constant volume
E_vib(T)=E(T)-E(0)  : the change in vibrational internal energy from 0 K, where
                        E(0) = E_elec + ZPE is the electronic energy of formation E_elec plus the zero point energy ZPE
      S(T)          : the vibrational entropy at temperature T
   -(A(T)-E(0))     : the change in the vibrational Helmholtz free energy from 0 K
      E(T)          : the electronic energy of formation plus the vibrational internal energy, so this term is
                        E_elec + ZPE + E_vib(T)
      A(T)          : the electronic plus vibrational Helmholtz free energy,
                        E(T) - T.S(T)
Note that the electronic energy, which is part of the enthalpy and free energies,
 is referenced to the elements in their standard state.

Electronic energy =    13.02 kJ/mol (referenced to elements in the standard state)
          PV term =  -159.03 kJ/mol
Zero-point energy =     0.73 kJ/mol

    T       Cv       E(T)-E(0)      S(T)   -(A(T)-E(0))     E(T)        A(T)
    K     J/K/mol      kJ/mol     J/K/mol     kJ/mol       kJ/mol      kJ/mol
  ----- ----------- ----------- ----------- ----------- ----------- -----------
     0      0.0000      0.0000      0.0000      0.0000     13.7532     13.7532
     1      0.0159      0.0000      0.0051      0.0000     13.7532     13.7532
     2      0.0879      0.0001      0.0344      0.0000     13.7532     13.7532
     3      0.2472      0.0002      0.0967      0.0001     13.7534     13.7531
     4      0.5272      0.0006      0.2028      0.0002     13.7538     13.7529
     5      0.9652      0.0013      0.3643      0.0005     13.7545     13.7527
    10      5.1304      0.0156      2.1811      0.0062     13.7688     13.7470
    15      9.7494      0.0531      5.1586      0.0243     13.8063     13.7289
    20     13.4277      0.1115      8.4917      0.0583     13.8647     13.6948
    30     18.1131      0.2717     14.9234      0.1760     14.0249     13.5772
    40     20.5903      0.4665     20.5098      0.3539     14.2197     13.3993
    50     21.9748      0.6799     25.2671      0.5834     14.4331     13.1698
    60     22.8059      0.9042     29.3530      0.8570     14.6573     12.8962
    70     23.3373      1.1351     32.9113      1.1687     14.8882     12.5845
    80     23.6954      1.3703     36.0524      1.5138     15.1235     12.2393
    90     23.9471      1.6086     38.8587      1.8886     15.3618     11.8645
   100     24.1304      1.8490     41.3917      2.2901     15.6022     11.4631
   125     24.4171      2.4563     46.8105      3.3950     16.2094     10.3582
   150     24.5757      3.0689     51.2776      4.6227     16.8220      9.1304
   175     24.6722      3.6845     55.0738      5.9533     17.4377      7.7999
   200     24.7353      4.3022     58.3727      7.3723     18.0554      6.3809
   225     24.7787      4.9211     61.2887      8.8687     18.6743      4.8844
   250     24.8099      5.5410     63.9011     10.4342     19.2942      3.3190
   273     24.8314      6.1119     66.0857     11.9294     19.8651      1.8238
   275     24.8330      6.1616     66.2669     12.0617     19.9147      1.6914
   298     24.8493      6.7329     68.2622     13.6091     20.4861      0.1441
   300     24.8506      6.7826     68.4284     13.7458     20.5358      0.0074
   350     24.8752      8.0258     72.2612     17.2655     21.7790     -3.5123
   400     24.8912      9.2700     75.5839     20.9634     23.0231     -7.2102
   450     24.9022     10.5148     78.5163     24.8173     24.2680    -11.0641
   500     24.9100     11.7601     81.1405     28.8099     25.5133    -15.0567
   550     24.9158     13.0058     83.5149     32.9272     26.7589    -19.1740
   600     24.9203     14.2517     85.6831     37.1579     28.0048    -23.4047
   650     24.9237     15.4978     87.6779     41.4925     29.2509    -27.7394
   700     24.9264     16.7440     89.5251     45.9232     30.4972    -32.1700
   750     24.9287     17.9904     91.2450     50.4429     31.7436    -36.6897
   800     24.9305     19.2369     92.8538     55.0457     32.9900    -41.2926
   850     24.9320     20.4834     94.3653     59.7266     34.2366    -45.9734
   900     24.9332     21.7300     95.7904     64.4808     35.4832    -50.7276
   950     24.9343     22.9767     97.1384     69.3043     36.7299    -55.5511
  1000     24.9352     24.2234     98.4175     74.1934     37.9766    -60.4402
  1050     24.9360     25.4702     99.6340     79.1449     39.2234    -65.3917
  1100     24.9366     26.7170    100.7941     84.1558     40.4702    -70.4026
  1150     24.9372     27.9639    101.9026     89.2234     41.7170    -75.4702
  1200     24.9377     29.2107    102.9639     94.3452     42.9639    -80.5920
  1250     24.9382     30.4576    103.9820     99.5190     44.2108    -85.7658
  1300     24.9386     31.7045    104.9601    104.7426     45.4577    -90.9895
  1350     24.9390     32.9515    105.9013    110.0143     46.7046    -96.2611
  1400     24.9393     34.1984    106.8082    115.3322     47.9516   -101.5790
  1450     24.9396     35.4454    107.6833    120.6945     49.1985   -106.9414
  1500     24.9398     36.6924    108.5289    126.0999     50.4455   -112.3468
  1550     24.9401     37.9393    109.3466    131.5469     51.6925   -117.7938
  1600     24.9403     39.1863    110.1384    137.0340     52.9395   -123.2809
  1650     24.9405     40.4334    110.9059    142.5602     54.1865   -128.8071
  1700     24.9407     41.6804    111.6504    148.1243     55.4336   -134.3711
  1750     24.9408     42.9274    112.3735    153.7249     56.6806   -139.9718
  1800     24.9410     44.1744    113.0760    159.3611     57.9276   -145.6080
  1850     24.9411     45.4215    113.7594    165.0322     59.1747   -151.2790
  1900     24.9412     46.6686    114.4246    170.7368     60.4217   -156.9836
  1950     24.9414     47.9156    115.0724    176.4743     61.6688   -162.7211
  2000     24.9415     49.1627    115.7039    182.2436     62.9158   -168.4904
  2100     24.9417     51.6568    116.9207    193.8753     65.4100   -180.1221
  2200     24.9418     54.1510    118.0811    205.6257     67.9042   -191.8726
  2300     24.9420     56.6451    119.1898    217.4897     70.3983   -203.7365
  2400     24.9421     59.1393    120.2513    229.4620     72.8925   -215.7088
  2500     24.9422     61.6335    121.2695    241.5383     75.3867   -227.7851
  2600     24.9423     64.1278    122.2478    253.7144     77.8809   -239.9612
  2700     24.9424     66.6220    123.1891    265.9865     80.3751   -252.2333
  2800     24.9425     69.1162    124.0962    278.3510     82.8694   -264.5978
  2900     24.9426     71.6104    124.9714    290.8045     85.3636   -277.0513
  3000     24.9426     74.1047    125.8170    303.3440     87.8579   -289.5909

Job completed on Fri 06 January 2017 at 18:53:53 æ±äº¬ (æ¨™æº–æ™‚) after 2315 s (0:38:35)
