Startup is 'sourced'
Opening the database
Phonon calculation for Untitled_1

Phonon parameters
=================
The calculation explores the full Brillouin zone and accounts for an interaction range of about 10.0 Angstroem.
The asymmetric atoms are displaced by +/-0.02 Angstroem.

In a first step, need to run an optimization of atom positions for the supercell containing 32 atoms.
Then, need to run a total number of 2 single point energy calculations on supercells with displaced atoms containing 32 atoms.

      Supercell transformation matrix              Supercell lattice vectors
       2.00000    0.00000    0.00000             8.33775    0.00000    0.00000
       0.00000    2.00000    0.00000             0.00000    8.33775    0.00000
       0.00000    0.00000    2.00000             0.00000    0.00000    8.33775

     Supercell           Site        Displaced atom     Displacement (fractional units)
   ---------------    ----------     --------------     -------------------------------
  undisplaced           ----            ----             0.00000    0.00000    0.00000
  displaced_Au__a       Au              Au               0.00240    0.00000    0.00000
  displaced_Au__b       Au              Au              -0.00240    0.00000    0.00000

Invariance conditions are not enforced.
No approximation to LO/TO splitting
Properties: Phonon dispersion and form factors 
            Phonon density of states 
            Thermodynamic functions
==========================================


VASP parameters
===============
Since no magnetic moments are in the model, this is a non-magnetic calculation using 'accurate' precision
and a user-defined planewave cutoff energy of 600.000 eV.

The electronic iterations convergence is 1.00E-005 eV using the Normal (blocked Davidson) algorithm
and reciprocal space projection operators.

The requested k-spacing is 0.3 per Angstrom, which leads to a 3x3x3 mesh.
This corresponds to actual k-spacings of 0.251 x 0.251 x 0.251 per Angstrom.

Using first order Methfessel-Paxton smearing with a width of 0.2 eV.

Other non-default parameters:
	Extrafine augmentation grid for accurate forces is TRUE
	Wave functions is TRUE
==========================================

------------------------------------------------------------------------

Results for initial structural minimization of the supercell without displacements:
--------------------------------------------------------------------------------------

There are 4 symmetry-unique k-points
The plane wave cutoff is 600.00 eV

   VASP energy:            -104.546125 eV for Au32

   Initial VASP energy:    -104.546130 eV for Au32
   Relaxation energy:         0.000005 eV gained after 1 optimization steps.

Electronic contributions:
                          Empirical Formula          Cell
                                    Au          (Au)32
                          --------------- ---------------
              VASP Energy        -315.224      -10087.165 kJ/mol
      Energy of formation           0.448          14.331
                  PV term           5.149         164.754

   This is the electronic part of the formation energy with respect to the
   elements in their standard state. It is obtained from the total energy (above)
   and tabulated VASP energies for the elements in their standard state.
   See the documentation for more details.

   Details for Au:
                                             VASP energy (Etot):     -315.22 kJ/mol
       Standard state energy of 1.00 atoms of Au  1.00 * -315.67:  -  -315.67
                                                                   ----------
                                        Energy of formation (Ef):        0.45 kJ/mol


Cell parameters:
 Parameter    Value    
---------- ------------
         a     8.337753
         b     8.337753
         c     8.337753
     alpha    89.999999
      beta    89.999999
     gamma    89.999999

    Volume    72.453114 Ang^3

        Density:    18.057 Mg/m^3

   The pressure given below is exerted by the system according to its volume.
   Positive pressure would cause expansion during full geometry optimization.
       Pressure:   472.000 MPa
               =     4.720 kbar

                      XX        YY        ZZ        XY        YZ        ZX
         Stress:  -472.000  -472.000  -472.000     0.000     0.000     0.000 MPa
               =    -4.720    -4.720    -4.720     0.000     0.000     0.000 kbar
   The stress tensor above is imposed on the system, i.e. negative values of diagonal components 
   would cause expansion of the corresponding lattice parameter upon full geometry optimization.
   The pressure and stress include only electronic terms, i.e. the vibrational,
   temperature and other terms are not included here.

Fractional Coordinates:
	Atom          Initial Coordinates             Final Coordinates
	-----      -------- -------- --------      -------- -------- --------
	Au           0.7500   0.7500   0.5000        0.7500   0.7500   0.5000
	Au           0.7500   0.7500   0.0000        0.7500   0.7500   0.0000
	Au           0.7500   0.0000   0.2500        0.7500   0.0000   0.2500
	Au           0.7500   0.2500   0.5000        0.7500   0.2500   0.5000
	Au           0.0000   0.7500   0.2500        0.0000   0.7500   0.2500
	Au           0.0000   0.0000   0.5000        0.0000   0.0000   0.5000
	Au           0.2500   0.7500   0.5000        0.2500   0.7500   0.5000
	Au           0.7500   0.0000   0.7500        0.7500   0.0000   0.7500
	Au           0.7500   0.2500   0.0000        0.7500   0.2500   0.0000
	Au           0.7500   0.5000   0.2500        0.7500   0.5000   0.2500
	Au           0.0000   0.7500   0.7500        0.0000   0.7500   0.7500
	Au           0.0000   0.0000   0.0000        0.0000   0.0000   0.0000
	Au           0.0000   0.2500   0.2500        0.0000   0.2500   0.2500
	Au           0.0000   0.5000   0.5000        0.0000   0.5000   0.5000
	Au           0.2500   0.7500   0.0000        0.2500   0.7500   0.0000
	Au           0.2500   0.0000   0.2500        0.2500   0.0000   0.2500
	Au           0.2500   0.2500   0.5000        0.2500   0.2500   0.5000
	Au           0.5000   0.7500   0.2500        0.5000   0.7500   0.2500
	Au           0.5000   0.0000   0.5000        0.5000   0.0000   0.5000
	Au           0.7500   0.5000   0.7500        0.7500   0.5000   0.7500
	Au           0.0000   0.2500   0.7500        0.0000   0.2500   0.7500
	Au           0.0000   0.5000   0.0000        0.0000   0.5000   0.0000
	Au           0.2500   0.0000   0.7500        0.2500   0.0000   0.7500
	Au           0.2500   0.2500   0.0000        0.2500   0.2500   0.0000
	Au           0.2500   0.5000   0.2500        0.2500   0.5000   0.2500
	Au           0.5000   0.7500   0.7500        0.5000   0.7500   0.7500
	Au           0.5000   0.0000   0.0000        0.5000   0.0000   0.0000
	Au           0.5000   0.2500   0.2500        0.5000   0.2500   0.2500
	Au           0.5000   0.5000   0.5000        0.5000   0.5000   0.5000
	Au           0.2500   0.5000   0.7500        0.2500   0.5000   0.7500
	Au           0.5000   0.2500   0.7500        0.5000   0.2500   0.7500
	Au           0.5000   0.5000   0.0000        0.5000   0.5000   0.0000

Results for supercell calculations:
------------------------------------------------------------------------
	        Supercell         Energy (eV)
	      -------------      -------------
	        undisplaced      -104.54613
	     displaced_Au__a     -104.54504
	     displaced_Au__b     -104.54504


Symmetry analysis of Gamma point phonon frequencies:
----------------------------------------------------
   Crystal  Point  Group: O_h   (m3m) 
   Supercell Point Group: O_h   (m3m) 
    Table of irreducible representations of point group:
 ------------------------------------------
    IR     1  5  7  9 11  6  8 10 12 13 16 17 18 21 23 14 15 19 20 22 24  2  3  4 25 38 39 43 44 46 48 29 30 31 32 33 34 35 36 26 27 28 37 40 41 42 45 47
 ------------------------------------------
 A1g(R)    1  1  1  1  1  1  1  1  1  1  1  1  1  1  1  1  1  1  1  1  1  1  1  1  1  1  1  1  1  1  1  1  1  1  1  1  1  1  1  1  1  1  1  1  1  1  1  1   x^2+y^2+z^2                         
 A2g       1  1  1  1  1  1  1  1  1 -1 -1 -1 -1 -1 -1 -1 -1 -1 -1 -1 -1  1  1  1  1 -1 -1 -1 -1 -1 -1  1  1  1  1  1  1  1  1  1  1  1 -1 -1 -1 -1 -1 -1                                       
 Eg(R)     2 -1 -1 -1 -1 -1 -1 -1 -1  0  0  0  0  0  0  0  0  0  0  0  0  2  2  2  2  0  0  0  0  0  0 -1 -1 -1 -1 -1 -1 -1 -1  2  2  2  0  0  0  0  0  0   (2z^2-x^2-y^2, x^2-y^2)             
 T1g       3  0  0  0  0  0  0  0  0 -1 -1 -1 -1 -1 -1  1  1  1  1  1  1 -1 -1 -1  3  1  1  1  1  1  1  0  0  0  0  0  0  0  0 -1 -1 -1 -1 -1 -1 -1 -1 -1                                       
 T2g(R)    3  0  0  0  0  0  0  0  0  1  1  1  1  1  1 -1 -1 -1 -1 -1 -1 -1 -1 -1  3 -1 -1 -1 -1 -1 -1  0  0  0  0  0  0  0  0 -1 -1 -1  1  1  1  1  1  1   (xy,xz,yz)                          
 A1u       1  1  1  1  1  1  1  1  1  1  1  1  1  1  1  1  1  1  1  1  1  1  1  1 -1 -1 -1 -1 -1 -1 -1 -1 -1 -1 -1 -1 -1 -1 -1 -1 -1 -1 -1 -1 -1 -1 -1 -1                                       
 A2u       1  1  1  1  1  1  1  1  1 -1 -1 -1 -1 -1 -1 -1 -1 -1 -1 -1 -1  1  1  1 -1  1  1  1  1  1  1 -1 -1 -1 -1 -1 -1 -1 -1 -1 -1 -1  1  1  1  1  1  1                                       
 Eu        2 -1 -1 -1 -1 -1 -1 -1 -1  0  0  0  0  0  0  0  0  0  0  0  0  2  2  2 -2  0  0  0  0  0  0  1  1  1  1  1  1  1  1 -2 -2 -2  0  0  0  0  0  0                                       
 T1u(I)    3  0  0  0  0  0  0  0  0 -1 -1 -1 -1 -1 -1  1  1  1  1  1  1 -1 -1 -1 -3 -1 -1 -1 -1 -1 -1  0  0  0  0  0  0  0  0  1  1  1  1  1  1  1  1  1   (x,y,z)                             
 T2u       3  0  0  0  0  0  0  0  0  1  1  1  1  1  1 -1 -1 -1 -1 -1 -1 -1 -1 -1 -3  1  1  1  1  1  1  0  0  0  0  0  0  0  0  1  1  1 -1 -1 -1 -1 -1 -1                                       
 ------------------------------------------
    Wave vector= 0.0000  0.0000  0.0000    no macro. electric field
 Multi. Omega   Irreducible Representations
  3     0.010     T1u(I)                                                                                                     
Notation: (R)  Raman active mode
          (I)  Infrared active mode
          (RI) Raman and Infrared active mode

Thermodynamic Properties
   for empirical formula Au

The following thermodynamic functions are obtained from the phonon
density of states within the harmonic approximation. The results are
meaningful only below the melting point, which lies well below 3000 K
for most materials.
Definitions:
      Cv            : vibrational heat capacity at constant volume
E_vib(T)=E(T)-E(0)  : the change in vibrational internal energy from 0 K, where
                        E(0) = E_elec + ZPE is the electronic energy of formation E_elec plus the zero point energy ZPE
      S(T)          : the vibrational entropy at temperature T
   -(A(T)-E(0))     : the change in the vibrational Helmholtz free energy from 0 K
      E(T)          : the electronic energy of formation plus the vibrational internal energy, so this term is
                        E_elec + ZPE + E_vib(T)
      A(T)          : the electronic plus vibrational Helmholtz free energy,
                        E(T) - T.S(T)
Note that the electronic energy, which is part of the enthalpy and free energies,
 is referenced to the elements in their standard state.

Electronic energy =     0.45 kJ/mol (referenced to elements in the standard state)
          PV term =     5.15 kJ/mol
Zero-point energy =     1.47 kJ/mol

    T       Cv       E(T)-E(0)      S(T)   -(A(T)-E(0))     E(T)        A(T)
    K     J/K/mol      kJ/mol     J/K/mol     kJ/mol       kJ/mol      kJ/mol
  ----- ----------- ----------- ----------- ----------- ----------- -----------
     0      0.0000      0.0000      0.0000      0.0000      1.9192      1.9192
     1      0.0005      0.0000      0.0001      0.0000      1.9192      1.9192
     2      0.0074      0.0000      0.0021      0.0000      1.9192      1.9192
     3      0.0219      0.0000      0.0075      0.0000      1.9192      1.9192
     4      0.0455      0.0001      0.0168      0.0000      1.9193      1.9192
     5      0.0810      0.0001      0.0305      0.0000      1.9193      1.9192
    10      0.6385      0.0016      0.2114      0.0005      1.9208      1.9187
    15      2.1715      0.0082      0.7278      0.0027      1.9274      1.9165
    20      4.3962      0.0244      1.6472      0.0085      1.9437      1.9107
    30      9.1524      0.0925      4.3408      0.0377      2.0117      1.8815
    40     13.0912      0.2046      7.5389      0.0970      2.1238      1.8223
    50     15.9882      0.3508     10.7892      0.1887      2.2700      1.7306
    60     18.0544      0.5216     13.8975      0.3123      2.4408      1.6070
    70     19.5326      0.7099     16.7978      0.4659      2.6292      1.4533
    80     20.6074      0.9109     19.4799      0.6475      2.8301      1.2717
    90     21.4045      1.1212     21.9553      0.8548      3.0404      1.0644
   100     22.0078      1.3383     24.2432      1.0860      3.2576      0.8333
   125     22.9928      1.9021     29.2707      1.7568      3.8213      0.1625
   150     23.5602      2.4846     33.5173      2.5430      4.4038     -0.6238
   175     23.9141      3.0783     37.1777      3.4277      4.9975     -1.5085
   200     24.1487      3.6793     40.3873      4.3981      5.5985     -2.4789
   225     24.3119      4.2852     43.2416      5.4441      6.2044     -3.5249
   250     24.4298      4.8945     45.8095      6.5578      6.8137     -4.6386
   273     24.5115      5.4574     47.9633      7.6365      7.3766     -5.7173
   275     24.5177      5.5064     48.1423      7.7326      7.4256     -5.8134
   298     24.5801      6.0710     50.1141      8.8629      7.9903     -6.9437
   300     24.5849      6.1202     50.2786      8.9633      8.0394     -7.0440
   350     24.6792      7.3520     54.0760     11.5745      9.2712     -9.6553
   400     24.7407      8.5876     57.3757     14.3626     10.5068    -12.4433
   450     24.7831      9.8257     60.2923     17.3057     11.7449    -15.3864
   500     24.8134     11.0657     62.9052     20.3867     12.9849    -18.4675
   550     24.8360     12.3069     65.2712     23.5920     14.2262    -21.6728
   600     24.8531     13.5492     67.4330     26.9104     15.4684    -24.9912
   650     24.8665     14.7922     69.4229     30.3324     16.7114    -28.4132
   700     24.8771     16.0357     71.2661     33.8502     17.9550    -31.9310
   750     24.8856     17.2798     72.9827     37.4569     19.1990    -35.5377
   800     24.8927     18.5243     74.5890     41.1466     20.4435    -39.2274
   850     24.8985     19.7690     76.0983     44.9141     21.6883    -42.9949
   900     24.9033     21.0141     77.5216     48.7549     22.9333    -46.8357
   950     24.9075     22.2594     78.8682     52.6650     24.1786    -50.7457
  1000     24.9110     23.5048     80.1459     56.6406     25.4240    -54.7213
  1050     24.9140     24.7504     81.3613     60.6785     26.6696    -58.7592
  1100     24.9167     25.9962     82.5204     64.7757     27.9154    -62.8565
  1150     24.9189     27.2421     83.6280     68.9296     29.1613    -67.0104
  1200     24.9210     28.4881     84.6886     73.1377     30.4073    -71.2185
  1250     24.9227     29.7342     85.7060     77.3977     31.6534    -75.4785
  1300     24.9243     30.9803     86.6835     81.7076     32.8995    -79.7883
  1350     24.9257     32.2266     87.6242     86.0654     34.1458    -84.1462
  1400     24.9270     33.4729     88.5307     90.4694     35.3921    -88.5501
  1450     24.9281     34.7192     89.4054     94.9179     36.6385    -92.9986
  1500     24.9291     35.9657     90.2506     99.4094     37.8849    -97.4901
  1550     24.9300     37.2121     91.0680    103.9423     39.1314   -102.0231
  1600     24.9309     38.4587     91.8596    108.5157     40.3779   -106.5964
  1650     24.9316     39.7052     92.6267    113.1278     41.6244   -111.2086
  1700     24.9323     40.9518     93.3710    117.7779     42.8710   -115.8586
  1750     24.9330     42.1984     94.0938    122.4645     44.1177   -120.5453
  1800     24.9336     43.4451     94.7961    127.1869     45.3643   -125.2677
  1850     24.9341     44.6918     95.4793    131.9438     46.6110   -130.0246
  1900     24.9346     45.9385     96.1443    136.7344     47.8577   -134.8152
  1950     24.9351     47.1852     96.7919    141.5579     49.1044   -139.6387
  2000     24.9355     48.4320     97.4232    146.4133     50.3512   -144.4940
  2100     24.9362     50.9255     98.6399    156.2168     52.8448   -154.2976
  2200     24.9369     53.4192     99.7999    166.1393     55.3384   -164.2201
  2300     24.9375     55.9129    100.9084    176.1750     57.8321   -174.2558
  2400     24.9380     58.4067    101.9698    186.3193     60.3259   -184.4001
  2500     24.9384     60.9004    102.9878    196.5674     62.8197   -194.6482
  2600     24.9388     63.3943    103.9659    206.9153     65.3135   -204.9961
  2700     24.9392     65.8882    104.9071    217.3592     67.8074   -215.4400
  2800     24.9395     68.3821    105.8141    227.8955     70.3013   -225.9763
  2900     24.9398     70.8760    106.6892    238.5208     72.7953   -236.6016
  3000     24.9400     73.3700    107.5347    249.2321     75.2892   -247.3129

Job completed on Tue 10 January 2017 at 11:42:10 æ±äº¬ (æ¨™æº–æ™‚) after 438 s (0:07:18)
