Startup is 'sourced'
Opening the database
Phonon calculation for Untitled

Phonon parameters
=================
The calculation explores the full Brillouin zone and accounts for an interaction range of about 10.0 Angstroem.
The asymmetric atoms are displaced by +/-0.02 Angstroem.

In a first step, need to run an optimization of atom positions for the supercell containing 32 atoms.
Then, need to run a total number of 2 single point energy calculations on supercells with displaced atoms containing 32 atoms.

      Supercell transformation matrix              Supercell lattice vectors
       2.00000    0.00000    0.00000             8.61484    0.00000    0.00000
       0.00000    2.00000    0.00000             0.00000    8.61484    0.00000
       0.00000    0.00000    2.00000             0.00000    0.00000    8.61484

     Supercell           Site        Displaced atom     Displacement (fractional units)
   ---------------    ----------     --------------     -------------------------------
  undisplaced           ----            ----             0.00000    0.00000    0.00000
  displaced_Ag__a       Ag              Ag               0.00232    0.00000    0.00000
  displaced_Ag__b       Ag              Ag              -0.00232    0.00000    0.00000

Invariance conditions are not enforced.
No approximation to LO/TO splitting
Properties: Phonon dispersion and form factors 
            Phonon density of states 
            Thermodynamic functions
==========================================


VASP parameters
===============
Since no magnetic moments are in the model, this is a non-magnetic calculation using 'accurate' precision
and a user-defined planewave cutoff energy of 600.000 eV.

The electronic iterations convergence is 1.00E-005 eV using the Very Fast (RMM-DIIS) algorithm
and reciprocal space projection operators.

The requested k-spacing is 0.1 per Angstrom, which leads to a 26x26x26 mesh.
This corresponds to actual k-spacings of 0.097 x 0.097 x 0.097 per Angstrom.

Using first order Methfessel-Paxton smearing with a width of 0.2 eV.

Other non-default parameters:
	Extrafine augmentation grid for accurate forces is TRUE
	Algorithm is Very Fast (RMM-DIIS)
	Wave functions is TRUE
==========================================

------------------------------------------------------------------------

Results for initial structural minimization of the supercell without displacements:
--------------------------------------------------------------------------------------

There are 20 symmetry-unique k-points
The plane wave cutoff is 600.00 eV

   VASP energy:             -89.014888 eV for Ag32

   Initial VASP energy:     -89.014888 eV for Ag32
   Relaxation energy:        -0.000000 eV gained after 1 optimization steps.

Electronic contributions:
                          Empirical Formula          Cell
                                    Ag          (Ag)32
                          --------------- ---------------
              VASP Energy        -268.395       -8588.629 kJ/mol
      Energy of formation           4.431         141.806
                  PV term         -81.639       -2612.438

   This is the electronic part of the formation energy with respect to the
   elements in their standard state. It is obtained from the total energy (above)
   and tabulated VASP energies for the elements in their standard state.
   See the documentation for more details.

   Details for Ag:
                                             VASP energy (Etot):     -268.39 kJ/mol
       Standard state energy of 1.00 atoms of Ag  1.00 * -272.83:  -  -272.83
                                                                   ----------
                                        Energy of formation (Ef):        4.43 kJ/mol


Cell parameters:
 Parameter    Value    
---------- ------------
         a     8.614845
         b     8.614845
         c     8.614845
     alpha    89.999999
      beta    89.999999
     gamma    89.999999

    Volume    79.919435 Ang^3

        Density:     8.965 Mg/m^3

   The pressure given below is exerted by the system according to its volume.
   Positive pressure would cause expansion during full geometry optimization.
       Pressure:    -6.785 GPa
               =   -67.850 kbar

                      XX        YY        ZZ        XY        YZ        ZX
         Stress:     6.785     6.785     6.785     0.000     0.000     0.000 GPa
               =    67.850    67.850    67.850     0.000     0.000     0.000 kbar
   The stress tensor above is imposed on the system, i.e. negative values of diagonal components 
   would cause expansion of the corresponding lattice parameter upon full geometry optimization.
   The pressure and stress include only electronic terms, i.e. the vibrational,
   temperature and other terms are not included here.

Fractional Coordinates:
	Atom          Initial Coordinates             Final Coordinates
	-----      -------- -------- --------      -------- -------- --------
	Ag           0.7500   0.7500   0.5000        0.7500   0.7500   0.5000
	Ag           0.7500   0.7500   0.0000        0.7500   0.7500   0.0000
	Ag           0.7500   0.0000   0.2500        0.7500   0.0000   0.2500
	Ag           0.7500   0.2500   0.5000        0.7500   0.2500   0.5000
	Ag           0.0000   0.7500   0.2500        0.0000   0.7500   0.2500
	Ag           0.0000   0.0000   0.5000        0.0000   0.0000   0.5000
	Ag           0.2500   0.7500   0.5000        0.2500   0.7500   0.5000
	Ag           0.7500   0.0000   0.7500        0.7500   0.0000   0.7500
	Ag           0.7500   0.2500   0.0000        0.7500   0.2500   0.0000
	Ag           0.7500   0.5000   0.2500        0.7500   0.5000   0.2500
	Ag           0.0000   0.7500   0.7500        0.0000   0.7500   0.7500
	Ag           0.0000   0.0000   0.0000        0.0000   0.0000   0.0000
	Ag           0.0000   0.2500   0.2500        0.0000   0.2500   0.2500
	Ag           0.0000   0.5000   0.5000        0.0000   0.5000   0.5000
	Ag           0.2500   0.7500   0.0000        0.2500   0.7500   0.0000
	Ag           0.2500   0.0000   0.2500        0.2500   0.0000   0.2500
	Ag           0.2500   0.2500   0.5000        0.2500   0.2500   0.5000
	Ag           0.5000   0.7500   0.2500        0.5000   0.7500   0.2500
	Ag           0.5000   0.0000   0.5000        0.5000   0.0000   0.5000
	Ag           0.7500   0.5000   0.7500        0.7500   0.5000   0.7500
	Ag           0.0000   0.2500   0.7500        0.0000   0.2500   0.7500
	Ag           0.0000   0.5000   0.0000        0.0000   0.5000   0.0000
	Ag           0.2500   0.0000   0.7500        0.2500   0.0000   0.7500
	Ag           0.2500   0.2500   0.0000        0.2500   0.2500   0.0000
	Ag           0.2500   0.5000   0.2500        0.2500   0.5000   0.2500
	Ag           0.5000   0.7500   0.7500        0.5000   0.7500   0.7500
	Ag           0.5000   0.0000   0.0000        0.5000   0.0000   0.0000
	Ag           0.5000   0.2500   0.2500        0.5000   0.2500   0.2500
	Ag           0.5000   0.5000   0.5000        0.5000   0.5000   0.5000
	Ag           0.2500   0.5000   0.7500        0.2500   0.5000   0.7500
	Ag           0.5000   0.2500   0.7500        0.5000   0.2500   0.7500
	Ag           0.5000   0.5000   0.0000        0.5000   0.5000   0.0000

Results for supercell calculations:
------------------------------------------------------------------------
	        Supercell         Energy (eV)
	      -------------      -------------
	        undisplaced       -89.01489
	     displaced_Ag__a      -89.01440
	     displaced_Ag__b      -89.01440


Symmetry analysis of Gamma point phonon frequencies:
----------------------------------------------------
   Crystal  Point  Group: O_h   (m3m) 
   Supercell Point Group: O_h   (m3m) 
    Table of irreducible representations of point group:
 ------------------------------------------
    IR     1  5  7  9 11  6  8 10 12 13 16 17 18 21 23 14 15 19 20 22 24  2  3  4 25 38 39 43 44 46 48 29 30 31 32 33 34 35 36 26 27 28 37 40 41 42 45 47
 ------------------------------------------
 A1g(R)    1  1  1  1  1  1  1  1  1  1  1  1  1  1  1  1  1  1  1  1  1  1  1  1  1  1  1  1  1  1  1  1  1  1  1  1  1  1  1  1  1  1  1  1  1  1  1  1   x^2+y^2+z^2                         
 A2g       1  1  1  1  1  1  1  1  1 -1 -1 -1 -1 -1 -1 -1 -1 -1 -1 -1 -1  1  1  1  1 -1 -1 -1 -1 -1 -1  1  1  1  1  1  1  1  1  1  1  1 -1 -1 -1 -1 -1 -1                                       
 Eg(R)     2 -1 -1 -1 -1 -1 -1 -1 -1  0  0  0  0  0  0  0  0  0  0  0  0  2  2  2  2  0  0  0  0  0  0 -1 -1 -1 -1 -1 -1 -1 -1  2  2  2  0  0  0  0  0  0   (2z^2-x^2-y^2, x^2-y^2)             
 T1g       3  0  0  0  0  0  0  0  0 -1 -1 -1 -1 -1 -1  1  1  1  1  1  1 -1 -1 -1  3  1  1  1  1  1  1  0  0  0  0  0  0  0  0 -1 -1 -1 -1 -1 -1 -1 -1 -1                                       
 T2g(R)    3  0  0  0  0  0  0  0  0  1  1  1  1  1  1 -1 -1 -1 -1 -1 -1 -1 -1 -1  3 -1 -1 -1 -1 -1 -1  0  0  0  0  0  0  0  0 -1 -1 -1  1  1  1  1  1  1   (xy,xz,yz)                          
 A1u       1  1  1  1  1  1  1  1  1  1  1  1  1  1  1  1  1  1  1  1  1  1  1  1 -1 -1 -1 -1 -1 -1 -1 -1 -1 -1 -1 -1 -1 -1 -1 -1 -1 -1 -1 -1 -1 -1 -1 -1                                       
 A2u       1  1  1  1  1  1  1  1  1 -1 -1 -1 -1 -1 -1 -1 -1 -1 -1 -1 -1  1  1  1 -1  1  1  1  1  1  1 -1 -1 -1 -1 -1 -1 -1 -1 -1 -1 -1  1  1  1  1  1  1                                       
 Eu        2 -1 -1 -1 -1 -1 -1 -1 -1  0  0  0  0  0  0  0  0  0  0  0  0  2  2  2 -2  0  0  0  0  0  0  1  1  1  1  1  1  1  1 -2 -2 -2  0  0  0  0  0  0                                       
 T1u(I)    3  0  0  0  0  0  0  0  0 -1 -1 -1 -1 -1 -1  1  1  1  1  1  1 -1 -1 -1 -3 -1 -1 -1 -1 -1 -1  0  0  0  0  0  0  0  0  1  1  1  1  1  1  1  1  1   (x,y,z)                             
 T2u       3  0  0  0  0  0  0  0  0  1  1  1  1  1  1 -1 -1 -1 -1 -1 -1 -1 -1 -1 -3  1  1  1  1  1  1  0  0  0  0  0  0  0  0  1  1  1 -1 -1 -1 -1 -1 -1                                       
 ------------------------------------------
    Wave vector= 0.0000  0.0000  0.0000    no macro. electric field
 Multi. Omega   Irreducible Representations
  3     0.011     T1u(I)                                                                                                     
Notation: (R)  Raman active mode
          (I)  Infrared active mode
          (RI) Raman and Infrared active mode

Thermodynamic Properties
   for empirical formula Ag

The following thermodynamic functions are obtained from the phonon
density of states within the harmonic approximation. The results are
meaningful only below the melting point, which lies well below 3000 K
for most materials.
Definitions:
      Cv            : vibrational heat capacity at constant volume
E_vib(T)=E(T)-E(0)  : the change in vibrational internal energy from 0 K, where
                        E(0) = E_elec + ZPE is the electronic energy of formation E_elec plus the zero point energy ZPE
      S(T)          : the vibrational entropy at temperature T
   -(A(T)-E(0))     : the change in the vibrational Helmholtz free energy from 0 K
      E(T)          : the electronic energy of formation plus the vibrational internal energy, so this term is
                        E_elec + ZPE + E_vib(T)
      A(T)          : the electronic plus vibrational Helmholtz free energy,
                        E(T) - T.S(T)
Note that the electronic energy, which is part of the enthalpy and free energies,
 is referenced to the elements in their standard state.

Electronic energy =     4.43 kJ/mol (referenced to elements in the standard state)
          PV term =   -81.64 kJ/mol
Zero-point energy =     1.35 kJ/mol

    T       Cv       E(T)-E(0)      S(T)   -(A(T)-E(0))     E(T)        A(T)
    K     J/K/mol      kJ/mol     J/K/mol     kJ/mol       kJ/mol      kJ/mol
  ----- ----------- ----------- ----------- ----------- ----------- -----------
     0      0.0000      0.0000      0.0000      0.0000      5.7839      5.7839
     1      0.0001      0.0000      0.0000      0.0000      5.7839      5.7839
     2      0.0037      0.0000      0.0008      0.0000      5.7839      5.7839
     3      0.0132      0.0000      0.0039      0.0000      5.7839      5.7839
     4      0.0288      0.0000      0.0097      0.0000      5.7839      5.7839
     5      0.0516      0.0001      0.0185      0.0000      5.7839      5.7838
    10      0.4799      0.0011      0.1426      0.0003      5.7849      5.7835
    15      2.0212      0.0068      0.5868      0.0020      5.7907      5.7819
    20      4.5093      0.0229      1.4945      0.0070      5.8068      5.7769
    30      9.9048      0.0954      4.3623      0.0354      5.8793      5.7485
    40     14.1208      0.2168      7.8239      0.0962      6.0007      5.6877
    50     17.0197      0.3734     11.3074      0.1919      6.1573      5.5919
    60     18.9820      0.5541     14.5953      0.3216      6.3379      5.4622
    70     20.3341      0.7511     17.6292      0.4830      6.5349      5.3009
    80     21.2910      0.9594     20.4104      0.6734      6.7433      5.1105
    90     21.9870      1.1760     22.9604      0.8904      6.9599      4.8935
   100     22.5062      1.3986     25.3051      1.1319      7.1825      4.6520
   125     23.3401      1.9727     30.4263      1.8305      7.7566      3.9533
   150     23.8129      2.5626     34.7272      2.6464      8.3465      3.1375
   175     24.1051      3.1619     38.4216      3.5618      8.9458      2.2220
   200     24.2976      3.7671     41.6538      4.5636      9.5509      1.2202
   225     24.4310      4.3763     44.5238      5.6415     10.1601      0.1424
   250     24.5271      4.9883     47.1031      6.7874     10.7722     -1.0035
   273     24.5936      5.5532     49.2647      7.8960     11.3371     -2.1121
   275     24.5986      5.6024     49.4443      7.9947     11.3863     -2.2108
   298     24.6493      6.1688     51.4222      9.1549     11.9527     -3.3711
   300     24.6531      6.2181     51.5870      9.2579     12.0020     -3.4741
   350     24.7296      7.4528     55.3935     11.9348     13.2367     -6.1510
   400     24.7794      8.6906     58.6992     14.7889     14.4745     -9.0051
   450     24.8137      9.9305     61.6199     17.7983     15.7143    -12.0144
   500     24.8382     11.1718     64.2356     20.9458     16.9557    -15.1619
   550     24.8564     12.4142     66.6038     24.2177     18.1980    -18.4338
   600     24.8703     13.6573     68.7672     27.6028     19.4412    -21.8189
   650     24.8811     14.9011     70.7584     31.0915     20.6850    -25.3077
   700     24.8896     16.1454     72.6026     34.6761     21.9293    -28.8922
   750     24.8965     17.3901     74.3200     38.3496     23.1739    -32.5658
   800     24.9022     18.6350     75.9270     42.1062     24.4189    -36.3224
   850     24.9069     19.8802     77.4368     45.9407     25.6641    -40.1568
   900     24.9108     21.1257     78.8606     49.8484     26.9095    -44.0645
   950     24.9141     22.3713     80.2075     53.8254     28.1552    -48.0415
  1000     24.9170     23.6171     81.4855     57.8680     29.4009    -52.0841
  1050     24.9194     24.8630     82.7013     61.9729     30.6468    -56.1890
  1100     24.9215     26.1090     83.8606     66.1371     31.8929    -60.3532
  1150     24.9234     27.3551     84.9685     70.3580     33.1390    -64.5741
  1200     24.9250     28.6013     86.0292     74.6331     34.3852    -68.8492
  1250     24.9264     29.8476     87.0467     78.9602     35.6315    -73.1763
  1300     24.9277     31.0939     88.0244     83.3371     36.8778    -77.5532
  1350     24.9289     32.3403     88.9652     87.7619     38.1242    -81.9781
  1400     24.9299     33.5868     89.8718     92.2330     39.3707    -86.4491
  1450     24.9308     34.8333     90.7467     96.7485     40.6172    -90.9647
  1500     24.9316     36.0799     91.5918    101.3071     41.8637    -95.5232
  1550     24.9323     37.3265     92.4094    105.9072     43.1103   -100.1233
  1600     24.9330     38.5731     93.2009    110.5475     44.3569   -104.7637
  1650     24.9336     39.8197     93.9682    115.2268     45.6036   -109.4429
  1700     24.9342     41.0664     94.7125    119.9440     46.8503   -114.1601
  1750     24.9347     42.3131     95.4353    124.6977     48.0970   -118.9138
  1800     24.9352     43.5599     96.1378    129.4870     49.3438   -123.7032
  1850     24.9356     44.8066     96.8210    134.3111     50.5905   -128.5272
  1900     24.9360     46.0534     97.4860    139.1688     51.8373   -133.3849
  1950     24.9364     47.3002     98.1337    144.0593     53.0841   -138.2754
  2000     24.9367     48.5470     98.7650    148.9818     54.3309   -143.1979
  2100     24.9373     51.0407     99.9818    158.9196     56.8246   -153.1357
  2200     24.9378     53.5345    101.1418    168.9762     59.3183   -163.1923
  2300     24.9383     56.0283    102.2504    179.1461     61.8122   -173.3622
  2400     24.9387     58.5221    103.3117    189.4245     64.3060   -183.6406
  2500     24.9391     61.0160    104.3297    199.8069     66.7999   -194.0230
  2600     24.9394     63.5099    105.3080    210.2890     69.2938   -204.5052
  2700     24.9397     66.0038    106.2492    220.8671     71.7877   -215.0832
  2800     24.9399     68.4978    107.1562    231.5375     74.2817   -225.7537
  2900     24.9402     70.9918    108.0313    242.2972     76.7757   -236.5133
  3000     24.9404     73.4858    108.8769    253.1427     79.2697   -247.3588

Job completed on Wed 25 January 2017 at 10:21:44 æ±äº¬ (æ¨™æº–æ™‚) after 575 s (0:09:35)
