Startup is 'sourced'
Opening the database
Phonon calculation for Untitled_1

Phonon parameters
=================
The calculation explores the full Brillouin zone and accounts for an interaction range of about 10.0 Angstroem.
The asymmetric atoms are displaced by +/-0.02 Angstroem.

In a first step, need to run an optimization of atom positions for the supercell containing 32 atoms.
Then, need to run a total number of 2 single point energy calculations on supercells with displaced atoms containing 32 atoms.

      Supercell transformation matrix              Supercell lattice vectors
       2.00000    0.00000    0.00000             8.58541    0.00000    0.00000
       0.00000    2.00000    0.00000             0.00000    8.58541    0.00000
       0.00000    0.00000    2.00000             0.00000    0.00000    8.58541

     Supercell           Site        Displaced atom     Displacement (fractional units)
   ---------------    ----------     --------------     -------------------------------
  undisplaced           ----            ----             0.00000    0.00000    0.00000
  displaced_Au__a       Au              Au               0.00233    0.00000    0.00000
  displaced_Au__b       Au              Au              -0.00233    0.00000    0.00000

Invariance conditions are not enforced.
No approximation to LO/TO splitting
Properties: Phonon dispersion and form factors 
            Phonon density of states 
            Thermodynamic functions
==========================================


VASP parameters
===============
Since no magnetic moments are in the model, this is a non-magnetic calculation using 'accurate' precision
and a user-defined planewave cutoff energy of 600.000 eV.

The electronic iterations convergence is 1.00E-005 eV using the Very Fast (RMM-DIIS) algorithm
and reciprocal space projection operators.

The requested k-spacing is 0.1 per Angstrom, which leads to a 26x26x26 mesh.
This corresponds to actual k-spacings of 0.098 x 0.098 x 0.098 per Angstrom.

Using first order Methfessel-Paxton smearing with a width of 0.2 eV.

Other non-default parameters:
	Extrafine augmentation grid for accurate forces is TRUE
	Algorithm is Very Fast (RMM-DIIS)
	Wave functions is TRUE
==========================================

------------------------------------------------------------------------

Results for initial structural minimization of the supercell without displacements:
--------------------------------------------------------------------------------------

There are 20 symmetry-unique k-points
The plane wave cutoff is 600.00 eV

   VASP energy:            -103.120677 eV for Au32

   Initial VASP energy:    -103.120680 eV for Au32
   Relaxation energy:         0.000003 eV gained after 1 optimization steps.

Electronic contributions:
                          Empirical Formula          Cell
                                    Au          (Au)32
                          --------------- ---------------
              VASP Energy        -310.926       -9949.630 kJ/mol
      Energy of formation           4.746         151.866
                  PV term        -106.706       -3414.592

   This is the electronic part of the formation energy with respect to the
   elements in their standard state. It is obtained from the total energy (above)
   and tabulated VASP energies for the elements in their standard state.
   See the documentation for more details.

   Details for Au:
                                             VASP energy (Etot):     -310.93 kJ/mol
       Standard state energy of 1.00 atoms of Au  1.00 * -315.67:  -  -315.67
                                                                   ----------
                                        Energy of formation (Ef):        4.75 kJ/mol


Cell parameters:
 Parameter    Value    
---------- ------------
         a     8.585409
         b     8.585409
         c     8.585409
     alpha    89.999999
      beta    89.999999
     gamma    89.999999

    Volume    79.102999 Ang^3

        Density:    16.539 Mg/m^3

   The pressure given below is exerted by the system according to its volume.
   Positive pressure would cause expansion during full geometry optimization.
       Pressure:    -8.960 GPa
               =   -89.600 kbar

                      XX        YY        ZZ        XY        YZ        ZX
         Stress:     8.960     8.960     8.960     0.000     0.000     0.000 GPa
               =    89.600    89.600    89.600     0.000     0.000     0.000 kbar
   The stress tensor above is imposed on the system, i.e. negative values of diagonal components 
   would cause expansion of the corresponding lattice parameter upon full geometry optimization.
   The pressure and stress include only electronic terms, i.e. the vibrational,
   temperature and other terms are not included here.

Fractional Coordinates:
	Atom          Initial Coordinates             Final Coordinates
	-----      -------- -------- --------      -------- -------- --------
	Au           0.7500   0.7500   0.5000        0.7500   0.7500   0.5000
	Au           0.7500   0.7500   0.0000        0.7500   0.7500   0.0000
	Au           0.7500   0.0000   0.2500        0.7500   0.0000   0.2500
	Au           0.7500   0.2500   0.5000        0.7500   0.2500   0.5000
	Au           0.0000   0.7500   0.2500        0.0000   0.7500   0.2500
	Au           0.0000   0.0000   0.5000        0.0000   0.0000   0.5000
	Au           0.2500   0.7500   0.5000        0.2500   0.7500   0.5000
	Au           0.7500   0.0000   0.7500        0.7500   0.0000   0.7500
	Au           0.7500   0.2500   0.0000        0.7500   0.2500   0.0000
	Au           0.7500   0.5000   0.2500        0.7500   0.5000   0.2500
	Au           0.0000   0.7500   0.7500        0.0000   0.7500   0.7500
	Au           0.0000   0.0000   0.0000        0.0000   0.0000   0.0000
	Au           0.0000   0.2500   0.2500        0.0000   0.2500   0.2500
	Au           0.0000   0.5000   0.5000        0.0000   0.5000   0.5000
	Au           0.2500   0.7500   0.0000        0.2500   0.7500   0.0000
	Au           0.2500   0.0000   0.2500        0.2500   0.0000   0.2500
	Au           0.2500   0.2500   0.5000        0.2500   0.2500   0.5000
	Au           0.5000   0.7500   0.2500        0.5000   0.7500   0.2500
	Au           0.5000   0.0000   0.5000        0.5000   0.0000   0.5000
	Au           0.7500   0.5000   0.7500        0.7500   0.5000   0.7500
	Au           0.0000   0.2500   0.7500        0.0000   0.2500   0.7500
	Au           0.0000   0.5000   0.0000        0.0000   0.5000   0.0000
	Au           0.2500   0.0000   0.7500        0.2500   0.0000   0.7500
	Au           0.2500   0.2500   0.0000        0.2500   0.2500   0.0000
	Au           0.2500   0.5000   0.2500        0.2500   0.5000   0.2500
	Au           0.5000   0.7500   0.7500        0.5000   0.7500   0.7500
	Au           0.5000   0.0000   0.0000        0.5000   0.0000   0.0000
	Au           0.5000   0.2500   0.2500        0.5000   0.2500   0.2500
	Au           0.5000   0.5000   0.5000        0.5000   0.5000   0.5000
	Au           0.2500   0.5000   0.7500        0.2500   0.5000   0.7500
	Au           0.5000   0.2500   0.7500        0.5000   0.2500   0.7500
	Au           0.5000   0.5000   0.0000        0.5000   0.5000   0.0000

Results for supercell calculations:
------------------------------------------------------------------------
	        Supercell         Energy (eV)
	      -------------      -------------
	        undisplaced      -103.12068
	     displaced_Au__a     -103.12013
	     displaced_Au__b     -103.12013


Symmetry analysis of Gamma point phonon frequencies:
----------------------------------------------------
   Crystal  Point  Group: O_h   (m3m) 
   Supercell Point Group: O_h   (m3m) 
    Table of irreducible representations of point group:
 ------------------------------------------
    IR     1  5  7  9 11  6  8 10 12 13 16 17 18 21 23 14 15 19 20 22 24  2  3  4 25 38 39 43 44 46 48 29 30 31 32 33 34 35 36 26 27 28 37 40 41 42 45 47
 ------------------------------------------
 A1g(R)    1  1  1  1  1  1  1  1  1  1  1  1  1  1  1  1  1  1  1  1  1  1  1  1  1  1  1  1  1  1  1  1  1  1  1  1  1  1  1  1  1  1  1  1  1  1  1  1   x^2+y^2+z^2                         
 A2g       1  1  1  1  1  1  1  1  1 -1 -1 -1 -1 -1 -1 -1 -1 -1 -1 -1 -1  1  1  1  1 -1 -1 -1 -1 -1 -1  1  1  1  1  1  1  1  1  1  1  1 -1 -1 -1 -1 -1 -1                                       
 Eg(R)     2 -1 -1 -1 -1 -1 -1 -1 -1  0  0  0  0  0  0  0  0  0  0  0  0  2  2  2  2  0  0  0  0  0  0 -1 -1 -1 -1 -1 -1 -1 -1  2  2  2  0  0  0  0  0  0   (2z^2-x^2-y^2, x^2-y^2)             
 T1g       3  0  0  0  0  0  0  0  0 -1 -1 -1 -1 -1 -1  1  1  1  1  1  1 -1 -1 -1  3  1  1  1  1  1  1  0  0  0  0  0  0  0  0 -1 -1 -1 -1 -1 -1 -1 -1 -1                                       
 T2g(R)    3  0  0  0  0  0  0  0  0  1  1  1  1  1  1 -1 -1 -1 -1 -1 -1 -1 -1 -1  3 -1 -1 -1 -1 -1 -1  0  0  0  0  0  0  0  0 -1 -1 -1  1  1  1  1  1  1   (xy,xz,yz)                          
 A1u       1  1  1  1  1  1  1  1  1  1  1  1  1  1  1  1  1  1  1  1  1  1  1  1 -1 -1 -1 -1 -1 -1 -1 -1 -1 -1 -1 -1 -1 -1 -1 -1 -1 -1 -1 -1 -1 -1 -1 -1                                       
 A2u       1  1  1  1  1  1  1  1  1 -1 -1 -1 -1 -1 -1 -1 -1 -1 -1 -1 -1  1  1  1 -1  1  1  1  1  1  1 -1 -1 -1 -1 -1 -1 -1 -1 -1 -1 -1  1  1  1  1  1  1                                       
 Eu        2 -1 -1 -1 -1 -1 -1 -1 -1  0  0  0  0  0  0  0  0  0  0  0  0  2  2  2 -2  0  0  0  0  0  0  1  1  1  1  1  1  1  1 -2 -2 -2  0  0  0  0  0  0                                       
 T1u(I)    3  0  0  0  0  0  0  0  0 -1 -1 -1 -1 -1 -1  1  1  1  1  1  1 -1 -1 -1 -3 -1 -1 -1 -1 -1 -1  0  0  0  0  0  0  0  0  1  1  1  1  1  1  1  1  1   (x,y,z)                             
 T2u       3  0  0  0  0  0  0  0  0  1  1  1  1  1  1 -1 -1 -1 -1 -1 -1 -1 -1 -1 -3  1  1  1  1  1  1  0  0  0  0  0  0  0  0  1  1  1 -1 -1 -1 -1 -1 -1                                       
 ------------------------------------------
    Wave vector= 0.0000  0.0000  0.0000    no macro. electric field
 Multi. Omega   Irreducible Representations
  3    -0.011     T1u(I)                                                                                                     
Notation: (R)  Raman active mode
          (I)  Infrared active mode
          (RI) Raman and Infrared active mode

Thermodynamic Properties
   for empirical formula Au

The following thermodynamic functions are obtained from the phonon
density of states within the harmonic approximation. The results are
meaningful only below the melting point, which lies well below 3000 K
for most materials.
Definitions:
      Cv            : vibrational heat capacity at constant volume
E_vib(T)=E(T)-E(0)  : the change in vibrational internal energy from 0 K, where
                        E(0) = E_elec + ZPE is the electronic energy of formation E_elec plus the zero point energy ZPE
      S(T)          : the vibrational entropy at temperature T
   -(A(T)-E(0))     : the change in the vibrational Helmholtz free energy from 0 K
      E(T)          : the electronic energy of formation plus the vibrational internal energy, so this term is
                        E_elec + ZPE + E_vib(T)
      A(T)          : the electronic plus vibrational Helmholtz free energy,
                        E(T) - T.S(T)
Note that the electronic energy, which is part of the enthalpy and free energies,
 is referenced to the elements in their standard state.

Electronic energy =     4.75 kJ/mol (referenced to elements in the standard state)
          PV term =  -106.71 kJ/mol
Zero-point energy =     1.02 kJ/mol

    T       Cv       E(T)-E(0)      S(T)   -(A(T)-E(0))     E(T)        A(T)
    K     J/K/mol      kJ/mol     J/K/mol     kJ/mol       kJ/mol      kJ/mol
  ----- ----------- ----------- ----------- ----------- ----------- -----------
     0      0.0000      0.0000      0.0000      0.0000      5.7692      5.7692
     1      0.0045      0.0000      0.0011      0.0000      5.7692      5.7692
     2      0.0283      0.0000      0.0105      0.0000      5.7693      5.7692
     3      0.0726      0.0001      0.0295      0.0000      5.7693      5.7692
     4      0.1466      0.0002      0.0596      0.0001      5.7694      5.7692
     5      0.2699      0.0004      0.1044      0.0001      5.7696      5.7691
    10      2.1887      0.0056      0.7504      0.0019      5.7748      5.7673
    15      5.5458      0.0247      2.2547      0.0091      5.7939      5.7601
    20      8.9147      0.0610      4.3197      0.0254      5.8302      5.7438
    30     14.2000      0.1783      9.0050      0.0918      5.9476      5.6774
    40     17.5907      0.3386     13.5925      0.2051      6.1078      5.5641
    50     19.7148      0.5259     17.7640      0.3623      6.2952      5.4070
    60     21.0800      0.7304     21.4879      0.5589      6.4996      5.2104
    70     21.9914      0.9460     24.8103      0.7907      6.7153      4.9786
    80     22.6232      1.1693     27.7905      1.0539      6.9385      4.7153
    90     23.0762      1.3979     30.4827      1.3455      7.1671      4.4237
   100     23.4107      1.6304     32.9322      1.6628      7.3997      4.1065
   125     23.9420      2.2230     38.2194      2.5544      7.9923      3.2149
   150     24.2401      2.8256     42.6133      3.5663      8.5949      2.2029
   175     24.4232      3.4341     46.3647      4.6797      9.2033      1.0895
   200     24.5435      4.0463     49.6344      5.8806      9.8155     -0.1113
   225     24.6265      4.6609     52.5302      7.1583     10.4302     -1.3891
   250     24.6863      5.2774     55.1282      8.5046     11.0466     -2.7353
   273     24.7275      5.8457     57.3027      9.7979     11.6149     -4.0286
   275     24.7307      5.8951     57.4832      9.9127     11.6644     -4.1434
   298     24.7621      6.4643     59.4709     11.2579     12.2335     -5.4887
   300     24.7645      6.5138     59.6366     11.3770     12.2831     -5.6078
   350     24.8119      7.7533     63.4579     14.4568     13.5225     -8.6876
   400     24.8427      8.9947     66.7732     17.7144     14.7640    -11.9451
   450     24.8639     10.2374     69.7005     21.1276     16.0066    -15.3584
   500     24.8791     11.4810     72.3210     24.6793     17.2502    -18.9101
   550     24.8903     12.7252     74.6928     28.3555     18.4945    -22.5863
   600     24.8989     13.9700     76.8589     32.1451     19.7392    -26.3759
   650     24.9056     15.2151     78.8522     36.0385     20.9843    -30.2693
   700     24.9109     16.4605     80.6981     40.0278     22.2297    -34.2586
   750     24.9151     17.7061     82.4169     44.1062     23.4754    -38.3369
   800     24.9186     18.9520     84.0250     48.2676     24.7212    -42.4984
   850     24.9215     20.1980     85.5358     52.5070     25.9672    -46.7378
   900     24.9239     21.4441     86.9603     56.8197     27.2133    -51.0505
   950     24.9260     22.6904     88.3079     61.2017     28.4596    -55.4325
  1000     24.9278     23.9367     89.5865     65.6493     29.7059    -59.8801
  1050     24.9293     25.1831     90.8028     70.1592     30.9523    -64.3900
  1100     24.9306     26.4296     91.9625     74.7286     32.1988    -68.9593
  1150     24.9317     27.6761     93.0707     79.3546     33.4454    -73.5853
  1200     24.9327     28.9228     94.1319     84.0348     34.6920    -78.2656
  1250     24.9336     30.1694     95.1497     88.7670     35.9386    -82.9977
  1300     24.9344     31.4161     96.1276     93.5490     37.1853    -87.7798
  1350     24.9351     32.6628     97.0687     98.3790     38.4321    -92.6098
  1400     24.9357     33.9096     97.9755    103.2553     39.6788    -97.4861
  1450     24.9363     35.1564     98.8506    108.1761     40.9256   -102.4068
  1500     24.9368     36.4032     99.6959    113.1397     42.1724   -107.3705
  1550     24.9372     37.6500    100.5136    118.1451     43.4193   -112.3759
  1600     24.9376     38.8969    101.3053    123.1906     44.6661   -117.4214
  1650     24.9380     40.1438    102.0728    128.2752     45.9130   -122.5060
  1700     24.9384     41.3907    102.8173    133.3975     47.1599   -127.6283
  1750     24.9387     42.6376    103.5401    138.5565     48.4069   -132.7872
  1800     24.9390     43.8845    104.2427    143.7511     49.6538   -137.9818
  1850     24.9393     45.1315    104.9260    148.9804     50.9007   -143.2111
  1900     24.9395     46.3785    105.5911    154.2434     52.1477   -148.4741
  1950     24.9397     47.6254    106.2389    159.5391     53.3947   -153.7699
  2000     24.9399     48.8724    106.8703    164.8669     54.6417   -159.0976
  2100     24.9403     51.3664    108.0872    175.6151     57.1357   -169.8459
  2200     24.9406     53.8605    109.2474    186.4823     59.6297   -180.7130
  2300     24.9409     56.3545    110.3560    197.4628     62.1237   -191.6936
  2400     24.9412     58.8486    111.4175    208.5518     64.6178   -202.7825
  2500     24.9414     61.3427    112.4356    219.7446     67.1120   -213.9754
  2600     24.9416     63.8369    113.4139    231.0374     69.6061   -225.2681
  2700     24.9418     66.3310    114.3552    242.4261     72.1002   -236.6569
  2800     24.9419     68.8252    115.2623    253.9072     74.5944   -248.1379
  2900     24.9421     71.3194    116.1375    265.4773     77.0886   -259.7081
  3000     24.9422     73.8136    116.9831    277.1335     79.5828   -271.3643

Job completed on Wed 25 January 2017 at 10:21:44 æ±äº¬ (æ¨™æº–æ™‚) after 569 s (0:09:29)
