       N       E                     dE             d eps       ncg     rms          rms(c)
RMM:   1     0.444572721757E+04    0.44457E+04   -0.15818E+05  4240   0.164E+03
RMM:   2     0.967891048363E+03   -0.34778E+04   -0.37248E+04  4240   0.416E+02
RMM:   3     0.235382997257E+03   -0.73251E+03   -0.78741E+03  4240   0.155E+02
RMM:   4     0.157649889883E+02   -0.21962E+03   -0.16984E+03  4240   0.910E+01
RMM:   5    -0.647622194326E+02   -0.80527E+02   -0.55560E+02  4240   0.568E+01
RMM:   6    -0.924224679401E+02   -0.27660E+02   -0.21339E+02  4240   0.343E+01
RMM:   7    -0.104078067281E+03   -0.11656E+02   -0.91291E+01  4240   0.223E+01
RMM:   8    -0.108042795120E+03   -0.39647E+01   -0.35479E+01  4240   0.139E+01
RMM:   9    -0.110322000372E+03   -0.22792E+01   -0.21221E+01  8903   0.850E+00
RMM:  10    -0.110583227920E+03   -0.26123E+00   -0.26200E+00  9713   0.152E+00
RMM:  11    -0.110592580913E+03   -0.93530E-02   -0.76168E-02  9028   0.528E-01
RMM:  12    -0.110594229579E+03   -0.16487E-02   -0.15672E-02  8921   0.751E-02    0.155E+01
RMM:  13    -0.103473527283E+03    0.71207E+01   -0.21365E+01  8480   0.143E+01    0.406E+00
RMM:  14    -0.103181997632E+03    0.29153E+00   -0.21029E+00  8481   0.319E+00    0.178E+00
RMM:  15    -0.103121334205E+03    0.60663E-01   -0.97832E-02  8484   0.112E+00    0.288E-01
RMM:  16    -0.103120977206E+03    0.35700E-03   -0.20235E-02  8530   0.335E-01    0.115E-01
RMM:  17    -0.103120744162E+03    0.23304E-03   -0.71398E-04  8669   0.478E-02    0.515E-02
RMM:  18    -0.103120680862E+03    0.63301E-04   -0.33660E-04  8480   0.566E-02    0.275E-03
RMM:  19    -0.103120677266E+03    0.35958E-05   -0.62517E-06  4776   0.389E-03
   1 F= -.10312068E+03 E0= -.10312314E+03  d E =-.103121E+03
