       N       E                     dE             d eps       ncg     rms          rms(c)
RMM:   1     0.391702459163E+04    0.39170E+04   -0.16482E+05  4240   0.171E+03
RMM:   2     0.809375552338E+03   -0.31076E+04   -0.34778E+04  4240   0.417E+02
RMM:   3     0.170812158224E+03   -0.63856E+03   -0.69463E+03  4240   0.161E+02
RMM:   4    -0.203746631545E+02   -0.19119E+03   -0.13930E+03  4240   0.747E+01
RMM:   5    -0.815327589799E+02   -0.61158E+02   -0.36457E+02  4240   0.449E+01
RMM:   6    -0.930086191977E+02   -0.11476E+02   -0.84233E+01  4240   0.217E+01
RMM:   7    -0.953615899022E+02   -0.23530E+01   -0.19783E+01  4240   0.114E+01
RMM:   8    -0.958725377169E+02   -0.51095E+00   -0.47780E+00  4240   0.524E+00
RMM:   9    -0.960302598285E+02   -0.15772E+00   -0.14908E+00  8477   0.266E+00
RMM:  10    -0.960437035786E+02   -0.13444E-01   -0.12628E-01  8461   0.385E-01
RMM:  11    -0.960442248314E+02   -0.52125E-03   -0.47123E-03  8069   0.175E-01
RMM:  12    -0.960442724525E+02   -0.47621E-04   -0.45925E-04  6821   0.163E-02    0.147E+01
RMM:  13    -0.898793646945E+02    0.61649E+01   -0.25187E+01  8480   0.162E+01    0.274E+00
RMM:  14    -0.897536418638E+02    0.12572E+00   -0.38679E-01  8480   0.115E+00    0.150E+00
RMM:  15    -0.896929347197E+02    0.60707E-01   -0.44701E-02  8480   0.902E-01    0.219E-01
RMM:  16    -0.896934110480E+02   -0.47633E-03   -0.12302E-02  8480   0.312E-01    0.125E-01
RMM:  17    -0.896928187108E+02    0.59234E-03   -0.39128E-04  8480   0.609E-02    0.301E-02
RMM:  18    -0.896927850493E+02    0.33662E-04   -0.11335E-04  8185   0.329E-02    0.290E-03
RMM:  19    -0.896927787964E+02    0.62528E-05   -0.14016E-06  3703   0.178E-03
   1 F= -.89692779E+02 E0= -.89688554E+02  d E =-.896928E+02
