Startup is 'sourced'
Opening the database
Phonon calculation for Untitled_1

Phonon parameters
=================
The calculation explores the full Brillouin zone and accounts for an interaction range of about 10.0 Angstroem.
The asymmetric atoms are displaced by +/-0.02 Angstroem.

In a first step, need to run an optimization of atom positions for the supercell containing 32 atoms.
Then, need to run a total number of 2 single point energy calculations on supercells with displaced atoms containing 32 atoms.

      Supercell transformation matrix              Supercell lattice vectors
       2.00000    0.00000    0.00000             8.66796    0.00000    0.00000
       0.00000    2.00000    0.00000             0.00000    8.66796    0.00000
       0.00000    0.00000    2.00000             0.00000    0.00000    8.66796

     Supercell           Site        Displaced atom     Displacement (fractional units)
   ---------------    ----------     --------------     -------------------------------
  undisplaced           ----            ----             0.00000    0.00000    0.00000
  displaced_Au__a       Au              Au               0.00231    0.00000    0.00000
  displaced_Au__b       Au              Au              -0.00231    0.00000    0.00000

Invariance conditions are not enforced.
No approximation to LO/TO splitting
Properties: Phonon dispersion and form factors 
            Phonon density of states 
            Thermodynamic functions
==========================================


VASP parameters
===============
Since no magnetic moments are in the model, this is a non-magnetic calculation using 'accurate' precision
and a user-defined planewave cutoff energy of 600.000 eV.

The electronic iterations convergence is 1.00E-005 eV using the Normal (blocked Davidson) algorithm
and reciprocal space projection operators.

The requested k-spacing is 0.3 per Angstrom, which leads to a 9x9x9 mesh.
This corresponds to actual k-spacings of 0.279 x 0.279 x 0.279 per Angstrom.

Using first order Methfessel-Paxton smearing with a width of 0.2 eV.

Other non-default parameters:
	Extrafine augmentation grid for accurate forces is TRUE
	Wave functions is TRUE
==========================================

------------------------------------------------------------------------

Results for initial structural minimization of the supercell without displacements:
--------------------------------------------------------------------------------------

There are 4 symmetry-unique k-points
The plane wave cutoff is 600.00 eV

   VASP energy:            -101.769825 eV for Au32

   Initial VASP energy:    -101.769820 eV for Au32
   Relaxation energy:        -0.000005 eV gained after 1 optimization steps.

Electronic contributions:
                          Empirical Formula          Cell
                                    Au          (Au)32
                          --------------- ---------------
              VASP Energy        -306.853       -9819.293 kJ/mol
      Energy of formation           8.819         282.203
                  PV term        -136.507       -4368.231

   This is the electronic part of the formation energy with respect to the
   elements in their standard state. It is obtained from the total energy (above)
   and tabulated VASP energies for the elements in their standard state.
   See the documentation for more details.

   Details for Au:
                                             VASP energy (Etot):     -306.85 kJ/mol
       Standard state energy of 1.00 atoms of Au  1.00 * -315.67:  -  -315.67
                                                                   ----------
                                        Energy of formation (Ef):        8.82 kJ/mol


Cell parameters:
 Parameter    Value    
---------- ------------
         a     8.667961
         b     8.667961
         c     8.667961
     alpha    89.999999
      beta    89.999999
     gamma    89.999999

    Volume    81.406828 Ang^3

        Density:    16.071 Mg/m^3

   The pressure given below is exerted by the system according to its volume.
   Positive pressure would cause expansion during full geometry optimization.
       Pressure:   -11.138 GPa
               =  -111.380 kbar

                      XX        YY        ZZ        XY        YZ        ZX
         Stress:    11.138    11.138    11.138     0.000     0.000     0.000 GPa
               =   111.380   111.380   111.380     0.000     0.000     0.000 kbar
   The stress tensor above is imposed on the system, i.e. negative values of diagonal components 
   would cause expansion of the corresponding lattice parameter upon full geometry optimization.
   The pressure and stress include only electronic terms, i.e. the vibrational,
   temperature and other terms are not included here.

Fractional Coordinates:
	Atom          Initial Coordinates             Final Coordinates
	-----      -------- -------- --------      -------- -------- --------
	Au           0.7500   0.7500   0.5000        0.7500   0.7500   0.5000
	Au           0.7500   0.7500   0.0000        0.7500   0.7500   0.0000
	Au           0.7500   0.0000   0.2500        0.7500   0.0000   0.2500
	Au           0.7500   0.2500   0.5000        0.7500   0.2500   0.5000
	Au           0.0000   0.7500   0.2500        0.0000   0.7500   0.2500
	Au           0.0000   0.0000   0.5000        0.0000   0.0000   0.5000
	Au           0.2500   0.7500   0.5000        0.2500   0.7500   0.5000
	Au           0.7500   0.0000   0.7500        0.7500   0.0000   0.7500
	Au           0.7500   0.2500   0.0000        0.7500   0.2500   0.0000
	Au           0.7500   0.5000   0.2500        0.7500   0.5000   0.2500
	Au           0.0000   0.7500   0.7500        0.0000   0.7500   0.7500
	Au           0.0000   0.0000   0.0000        0.0000   0.0000   0.0000
	Au           0.0000   0.2500   0.2500        0.0000   0.2500   0.2500
	Au           0.0000   0.5000   0.5000        0.0000   0.5000   0.5000
	Au           0.2500   0.7500   0.0000        0.2500   0.7500   0.0000
	Au           0.2500   0.0000   0.2500        0.2500   0.0000   0.2500
	Au           0.2500   0.2500   0.5000        0.2500   0.2500   0.5000
	Au           0.5000   0.7500   0.2500        0.5000   0.7500   0.2500
	Au           0.5000   0.0000   0.5000        0.5000   0.0000   0.5000
	Au           0.7500   0.5000   0.7500        0.7500   0.5000   0.7500
	Au           0.0000   0.2500   0.7500        0.0000   0.2500   0.7500
	Au           0.0000   0.5000   0.0000        0.0000   0.5000   0.0000
	Au           0.2500   0.0000   0.7500        0.2500   0.0000   0.7500
	Au           0.2500   0.2500   0.0000        0.2500   0.2500   0.0000
	Au           0.2500   0.5000   0.2500        0.2500   0.5000   0.2500
	Au           0.5000   0.7500   0.7500        0.5000   0.7500   0.7500
	Au           0.5000   0.0000   0.0000        0.5000   0.0000   0.0000
	Au           0.5000   0.2500   0.2500        0.5000   0.2500   0.2500
	Au           0.5000   0.5000   0.5000        0.5000   0.5000   0.5000
	Au           0.2500   0.5000   0.7500        0.2500   0.5000   0.7500
	Au           0.5000   0.2500   0.7500        0.5000   0.2500   0.7500
	Au           0.5000   0.5000   0.0000        0.5000   0.5000   0.0000

Results for supercell calculations:
------------------------------------------------------------------------
	        Supercell         Energy (eV)
	      -------------      -------------
	        undisplaced      -101.76983
	     displaced_Au__a     -101.76941
	     displaced_Au__b     -101.76941


Symmetry analysis of Gamma point phonon frequencies:
----------------------------------------------------
   Crystal  Point  Group: O_h   (m3m) 
   Supercell Point Group: O_h   (m3m) 
    Table of irreducible representations of point group:
 ------------------------------------------
    IR     1  5  7  9 11  6  8 10 12 13 16 17 18 21 23 14 15 19 20 22 24  2  3  4 25 38 39 43 44 46 48 29 30 31 32 33 34 35 36 26 27 28 37 40 41 42 45 47
 ------------------------------------------
 A1g(R)    1  1  1  1  1  1  1  1  1  1  1  1  1  1  1  1  1  1  1  1  1  1  1  1  1  1  1  1  1  1  1  1  1  1  1  1  1  1  1  1  1  1  1  1  1  1  1  1   x^2+y^2+z^2                         
 A2g       1  1  1  1  1  1  1  1  1 -1 -1 -1 -1 -1 -1 -1 -1 -1 -1 -1 -1  1  1  1  1 -1 -1 -1 -1 -1 -1  1  1  1  1  1  1  1  1  1  1  1 -1 -1 -1 -1 -1 -1                                       
 Eg(R)     2 -1 -1 -1 -1 -1 -1 -1 -1  0  0  0  0  0  0  0  0  0  0  0  0  2  2  2  2  0  0  0  0  0  0 -1 -1 -1 -1 -1 -1 -1 -1  2  2  2  0  0  0  0  0  0   (2z^2-x^2-y^2, x^2-y^2)             
 T1g       3  0  0  0  0  0  0  0  0 -1 -1 -1 -1 -1 -1  1  1  1  1  1  1 -1 -1 -1  3  1  1  1  1  1  1  0  0  0  0  0  0  0  0 -1 -1 -1 -1 -1 -1 -1 -1 -1                                       
 T2g(R)    3  0  0  0  0  0  0  0  0  1  1  1  1  1  1 -1 -1 -1 -1 -1 -1 -1 -1 -1  3 -1 -1 -1 -1 -1 -1  0  0  0  0  0  0  0  0 -1 -1 -1  1  1  1  1  1  1   (xy,xz,yz)                          
 A1u       1  1  1  1  1  1  1  1  1  1  1  1  1  1  1  1  1  1  1  1  1  1  1  1 -1 -1 -1 -1 -1 -1 -1 -1 -1 -1 -1 -1 -1 -1 -1 -1 -1 -1 -1 -1 -1 -1 -1 -1                                       
 A2u       1  1  1  1  1  1  1  1  1 -1 -1 -1 -1 -1 -1 -1 -1 -1 -1 -1 -1  1  1  1 -1  1  1  1  1  1  1 -1 -1 -1 -1 -1 -1 -1 -1 -1 -1 -1  1  1  1  1  1  1                                       
 Eu        2 -1 -1 -1 -1 -1 -1 -1 -1  0  0  0  0  0  0  0  0  0  0  0  0  2  2  2 -2  0  0  0  0  0  0  1  1  1  1  1  1  1  1 -2 -2 -2  0  0  0  0  0  0                                       
 T1u(I)    3  0  0  0  0  0  0  0  0 -1 -1 -1 -1 -1 -1  1  1  1  1  1  1 -1 -1 -1 -3 -1 -1 -1 -1 -1 -1  0  0  0  0  0  0  0  0  1  1  1  1  1  1  1  1  1   (x,y,z)                             
 T2u       3  0  0  0  0  0  0  0  0  1  1  1  1  1  1 -1 -1 -1 -1 -1 -1 -1 -1 -1 -3  1  1  1  1  1  1  0  0  0  0  0  0  0  0  1  1  1 -1 -1 -1 -1 -1 -1                                       
 ------------------------------------------
    Wave vector= 0.0000  0.0000  0.0000    no macro. electric field
 Multi. Omega   Irreducible Representations
  3     0.012     T1u(I)                                                                                                     
Notation: (R)  Raman active mode
          (I)  Infrared active mode
          (RI) Raman and Infrared active mode

Thermodynamic Properties
   for empirical formula Au

The following thermodynamic functions are obtained from the phonon
density of states within the harmonic approximation. The results are
meaningful only below the melting point, which lies well below 3000 K
for most materials.
Definitions:
      Cv            : vibrational heat capacity at constant volume
E_vib(T)=E(T)-E(0)  : the change in vibrational internal energy from 0 K, where
                        E(0) = E_elec + ZPE is the electronic energy of formation E_elec plus the zero point energy ZPE
      S(T)          : the vibrational entropy at temperature T
   -(A(T)-E(0))     : the change in the vibrational Helmholtz free energy from 0 K
      E(T)          : the electronic energy of formation plus the vibrational internal energy, so this term is
                        E_elec + ZPE + E_vib(T)
      A(T)          : the electronic plus vibrational Helmholtz free energy,
                        E(T) - T.S(T)
Note that the electronic energy, which is part of the enthalpy and free energies,
 is referenced to the elements in their standard state.

Electronic energy =     8.82 kJ/mol (referenced to elements in the standard state)
          PV term =  -136.51 kJ/mol
Zero-point energy =     0.90 kJ/mol

    T       Cv       E(T)-E(0)      S(T)   -(A(T)-E(0))     E(T)        A(T)
    K     J/K/mol      kJ/mol     J/K/mol     kJ/mol       kJ/mol      kJ/mol
  ----- ----------- ----------- ----------- ----------- ----------- -----------
     0      0.0000      0.0000      0.0000      0.0000      9.7176      9.7176
     1      0.0062      0.0000      0.0017      0.0000      9.7176      9.7176
     2      0.0360      0.0000      0.0137      0.0000      9.7176      9.7176
     3      0.0961      0.0001      0.0384      0.0000      9.7177      9.7176
     4      0.2067      0.0002      0.0797      0.0001      9.7178      9.7175
     5      0.3968      0.0005      0.1444      0.0002      9.7181      9.7174
    10      2.9648      0.0079      1.0619      0.0027      9.7255      9.7149
    15      6.8772      0.0324      2.9954      0.0126      9.7500      9.7051
    20     10.5258      0.0761      5.4878      0.0336      9.7938      9.6840
    30     15.8001      0.2100     10.8425      0.1153      9.9276      9.6023
    40     18.8996      0.3849     15.8523      0.2492     10.1025      9.4684
    50     20.7354      0.5838     20.2839      0.4304     10.3014      9.2872
    60     21.8752      0.7973     24.1729      0.6531     10.5149      9.0645
    70     22.6193      1.0200     27.6047      0.9123     10.7376      8.8053
    80     23.1276      1.2489     30.6603      1.2039     10.9665      8.5137
    90     23.4883      1.4821     33.4064      1.5245     11.1997      8.1931
   100     23.7527      1.7183     35.8955      1.8712     11.4359      7.8464
   125     24.1693      2.3179     41.2454      2.8377     12.0355      6.8799
   150     24.4013      2.9253     45.6744      3.9258     12.6429      5.7918
   175     24.5431      3.5372     49.4473      5.1160     13.2548      4.6016
   200     24.6360      4.1520     52.7311      6.3941     13.8697      3.3235
   225     24.7000      4.7688     55.6367      7.7494     14.4864      1.9682
   250     24.7460      5.3869     58.2416      9.1734     15.1045      0.5442
   273     24.7778      5.9564     60.4210     10.5384     15.6740     -0.8208
   275     24.7802      6.0060     60.6018     10.6594     15.7236     -0.9418
   298     24.8043      6.5762     62.5932     12.0765     16.2938     -2.3588
   300     24.8062      6.6258     62.7592     12.2018     16.3434     -2.4842
   350     24.8426      7.8671     66.5860     15.4379     17.5847     -5.7202
   400     24.8663      9.1098     69.9049     18.8519     18.8275     -9.1343
   450     24.8825     10.3536     72.8347     22.4218     20.0712    -12.7042
   500     24.8942     11.5980     75.4570     26.1303     21.3156    -16.4126
   550     24.9028     12.8429     77.8301     29.9633     22.5605    -20.2457
   600     24.9093     14.0882     79.9972     33.9098     23.8059    -24.1922
   650     24.9144     15.3338     81.9912     37.9601     25.0515    -28.2425
   700     24.9185     16.5797     83.8377     42.1064     26.2973    -32.3888
   750     24.9218     17.8257     85.5571     46.3417     27.5433    -36.6241
   800     24.9244     19.0718     87.1655     50.6602     28.7894    -40.9426
   850     24.9267     20.3181     88.6767     55.0566     30.0357    -45.3390
   900     24.9285     21.5644     90.1015     59.5264     31.2821    -49.8087
   950     24.9301     22.8109     91.4493     64.0654     32.5285    -54.3478
  1000     24.9314     24.0574     92.7281     68.6701     33.7751    -58.9525
  1050     24.9326     25.3040     93.9445     73.3371     35.0217    -63.6195
  1100     24.9336     26.5507     95.1045     78.0636     36.2683    -68.3459
  1150     24.9345     27.7974     96.2128     82.8467     37.5150    -73.1290
  1200     24.9353     29.0441     97.2741     87.6840     38.7617    -77.9664
  1250     24.9359     30.2909     98.2920     92.5733     40.0085    -82.8557
  1300     24.9365     31.5377     99.2700     97.5125     41.2553    -87.7949
  1350     24.9371     32.7845    100.2111    102.4996     42.5021    -92.7820
  1400     24.9375     34.0314    101.1180    107.5330     43.7490    -97.8154
  1450     24.9380     35.2783    101.9931    112.6108     44.9959   -102.8932
  1500     24.9384     36.5252    102.8385    117.7317     46.2428   -108.0141
  1550     24.9387     37.7721    103.6563    122.8941     47.4897   -113.1765
  1600     24.9390     39.0190    104.4481    128.0968     48.7366   -118.3792
  1650     24.9393     40.2660    105.2154    133.3385     49.9836   -123.6208
  1700     24.9396     41.5129    105.9600    138.6179     51.2306   -128.9003
  1750     24.9398     42.7599    106.6829    143.9340     52.4775   -134.2164
  1800     24.9401     44.0069    107.3855    149.2857     53.7245   -139.5681
  1850     24.9403     45.2539    108.0688    154.6722     54.9715   -144.9546
  1900     24.9405     46.5009    108.7339    160.0923     56.2185   -150.3747
  1950     24.9406     47.7479    109.3817    165.5453     57.4655   -155.8276
  2000     24.9408     48.9950    110.0132    171.0302     58.7126   -161.3125
  2100     24.9411     51.4890    111.2301    182.0928     61.2067   -172.3752
  2200     24.9413     53.9831    112.3903    193.2742     63.7008   -183.5566
  2300     24.9415     56.4773    113.4991    204.5689     66.1949   -194.8513
  2400     24.9417     58.9714    114.5606    215.9722     68.6890   -206.2546
  2500     24.9419     61.4656    115.5787    227.4795     71.1832   -217.7618
  2600     24.9421     63.9598    116.5570    239.0866     73.6774   -229.3689
  2700     24.9422     66.4540    117.4984    250.7895     76.1716   -241.0719
  2800     24.9423     68.9482    118.4054    262.5849     78.6658   -252.8673
  2900     24.9424     71.4424    119.2807    274.4694     81.1600   -264.7517
  3000     24.9425     73.9366    120.1262    286.4399     83.6543   -276.7223

Job completed on Tue 10 January 2017 at 10:20:32 æ±äº¬ (æ¨™æº–æ™‚) after 74 s (0:01:14)
