Startup is 'sourced'
Opening the database
Phonon calculation for Untitled_4

Phonon parameters
=================
The calculation explores the full Brillouin zone and accounts for an interaction range of about 10.0 Angstroem.
The asymmetric atoms are displaced by +/-0.02 Angstroem.

In a first step, need to run an optimization of atom positions for the supercell containing 108 atoms.
Then, need to run a total number of 2 single point energy calculations on supercells with displaced atoms containing 108 atoms.

      Supercell transformation matrix              Supercell lattice vectors
       3.00000    0.00000    0.00000            11.67181    0.00000    0.00000
       0.00000    3.00000    0.00000             0.00000   11.67181    0.00000
       0.00000    0.00000    3.00000             0.00000    0.00000   11.67181

     Supercell           Site        Displaced atom     Displacement (fractional units)
   ---------------    ----------     --------------     -------------------------------
  undisplaced           ----            ----             0.00000    0.00000    0.00000
  displaced_Cu__a       Cu              Cu               0.00171    0.00000    0.00000
  displaced_Cu__b       Cu              Cu              -0.00171    0.00000    0.00000

Invariance conditions are not enforced.
No approximation to LO/TO splitting
Properties: Phonon dispersion and form factors 
            Phonon density of states 
            Thermodynamic functions
==========================================


VASP parameters
===============
Since no magnetic moments are in the model, this is a non-magnetic calculation using 'accurate' precision
and a user-defined planewave cutoff energy of 500.000 eV.

The electronic iterations convergence is 1.00E-005 eV using the Very Fast (RMM-DIIS) algorithm
and reciprocal space projection operators.

The requested k-spacing is 0.1 per Angstrom, which leads to a 28x28x28 mesh.
This corresponds to actual k-spacings of 0.100 x 0.100 x 0.100 per Angstrom.

Using first order Methfessel-Paxton smearing with a width of 0.2 eV.

Other non-default parameters:
	Extrafine augmentation grid for accurate forces is TRUE
	Algorithm is Very Fast (RMM-DIIS)
	Wave functions is TRUE
==========================================

------------------------------------------------------------------------

Results for initial structural minimization of the supercell without displacements:
--------------------------------------------------------------------------------------

There are 10 symmetry-unique k-points
The plane wave cutoff is 500.00 eV

   VASP energy:            -383.067082 eV for Cu108

   Initial VASP energy:    -383.067080 eV for Cu108
   Relaxation energy:        -0.000002 eV gained after 1 optimization steps.

Electronic contributions:
                          Empirical Formula          Cell
                                    Cu         (Cu)108
                          --------------- ---------------
              VASP Energy        -342.225      -36960.346 kJ/mol
      Energy of formation          16.501        1782.147
                  PV term        -147.543      -15934.687

   This is the electronic part of the formation energy with respect to the
   elements in their standard state. It is obtained from the total energy (above)
   and tabulated VASP energies for the elements in their standard state.
   See the documentation for more details.

   Details for Cu:
                                             VASP energy (Etot):     -342.23 kJ/mol
       Standard state energy of 1.00 atoms of Cu  1.00 * -358.73:  -  -358.73
                                                                   ----------
                                        Energy of formation (Ef):       16.50 kJ/mol


Cell parameters:
 Parameter    Value    
---------- ------------
         a    11.671808
         b    11.671808
         c    11.671808
     alpha    89.999999
      beta    89.999999
     gamma    89.999999

    Volume    58.891227 Ang^3

        Density:     7.167 Mg/m^3

   The pressure given below is exerted by the system according to its volume.
   Positive pressure would cause expansion during full geometry optimization.
       Pressure:   -16.641 GPa
               =  -166.410 kbar

                      XX        YY        ZZ        XY        YZ        ZX
         Stress:    16.641    16.641    16.641     0.000     0.000     0.000 GPa
               =   166.410   166.410   166.410     0.000     0.000     0.000 kbar
   The stress tensor above is imposed on the system, i.e. negative values of diagonal components 
   would cause expansion of the corresponding lattice parameter upon full geometry optimization.
   The pressure and stress include only electronic terms, i.e. the vibrational,
   temperature and other terms are not included here.

Fractional Coordinates:
	Atom          Initial Coordinates             Final Coordinates
	-----      -------- -------- --------      -------- -------- --------
	Cu           0.6667   0.6667   0.3333        0.6667   0.6667   0.3333
	Cu           0.6667   0.8333   0.5000        0.6667   0.8333   0.5000
	Cu           0.8333   0.6667   0.5000        0.8333   0.6667   0.5000
	Cu           0.6667   0.6667   0.0000        0.6667   0.6667   0.0000
	Cu           0.6667   0.8333   0.1667        0.6667   0.8333   0.1667
	Cu           0.6667   0.0000   0.3333        0.6667   0.0000   0.3333
	Cu           0.6667   0.1667   0.5000        0.6667   0.1667   0.5000
	Cu           0.8333   0.6667   0.1667        0.8333   0.6667   0.1667
	Cu           0.8333   0.8333   0.3333        0.8333   0.8333   0.3333
	Cu           0.8333   0.0000   0.5000        0.8333   0.0000   0.5000
	Cu           0.0000   0.6667   0.3333        0.0000   0.6667   0.3333
	Cu           0.0000   0.8333   0.5000        0.0000   0.8333   0.5000
	Cu           0.1667   0.6667   0.5000        0.1667   0.6667   0.5000
	Cu           0.6667   0.6667   0.6667        0.6667   0.6667   0.6667
	Cu           0.6667   0.8333   0.8333        0.6667   0.8333   0.8333
	Cu           0.6667   0.0000   0.0000        0.6667   0.0000   0.0000
	Cu           0.6667   0.1667   0.1667        0.6667   0.1667   0.1667
	Cu           0.6667   0.3333   0.3333        0.6667   0.3333   0.3333
	Cu           0.6667   0.5000   0.5000        0.6667   0.5000   0.5000
	Cu           0.8333   0.6667   0.8333        0.8333   0.6667   0.8333
	Cu           0.8333   0.8333   0.0000        0.8333   0.8333   0.0000
	Cu           0.8333   0.0000   0.1667        0.8333   0.0000   0.1667
	Cu           0.8333   0.1667   0.3333        0.8333   0.1667   0.3333
	Cu           0.8333   0.3333   0.5000        0.8333   0.3333   0.5000
	Cu           0.0000   0.6667   0.0000        0.0000   0.6667   0.0000
	Cu           0.0000   0.8333   0.1667        0.0000   0.8333   0.1667
	Cu           0.0000   0.0000   0.3333        0.0000   0.0000   0.3333
	Cu           0.0000   0.1667   0.5000        0.0000   0.1667   0.5000
	Cu           0.1667   0.6667   0.1667        0.1667   0.6667   0.1667
	Cu           0.1667   0.8333   0.3333        0.1667   0.8333   0.3333
	Cu           0.1667   0.0000   0.5000        0.1667   0.0000   0.5000
	Cu           0.3333   0.6667   0.3333        0.3333   0.6667   0.3333
	Cu           0.3333   0.8333   0.5000        0.3333   0.8333   0.5000
	Cu           0.5000   0.6667   0.5000        0.5000   0.6667   0.5000
	Cu           0.6667   0.0000   0.6667        0.6667   0.0000   0.6667
	Cu           0.6667   0.1667   0.8333        0.6667   0.1667   0.8333
	Cu           0.6667   0.3333   0.0000        0.6667   0.3333   0.0000
	Cu           0.6667   0.5000   0.1667        0.6667   0.5000   0.1667
	Cu           0.8333   0.8333   0.6667        0.8333   0.8333   0.6667
	Cu           0.8333   0.0000   0.8333        0.8333   0.0000   0.8333
	Cu           0.8333   0.1667   0.0000        0.8333   0.1667   0.0000
	Cu           0.8333   0.3333   0.1667        0.8333   0.3333   0.1667
	Cu           0.8333   0.5000   0.3333        0.8333   0.5000   0.3333
	Cu           0.0000   0.6667   0.6667        0.0000   0.6667   0.6667
	Cu           0.0000   0.8333   0.8333        0.0000   0.8333   0.8333
	Cu           0.0000   0.0000   0.0000        0.0000   0.0000   0.0000
	Cu           0.0000   0.1667   0.1667        0.0000   0.1667   0.1667
	Cu           0.0000   0.3333   0.3333        0.0000   0.3333   0.3333
	Cu           0.0000   0.5000   0.5000        0.0000   0.5000   0.5000
	Cu           0.1667   0.6667   0.8333        0.1667   0.6667   0.8333
	Cu           0.1667   0.8333   0.0000        0.1667   0.8333   0.0000
	Cu           0.1667   0.0000   0.1667        0.1667   0.0000   0.1667
	Cu           0.1667   0.1667   0.3333        0.1667   0.1667   0.3333
	Cu           0.1667   0.3333   0.5000        0.1667   0.3333   0.5000
	Cu           0.3333   0.6667   0.0000        0.3333   0.6667   0.0000
	Cu           0.3333   0.8333   0.1667        0.3333   0.8333   0.1667
	Cu           0.3333   0.0000   0.3333        0.3333   0.0000   0.3333
	Cu           0.3333   0.1667   0.5000        0.3333   0.1667   0.5000
	Cu           0.5000   0.6667   0.1667        0.5000   0.6667   0.1667
	Cu           0.5000   0.8333   0.3333        0.5000   0.8333   0.3333
	Cu           0.5000   0.0000   0.5000        0.5000   0.0000   0.5000
	Cu           0.6667   0.3333   0.6667        0.6667   0.3333   0.6667
	Cu           0.6667   0.5000   0.8333        0.6667   0.5000   0.8333
	Cu           0.8333   0.1667   0.6667        0.8333   0.1667   0.6667
	Cu           0.8333   0.3333   0.8333        0.8333   0.3333   0.8333
	Cu           0.8333   0.5000   0.0000        0.8333   0.5000   0.0000
	Cu           0.0000   0.0000   0.6667        0.0000   0.0000   0.6667
	Cu           0.0000   0.1667   0.8333        0.0000   0.1667   0.8333
	Cu           0.0000   0.3333   0.0000        0.0000   0.3333   0.0000
	Cu           0.0000   0.5000   0.1667        0.0000   0.5000   0.1667
	Cu           0.1667   0.8333   0.6667        0.1667   0.8333   0.6667
	Cu           0.1667   0.0000   0.8333        0.1667   0.0000   0.8333
	Cu           0.1667   0.1667   0.0000        0.1667   0.1667   0.0000
	Cu           0.1667   0.3333   0.1667        0.1667   0.3333   0.1667
	Cu           0.1667   0.5000   0.3333        0.1667   0.5000   0.3333
	Cu           0.3333   0.6667   0.6667        0.3333   0.6667   0.6667
	Cu           0.3333   0.8333   0.8333        0.3333   0.8333   0.8333
	Cu           0.3333   0.0000   0.0000        0.3333   0.0000   0.0000
	Cu           0.3333   0.1667   0.1667        0.3333   0.1667   0.1667
	Cu           0.3333   0.3333   0.3333        0.3333   0.3333   0.3333
	Cu           0.3333   0.5000   0.5000        0.3333   0.5000   0.5000
	Cu           0.5000   0.6667   0.8333        0.5000   0.6667   0.8333
	Cu           0.5000   0.8333   0.0000        0.5000   0.8333   0.0000
	Cu           0.5000   0.0000   0.1667        0.5000   0.0000   0.1667
	Cu           0.5000   0.1667   0.3333        0.5000   0.1667   0.3333
	Cu           0.5000   0.3333   0.5000        0.5000   0.3333   0.5000
	Cu           0.8333   0.5000   0.6667        0.8333   0.5000   0.6667
	Cu           0.0000   0.3333   0.6667        0.0000   0.3333   0.6667
	Cu           0.0000   0.5000   0.8333        0.0000   0.5000   0.8333
	Cu           0.1667   0.1667   0.6667        0.1667   0.1667   0.6667
	Cu           0.1667   0.3333   0.8333        0.1667   0.3333   0.8333
	Cu           0.1667   0.5000   0.0000        0.1667   0.5000   0.0000
	Cu           0.3333   0.0000   0.6667        0.3333   0.0000   0.6667
	Cu           0.3333   0.1667   0.8333        0.3333   0.1667   0.8333
	Cu           0.3333   0.3333   0.0000        0.3333   0.3333   0.0000
	Cu           0.3333   0.5000   0.1667        0.3333   0.5000   0.1667
	Cu           0.5000   0.8333   0.6667        0.5000   0.8333   0.6667
	Cu           0.5000   0.0000   0.8333        0.5000   0.0000   0.8333
	Cu           0.5000   0.1667   0.0000        0.5000   0.1667   0.0000
	Cu           0.5000   0.3333   0.1667        0.5000   0.3333   0.1667
	Cu           0.5000   0.5000   0.3333        0.5000   0.5000   0.3333
	Cu           0.1667   0.5000   0.6667        0.1667   0.5000   0.6667
	Cu           0.3333   0.3333   0.6667        0.3333   0.3333   0.6667
	Cu           0.3333   0.5000   0.8333        0.3333   0.5000   0.8333
	Cu           0.5000   0.1667   0.6667        0.5000   0.1667   0.6667
	Cu           0.5000   0.3333   0.8333        0.5000   0.3333   0.8333
	Cu           0.5000   0.5000   0.0000        0.5000   0.5000   0.0000
	Cu           0.5000   0.5000   0.6667        0.5000   0.5000   0.6667

Update the system according to supercell optimization

Results for supercell calculations:
------------------------------------------------------------------------
	        Supercell         Energy (eV)
	      -------------      -------------
	        undisplaced      -383.06708
	     displaced_Cu__a     -383.06663
	     displaced_Cu__b     -383.06663


Symmetry analysis of Gamma point phonon frequencies:
----------------------------------------------------
   Crystal  Point  Group: O_h   (m3m) 
   Supercell Point Group: O_h   (m3m) 
    Table of irreducible representations of point group:
 ------------------------------------------
    IR     1  5  7  9 11  6  8 10 12 13 16 17 18 21 23 14 15 19 20 22 24  2  3  4 25 38 39 43 44 46 48 29 30 31 32 33 34 35 36 26 27 28 37 40 41 42 45 47
 ------------------------------------------
 A1g(R)    1  1  1  1  1  1  1  1  1  1  1  1  1  1  1  1  1  1  1  1  1  1  1  1  1  1  1  1  1  1  1  1  1  1  1  1  1  1  1  1  1  1  1  1  1  1  1  1   x^2+y^2+z^2                         
 A2g       1  1  1  1  1  1  1  1  1 -1 -1 -1 -1 -1 -1 -1 -1 -1 -1 -1 -1  1  1  1  1 -1 -1 -1 -1 -1 -1  1  1  1  1  1  1  1  1  1  1  1 -1 -1 -1 -1 -1 -1                                       
 Eg(R)     2 -1 -1 -1 -1 -1 -1 -1 -1  0  0  0  0  0  0  0  0  0  0  0  0  2  2  2  2  0  0  0  0  0  0 -1 -1 -1 -1 -1 -1 -1 -1  2  2  2  0  0  0  0  0  0   (2z^2-x^2-y^2, x^2-y^2)             
 T1g       3  0  0  0  0  0  0  0  0 -1 -1 -1 -1 -1 -1  1  1  1  1  1  1 -1 -1 -1  3  1  1  1  1  1  1  0  0  0  0  0  0  0  0 -1 -1 -1 -1 -1 -1 -1 -1 -1                                       
 T2g(R)    3  0  0  0  0  0  0  0  0  1  1  1  1  1  1 -1 -1 -1 -1 -1 -1 -1 -1 -1  3 -1 -1 -1 -1 -1 -1  0  0  0  0  0  0  0  0 -1 -1 -1  1  1  1  1  1  1   (xy,xz,yz)                          
 A1u       1  1  1  1  1  1  1  1  1  1  1  1  1  1  1  1  1  1  1  1  1  1  1  1 -1 -1 -1 -1 -1 -1 -1 -1 -1 -1 -1 -1 -1 -1 -1 -1 -1 -1 -1 -1 -1 -1 -1 -1                                       
 A2u       1  1  1  1  1  1  1  1  1 -1 -1 -1 -1 -1 -1 -1 -1 -1 -1 -1 -1  1  1  1 -1  1  1  1  1  1  1 -1 -1 -1 -1 -1 -1 -1 -1 -1 -1 -1  1  1  1  1  1  1                                       
 Eu        2 -1 -1 -1 -1 -1 -1 -1 -1  0  0  0  0  0  0  0  0  0  0  0  0  2  2  2 -2  0  0  0  0  0  0  1  1  1  1  1  1  1  1 -2 -2 -2  0  0  0  0  0  0                                       
 T1u(I)    3  0  0  0  0  0  0  0  0 -1 -1 -1 -1 -1 -1  1  1  1  1  1  1 -1 -1 -1 -3 -1 -1 -1 -1 -1 -1  0  0  0  0  0  0  0  0  1  1  1  1  1  1  1  1  1   (x,y,z)                             
 T2u       3  0  0  0  0  0  0  0  0  1  1  1  1  1  1 -1 -1 -1 -1 -1 -1 -1 -1 -1 -3  1  1  1  1  1  1  0  0  0  0  0  0  0  0  1  1  1 -1 -1 -1 -1 -1 -1                                       
 ------------------------------------------
    Wave vector= 0.0000  0.0000  0.0000    no macro. electric field
 Multi. Omega   Irreducible Representations
  3    -0.010     T1u(I)                                                                                                     
Notation: (R)  Raman active mode
          (I)  Infrared active mode
          (RI) Raman and Infrared active mode

Thermodynamic Properties
   for empirical formula Cu

The following thermodynamic functions are obtained from the phonon
density of states within the harmonic approximation. The results are
meaningful only below the melting point, which lies well below 3000 K
for most materials.
Definitions:
      Cv            : vibrational heat capacity at constant volume
E_vib(T)=E(T)-E(0)  : the change in vibrational internal energy from 0 K, where
                        E(0) = E_elec + ZPE is the electronic energy of formation E_elec plus the zero point energy ZPE
      S(T)          : the vibrational entropy at temperature T
   -(A(T)-E(0))     : the change in the vibrational Helmholtz free energy from 0 K
      E(T)          : the electronic energy of formation plus the vibrational internal energy, so this term is
                        E_elec + ZPE + E_vib(T)
      A(T)          : the electronic plus vibrational Helmholtz free energy,
                        E(T) - T.S(T)
Note that the electronic energy, which is part of the enthalpy and free energies,
 is referenced to the elements in their standard state.

Electronic energy =    16.50 kJ/mol (referenced to elements in the standard state)
          PV term =  -147.54 kJ/mol
Zero-point energy =     1.74 kJ/mol

    T       Cv       E(T)-E(0)      S(T)   -(A(T)-E(0))     E(T)        A(T)
    K     J/K/mol      kJ/mol     J/K/mol     kJ/mol       kJ/mol      kJ/mol
  ----- ----------- ----------- ----------- ----------- ----------- -----------
     0      0.0000      0.0000      0.0000      0.0000     18.2368     18.2368
     1      0.0000      0.0000      0.0000      0.0000     18.2368     18.2368
     2      0.0009      0.0000      0.0001      0.0000     18.2368     18.2368
     3      0.0045      0.0000      0.0011      0.0000     18.2368     18.2368
     4      0.0111      0.0000      0.0032      0.0000     18.2368     18.2368
     5      0.0206      0.0000      0.0066      0.0000     18.2369     18.2368
    10      0.1489      0.0004      0.0500      0.0001     18.2372     18.2367
    15      0.6662      0.0022      0.1877      0.0007     18.2390     18.2362
    20      1.9064      0.0083      0.5310      0.0024     18.2451     18.2345
    30      5.9751      0.0466      2.0309      0.0143     18.2835     18.2225
    40     10.2384      0.1282      4.3480      0.0457     18.3650     18.1911
    50     13.6608      0.2485      7.0180      0.1024     18.4853     18.1344
    60     16.1943      0.3984      9.7447      0.1862     18.6353     18.0506
    70     18.0404      0.5701     12.3872      0.2970     18.8069     17.9398
    80     19.3959      0.7576     14.8892      0.4335     18.9944     17.8033
    90     20.4074      0.9569     17.2349      0.5943     19.1937     17.6426
   100     21.1760      1.1650     19.4266      0.7777     19.4018     17.4591
   125     22.4354      1.7116     24.3009      1.3260     19.9485     16.9109
   150     23.1632      2.2824     28.4613      1.9868     20.5192     16.2500
   175     23.6179      2.8676     32.0686      2.7444     21.1044     15.4924
   200     23.9197      3.4620     35.2433      3.5866     21.6988     14.6502
   225     24.1297      4.0628     38.0735      4.5037     22.2996     13.7331
   250     24.2815      4.6680     40.6241      5.4879     22.9048     12.7489
   273     24.3867      5.2277     42.7659      6.4473     23.4646     11.7896
   275     24.3946      5.2765     42.9439      6.5330     23.5134     11.7039
   298     24.4750      5.8386     44.9066      7.5435     24.0754     10.6933
   300     24.4812      5.8875     45.0704      7.6335     24.1243     10.6033
   350     24.6027      7.1148     48.8540      9.9840     25.3517      8.2529
   400     24.6820      8.3471     52.1448     12.5107     26.5839      5.7261
   450     24.7366      9.5826     55.0552     15.1921     27.8194      3.0447
   500     24.7758     10.8205     57.6636     18.0112     29.0573      0.2257
   550     24.8048     12.0600     60.0264     20.9543     30.2968     -2.7175
   600     24.8269     13.3008     62.1857     24.0104     31.5376     -5.7736
   650     24.8441     14.5426     64.1736     27.1700     32.7794     -8.9332
   700     24.8578     15.7852     66.0153     30.4253     34.0220    -12.1885
   750     24.8688     17.0283     67.7307     33.7694     35.2652    -15.5326
   800     24.8779     18.2720     69.3360     37.1965     36.5088    -18.9596
   850     24.8854     19.5161     70.8444     40.7013     37.7529    -22.4645
   900     24.8917     20.7605     72.2670     44.2794     38.9973    -26.0426
   950     24.8970     22.0052     73.6130     47.9267     40.2420    -29.6899
  1000     24.9015     23.2502     74.8902     51.6395     41.4870    -33.4027
  1050     24.9054     24.4953     76.1052     55.4147     42.7322    -37.1778
  1100     24.9088     25.7407     77.2639     59.2491     43.9775    -41.0123
  1150     24.9118     26.9862     78.3712     63.1401     45.2230    -44.9033
  1200     24.9144     28.2318     79.4315     67.0854     46.4687    -48.8485
  1250     24.9167     29.4776     80.4486     71.0825     47.7144    -52.8457
  1300     24.9187     30.7235     81.4259     75.1295     48.9603    -56.8927
  1350     24.9205     31.9695     82.3664     79.2244     50.2063    -60.9876
  1400     24.9221     33.2155     83.2727     83.3655     51.4524    -65.1287
  1450     24.9236     34.4617     84.1473     87.5511     52.6985    -69.3143
  1500     24.9249     35.7079     84.9923     91.7797     53.9447    -73.5429
  1550     24.9261     36.9541     85.8096     96.0499     55.1910    -77.8130
  1600     24.9272     38.2005     86.6010    100.3602     56.4373    -82.1233
  1650     24.9282     39.4468     87.3680    104.7094     57.6837    -86.4726
  1700     24.9291     40.6933     88.1122    109.0965     58.9301    -90.8597
  1750     24.9299     41.9397     88.8348    113.5203     60.1765    -95.2834
  1800     24.9306     43.1862     89.5372    117.9796     61.4231    -99.7428
  1850     24.9313     44.4328     90.2202    122.4736     62.6696   -104.2368
  1900     24.9320     45.6793     90.8851    127.0013     63.9162   -108.7645
  1950     24.9326     46.9259     91.5327    131.5618     65.1628   -113.3249
  2000     24.9331     48.1726     92.1640    136.1543     66.4094   -117.9174
  2100     24.9341     50.6659     93.3805    145.4319     68.9028   -127.1951
  2200     24.9349     53.1594     94.5404    154.8283     71.3962   -136.5915
  2300     24.9357     55.6529     95.6489    164.3381     73.8897   -146.1013
  2400     24.9363     58.1465     96.7102    173.9564     76.3833   -155.7196
  2500     24.9369     60.6401     97.7281    183.6786     78.8769   -165.4418
  2600     24.9374     63.1338     98.7061    193.5006     81.3706   -175.2638
  2700     24.9378     65.6276     99.6473    203.4185     83.8644   -185.1817
  2800     24.9383     68.1213    100.5542    213.4288     86.3582   -195.1919
  2900     24.9386     70.6152    101.4294    223.5282     88.8520   -205.2914
  3000     24.9390     73.1090    102.2748    233.7136     91.3459   -215.4767

Job completed on Mon 30 January 2017 at 12:18:03 æ±äº¬ (æ¨™æº–æ™‚) after 150 s (0:02:30)
