       N       E                     dE             d eps       ncg     rms          rms(c)
RMM:   1     0.606733409283E+04    0.60673E+04   -0.50257E+05  7120   0.220E+03
RMM:   2     0.636995866997E+03   -0.54303E+04   -0.64118E+04  7120   0.349E+02
RMM:   3    -0.197990811417E+03   -0.83499E+03   -0.84893E+03  7120   0.151E+02
RMM:   4    -0.410798129019E+03   -0.21281E+03   -0.95308E+02  7120   0.568E+01
RMM:   5    -0.455621855473E+03   -0.44824E+02   -0.25540E+02  7120   0.234E+01
RMM:   6    -0.462626453657E+03   -0.70046E+01   -0.59091E+01  7120   0.145E+01
RMM:   7    -0.464093456506E+03   -0.14670E+01   -0.13826E+01  7120   0.537E+00
RMM:   8    -0.464449750701E+03   -0.35629E+00   -0.33812E+00  7120   0.339E+00
RMM:   9    -0.464552547528E+03   -0.10280E+00   -0.10369E+00 14241   0.130E+00
RMM:  10    -0.464559671551E+03   -0.71240E-02   -0.68922E-02 14242   0.251E-01
RMM:  11    -0.464560060878E+03   -0.38933E-03   -0.37838E-03 13743   0.108E-01
RMM:  12    -0.464560089990E+03   -0.29112E-04   -0.30451E-04 12705   0.120E-02    0.681E+01
RMM:  13    -0.433678280159E+03    0.30882E+02   -0.10944E+03 14240   0.754E+01    0.431E+01
RMM:  14    -0.383733609915E+03    0.49945E+02   -0.21304E+02 14240   0.350E+01    0.405E+00
RMM:  15    -0.383330112984E+03    0.40350E+00   -0.24379E+00 14240   0.345E+00    0.366E+00
RMM:  16    -0.383066048240E+03    0.26406E+00   -0.81137E-01 14240   0.194E+00    0.340E-01
RMM:  17    -0.383067010233E+03   -0.96199E-03   -0.70850E-03 14240   0.229E-01    0.357E-02
RMM:  18    -0.383067086601E+03   -0.76368E-04   -0.31537E-04 14240   0.278E-02    0.219E-02
RMM:  19    -0.383067069312E+03    0.17289E-04   -0.19757E-05  7949   0.891E-03    0.173E-03
RMM:  20    -0.383067082262E+03   -0.12949E-04   -0.11952E-06  7410   0.206E-03    0.112E-03
RMM:  21    -0.383067081957E+03    0.30419E-06   -0.22688E-07  5373   0.853E-04
   1 F= -.38306708E+03 E0= -.38304911E+03  d E =-.383067E+03
