Startup is 'sourced'
Opening the database
Phonon calculation for Untitled_1

Phonon parameters
=================
The calculation explores the full Brillouin zone and accounts for an interaction range of about 10.0 Angstroem.
The asymmetric atoms are displaced by +/-0.02 Angstroem.

In a first step, need to run an optimization of atom positions for the supercell containing 32 atoms.
Then, need to run a total number of 2 single point energy calculations on supercells with displaced atoms containing 32 atoms.

      Supercell transformation matrix              Supercell lattice vectors
       2.00000    0.00000    0.00000             8.83306    0.00000    0.00000
       0.00000    2.00000    0.00000             0.00000    8.83306    0.00000
       0.00000    0.00000    2.00000             0.00000    0.00000    8.83306

     Supercell           Site        Displaced atom     Displacement (fractional units)
   ---------------    ----------     --------------     -------------------------------
  undisplaced           ----            ----             0.00000    0.00000    0.00000
  displaced_Au__a       Au              Au               0.00226    0.00000    0.00000
  displaced_Au__b       Au              Au              -0.00226    0.00000    0.00000

Invariance conditions are not enforced.
No approximation to LO/TO splitting
Properties: Phonon dispersion and form factors 
            Phonon density of states 
            Thermodynamic functions
==========================================


VASP parameters
===============
Since no magnetic moments are in the model, this is a non-magnetic calculation using 'normal' precision
and a default planewave cutoff energy of 229.948 eV.

The electronic iterations convergence is 1.00E-005 eV using the Normal (blocked Davidson) algorithm
and reciprocal space projection operators.

The requested k-spacing is 0.5 per Angstrom, which leads to a 5x5x5 mesh.
This corresponds to actual k-spacings of 0.493 x 0.493 x 0.493 per Angstrom.

Using first order Methfessel-Paxton smearing with a width of 0.2 eV.

Other non-default parameters:
	Wave functions is TRUE
==========================================

------------------------------------------------------------------------

Using GGA-PBE / PAW potentials:
	Au

Results for initial structural minimization of the supercell without displacements:
--------------------------------------------------------------------------------------

There are 1 symmetry-unique k-points
The plane wave cutoff is 229.95 eV

   VASP energy:             -98.328180 eV for Au32

   Initial VASP energy:     -98.328180 eV for Au32
   Relaxation energy:        -0.000000 eV gained after 1 optimization steps.

Electronic contributions:
                          Empirical Formula          Cell
                                    Au          (Au)32
                          --------------- ---------------
              VASP Energy        -296.476       -9487.225 kJ/mol
      Energy of formation          19.196         614.271
                  PV term        -198.166       -6341.299

   This is the electronic part of the formation energy with respect to the
   elements in their standard state. It is obtained from the total energy (above)
   and tabulated VASP energies for the elements in their standard state.
   See the documentation for more details.

   Details for Au:
                                             VASP energy (Etot):     -296.48 kJ/mol
       Standard state energy of 1.00 atoms of Au  1.00 * -315.67:  -  -315.67
                                                                   ----------
                                        Energy of formation (Ef):       19.20 kJ/mol


Cell parameters:
 Parameter    Value    
---------- ------------
         a     8.833065
         b     8.833065
         c     8.833065
     alpha    89.999999
      beta    89.999999
     gamma    89.999999

    Volume    86.147815 Ang^3

        Density:    15.186 Mg/m^3

   The pressure given below is exerted by the system according to its volume.
   Positive pressure would cause expansion during full geometry optimization.
       Pressure:   -15.279 GPa
               =  -152.790 kbar

                      XX        YY        ZZ        XY        YZ        ZX
         Stress:    15.279    15.279    15.279     0.000     0.000     0.000 GPa
               =   152.790   152.790   152.790     0.000     0.000     0.000 kbar
   The stress tensor above is imposed on the system, i.e. negative values of diagonal components 
   would cause expansion of the corresponding lattice parameter upon full geometry optimization.
   The pressure and stress include only electronic terms, i.e. the vibrational,
   temperature and other terms are not included here.

Fractional Coordinates:
	Atom          Initial Coordinates             Final Coordinates
	-----      -------- -------- --------      -------- -------- --------
	Au           0.7500   0.7500   0.5000        0.7500   0.7500   0.5000
	Au           0.7500   0.7500   0.0000        0.7500   0.7500   0.0000
	Au           0.7500   0.0000   0.2500        0.7500   0.0000   0.2500
	Au           0.7500   0.2500   0.5000        0.7500   0.2500   0.5000
	Au           0.0000   0.7500   0.2500        0.0000   0.7500   0.2500
	Au           0.0000   0.0000   0.5000        0.0000   0.0000   0.5000
	Au           0.2500   0.7500   0.5000        0.2500   0.7500   0.5000
	Au           0.7500   0.0000   0.7500        0.7500   0.0000   0.7500
	Au           0.7500   0.2500   0.0000        0.7500   0.2500   0.0000
	Au           0.7500   0.5000   0.2500        0.7500   0.5000   0.2500
	Au           0.0000   0.7500   0.7500        0.0000   0.7500   0.7500
	Au           0.0000   0.0000   0.0000        0.0000   0.0000   0.0000
	Au           0.0000   0.2500   0.2500        0.0000   0.2500   0.2500
	Au           0.0000   0.5000   0.5000        0.0000   0.5000   0.5000
	Au           0.2500   0.7500   0.0000        0.2500   0.7500   0.0000
	Au           0.2500   0.0000   0.2500        0.2500   0.0000   0.2500
	Au           0.2500   0.2500   0.5000        0.2500   0.2500   0.5000
	Au           0.5000   0.7500   0.2500        0.5000   0.7500   0.2500
	Au           0.5000   0.0000   0.5000        0.5000   0.0000   0.5000
	Au           0.7500   0.5000   0.7500        0.7500   0.5000   0.7500
	Au           0.0000   0.2500   0.7500        0.0000   0.2500   0.7500
	Au           0.0000   0.5000   0.0000        0.0000   0.5000   0.0000
	Au           0.2500   0.0000   0.7500        0.2500   0.0000   0.7500
	Au           0.2500   0.2500   0.0000        0.2500   0.2500   0.0000
	Au           0.2500   0.5000   0.2500        0.2500   0.5000   0.2500
	Au           0.5000   0.7500   0.7500        0.5000   0.7500   0.7500
	Au           0.5000   0.0000   0.0000        0.5000   0.0000   0.0000
	Au           0.5000   0.2500   0.2500        0.5000   0.2500   0.2500
	Au           0.5000   0.5000   0.5000        0.5000   0.5000   0.5000
	Au           0.2500   0.5000   0.7500        0.2500   0.5000   0.7500
	Au           0.5000   0.2500   0.7500        0.5000   0.2500   0.7500
	Au           0.5000   0.5000   0.0000        0.5000   0.5000   0.0000

Results for supercell calculations:
------------------------------------------------------------------------
	        Supercell         Energy (eV)
	      -------------      -------------
	        undisplaced       -98.32818
	     displaced_Au__a      -98.32805
	     displaced_Au__b      -98.32805


Symmetry analysis of Gamma point phonon frequencies:
----------------------------------------------------
   Crystal  Point  Group: O_h   (m3m) 
   Supercell Point Group: O_h   (m3m) 
    Table of irreducible representations of point group:
 ------------------------------------------
    IR     1  5  7  9 11  6  8 10 12 13 16 17 18 21 23 14 15 19 20 22 24  2  3  4 25 38 39 43 44 46 48 29 30 31 32 33 34 35 36 26 27 28 37 40 41 42 45 47
 ------------------------------------------
 A1g(R)    1  1  1  1  1  1  1  1  1  1  1  1  1  1  1  1  1  1  1  1  1  1  1  1  1  1  1  1  1  1  1  1  1  1  1  1  1  1  1  1  1  1  1  1  1  1  1  1   x^2+y^2+z^2                         
 A2g       1  1  1  1  1  1  1  1  1 -1 -1 -1 -1 -1 -1 -1 -1 -1 -1 -1 -1  1  1  1  1 -1 -1 -1 -1 -1 -1  1  1  1  1  1  1  1  1  1  1  1 -1 -1 -1 -1 -1 -1                                       
 Eg(R)     2 -1 -1 -1 -1 -1 -1 -1 -1  0  0  0  0  0  0  0  0  0  0  0  0  2  2  2  2  0  0  0  0  0  0 -1 -1 -1 -1 -1 -1 -1 -1  2  2  2  0  0  0  0  0  0   (2z^2-x^2-y^2, x^2-y^2)             
 T1g       3  0  0  0  0  0  0  0  0 -1 -1 -1 -1 -1 -1  1  1  1  1  1  1 -1 -1 -1  3  1  1  1  1  1  1  0  0  0  0  0  0  0  0 -1 -1 -1 -1 -1 -1 -1 -1 -1                                       
 T2g(R)    3  0  0  0  0  0  0  0  0  1  1  1  1  1  1 -1 -1 -1 -1 -1 -1 -1 -1 -1  3 -1 -1 -1 -1 -1 -1  0  0  0  0  0  0  0  0 -1 -1 -1  1  1  1  1  1  1   (xy,xz,yz)                          
 A1u       1  1  1  1  1  1  1  1  1  1  1  1  1  1  1  1  1  1  1  1  1  1  1  1 -1 -1 -1 -1 -1 -1 -1 -1 -1 -1 -1 -1 -1 -1 -1 -1 -1 -1 -1 -1 -1 -1 -1 -1                                       
 A2u       1  1  1  1  1  1  1  1  1 -1 -1 -1 -1 -1 -1 -1 -1 -1 -1 -1 -1  1  1  1 -1  1  1  1  1  1  1 -1 -1 -1 -1 -1 -1 -1 -1 -1 -1 -1  1  1  1  1  1  1                                       
 Eu        2 -1 -1 -1 -1 -1 -1 -1 -1  0  0  0  0  0  0  0  0  0  0  0  0  2  2  2 -2  0  0  0  0  0  0  1  1  1  1  1  1  1  1 -2 -2 -2  0  0  0  0  0  0                                       
 T1u(I)    3  0  0  0  0  0  0  0  0 -1 -1 -1 -1 -1 -1  1  1  1  1  1  1 -1 -1 -1 -3 -1 -1 -1 -1 -1 -1  0  0  0  0  0  0  0  0  1  1  1  1  1  1  1  1  1   (x,y,z)                             
 T2u       3  0  0  0  0  0  0  0  0  1  1  1  1  1  1 -1 -1 -1 -1 -1 -1 -1 -1 -1 -3  1  1  1  1  1  1  0  0  0  0  0  0  0  0  1  1  1 -1 -1 -1 -1 -1 -1                                       
 ------------------------------------------
    Wave vector= 0.0000  0.0000  0.0000    no macro. electric field
 Multi. Omega   Irreducible Representations
  3    -0.014     T1u(I)                                                                                                     
Notation: (R)  Raman active mode
          (I)  Infrared active mode
          (RI) Raman and Infrared active mode

=========================================================
=========================================================
               !!!! WARNING MESSAGE !!!!
=========================================================
About 20.62 % of the phonon density of states is contributed by 
imaginary frequencies which cannot be taken into account for the 
thermodynamic functions. 
The thermodynamic functions exhibit an error of at least this magnitude!
=========================================================
=========================================================

Thermodynamic Properties
   for empirical formula Au

The following thermodynamic functions are obtained from the phonon
density of states within the harmonic approximation. The results are
meaningful only below the melting point, which lies well below 3000 K
for most materials.
Definitions:
      Cv            : vibrational heat capacity at constant volume
E_vib(T)=E(T)-E(0)  : the change in vibrational internal energy from 0 K, where
                        E(0) = E_elec + ZPE is the electronic energy of formation E_elec plus the zero point energy ZPE
      S(T)          : the vibrational entropy at temperature T
   -(A(T)-E(0))     : the change in the vibrational Helmholtz free energy from 0 K
      E(T)          : the electronic energy of formation plus the vibrational internal energy, so this term is
                        E_elec + ZPE + E_vib(T)
      A(T)          : the electronic plus vibrational Helmholtz free energy,
                        E(T) - T.S(T)
Note that the electronic energy, which is part of the enthalpy and free energies,
 is referenced to the elements in their standard state.

Electronic energy =    19.20 kJ/mol (referenced to elements in the standard state)
          PV term =  -198.17 kJ/mol
Zero-point energy =     0.43 kJ/mol

    T       Cv       E(T)-E(0)      S(T)   -(A(T)-E(0))     E(T)        A(T)
    K     J/K/mol      kJ/mol     J/K/mol     kJ/mol       kJ/mol      kJ/mol
  ----- ----------- ----------- ----------- ----------- ----------- -----------
     0      0.0000      0.0000      0.0000      0.0000     19.6287     19.6287
     1      0.1368      0.0000      0.0685      0.0000     19.6287     19.6287
     2      0.5171      0.0004      0.2689      0.0002     19.6290     19.6285
     3      1.0598      0.0011      0.5762      0.0006     19.6298     19.6281
     4      1.7552      0.0025      0.9726      0.0014     19.6312     19.6273
     5      2.5944      0.0047      1.4521      0.0026     19.6334     19.6261
    10      7.2055      0.0294      4.6874      0.0175     19.6580     19.6112
    15     10.8258      0.0749      8.3332      0.0501     19.7036     19.5786
    20     13.3566      0.1358     11.8174      0.1005     19.7645     19.5281
    30     16.2253      0.2855     17.8502      0.2500     19.9142     19.3787
    40     17.5980      0.4554     22.7282      0.4537     20.0841     19.1750
    50     18.3260      0.6354     26.7411      0.7016     20.2641     18.9270
    60     18.7504      0.8210     30.1231      0.9864     20.4496     18.6423
    70     19.0170      1.0099     33.0349      1.3025     20.6386     18.3261
    80     19.1945      1.2010     35.5867      1.6459     20.8297     17.9828
    90     19.3184      1.3936     37.8550      2.0133     21.0223     17.6154
   100     19.4081      1.5873     39.8953      2.4022     21.2159     17.2264
   125     19.5476      2.0744     44.2427      3.4559     21.7031     16.1728
   150     19.6242      2.5641     47.8141      4.6079     22.1928     15.0207
   175     19.6708      3.0554     50.8430      5.8421     22.6840     13.7866
   200     19.7012      3.5475     53.4717      7.1468     23.1762     12.4819
   225     19.7220      4.0403     55.7935      8.5131     23.6690     11.1155
   250     19.7370      4.5336     57.8722      9.9344     24.1622      9.6943
   273     19.7473      4.9876     59.6097     11.2857     24.6163      8.3430
   275     19.7480      5.0271     59.7539     11.4051     24.6558      8.2236
   298     19.7559      5.4814     61.3404     12.7979     25.1101      6.8308
   300     19.7565      5.5209     61.4726     12.9207     25.1496      6.7080
   350     19.7683      6.5091     64.5190     16.0724     26.1378      3.5562
   400     19.7759      7.4977     67.1592     19.3658     27.1264      0.2629
   450     19.7812      8.4866     69.4888     22.7832     28.1153     -3.1545
   500     19.7850      9.4758     71.5732     26.3106     29.1045     -6.6819
   550     19.7877     10.4651     73.4590     29.9371     30.0938    -10.3084
   600     19.7899     11.4545     75.1809     33.6537     31.0832    -14.0250
   650     19.7915     12.4441     76.7650     37.4529     32.0727    -17.8242
   700     19.7928     13.4337     78.2317     41.3282     33.0623    -21.6995
   750     19.7939     14.4233     79.5973     45.2743     34.0520    -25.6456
   800     19.7947     15.4130     80.8748     49.2864     35.0417    -29.6578
   850     19.7954     16.4028     82.0749     53.3605     36.0315    -33.7318
   900     19.7960     17.3926     83.2064     57.4927     37.0212    -37.8641
   950     19.7966     18.3824     84.2767     61.6800     38.0111    -42.0513
  1000     19.7970     19.3722     85.2922     65.9194     39.0009    -46.2908
  1050     19.7974     20.3621     86.2581     70.2084     39.9907    -50.5797
  1100     19.7977     21.3519     87.1791     74.5444     40.9806    -54.9157
  1150     19.7980     22.3418     88.0591     78.9255     41.9705    -59.2968
  1200     19.7982     23.3317     88.9017     83.3497     42.9604    -63.7210
  1250     19.7984     24.3216     89.7099     87.8151     43.9503    -68.1864
  1300     19.7986     25.3115     90.4864     92.3201     44.9402    -72.6914
  1350     19.7988     26.3015     91.2336     96.8632     45.9302    -77.2345
  1400     19.7990     27.2914     91.9537    101.4430     46.9201    -81.8143
  1450     19.7991     28.2814     92.6484    106.0581     47.9100    -86.4294
  1500     19.7992     29.2713     93.3197    110.7073     48.9000    -91.0786
  1550     19.7993     30.2613     93.9689    115.3896     49.8900    -95.7610
  1600     19.7994     31.2512     94.5974    120.1038     50.8799   -100.4751
  1650     19.7995     32.2412     95.2067    124.8490     51.8699   -105.2203
  1700     19.7996     33.2312     95.7978    129.6241     52.8599   -109.9954
  1750     19.7997     34.2211     96.3718    134.4284     53.8498   -114.7997
  1800     19.7998     35.2111     96.9296    139.2610     54.8398   -119.6323
  1850     19.7998     36.2011     97.4720    144.1210     55.8298   -124.4924
  1900     19.7999     37.1911     98.0001    149.0078     56.8198   -129.3791
  1950     19.7999     38.1811     98.5144    153.9208     57.8098   -134.2921
  2000     19.8000     39.1711     99.0157    158.8591     58.7998   -139.2304
  2100     19.8001     41.1511     99.9818    168.8092     60.7798   -149.1805
  2200     19.8002     43.1311    100.9028    178.8537     62.7598   -159.2250
  2300     19.8002     45.1111    101.7829    188.9883     64.7398   -169.3597
  2400     19.8003     47.0911    102.6257    199.2089     66.7198   -179.5803
  2500     19.8004     49.0711    103.4339    209.5122     68.6998   -189.8835
  2600     19.8004     51.0512    104.2105    219.8946     70.6798   -200.2659
  2700     19.8005     53.0312    104.9578    230.3531     72.6599   -210.7245
  2800     19.8005     55.0112    105.6779    240.8851     74.6399   -221.2564
  2900     19.8005     56.9913    106.3728    251.4878     76.6199   -231.8591
  3000     19.8006     58.9713    107.0440    262.1588     78.6000   -242.5302

Job completed on Thu 01 September 2016 at 15:35:30 æ±äº¬ (æ¨™æº–æ™‚) after 90 s (0:01:30)
