Startup is 'sourced'
Opening the database
Phonon calculation for Untitled_1

Phonon parameters
=================
The calculation explores the full Brillouin zone and accounts for an interaction range of about 10.0 Angstroem.
The asymmetric atoms are displaced by +/-0.02 Angstroem.

In a first step, need to run an optimization of atom positions for the supercell containing 32 atoms.
Then, need to run a total number of 2 single point energy calculations on supercells with displaced atoms containing 32 atoms.

      Supercell transformation matrix              Supercell lattice vectors
       2.00000    0.00000    0.00000             8.83306    0.00000    0.00000
       0.00000    2.00000    0.00000             0.00000    8.83306    0.00000
       0.00000    0.00000    2.00000             0.00000    0.00000    8.83306

     Supercell           Site        Displaced atom     Displacement (fractional units)
   ---------------    ----------     --------------     -------------------------------
  undisplaced           ----            ----             0.00000    0.00000    0.00000
  displaced_Au__a       Au              Au               0.00226    0.00000    0.00000
  displaced_Au__b       Au              Au              -0.00226    0.00000    0.00000

Invariance conditions are not enforced.
No approximation to LO/TO splitting
Properties: Phonon dispersion and form factors 
            Phonon density of states 
            Thermodynamic functions
==========================================


VASP parameters
===============
Since no magnetic moments are in the model, this is a non-magnetic calculation using 'accurate' precision
and a user-defined planewave cutoff energy of 600.000 eV.

The electronic iterations convergence is 1.00E-005 eV using the Normal (blocked Davidson) algorithm
and reciprocal space projection operators.

The requested k-spacing is 0.3 per Angstrom, which leads to a 9x9x9 mesh.
This corresponds to actual k-spacings of 0.274 x 0.274 x 0.274 per Angstrom.

Using first order Methfessel-Paxton smearing with a width of 0.2 eV.

Other non-default parameters:
	Extrafine augmentation grid for accurate forces is TRUE
	Wave functions is TRUE
==========================================

------------------------------------------------------------------------

Results for initial structural minimization of the supercell without displacements:
--------------------------------------------------------------------------------------

There are 4 symmetry-unique k-points
The plane wave cutoff is 600.00 eV

   VASP energy:             -98.798555 eV for Au32

   Initial VASP energy:     -98.798555 eV for Au32
   Relaxation energy:         0.000000 eV gained after 1 optimization steps.

Electronic contributions:
                          Empirical Formula          Cell
                                    Au          (Au)32
                          --------------- ---------------
              VASP Energy        -297.894       -9532.609 kJ/mol
      Energy of formation          17.778         568.887
                  PV term        -178.490       -5711.693

   This is the electronic part of the formation energy with respect to the
   elements in their standard state. It is obtained from the total energy (above)
   and tabulated VASP energies for the elements in their standard state.
   See the documentation for more details.

   Details for Au:
                                             VASP energy (Etot):     -297.89 kJ/mol
       Standard state energy of 1.00 atoms of Au  1.00 * -315.67:  -  -315.67
                                                                   ----------
                                        Energy of formation (Ef):       17.78 kJ/mol


Cell parameters:
 Parameter    Value    
---------- ------------
         a     8.833065
         b     8.833065
         c     8.833065
     alpha    89.999999
      beta    89.999999
     gamma    89.999999

    Volume    86.147815 Ang^3

        Density:    15.186 Mg/m^3

   The pressure given below is exerted by the system according to its volume.
   Positive pressure would cause expansion during full geometry optimization.
       Pressure:   -13.762 GPa
               =  -137.620 kbar

                      XX        YY        ZZ        XY        YZ        ZX
         Stress:    13.762    13.762    13.762     0.000     0.000     0.000 GPa
               =   137.620   137.620   137.620     0.000     0.000     0.000 kbar
   The stress tensor above is imposed on the system, i.e. negative values of diagonal components 
   would cause expansion of the corresponding lattice parameter upon full geometry optimization.
   The pressure and stress include only electronic terms, i.e. the vibrational,
   temperature and other terms are not included here.

Fractional Coordinates:
	Atom          Initial Coordinates             Final Coordinates
	-----      -------- -------- --------      -------- -------- --------
	Au           0.7500   0.7500   0.5000        0.7500   0.7500   0.5000
	Au           0.7500   0.7500   0.0000        0.7500   0.7500   0.0000
	Au           0.7500   0.0000   0.2500        0.7500   0.0000   0.2500
	Au           0.7500   0.2500   0.5000        0.7500   0.2500   0.5000
	Au           0.0000   0.7500   0.2500        0.0000   0.7500   0.2500
	Au           0.0000   0.0000   0.5000        0.0000   0.0000   0.5000
	Au           0.2500   0.7500   0.5000        0.2500   0.7500   0.5000
	Au           0.7500   0.0000   0.7500        0.7500   0.0000   0.7500
	Au           0.7500   0.2500   0.0000        0.7500   0.2500   0.0000
	Au           0.7500   0.5000   0.2500        0.7500   0.5000   0.2500
	Au           0.0000   0.7500   0.7500        0.0000   0.7500   0.7500
	Au           0.0000   0.0000   0.0000        0.0000   0.0000   0.0000
	Au           0.0000   0.2500   0.2500        0.0000   0.2500   0.2500
	Au           0.0000   0.5000   0.5000        0.0000   0.5000   0.5000
	Au           0.2500   0.7500   0.0000        0.2500   0.7500   0.0000
	Au           0.2500   0.0000   0.2500        0.2500   0.0000   0.2500
	Au           0.2500   0.2500   0.5000        0.2500   0.2500   0.5000
	Au           0.5000   0.7500   0.2500        0.5000   0.7500   0.2500
	Au           0.5000   0.0000   0.5000        0.5000   0.0000   0.5000
	Au           0.7500   0.5000   0.7500        0.7500   0.5000   0.7500
	Au           0.0000   0.2500   0.7500        0.0000   0.2500   0.7500
	Au           0.0000   0.5000   0.0000        0.0000   0.5000   0.0000
	Au           0.2500   0.0000   0.7500        0.2500   0.0000   0.7500
	Au           0.2500   0.2500   0.0000        0.2500   0.2500   0.0000
	Au           0.2500   0.5000   0.2500        0.2500   0.5000   0.2500
	Au           0.5000   0.7500   0.7500        0.5000   0.7500   0.7500
	Au           0.5000   0.0000   0.0000        0.5000   0.0000   0.0000
	Au           0.5000   0.2500   0.2500        0.5000   0.2500   0.2500
	Au           0.5000   0.5000   0.5000        0.5000   0.5000   0.5000
	Au           0.2500   0.5000   0.7500        0.2500   0.5000   0.7500
	Au           0.5000   0.2500   0.7500        0.5000   0.2500   0.7500
	Au           0.5000   0.5000   0.0000        0.5000   0.5000   0.0000

Results for supercell calculations:
------------------------------------------------------------------------
	        Supercell         Energy (eV)
	      -------------      -------------
	        undisplaced       -98.79855
	     displaced_Au__a      -98.79839
	     displaced_Au__b      -98.79839


Symmetry analysis of Gamma point phonon frequencies:
----------------------------------------------------
   Crystal  Point  Group: O_h   (m3m) 
   Supercell Point Group: O_h   (m3m) 
    Table of irreducible representations of point group:
 ------------------------------------------
    IR     1  5  7  9 11  6  8 10 12 13 16 17 18 21 23 14 15 19 20 22 24  2  3  4 25 38 39 43 44 46 48 29 30 31 32 33 34 35 36 26 27 28 37 40 41 42 45 47
 ------------------------------------------
 A1g(R)    1  1  1  1  1  1  1  1  1  1  1  1  1  1  1  1  1  1  1  1  1  1  1  1  1  1  1  1  1  1  1  1  1  1  1  1  1  1  1  1  1  1  1  1  1  1  1  1   x^2+y^2+z^2                         
 A2g       1  1  1  1  1  1  1  1  1 -1 -1 -1 -1 -1 -1 -1 -1 -1 -1 -1 -1  1  1  1  1 -1 -1 -1 -1 -1 -1  1  1  1  1  1  1  1  1  1  1  1 -1 -1 -1 -1 -1 -1                                       
 Eg(R)     2 -1 -1 -1 -1 -1 -1 -1 -1  0  0  0  0  0  0  0  0  0  0  0  0  2  2  2  2  0  0  0  0  0  0 -1 -1 -1 -1 -1 -1 -1 -1  2  2  2  0  0  0  0  0  0   (2z^2-x^2-y^2, x^2-y^2)             
 T1g       3  0  0  0  0  0  0  0  0 -1 -1 -1 -1 -1 -1  1  1  1  1  1  1 -1 -1 -1  3  1  1  1  1  1  1  0  0  0  0  0  0  0  0 -1 -1 -1 -1 -1 -1 -1 -1 -1                                       
 T2g(R)    3  0  0  0  0  0  0  0  0  1  1  1  1  1  1 -1 -1 -1 -1 -1 -1 -1 -1 -1  3 -1 -1 -1 -1 -1 -1  0  0  0  0  0  0  0  0 -1 -1 -1  1  1  1  1  1  1   (xy,xz,yz)                          
 A1u       1  1  1  1  1  1  1  1  1  1  1  1  1  1  1  1  1  1  1  1  1  1  1  1 -1 -1 -1 -1 -1 -1 -1 -1 -1 -1 -1 -1 -1 -1 -1 -1 -1 -1 -1 -1 -1 -1 -1 -1                                       
 A2u       1  1  1  1  1  1  1  1  1 -1 -1 -1 -1 -1 -1 -1 -1 -1 -1 -1 -1  1  1  1 -1  1  1  1  1  1  1 -1 -1 -1 -1 -1 -1 -1 -1 -1 -1 -1  1  1  1  1  1  1                                       
 Eu        2 -1 -1 -1 -1 -1 -1 -1 -1  0  0  0  0  0  0  0  0  0  0  0  0  2  2  2 -2  0  0  0  0  0  0  1  1  1  1  1  1  1  1 -2 -2 -2  0  0  0  0  0  0                                       
 T1u(I)    3  0  0  0  0  0  0  0  0 -1 -1 -1 -1 -1 -1  1  1  1  1  1  1 -1 -1 -1 -3 -1 -1 -1 -1 -1 -1  0  0  0  0  0  0  0  0  1  1  1  1  1  1  1  1  1   (x,y,z)                             
 T2u       3  0  0  0  0  0  0  0  0  1  1  1  1  1  1 -1 -1 -1 -1 -1 -1 -1 -1 -1 -3  1  1  1  1  1  1  0  0  0  0  0  0  0  0  1  1  1 -1 -1 -1 -1 -1 -1                                       
 ------------------------------------------
    Wave vector= 0.0000  0.0000  0.0000    no macro. electric field
 Multi. Omega   Irreducible Representations
  3    -0.012     T1u(I)                                                                                                     
Notation: (R)  Raman active mode
          (I)  Infrared active mode
          (RI) Raman and Infrared active mode

=========================================================
=========================================================
               !!!! WARNING MESSAGE !!!!
=========================================================
About 5.86 % of the phonon density of states is contributed by 
imaginary frequencies which cannot be taken into account for the 
thermodynamic functions. 
The thermodynamic functions exhibit an error of at least this magnitude!
=========================================================
=========================================================

Thermodynamic Properties
   for empirical formula Au

The following thermodynamic functions are obtained from the phonon
density of states within the harmonic approximation. The results are
meaningful only below the melting point, which lies well below 3000 K
for most materials.
Definitions:
      Cv            : vibrational heat capacity at constant volume
E_vib(T)=E(T)-E(0)  : the change in vibrational internal energy from 0 K, where
                        E(0) = E_elec + ZPE is the electronic energy of formation E_elec plus the zero point energy ZPE
      S(T)          : the vibrational entropy at temperature T
   -(A(T)-E(0))     : the change in the vibrational Helmholtz free energy from 0 K
      E(T)          : the electronic energy of formation plus the vibrational internal energy, so this term is
                        E_elec + ZPE + E_vib(T)
      A(T)          : the electronic plus vibrational Helmholtz free energy,
                        E(T) - T.S(T)
Note that the electronic energy, which is part of the enthalpy and free energies,
 is referenced to the elements in their standard state.

Electronic energy =    17.78 kJ/mol (referenced to elements in the standard state)
          PV term =  -178.49 kJ/mol
Zero-point energy =     0.53 kJ/mol

    T       Cv       E(T)-E(0)      S(T)   -(A(T)-E(0))     E(T)        A(T)
    K     J/K/mol      kJ/mol     J/K/mol     kJ/mol       kJ/mol      kJ/mol
  ----- ----------- ----------- ----------- ----------- ----------- -----------
     0      0.0000      0.0000      0.0000      0.0000     18.3058     18.3058
     1      0.0928      0.0000      0.0521      0.0000     18.3058     18.3058
     2      0.3349      0.0002      0.1830      0.0001     18.3060     18.3057
     3      0.7614      0.0008      0.3912      0.0004     18.3066     18.3054
     4      1.4665      0.0019      0.6999      0.0009     18.3077     18.3049
     5      2.4243      0.0038      1.1262      0.0018     18.3096     18.3040
    10      8.0515      0.0301      4.5475      0.0154     18.3359     18.2904
    15     12.4967      0.0821      8.7025      0.0485     18.3879     18.2574
    20     15.5920      0.1528     12.7500      0.1022     18.4586     18.2036
    30     19.1014      0.3285     19.8268      0.2663     18.6343     18.0395
    40     20.7821      0.5289     25.5794      0.4943     18.8347     17.8115
    50     21.6739      0.7416     30.3221      0.7745     19.0474     17.5313
    60     22.1937      0.9611     34.3236      1.0983     19.2669     17.2075
    70     22.5203      1.1848     37.7711      1.4591     19.4906     16.8467
    80     22.7379      1.4112     40.7934      1.8523     19.7170     16.4535
    90     22.8896      1.6394     43.4808      2.2739     19.9452     16.0319
   100     22.9995      1.8688     45.8985      2.7210     20.1746     15.5848
   125     23.1704      2.4462     51.0511      3.9352     20.7520     14.3706
   150     23.2643      3.0267     55.2846      5.2659     21.3325     13.0399
   175     23.3213      3.6091     58.8755      6.6940     21.9149     11.6118
   200     23.3585      4.1926     61.9922      8.2057     22.4984     10.1001
   225     23.3841      4.7769     64.7450      9.7906     23.0827      8.5152
   250     23.4024      5.3618     67.2098     11.4406     23.6676      6.8652
   273     23.4150      5.9002     69.2700     13.0104     24.2060      5.2954
   275     23.4160      5.9470     69.4409     13.1491     24.2528      5.1567
   298     23.4256      6.4857     71.3221     14.7682     24.7915      3.5376
   300     23.4263      6.5325     71.4788     14.9110     24.8383      3.3948
   350     23.4408      7.7042     75.0912     18.5775     26.0100     -0.2717
   400     23.4501      8.8765     78.2219     22.4121     27.1823     -4.1063
   450     23.4566     10.0492     80.9843     26.3935     28.3550     -8.0877
   500     23.4612     11.2221     83.4560     30.5056     29.5279    -12.1998
   550     23.4646     12.3953     85.6923     34.7352     30.7011    -16.4294
   600     23.4672     13.5686     87.7341     39.0715     31.8744    -20.7657
   650     23.4692     14.7420     89.6125     43.5058     33.0478    -25.2000
   700     23.4708     15.9155     91.3518     48.0304     34.2213    -29.7246
   750     23.4721     17.0890     92.9712     52.6389     35.3948    -34.3331
   800     23.4732     18.2626     94.4861     57.3257     36.5684    -39.0199
   850     23.4741     19.4363     95.9091     62.0860     37.7421    -43.7802
   900     23.4748     20.6100     97.2509     66.9153     38.9158    -48.6094
   950     23.4754     21.7838     98.5201     71.8098     40.0896    -53.5040
  1000     23.4759     22.9576     99.7243     76.7661     41.2634    -58.4603
  1050     23.4764     24.1314    100.8697     81.7812     42.4372    -63.4754
  1100     23.4768     25.3052    101.9619     86.8521     43.6110    -68.5463
  1150     23.4771     26.4790    103.0054     91.9765     44.7848    -73.6707
  1200     23.4774     27.6529    104.0047     97.1518     45.9587    -78.8460
  1250     23.4777     28.8268    104.9630    102.3762     47.1326    -84.0704
  1300     23.4780     30.0007    105.8838    107.6475     48.3065    -89.3417
  1350     23.4782     31.1745    106.7699    112.9640     49.4803    -94.6582
  1400     23.4784     32.3485    107.6237    118.3239     50.6543   -100.0181
  1450     23.4785     33.5224    108.4477    123.7257     51.8282   -105.4199
  1500     23.4787     34.6963    109.2436    129.1681     53.0021   -110.8623
  1550     23.4788     35.8702    110.0135    134.6496     54.1760   -116.3438
  1600     23.4789     37.0442    110.7589    140.1690     55.3500   -121.8632
  1650     23.4791     38.2181    111.4814    145.7251     56.5239   -127.4193
  1700     23.4792     39.3920    112.1823    151.3167     57.6978   -133.0109
  1750     23.4793     40.5660    112.8629    156.9428     58.8718   -138.6370
  1800     23.4793     41.7400    113.5244    162.6026     60.0458   -144.2968
  1850     23.4794     42.9139    114.1676    168.2949     61.2197   -149.9891
  1900     23.4795     44.0879    114.7938    174.0190     62.3937   -155.7132
  1950     23.4796     45.2619    115.4037    179.7740     63.5677   -161.4682
  2000     23.4796     46.4358    115.9982    185.5590     64.7416   -167.2532
  2100     23.4797     48.7838    117.1437    197.2165     67.0896   -178.9107
  2200     23.4798     51.1318    118.2360    208.9858     69.4376   -190.6800
  2300     23.4799     53.4797    119.2797    220.8619     71.7855   -202.5561
  2400     23.4800     55.8277    120.2791    232.8401     74.1335   -214.5343
  2500     23.4801     58.1757    121.2376    244.9162     76.4815   -226.6104
  2600     23.4801     60.5237    122.1585    257.0863     78.8295   -238.7805
  2700     23.4802     62.8717    123.0446    269.3466     81.1775   -251.0408
  2800     23.4802     65.2197    123.8985    281.6939     83.5255   -263.3881
  2900     23.4803     67.5677    124.7224    294.1251     85.8735   -275.8193
  3000     23.4803     69.9157    125.5185    306.6374     88.2215   -288.3316

Job completed on Tue 10 January 2017 at 10:20:32 æ±äº¬ (æ¨™æº–æ™‚) after 73 s (0:01:13)
