Startup is 'sourced'
Opening the database
Phonon calculation for Untitled_2

Phonon parameters
=================
The calculation explores the full Brillouin zone and accounts for an interaction range of about 10.0 Angstroem.
The asymmetric atoms are displaced by +/-0.02 Angstroem.

In a first step, need to run an optimization of atom positions for the supercell containing 108 atoms.
Then, need to run a total number of 2 single point energy calculations on supercells with displaced atoms containing 108 atoms.

      Supercell transformation matrix              Supercell lattice vectors
       3.00000    0.00000    0.00000            11.45566    0.00000    0.00000
       0.00000    3.00000    0.00000             0.00000   11.45566    0.00000
       0.00000    0.00000    3.00000             0.00000    0.00000   11.45566

     Supercell           Site        Displaced atom     Displacement (fractional units)
   ---------------    ----------     --------------     -------------------------------
  undisplaced           ----            ----             0.00000    0.00000    0.00000
  displaced_Cu__a       Cu              Cu               0.00175    0.00000    0.00000
  displaced_Cu__b       Cu              Cu              -0.00175    0.00000    0.00000

Invariance conditions are not enforced.
No approximation to LO/TO splitting
Properties: Phonon dispersion and form factors 
            Phonon density of states 
            Thermodynamic functions
==========================================


VASP parameters
===============
Since no magnetic moments are in the model, this is a non-magnetic calculation using 'normal' precision
and a default planewave cutoff energy of 273.214 eV.

The electronic iterations convergence is 1.00E-005 eV using the Normal (blocked Davidson) algorithm
and reciprocal space projection operators.

The requested k-spacing is 0.5 per Angstrom, which leads to a 2x2x2 mesh.
This corresponds to actual k-spacings of 0.274 x 0.274 x 0.274 per Angstrom.

Using first order Methfessel-Paxton smearing with a width of 0.2 eV.

Other non-default parameters:
	Wave functions is TRUE
==========================================

------------------------------------------------------------------------

Using GGA-PBE / PAW potentials:
	Cu

Results for initial structural minimization of the supercell without displacements:
--------------------------------------------------------------------------------------

There are 1 symmetry-unique k-points
The plane wave cutoff is 273.21 eV

   VASP energy:            -390.224260 eV for Cu108

   Initial VASP energy:    -390.224260 eV for Cu108
   Relaxation energy:        -0.000000 eV gained after 1 optimization steps.

Electronic contributions:
                          Empirical Formula          Cell
                                    Cu         (Cu)108
                          --------------- ---------------
              VASP Energy        -348.620      -37650.908 kJ/mol
      Energy of formation          10.107        1091.584
                  PV term        -141.073      -15235.932

   This is the electronic part of the formation energy with respect to the
   elements in their standard state. It is obtained from the total energy (above)
   and tabulated VASP energies for the elements in their standard state.
   See the documentation for more details.

   Details for Cu:
                                             VASP energy (Etot):     -348.62 kJ/mol
       Standard state energy of 1.00 atoms of Cu  1.00 * -358.73:  -  -358.73
                                                                   ----------
                                        Energy of formation (Ef):       10.11 kJ/mol


Cell parameters:
 Parameter    Value    
---------- ------------
         a    11.455663
         b    11.455663
         c    11.455663
     alpha    89.999999
      beta    89.999999
     gamma    89.999999

    Volume    55.679706 Ang^3

        Density:     7.581 Mg/m^3

   The pressure given below is exerted by the system according to its volume.
   Positive pressure would cause expansion during full geometry optimization.
       Pressure:   -16.829 GPa
               =  -168.290 kbar

                      XX        YY        ZZ        XY        YZ        ZX
         Stress:    16.829    16.829    16.829     0.000     0.000     0.000 GPa
               =   168.290   168.290   168.290     0.000     0.000     0.000 kbar
   The stress tensor above is imposed on the system, i.e. negative values of diagonal components 
   would cause expansion of the corresponding lattice parameter upon full geometry optimization.
   The pressure and stress include only electronic terms, i.e. the vibrational,
   temperature and other terms are not included here.

Fractional Coordinates:
	Atom          Initial Coordinates             Final Coordinates
	-----      -------- -------- --------      -------- -------- --------
	Cu           0.6667   0.6667   0.3333        0.6667   0.6667   0.3333
	Cu           0.6667   0.8333   0.5000        0.6667   0.8333   0.5000
	Cu           0.8333   0.6667   0.5000        0.8333   0.6667   0.5000
	Cu           0.6667   0.6667   0.0000        0.6667   0.6667   0.0000
	Cu           0.6667   0.8333   0.1667        0.6667   0.8333   0.1667
	Cu           0.6667   0.0000   0.3333        0.6667   0.0000   0.3333
	Cu           0.6667   0.1667   0.5000        0.6667   0.1667   0.5000
	Cu           0.8333   0.6667   0.1667        0.8333   0.6667   0.1667
	Cu           0.8333   0.8333   0.3333        0.8333   0.8333   0.3333
	Cu           0.8333   0.0000   0.5000        0.8333   0.0000   0.5000
	Cu           0.0000   0.6667   0.3333        0.0000   0.6667   0.3333
	Cu           0.0000   0.8333   0.5000        0.0000   0.8333   0.5000
	Cu           0.1667   0.6667   0.5000        0.1667   0.6667   0.5000
	Cu           0.6667   0.6667   0.6667        0.6667   0.6667   0.6667
	Cu           0.6667   0.8333   0.8333        0.6667   0.8333   0.8333
	Cu           0.6667   0.0000   0.0000        0.6667   0.0000   0.0000
	Cu           0.6667   0.1667   0.1667        0.6667   0.1667   0.1667
	Cu           0.6667   0.3333   0.3333        0.6667   0.3333   0.3333
	Cu           0.6667   0.5000   0.5000        0.6667   0.5000   0.5000
	Cu           0.8333   0.6667   0.8333        0.8333   0.6667   0.8333
	Cu           0.8333   0.8333   0.0000        0.8333   0.8333   0.0000
	Cu           0.8333   0.0000   0.1667        0.8333   0.0000   0.1667
	Cu           0.8333   0.1667   0.3333        0.8333   0.1667   0.3333
	Cu           0.8333   0.3333   0.5000        0.8333   0.3333   0.5000
	Cu           0.0000   0.6667   0.0000        0.0000   0.6667   0.0000
	Cu           0.0000   0.8333   0.1667        0.0000   0.8333   0.1667
	Cu           0.0000   0.0000   0.3333        0.0000   0.0000   0.3333
	Cu           0.0000   0.1667   0.5000        0.0000   0.1667   0.5000
	Cu           0.1667   0.6667   0.1667        0.1667   0.6667   0.1667
	Cu           0.1667   0.8333   0.3333        0.1667   0.8333   0.3333
	Cu           0.1667   0.0000   0.5000        0.1667   0.0000   0.5000
	Cu           0.3333   0.6667   0.3333        0.3333   0.6667   0.3333
	Cu           0.3333   0.8333   0.5000        0.3333   0.8333   0.5000
	Cu           0.5000   0.6667   0.5000        0.5000   0.6667   0.5000
	Cu           0.6667   0.0000   0.6667        0.6667   0.0000   0.6667
	Cu           0.6667   0.1667   0.8333        0.6667   0.1667   0.8333
	Cu           0.6667   0.3333   0.0000        0.6667   0.3333   0.0000
	Cu           0.6667   0.5000   0.1667        0.6667   0.5000   0.1667
	Cu           0.8333   0.8333   0.6667        0.8333   0.8333   0.6667
	Cu           0.8333   0.0000   0.8333        0.8333   0.0000   0.8333
	Cu           0.8333   0.1667   0.0000        0.8333   0.1667   0.0000
	Cu           0.8333   0.3333   0.1667        0.8333   0.3333   0.1667
	Cu           0.8333   0.5000   0.3333        0.8333   0.5000   0.3333
	Cu           0.0000   0.6667   0.6667        0.0000   0.6667   0.6667
	Cu           0.0000   0.8333   0.8333        0.0000   0.8333   0.8333
	Cu           0.0000   0.0000   0.0000        0.0000   0.0000   0.0000
	Cu           0.0000   0.1667   0.1667        0.0000   0.1667   0.1667
	Cu           0.0000   0.3333   0.3333        0.0000   0.3333   0.3333
	Cu           0.0000   0.5000   0.5000        0.0000   0.5000   0.5000
	Cu           0.1667   0.6667   0.8333        0.1667   0.6667   0.8333
	Cu           0.1667   0.8333   0.0000        0.1667   0.8333   0.0000
	Cu           0.1667   0.0000   0.1667        0.1667   0.0000   0.1667
	Cu           0.1667   0.1667   0.3333        0.1667   0.1667   0.3333
	Cu           0.1667   0.3333   0.5000        0.1667   0.3333   0.5000
	Cu           0.3333   0.6667   0.0000        0.3333   0.6667   0.0000
	Cu           0.3333   0.8333   0.1667        0.3333   0.8333   0.1667
	Cu           0.3333   0.0000   0.3333        0.3333   0.0000   0.3333
	Cu           0.3333   0.1667   0.5000        0.3333   0.1667   0.5000
	Cu           0.5000   0.6667   0.1667        0.5000   0.6667   0.1667
	Cu           0.5000   0.8333   0.3333        0.5000   0.8333   0.3333
	Cu           0.5000   0.0000   0.5000        0.5000   0.0000   0.5000
	Cu           0.6667   0.3333   0.6667        0.6667   0.3333   0.6667
	Cu           0.6667   0.5000   0.8333        0.6667   0.5000   0.8333
	Cu           0.8333   0.1667   0.6667        0.8333   0.1667   0.6667
	Cu           0.8333   0.3333   0.8333        0.8333   0.3333   0.8333
	Cu           0.8333   0.5000   0.0000        0.8333   0.5000   0.0000
	Cu           0.0000   0.0000   0.6667        0.0000   0.0000   0.6667
	Cu           0.0000   0.1667   0.8333        0.0000   0.1667   0.8333
	Cu           0.0000   0.3333   0.0000        0.0000   0.3333   0.0000
	Cu           0.0000   0.5000   0.1667        0.0000   0.5000   0.1667
	Cu           0.1667   0.8333   0.6667        0.1667   0.8333   0.6667
	Cu           0.1667   0.0000   0.8333        0.1667   0.0000   0.8333
	Cu           0.1667   0.1667   0.0000        0.1667   0.1667   0.0000
	Cu           0.1667   0.3333   0.1667        0.1667   0.3333   0.1667
	Cu           0.1667   0.5000   0.3333        0.1667   0.5000   0.3333
	Cu           0.3333   0.6667   0.6667        0.3333   0.6667   0.6667
	Cu           0.3333   0.8333   0.8333        0.3333   0.8333   0.8333
	Cu           0.3333   0.0000   0.0000        0.3333   0.0000   0.0000
	Cu           0.3333   0.1667   0.1667        0.3333   0.1667   0.1667
	Cu           0.3333   0.3333   0.3333        0.3333   0.3333   0.3333
	Cu           0.3333   0.5000   0.5000        0.3333   0.5000   0.5000
	Cu           0.5000   0.6667   0.8333        0.5000   0.6667   0.8333
	Cu           0.5000   0.8333   0.0000        0.5000   0.8333   0.0000
	Cu           0.5000   0.0000   0.1667        0.5000   0.0000   0.1667
	Cu           0.5000   0.1667   0.3333        0.5000   0.1667   0.3333
	Cu           0.5000   0.3333   0.5000        0.5000   0.3333   0.5000
	Cu           0.8333   0.5000   0.6667        0.8333   0.5000   0.6667
	Cu           0.0000   0.3333   0.6667        0.0000   0.3333   0.6667
	Cu           0.0000   0.5000   0.8333        0.0000   0.5000   0.8333
	Cu           0.1667   0.1667   0.6667        0.1667   0.1667   0.6667
	Cu           0.1667   0.3333   0.8333        0.1667   0.3333   0.8333
	Cu           0.1667   0.5000   0.0000        0.1667   0.5000   0.0000
	Cu           0.3333   0.0000   0.6667        0.3333   0.0000   0.6667
	Cu           0.3333   0.1667   0.8333        0.3333   0.1667   0.8333
	Cu           0.3333   0.3333   0.0000        0.3333   0.3333   0.0000
	Cu           0.3333   0.5000   0.1667        0.3333   0.5000   0.1667
	Cu           0.5000   0.8333   0.6667        0.5000   0.8333   0.6667
	Cu           0.5000   0.0000   0.8333        0.5000   0.0000   0.8333
	Cu           0.5000   0.1667   0.0000        0.5000   0.1667   0.0000
	Cu           0.5000   0.3333   0.1667        0.5000   0.3333   0.1667
	Cu           0.5000   0.5000   0.3333        0.5000   0.5000   0.3333
	Cu           0.1667   0.5000   0.6667        0.1667   0.5000   0.6667
	Cu           0.3333   0.3333   0.6667        0.3333   0.3333   0.6667
	Cu           0.3333   0.5000   0.8333        0.3333   0.5000   0.8333
	Cu           0.5000   0.1667   0.6667        0.5000   0.1667   0.6667
	Cu           0.5000   0.3333   0.8333        0.5000   0.3333   0.8333
	Cu           0.5000   0.5000   0.0000        0.5000   0.5000   0.0000
	Cu           0.5000   0.5000   0.6667        0.5000   0.5000   0.6667

Update the system according to supercell optimization

Results for supercell calculations:
------------------------------------------------------------------------
	        Supercell         Energy (eV)
	      -------------      -------------
	        undisplaced      -390.22426
	     displaced_Cu__a     -390.22369
	     displaced_Cu__b     -390.22369


Symmetry analysis of Gamma point phonon frequencies:
----------------------------------------------------
   Crystal  Point  Group: O_h   (m3m) 
   Supercell Point Group: O_h   (m3m) 
    Table of irreducible representations of point group:
 ------------------------------------------
    IR     1  5  7  9 11  6  8 10 12 13 16 17 18 21 23 14 15 19 20 22 24  2  3  4 25 38 39 43 44 46 48 29 30 31 32 33 34 35 36 26 27 28 37 40 41 42 45 47
 ------------------------------------------
 A1g(R)    1  1  1  1  1  1  1  1  1  1  1  1  1  1  1  1  1  1  1  1  1  1  1  1  1  1  1  1  1  1  1  1  1  1  1  1  1  1  1  1  1  1  1  1  1  1  1  1   x^2+y^2+z^2                         
 A2g       1  1  1  1  1  1  1  1  1 -1 -1 -1 -1 -1 -1 -1 -1 -1 -1 -1 -1  1  1  1  1 -1 -1 -1 -1 -1 -1  1  1  1  1  1  1  1  1  1  1  1 -1 -1 -1 -1 -1 -1                                       
 Eg(R)     2 -1 -1 -1 -1 -1 -1 -1 -1  0  0  0  0  0  0  0  0  0  0  0  0  2  2  2  2  0  0  0  0  0  0 -1 -1 -1 -1 -1 -1 -1 -1  2  2  2  0  0  0  0  0  0   (2z^2-x^2-y^2, x^2-y^2)             
 T1g       3  0  0  0  0  0  0  0  0 -1 -1 -1 -1 -1 -1  1  1  1  1  1  1 -1 -1 -1  3  1  1  1  1  1  1  0  0  0  0  0  0  0  0 -1 -1 -1 -1 -1 -1 -1 -1 -1                                       
 T2g(R)    3  0  0  0  0  0  0  0  0  1  1  1  1  1  1 -1 -1 -1 -1 -1 -1 -1 -1 -1  3 -1 -1 -1 -1 -1 -1  0  0  0  0  0  0  0  0 -1 -1 -1  1  1  1  1  1  1   (xy,xz,yz)                          
 A1u       1  1  1  1  1  1  1  1  1  1  1  1  1  1  1  1  1  1  1  1  1  1  1  1 -1 -1 -1 -1 -1 -1 -1 -1 -1 -1 -1 -1 -1 -1 -1 -1 -1 -1 -1 -1 -1 -1 -1 -1                                       
 A2u       1  1  1  1  1  1  1  1  1 -1 -1 -1 -1 -1 -1 -1 -1 -1 -1 -1 -1  1  1  1 -1  1  1  1  1  1  1 -1 -1 -1 -1 -1 -1 -1 -1 -1 -1 -1  1  1  1  1  1  1                                       
 Eu        2 -1 -1 -1 -1 -1 -1 -1 -1  0  0  0  0  0  0  0  0  0  0  0  0  2  2  2 -2  0  0  0  0  0  0  1  1  1  1  1  1  1  1 -2 -2 -2  0  0  0  0  0  0                                       
 T1u(I)    3  0  0  0  0  0  0  0  0 -1 -1 -1 -1 -1 -1  1  1  1  1  1  1 -1 -1 -1 -3 -1 -1 -1 -1 -1 -1  0  0  0  0  0  0  0  0  1  1  1  1  1  1  1  1  1   (x,y,z)                             
 T2u       3  0  0  0  0  0  0  0  0  1  1  1  1  1  1 -1 -1 -1 -1 -1 -1 -1 -1 -1 -3  1  1  1  1  1  1  0  0  0  0  0  0  0  0  1  1  1 -1 -1 -1 -1 -1 -1                                       
 ------------------------------------------
    Wave vector= 0.0000  0.0000  0.0000    no macro. electric field
 Multi. Omega   Irreducible Representations
  3     0.028     T1u(I)                                                                                                     
Notation: (R)  Raman active mode
          (I)  Infrared active mode
          (RI) Raman and Infrared active mode

Thermodynamic Properties
   for empirical formula Cu

The following thermodynamic functions are obtained from the phonon
density of states within the harmonic approximation. The results are
meaningful only below the melting point, which lies well below 3000 K
for most materials.
Definitions:
      Cv            : vibrational heat capacity at constant volume
E_vib(T)=E(T)-E(0)  : the change in vibrational internal energy from 0 K, where
                        E(0) = E_elec + ZPE is the electronic energy of formation E_elec plus the zero point energy ZPE
      S(T)          : the vibrational entropy at temperature T
   -(A(T)-E(0))     : the change in the vibrational Helmholtz free energy from 0 K
      E(T)          : the electronic energy of formation plus the vibrational internal energy, so this term is
                        E_elec + ZPE + E_vib(T)
      A(T)          : the electronic plus vibrational Helmholtz free energy,
                        E(T) - T.S(T)
Note that the electronic energy, which is part of the enthalpy and free energies,
 is referenced to the elements in their standard state.

Electronic energy =    10.11 kJ/mol (referenced to elements in the standard state)
          PV term =  -141.07 kJ/mol
Zero-point energy =     1.97 kJ/mol

    T       Cv       E(T)-E(0)      S(T)   -(A(T)-E(0))     E(T)        A(T)
    K     J/K/mol      kJ/mol     J/K/mol     kJ/mol       kJ/mol      kJ/mol
  ----- ----------- ----------- ----------- ----------- ----------- -----------
     0      0.0000      0.0000      0.0000      0.0000     12.0753     12.0753
     1      0.0000      0.0000      0.0000      0.0000     12.0753     12.0753
     2      0.0011      0.0000      0.0002      0.0000     12.0753     12.0753
     3      0.0051      0.0000      0.0013      0.0000     12.0753     12.0753
     4      0.0120      0.0000      0.0036      0.0000     12.0753     12.0753
     5      0.0217      0.0000      0.0073      0.0000     12.0753     12.0753
    10      0.1298      0.0004      0.0487      0.0001     12.0757     12.0752
    15      0.4753      0.0017      0.1539      0.0006     12.0770     12.0747
    20      1.3297      0.0060      0.3934      0.0019     12.0813     12.0734
    30      4.5410      0.0341      1.4886      0.0106     12.1094     12.0647
    40      8.3977      0.0988      3.3254      0.0342     12.1742     12.0411
    50     11.8048      0.2004      5.5779      0.0785     12.2757     11.9968
    60     14.4989      0.3325      7.9790      0.1462     12.4078     11.9291
    70     16.5539      0.4883     10.3757      0.2380     12.5636     11.8373
    80     18.1128      0.6620     12.6927      0.3535     12.7373     11.7219
    90     19.3037      0.8493     14.8979      0.4915     12.9246     11.5838
   100     20.2247      1.0471     16.9814      0.6510     13.1224     11.4243
   125     21.7640      1.5738     21.6759      1.1357     13.6491     10.9396
   150     22.6708      2.1301     25.7309      1.7295     14.2055     10.3459
   175     23.2439      2.7046     29.2717      2.4179     14.7799      9.6574
   200     23.6270      3.2908     32.4022      3.1896     15.3661      8.8857
   225     23.8949      3.8850     35.2014      4.0353     15.9603      8.0400
   250     24.0892      4.4849     37.7295      4.9474     16.5602      7.1279
   273     24.2242      5.0406     39.8557      5.8400     17.1159      6.2353
   275     24.2344      5.0890     40.0326      5.9199     17.1643      6.1554
   298     24.3378      5.6476     41.9834      6.8633     17.7230      5.2120
   300     24.3457      5.6963     42.1462      6.9475     17.7716      5.1278
   350     24.5022      6.9178     45.9118      9.1512     18.9931      2.9241
   400     24.6046      8.1456     49.1907     11.5305     20.2210      0.5448
   450     24.6752      9.3777     52.0931     14.0640     21.4530     -1.9887
   500     24.7258     10.6128     54.6956     16.7348     22.6881     -4.6595
   550     24.7634     11.8501     57.0541     19.5295     23.9254     -7.4542
   600     24.7920     13.0890     59.2101     22.4368     25.1643    -10.3615
   650     24.8143     14.3292     61.1954     25.4476     26.4045    -13.3723
   700     24.8320     15.5703     63.0350     28.5539     27.6456    -16.4786
   750     24.8463     16.8123     64.7487     31.7490     28.8876    -19.6736
   800     24.8581     18.0549     66.3527     35.0269     30.1302    -22.9516
   850     24.8678     19.2981     67.8600     38.3826     31.3734    -26.3073
   900     24.8759     20.5416     69.2816     41.8114     32.6170    -29.7361
   950     24.8828     21.7856     70.6268     45.3094     33.8609    -33.2341
  1000     24.8887     23.0299     71.9033     48.8729     35.1052    -36.7976
  1050     24.8938     24.2745     73.1177     52.4987     36.3498    -40.4234
  1100     24.8982     25.5193     74.2759     56.1837     37.5946    -44.1084
  1150     24.9020     26.7643     75.3827     59.9254     38.8396    -47.8500
  1200     24.9054     28.0094     76.4426     63.7211     40.0847    -51.6458
  1250     24.9084     29.2548     77.4594     67.5689     41.3301    -55.4935
  1300     24.9110     30.5003     78.4364     71.4664     42.5756    -59.3911
  1350     24.9134     31.7459     79.3766     75.4118     43.8212    -63.3365
  1400     24.9155     32.9916     80.2826     79.4034     45.0669    -67.3281
  1450     24.9174     34.2374     81.1570     83.4395     46.3127    -71.3642
  1500     24.9191     35.4833     82.0018     87.5186     47.5586    -75.4433
  1550     24.9206     36.7293     82.8189     91.6392     48.8046    -79.5639
  1600     24.9220     37.9753     83.6101     95.8000     50.0506    -83.7247
  1650     24.9233     39.2215     84.3770     99.9997     51.2968    -87.9244
  1700     24.9245     40.4676     85.1211    104.2373     52.5430    -92.1620
  1750     24.9255     41.7139     85.8436    108.5114     53.7892    -96.4361
  1800     24.9265     42.9602     86.5458    112.8212     55.0355   -100.7459
  1850     24.9274     44.2065     87.2287    117.1656     56.2818   -105.0903
  1900     24.9282     45.4529     87.8935    121.5437     57.5282   -109.4684
  1950     24.9290     46.6993     88.5411    125.9547     58.7746   -113.8794
  2000     24.9297     47.9458     89.1722    130.3975     60.0211   -118.3222
  2100     24.9310     50.4388     90.3886    139.3760     62.5141   -127.3007
  2200     24.9321     52.9320     91.5483    148.4732     65.0073   -136.3979
  2300     24.9330     55.4252     92.6567    157.6839     67.5005   -145.6085
  2400     24.9339     57.9185     93.7179    167.0028     69.9938   -154.9275
  2500     24.9346     60.4120     94.7357    176.4258     72.4873   -164.3505
  2600     24.9353     62.9054     95.7137    185.9486     74.9807   -173.8732
  2700     24.9359     65.3990     96.6547    195.5672     77.4743   -183.4919
  2800     24.9364     67.8926     97.5616    205.2782     79.9679   -193.2029
  2900     24.9369     70.3862     98.4367    215.0783     82.4615   -203.0030
  3000     24.9373     72.8799     99.2821    224.9645     84.9552   -212.8892

Job completed on Thu 01 September 2016 at 17:26:57 æ±äº¬ (æ¨™æº–æ™‚) after 2266 s (0:37:46)
