Startup is 'sourced'
Opening the database
Phonon calculation for Untitled

Phonon parameters
=================
The calculation explores the full Brillouin zone and accounts for an interaction range of about 10.0 Angstroem.
The asymmetric atoms are displaced by +/-0.02 Angstroem.

In a first step, need to run an optimization of atom positions for the supercell containing 32 atoms.
Then, need to run a total number of 2 single point energy calculations on supercells with displaced atoms containing 32 atoms.

      Supercell transformation matrix              Supercell lattice vectors
       2.00000    0.00000    0.00000             8.63983    0.00000    0.00000
       0.00000    2.00000    0.00000             0.00000    8.63983    0.00000
       0.00000    0.00000    2.00000             0.00000    0.00000    8.63983

     Supercell           Site        Displaced atom     Displacement (fractional units)
   ---------------    ----------     --------------     -------------------------------
  undisplaced           ----            ----             0.00000    0.00000    0.00000
  displaced_Al__a       Al              Al               0.00231    0.00000    0.00000
  displaced_Al__b       Al              Al              -0.00231    0.00000    0.00000

Invariance conditions are not enforced.
No approximation to LO/TO splitting
Properties: Phonon dispersion and form factors 
            Phonon density of states 
            Thermodynamic functions
==========================================


VASP parameters
===============
Since no magnetic moments are in the model, this is a non-magnetic calculation using 'accurate' precision
and a user-defined planewave cutoff energy of 600.000 eV.

The electronic iterations convergence is 1.00E-005 eV using the Normal (blocked Davidson) algorithm
and reciprocal space projection operators.

The requested k-spacing is 0.3 per Angstrom, which leads to a 9x9x9 mesh.
This corresponds to actual k-spacings of 0.280 x 0.280 x 0.280 per Angstrom.

Using first order Methfessel-Paxton smearing with a width of 0.2 eV.

Other non-default parameters:
	Extrafine augmentation grid for accurate forces is TRUE
	Wave functions is TRUE
==========================================

------------------------------------------------------------------------

Using GGA-PBE / PAW potentials:
	Al

Results for initial structural minimization of the supercell without displacements:
--------------------------------------------------------------------------------------

There are 4 symmetry-unique k-points
The plane wave cutoff is 600.00 eV

   VASP energy:            -116.229750 eV for Al32

   Initial VASP energy:    -116.229750 eV for Al32
   Relaxation energy:         0.000000 eV gained after 1 optimization steps.

Electronic contributions:
                          Empirical Formula          Cell
                                    Al          (Al)32
                          --------------- ---------------
              VASP Energy        -350.452      -11214.463 kJ/mol
      Energy of formation          10.528         336.891
                  PV term        -122.987       -3935.573

   This is the electronic part of the formation energy with respect to the
   elements in their standard state. It is obtained from the total energy (above)
   and tabulated VASP energies for the elements in their standard state.
   See the documentation for more details.

   Details for Al:
                                             VASP energy (Etot):     -350.45 kJ/mol
       Standard state energy of 1.00 atoms of Al  1.00 * -360.98:  -  -360.98
                                                                   ----------
                                        Energy of formation (Ef):       10.53 kJ/mol


Cell parameters:
 Parameter    Value    
---------- ------------
         a     8.639835
         b     8.639835
         c     8.639835
     alpha    89.999999
      beta    89.999999
     gamma    89.999999

    Volume    80.616945 Ang^3

        Density:     2.223 Mg/m^3

   The pressure given below is exerted by the system according to its volume.
   Positive pressure would cause expansion during full geometry optimization.
       Pressure:   -10.133 GPa
               =  -101.330 kbar

                      XX        YY        ZZ        XY        YZ        ZX
         Stress:    10.133    10.133    10.133     0.000     0.000     0.000 GPa
               =   101.330   101.330   101.330     0.000     0.000     0.000 kbar
   The stress tensor above is imposed on the system, i.e. negative values of diagonal components 
   would cause expansion of the corresponding lattice parameter upon full geometry optimization.
   The pressure and stress include only electronic terms, i.e. the vibrational,
   temperature and other terms are not included here.

Fractional Coordinates:
	Atom          Initial Coordinates             Final Coordinates
	-----      -------- -------- --------      -------- -------- --------
	Al           0.7500   0.7500   0.5000        0.7500   0.7500   0.5000
	Al           0.7500   0.7500   0.0000        0.7500   0.7500   0.0000
	Al           0.7500   0.0000   0.2500        0.7500   0.0000   0.2500
	Al           0.7500   0.2500   0.5000        0.7500   0.2500   0.5000
	Al           0.0000   0.7500   0.2500        0.0000   0.7500   0.2500
	Al           0.0000   0.0000   0.5000        0.0000   0.0000   0.5000
	Al           0.2500   0.7500   0.5000        0.2500   0.7500   0.5000
	Al           0.7500   0.0000   0.7500        0.7500   0.0000   0.7500
	Al           0.7500   0.2500   0.0000        0.7500   0.2500   0.0000
	Al           0.7500   0.5000   0.2500        0.7500   0.5000   0.2500
	Al           0.0000   0.7500   0.7500        0.0000   0.7500   0.7500
	Al           0.0000   0.0000   0.0000        0.0000   0.0000   0.0000
	Al           0.0000   0.2500   0.2500        0.0000   0.2500   0.2500
	Al           0.0000   0.5000   0.5000        0.0000   0.5000   0.5000
	Al           0.2500   0.7500   0.0000        0.2500   0.7500   0.0000
	Al           0.2500   0.0000   0.2500        0.2500   0.0000   0.2500
	Al           0.2500   0.2500   0.5000        0.2500   0.2500   0.5000
	Al           0.5000   0.7500   0.2500        0.5000   0.7500   0.2500
	Al           0.5000   0.0000   0.5000        0.5000   0.0000   0.5000
	Al           0.7500   0.5000   0.7500        0.7500   0.5000   0.7500
	Al           0.0000   0.2500   0.7500        0.0000   0.2500   0.7500
	Al           0.0000   0.5000   0.0000        0.0000   0.5000   0.0000
	Al           0.2500   0.0000   0.7500        0.2500   0.0000   0.7500
	Al           0.2500   0.2500   0.0000        0.2500   0.2500   0.0000
	Al           0.2500   0.5000   0.2500        0.2500   0.5000   0.2500
	Al           0.5000   0.7500   0.7500        0.5000   0.7500   0.7500
	Al           0.5000   0.0000   0.0000        0.5000   0.0000   0.0000
	Al           0.5000   0.2500   0.2500        0.5000   0.2500   0.2500
	Al           0.5000   0.5000   0.5000        0.5000   0.5000   0.5000
	Al           0.2500   0.5000   0.7500        0.2500   0.5000   0.7500
	Al           0.5000   0.2500   0.7500        0.5000   0.2500   0.7500
	Al           0.5000   0.5000   0.0000        0.5000   0.5000   0.0000

Results for supercell calculations:
------------------------------------------------------------------------
	        Supercell         Energy (eV)
	      -------------      -------------
	        undisplaced      -116.22975
	     displaced_Al__a     -116.22937
	     displaced_Al__b     -116.22937


Symmetry analysis of Gamma point phonon frequencies:
----------------------------------------------------
   Crystal  Point  Group: O_h   (m3m) 
   Supercell Point Group: O_h   (m3m) 
    Table of irreducible representations of point group:
 ------------------------------------------
    IR     1  5  7  9 11  6  8 10 12 13 16 17 18 21 23 14 15 19 20 22 24  2  3  4 25 38 39 43 44 46 48 29 30 31 32 33 34 35 36 26 27 28 37 40 41 42 45 47
 ------------------------------------------
 A1g(R)    1  1  1  1  1  1  1  1  1  1  1  1  1  1  1  1  1  1  1  1  1  1  1  1  1  1  1  1  1  1  1  1  1  1  1  1  1  1  1  1  1  1  1  1  1  1  1  1   x^2+y^2+z^2                         
 A2g       1  1  1  1  1  1  1  1  1 -1 -1 -1 -1 -1 -1 -1 -1 -1 -1 -1 -1  1  1  1  1 -1 -1 -1 -1 -1 -1  1  1  1  1  1  1  1  1  1  1  1 -1 -1 -1 -1 -1 -1                                       
 Eg(R)     2 -1 -1 -1 -1 -1 -1 -1 -1  0  0  0  0  0  0  0  0  0  0  0  0  2  2  2  2  0  0  0  0  0  0 -1 -1 -1 -1 -1 -1 -1 -1  2  2  2  0  0  0  0  0  0   (2z^2-x^2-y^2, x^2-y^2)             
 T1g       3  0  0  0  0  0  0  0  0 -1 -1 -1 -1 -1 -1  1  1  1  1  1  1 -1 -1 -1  3  1  1  1  1  1  1  0  0  0  0  0  0  0  0 -1 -1 -1 -1 -1 -1 -1 -1 -1                                       
 T2g(R)    3  0  0  0  0  0  0  0  0  1  1  1  1  1  1 -1 -1 -1 -1 -1 -1 -1 -1 -1  3 -1 -1 -1 -1 -1 -1  0  0  0  0  0  0  0  0 -1 -1 -1  1  1  1  1  1  1   (xy,xz,yz)                          
 A1u       1  1  1  1  1  1  1  1  1  1  1  1  1  1  1  1  1  1  1  1  1  1  1  1 -1 -1 -1 -1 -1 -1 -1 -1 -1 -1 -1 -1 -1 -1 -1 -1 -1 -1 -1 -1 -1 -1 -1 -1                                       
 A2u       1  1  1  1  1  1  1  1  1 -1 -1 -1 -1 -1 -1 -1 -1 -1 -1 -1 -1  1  1  1 -1  1  1  1  1  1  1 -1 -1 -1 -1 -1 -1 -1 -1 -1 -1 -1  1  1  1  1  1  1                                       
 Eu        2 -1 -1 -1 -1 -1 -1 -1 -1  0  0  0  0  0  0  0  0  0  0  0  0  2  2  2 -2  0  0  0  0  0  0  1  1  1  1  1  1  1  1 -2 -2 -2  0  0  0  0  0  0                                       
 T1u(I)    3  0  0  0  0  0  0  0  0 -1 -1 -1 -1 -1 -1  1  1  1  1  1  1 -1 -1 -1 -3 -1 -1 -1 -1 -1 -1  0  0  0  0  0  0  0  0  1  1  1  1  1  1  1  1  1   (x,y,z)                             
 T2u       3  0  0  0  0  0  0  0  0  1  1  1  1  1  1 -1 -1 -1 -1 -1 -1 -1 -1 -1 -3  1  1  1  1  1  1  0  0  0  0  0  0  0  0  1  1  1 -1 -1 -1 -1 -1 -1                                       
 ------------------------------------------
    Wave vector= 0.0000  0.0000  0.0000    no macro. electric field
 Multi. Omega   Irreducible Representations
  3     0.015     T1u(I)                                                                                                     
Notation: (R)  Raman active mode
          (I)  Infrared active mode
          (RI) Raman and Infrared active mode

=========================================================
=========================================================
               !!!! WARNING MESSAGE !!!!
=========================================================
About 0.03 % of the phonon density of states is contributed by 
imaginary frequencies which cannot be taken into account for the 
thermodynamic functions. 
The thermodynamic functions exhibit an error of at least this magnitude!
=========================================================
=========================================================

Thermodynamic Properties
   for empirical formula Al

The following thermodynamic functions are obtained from the phonon
density of states within the harmonic approximation. The results are
meaningful only below the melting point, which lies well below 3000 K
for most materials.
Definitions:
      Cv            : vibrational heat capacity at constant volume
E_vib(T)=E(T)-E(0)  : the change in vibrational internal energy from 0 K, where
                        E(0) = E_elec + ZPE is the electronic energy of formation E_elec plus the zero point energy ZPE
      S(T)          : the vibrational entropy at temperature T
   -(A(T)-E(0))     : the change in the vibrational Helmholtz free energy from 0 K
      E(T)          : the electronic energy of formation plus the vibrational internal energy, so this term is
                        E_elec + ZPE + E_vib(T)
      A(T)          : the electronic plus vibrational Helmholtz free energy,
                        E(T) - T.S(T)
Note that the electronic energy, which is part of the enthalpy and free energies,
 is referenced to the elements in their standard state.

Electronic energy =    10.53 kJ/mol (referenced to elements in the standard state)
          PV term =  -122.99 kJ/mol
Zero-point energy =     2.35 kJ/mol

    T       Cv       E(T)-E(0)      S(T)   -(A(T)-E(0))     E(T)        A(T)
    K     J/K/mol      kJ/mol     J/K/mol     kJ/mol       kJ/mol      kJ/mol
  ----- ----------- ----------- ----------- ----------- ----------- -----------
     0      0.0000      0.0000      0.0000      0.0000     12.8743     12.8743
     1      0.0026      0.0000      0.0007      0.0000     12.8743     12.8743
     2      0.0093      0.0000      0.0046      0.0000     12.8743     12.8743
     3      0.0182      0.0000      0.0099      0.0000     12.8743     12.8743
     4      0.0313      0.0000      0.0168      0.0000     12.8743     12.8743
     5      0.0484      0.0001      0.0256      0.0000     12.8744     12.8742
    10      0.1971      0.0006      0.0978      0.0003     12.8749     12.8739
    15      0.5527      0.0024      0.2348      0.0011     12.8767     12.8732
    20      1.2789      0.0068      0.4834      0.0029     12.8811     12.8714
    30      3.7667      0.0311      1.4362      0.0119     12.9054     12.8623
    40      6.8129      0.0839      2.9342      0.0334     12.9582     12.8409
    50      9.7271      0.1669      4.7734      0.0718     13.0412     12.8025
    60     12.2495      0.2772      6.7764      0.1294     13.1514     12.7449
    70     14.3373      0.4104      8.8269      0.2074     13.2847     12.6668
    80     16.0322      0.5626     10.8561      0.3059     13.4369     12.5684
    90     17.4000      0.7300     12.8262      0.4244     13.6043     12.4499
   100     18.5050      0.9097     14.7187      0.5622     13.7840     12.3121
   125     20.4529      1.3987     19.0753      0.9857     14.2730     11.8886
   150     21.6646      1.9263     22.9196      1.5116     14.8006     11.3627
   175     22.4568      2.4785     26.3228      2.1280     15.3527     10.7463
   200     22.9983      3.0471     29.3590      2.8247     15.9213     10.0496
   225     23.3829      3.6271     32.0912      3.5934     16.5014      9.2809
   250     23.6648      4.2153     34.5702      4.4271     17.0896      8.4471
   273     23.8623      4.7620     36.6619      5.2466     17.6363      7.6277
   275     23.8773      4.8097     36.8361      5.3201     17.6840      7.5542
   298     24.0295      5.3607     38.7602      6.1898     18.2350      6.6845
   300     24.0412      5.4088     38.9210      6.2674     18.2831      6.6068
   350     24.2732      6.6171     42.6457      8.3088     19.4914      4.5654
   400     24.4258      7.8348     45.8976     10.5241     20.7091      2.3502
   450     24.5315      9.0589     48.7810     12.8924     21.9331     -0.0181
   500     24.6075     10.2874     51.3698     15.3973     23.1617     -2.5230
   550     24.6641     11.5193     53.7179     18.0254     24.3936     -5.1511
   600     24.7072     12.7536     55.8659     20.7657     25.6279     -7.8914
   650     24.7409     13.9898     57.8449     23.6091     26.8641    -10.7348
   700     24.7677     15.2276     59.6794     26.5478     28.1018    -13.6735
   750     24.7893     16.4665     61.3890     29.5749     29.3408    -16.7007
   800     24.8070     17.7064     62.9894     32.6848     30.5807    -19.8105
   850     24.8218     18.9471     64.4938     35.8722     31.8214    -22.9979
   900     24.8341     20.1885     65.9129     39.1327     33.0628    -26.2584
   950     24.8446     21.4305     67.2559     42.4622     34.3048    -29.5879
  1000     24.8535     22.6729     68.5305     45.8571     35.5472    -32.9828
  1050     24.8612     23.9158     69.7433     49.3142     36.7901    -36.4399
  1100     24.8678     25.1590     70.9000     52.8305     38.0333    -39.9562
  1150     24.8737     26.4026     72.0055     56.4033     39.2768    -43.5290
  1200     24.8788     27.6464     73.0643     60.0302     40.5207    -47.1559
  1250     24.8833     28.8904     74.0800     63.7090     41.7647    -50.8347
  1300     24.8873     30.1347     75.0560     67.4375     43.0090    -54.5632
  1350     24.8909     31.3791     75.9953     71.2139     44.2534    -58.3396
  1400     24.8941     32.6237     76.9006     75.0364     45.4980    -62.1621
  1450     24.8969     33.8685     77.7742     78.9034     46.7428    -66.0291
  1500     24.8995     35.1134     78.6183     82.8133     47.9877    -69.9390
  1550     24.9019     36.3584     79.4348     86.7647     49.2327    -73.8904
  1600     24.9040     37.6036     80.2254     90.7563     50.4779    -77.8820
  1650     24.9059     38.8488     80.9918     94.7868     51.7231    -81.9125
  1700     24.9077     40.0942     81.7353     98.8550     52.9684    -85.9807
  1750     24.9093     41.3396     82.4573    102.9600     54.2139    -90.0857
  1800     24.9108     42.5851     83.1591    107.1004     55.4594    -94.2261
  1850     24.9121     43.8306     83.8416    111.2755     56.7049    -98.4012
  1900     24.9134     45.0763     84.5060    115.4842     57.9506   -102.6099
  1950     24.9146     46.3220     85.1532    119.7257     59.1962   -106.8515
  2000     24.9157     47.5677     85.7840    123.9992     60.4420   -111.1249
  2100     24.9176     50.0594     86.9996    132.6388     62.9336   -119.7645
  2200     24.9193     52.5512     88.1589    141.3971     65.4255   -128.5228
  2300     24.9207     55.0432     89.2666    150.2688     67.9175   -137.3945
  2400     24.9220     57.5353     90.3273    159.2487     70.4096   -146.3745
  2500     24.9231     60.0276     91.3446    168.3326     72.9018   -155.4584
  2600     24.9241     62.5199     92.3222    177.5162     75.3942   -164.6419
  2700     24.9250     65.0123     93.2629    186.7958     77.8866   -173.9215
  2800     24.9258     67.5049     94.1693    196.1676     80.3792   -183.2933
  2900     24.9265     69.9975     95.0440    205.6285     82.8718   -192.7542
  3000     24.9272     72.4901     95.8890    215.1752     85.3644   -202.3009

Job completed on Fri 06 January 2017 at 19:04:27 æ±äº¬ (æ¨™æº–æ™‚) after 778 s (0:12:58)
