Startup is 'sourced'
Opening the database
Phonon calculation for Untitled_1

Phonon parameters
=================
The calculation explores the full Brillouin zone and accounts for an interaction range of about 10.0 Angstroem.
The asymmetric atoms are displaced by +/-0.02 Angstroem.

In a first step, need to run an optimization of atom positions for the supercell containing 32 atoms.
Then, need to run a total number of 2 single point energy calculations on supercells with displaced atoms containing 32 atoms.

      Supercell transformation matrix              Supercell lattice vectors
       2.00000    0.00000    0.00000             8.75051    0.00000    0.00000
       0.00000    2.00000    0.00000             0.00000    8.75051    0.00000
       0.00000    0.00000    2.00000             0.00000    0.00000    8.75051

     Supercell           Site        Displaced atom     Displacement (fractional units)
   ---------------    ----------     --------------     -------------------------------
  undisplaced           ----            ----             0.00000    0.00000    0.00000
  displaced_Au__a       Au              Au               0.00229    0.00000    0.00000
  displaced_Au__b       Au              Au              -0.00229    0.00000    0.00000

Invariance conditions are not enforced.
No approximation to LO/TO splitting
Properties: Phonon dispersion and form factors 
            Phonon density of states 
            Thermodynamic functions
==========================================


VASP parameters
===============
Since no magnetic moments are in the model, this is a non-magnetic calculation using 'normal' precision
and a default planewave cutoff energy of 229.948 eV.

The electronic iterations convergence is 1.00E-005 eV using the Normal (blocked Davidson) algorithm
and reciprocal space projection operators.

The requested k-spacing is 0.5 per Angstrom, which leads to a 5x5x5 mesh.
This corresponds to actual k-spacings of 0.497 x 0.497 x 0.497 per Angstrom.

Using first order Methfessel-Paxton smearing with a width of 0.2 eV.

Other non-default parameters:
	Wave functions is TRUE
==========================================

------------------------------------------------------------------------

Using GGA-PBE / PAW potentials:
	Au

Results for initial structural minimization of the supercell without displacements:
--------------------------------------------------------------------------------------

There are 1 symmetry-unique k-points
The plane wave cutoff is 229.95 eV

   VASP energy:             -99.759662 eV for Au32

   Initial VASP energy:     -99.759662 eV for Au32
   Relaxation energy:         0.000000 eV gained after 1 optimization steps.

Electronic contributions:
                          Empirical Formula          Cell
                                    Au          (Au)32
                          --------------- ---------------
              VASP Energy        -300.792       -9625.342 kJ/mol
      Energy of formation          14.880         476.154
                  PV term        -178.426       -5709.628

   This is the electronic part of the formation energy with respect to the
   elements in their standard state. It is obtained from the total energy (above)
   and tabulated VASP energies for the elements in their standard state.
   See the documentation for more details.

   Details for Au:
                                             VASP energy (Etot):     -300.79 kJ/mol
       Standard state energy of 1.00 atoms of Au  1.00 * -315.67:  -  -315.67
                                                                   ----------
                                        Energy of formation (Ef):       14.88 kJ/mol


Cell parameters:
 Parameter    Value    
---------- ------------
         a     8.750513
         b     8.750513
         c     8.750513
     alpha    89.999999
      beta    89.999999
     gamma    89.999999

    Volume    83.754959 Ang^3

        Density:    15.620 Mg/m^3

   The pressure given below is exerted by the system according to its volume.
   Positive pressure would cause expansion during full geometry optimization.
       Pressure:   -14.150 GPa
               =  -141.500 kbar

                      XX        YY        ZZ        XY        YZ        ZX
         Stress:    14.150    14.150    14.150     0.000     0.000     0.000 GPa
               =   141.500   141.500   141.500     0.000     0.000     0.000 kbar
   The stress tensor above is imposed on the system, i.e. negative values of diagonal components 
   would cause expansion of the corresponding lattice parameter upon full geometry optimization.
   The pressure and stress include only electronic terms, i.e. the vibrational,
   temperature and other terms are not included here.

Fractional Coordinates:
	Atom          Initial Coordinates             Final Coordinates
	-----      -------- -------- --------      -------- -------- --------
	Au           0.7500   0.7500   0.5000        0.7500   0.7500   0.5000
	Au           0.7500   0.7500   0.0000        0.7500   0.7500   0.0000
	Au           0.7500   0.0000   0.2500        0.7500   0.0000   0.2500
	Au           0.7500   0.2500   0.5000        0.7500   0.2500   0.5000
	Au           0.0000   0.7500   0.2500        0.0000   0.7500   0.2500
	Au           0.0000   0.0000   0.5000        0.0000   0.0000   0.5000
	Au           0.2500   0.7500   0.5000        0.2500   0.7500   0.5000
	Au           0.7500   0.0000   0.7500        0.7500   0.0000   0.7500
	Au           0.7500   0.2500   0.0000        0.7500   0.2500   0.0000
	Au           0.7500   0.5000   0.2500        0.7500   0.5000   0.2500
	Au           0.0000   0.7500   0.7500        0.0000   0.7500   0.7500
	Au           0.0000   0.0000   0.0000        0.0000   0.0000   0.0000
	Au           0.0000   0.2500   0.2500        0.0000   0.2500   0.2500
	Au           0.0000   0.5000   0.5000        0.0000   0.5000   0.5000
	Au           0.2500   0.7500   0.0000        0.2500   0.7500   0.0000
	Au           0.2500   0.0000   0.2500        0.2500   0.0000   0.2500
	Au           0.2500   0.2500   0.5000        0.2500   0.2500   0.5000
	Au           0.5000   0.7500   0.2500        0.5000   0.7500   0.2500
	Au           0.5000   0.0000   0.5000        0.5000   0.0000   0.5000
	Au           0.7500   0.5000   0.7500        0.7500   0.5000   0.7500
	Au           0.0000   0.2500   0.7500        0.0000   0.2500   0.7500
	Au           0.0000   0.5000   0.0000        0.0000   0.5000   0.0000
	Au           0.2500   0.0000   0.7500        0.2500   0.0000   0.7500
	Au           0.2500   0.2500   0.0000        0.2500   0.2500   0.0000
	Au           0.2500   0.5000   0.2500        0.2500   0.5000   0.2500
	Au           0.5000   0.7500   0.7500        0.5000   0.7500   0.7500
	Au           0.5000   0.0000   0.0000        0.5000   0.0000   0.0000
	Au           0.5000   0.2500   0.2500        0.5000   0.2500   0.2500
	Au           0.5000   0.5000   0.5000        0.5000   0.5000   0.5000
	Au           0.2500   0.5000   0.7500        0.2500   0.5000   0.7500
	Au           0.5000   0.2500   0.7500        0.5000   0.2500   0.7500
	Au           0.5000   0.5000   0.0000        0.5000   0.5000   0.0000

Results for supercell calculations:
------------------------------------------------------------------------
	        Supercell         Energy (eV)
	      -------------      -------------
	        undisplaced       -99.75966
	     displaced_Au__a      -99.75942
	     displaced_Au__b      -99.75942


Symmetry analysis of Gamma point phonon frequencies:
----------------------------------------------------
   Crystal  Point  Group: O_h   (m3m) 
   Supercell Point Group: O_h   (m3m) 
    Table of irreducible representations of point group:
 ------------------------------------------
    IR     1  5  7  9 11  6  8 10 12 13 16 17 18 21 23 14 15 19 20 22 24  2  3  4 25 38 39 43 44 46 48 29 30 31 32 33 34 35 36 26 27 28 37 40 41 42 45 47
 ------------------------------------------
 A1g(R)    1  1  1  1  1  1  1  1  1  1  1  1  1  1  1  1  1  1  1  1  1  1  1  1  1  1  1  1  1  1  1  1  1  1  1  1  1  1  1  1  1  1  1  1  1  1  1  1   x^2+y^2+z^2                         
 A2g       1  1  1  1  1  1  1  1  1 -1 -1 -1 -1 -1 -1 -1 -1 -1 -1 -1 -1  1  1  1  1 -1 -1 -1 -1 -1 -1  1  1  1  1  1  1  1  1  1  1  1 -1 -1 -1 -1 -1 -1                                       
 Eg(R)     2 -1 -1 -1 -1 -1 -1 -1 -1  0  0  0  0  0  0  0  0  0  0  0  0  2  2  2  2  0  0  0  0  0  0 -1 -1 -1 -1 -1 -1 -1 -1  2  2  2  0  0  0  0  0  0   (2z^2-x^2-y^2, x^2-y^2)             
 T1g       3  0  0  0  0  0  0  0  0 -1 -1 -1 -1 -1 -1  1  1  1  1  1  1 -1 -1 -1  3  1  1  1  1  1  1  0  0  0  0  0  0  0  0 -1 -1 -1 -1 -1 -1 -1 -1 -1                                       
 T2g(R)    3  0  0  0  0  0  0  0  0  1  1  1  1  1  1 -1 -1 -1 -1 -1 -1 -1 -1 -1  3 -1 -1 -1 -1 -1 -1  0  0  0  0  0  0  0  0 -1 -1 -1  1  1  1  1  1  1   (xy,xz,yz)                          
 A1u       1  1  1  1  1  1  1  1  1  1  1  1  1  1  1  1  1  1  1  1  1  1  1  1 -1 -1 -1 -1 -1 -1 -1 -1 -1 -1 -1 -1 -1 -1 -1 -1 -1 -1 -1 -1 -1 -1 -1 -1                                       
 A2u       1  1  1  1  1  1  1  1  1 -1 -1 -1 -1 -1 -1 -1 -1 -1 -1 -1 -1  1  1  1 -1  1  1  1  1  1  1 -1 -1 -1 -1 -1 -1 -1 -1 -1 -1 -1  1  1  1  1  1  1                                       
 Eu        2 -1 -1 -1 -1 -1 -1 -1 -1  0  0  0  0  0  0  0  0  0  0  0  0  2  2  2 -2  0  0  0  0  0  0  1  1  1  1  1  1  1  1 -2 -2 -2  0  0  0  0  0  0                                       
 T1u(I)    3  0  0  0  0  0  0  0  0 -1 -1 -1 -1 -1 -1  1  1  1  1  1  1 -1 -1 -1 -3 -1 -1 -1 -1 -1 -1  0  0  0  0  0  0  0  0  1  1  1  1  1  1  1  1  1   (x,y,z)                             
 T2u       3  0  0  0  0  0  0  0  0  1  1  1  1  1  1 -1 -1 -1 -1 -1 -1 -1 -1 -1 -3  1  1  1  1  1  1  0  0  0  0  0  0  0  0  1  1  1 -1 -1 -1 -1 -1 -1                                       
 ------------------------------------------
    Wave vector= 0.0000  0.0000  0.0000    no macro. electric field
 Multi. Omega   Irreducible Representations
  3     0.011     T1u(I)                                                                                                     
Notation: (R)  Raman active mode
          (I)  Infrared active mode
          (RI) Raman and Infrared active mode

=========================================================
=========================================================
               !!!! WARNING MESSAGE !!!!
=========================================================
About 1.50 % of the phonon density of states is contributed by 
imaginary frequencies which cannot be taken into account for the 
thermodynamic functions. 
The thermodynamic functions exhibit an error of at least this magnitude!
=========================================================
=========================================================

Thermodynamic Properties
   for empirical formula Au

The following thermodynamic functions are obtained from the phonon
density of states within the harmonic approximation. The results are
meaningful only below the melting point, which lies well below 3000 K
for most materials.
Definitions:
      Cv            : vibrational heat capacity at constant volume
E_vib(T)=E(T)-E(0)  : the change in vibrational internal energy from 0 K, where
                        E(0) = E_elec + ZPE is the electronic energy of formation E_elec plus the zero point energy ZPE
      S(T)          : the vibrational entropy at temperature T
   -(A(T)-E(0))     : the change in the vibrational Helmholtz free energy from 0 K
      E(T)          : the electronic energy of formation plus the vibrational internal energy, so this term is
                        E_elec + ZPE + E_vib(T)
      A(T)          : the electronic plus vibrational Helmholtz free energy,
                        E(T) - T.S(T)
Note that the electronic energy, which is part of the enthalpy and free energies,
 is referenced to the elements in their standard state.

Electronic energy =    14.88 kJ/mol (referenced to elements in the standard state)
          PV term =  -178.43 kJ/mol
Zero-point energy =     0.66 kJ/mol

    T       Cv       E(T)-E(0)      S(T)   -(A(T)-E(0))     E(T)        A(T)
    K     J/K/mol      kJ/mol     J/K/mol     kJ/mol       kJ/mol      kJ/mol
  ----- ----------- ----------- ----------- ----------- ----------- -----------
     0      0.0000      0.0000      0.0000      0.0000     15.5439     15.5439
     1      0.0905      0.0000      0.0582      0.0000     15.5439     15.5438
     2      0.2906      0.0002      0.1756      0.0001     15.5441     15.5437
     3      0.5985      0.0007      0.3482      0.0004     15.5445     15.5435
     4      1.0227      0.0015      0.5752      0.0008     15.5453     15.5430
     5      1.6013      0.0028      0.8625      0.0016     15.5466     15.5423
    10      6.1766      0.0215      3.2804      0.0113     15.5654     15.5326
    15     10.7499      0.0642      6.6826      0.0360     15.6081     15.5079
    20     14.2321      0.1272     10.2781      0.0784     15.6710     15.4655
    30     18.5241      0.2933     16.9578      0.2154     15.8372     15.3285
    40     20.7412      0.4908     22.6238      0.4141     16.0347     15.1297
    50     21.9673      0.7049     27.3963      0.6649     16.2488     14.8790
    60     22.6991      0.9285     31.4714      0.9597     16.4724     14.5841
    70     23.1655      1.1580     35.0080      1.2925     16.7019     14.2513
    80     23.4791      1.3913     38.1231      1.6585     16.9352     13.8854
    90     23.6992      1.6273     40.9020      2.0539     17.1712     13.4900
   100     23.8594      1.8651     43.4076      2.4756     17.4090     13.0683
   125     24.1096      2.4651     48.7616      3.6301     18.0089     11.9138
   150     24.2479      3.0697     53.1706      4.9059     18.6136     10.6380
   175     24.3320      3.6770     56.9153      6.2831     19.2209      9.2608
   200     24.3870      4.2861     60.1682      7.7475     19.8299      7.7963
   225     24.4248      4.8962     63.0429      9.2883     20.4401      6.2555
   250     24.4519      5.5072     65.6178     10.8971     21.0511      4.6467
   273     24.4706      6.0698     67.7707     12.4315     21.6137      3.1124
   275     24.4721      6.1188     67.9493     12.5672     21.6626      2.9767
   298     24.4863      6.6818     69.9155     14.1529     22.2256      1.3909
   300     24.4874      6.7308     70.0793     14.2929     22.2746      1.2509
   350     24.5088      7.9557     73.8558     17.8937     23.4995     -2.3498
   400     24.5227      9.1815     77.1295     21.6701     24.7254     -6.1262
   450     24.5323     10.4079     80.0184     25.6002     25.9517    -10.0563
   500     24.5391     11.6347     82.6035     29.6668     27.1785    -14.1230
   550     24.5442     12.8617     84.9426     33.8564     28.4056    -18.3125
   600     24.5480     14.0890     87.0784     38.1577     29.6329    -22.6138
   650     24.5510     15.3165     89.0434     42.5613     30.8604    -27.0175
   700     24.5534     16.5441     90.8629     47.0595     32.0880    -31.5157
   750     24.5553     17.7718     92.5570     51.6455     33.3157    -36.1016
   800     24.5569     18.9996     94.1418     56.3133     34.5435    -40.7695
   850     24.5582     20.2275     95.6306     61.0580     35.7714    -45.5142
   900     24.5593     21.4554     97.0343     65.8749     36.9993    -50.3311
   950     24.5602     22.6834     98.3623     70.7601     38.2273    -55.2163
  1000     24.5610     23.9114     99.6220     75.7100     39.4553    -60.1661
  1050     24.5617     25.1395    100.8204     80.7212     40.6834    -65.1774
  1100     24.5623     26.3676    101.9630     85.7910     41.9115    -70.2472
  1150     24.5628     27.5957    103.0549     90.9166     43.1396    -75.3728
  1200     24.5632     28.8239    104.1003     96.0956     44.3677    -80.5518
  1250     24.5636     30.0520    105.1030    101.3258     45.5959    -85.7819
  1300     24.5640     31.2802    106.0664    106.6052     46.8241    -91.0613
  1350     24.5643     32.5084    106.9935    111.9319     48.0523    -96.3880
  1400     24.5646     33.7366    107.8868    117.3040     49.2805   -101.7601
  1450     24.5648     34.9649    108.7488    122.7200     50.5087   -107.1761
  1500     24.5651     36.1931    109.5816    128.1782     51.7370   -112.6344
  1550     24.5653     37.4213    110.3870    133.6775     52.9652   -118.1337
  1600     24.5655     38.6496    111.1670    139.2165     54.1935   -123.6726
  1650     24.5656     39.8779    111.9229    144.7938     55.4217   -129.2499
  1700     24.5658     41.1062    112.6563    150.4084     56.6500   -134.8645
  1750     24.5659     42.3344    113.3684    156.0590     57.8783   -140.5152
  1800     24.5661     43.5627    114.0605    161.7447     59.1066   -146.2009
  1850     24.5662     44.7910    114.7335    167.4647     60.3349   -151.9208
  1900     24.5663     46.0193    115.3886    173.2178     61.5632   -157.6739
  1950     24.5664     47.2476    116.0268    179.0031     62.7915   -163.4593
  2000     24.5665     48.4760    116.6488    184.8200     64.0198   -169.2762
  2100     24.5667     50.9326    117.8473    196.5452     66.4765   -181.0014
  2200     24.5668     53.3893    118.9902    208.3875     68.9331   -192.8437
  2300     24.5669     55.8459    120.0823    220.3415     71.3898   -204.7976
  2400     24.5670     58.3026    121.1278    232.4023     73.8465   -216.8584
  2500     24.5671     60.7593    122.1306    244.5655     76.3032   -229.0216
  2600     24.5672     63.2160    123.0942    256.8269     78.7599   -241.2831
  2700     24.5673     65.6727    124.0214    269.1829     81.2166   -253.6391
  2800     24.5674     68.1295    124.9148    281.6299     83.6733   -266.0861
  2900     24.5674     70.5862    125.7769    294.1647     86.1300   -278.6209
  3000     24.5675     73.0429    126.6098    306.7842     88.5868   -291.2404

Job completed on Thu 01 September 2016 at 15:36:54 æ±äº¬ (æ¨™æº–æ™‚) after 194 s (0:03:14)
