Startup is 'sourced'
Opening the database
Phonon calculation for Untitled

Phonon parameters
=================
The calculation explores the full Brillouin zone and accounts for an interaction range of about 10.0 Angstroem.
The asymmetric atoms are displaced by +/-0.02 Angstroem.

In a first step, need to run an optimization of atom positions for the supercell containing 32 atoms.
Then, need to run a total number of 2 single point energy calculations on supercells with displaced atoms containing 32 atoms.

      Supercell transformation matrix              Supercell lattice vectors
       2.00000    0.00000    0.00000             8.39760    0.00000    0.00000
       0.00000    2.00000    0.00000             0.00000    8.39760    0.00000
       0.00000    0.00000    2.00000             0.00000    0.00000    8.39760

     Supercell           Site        Displaced atom     Displacement (fractional units)
   ---------------    ----------     --------------     -------------------------------
  undisplaced           ----            ----             0.00000    0.00000    0.00000
  displaced_Al__a       Al              Al               0.00238    0.00000    0.00000
  displaced_Al__b       Al              Al              -0.00238    0.00000    0.00000

Invariance conditions are not enforced.
No approximation to LO/TO splitting
Properties: Phonon dispersion and form factors 
            Phonon density of states 
            Thermodynamic functions
==========================================


VASP parameters
===============
Since no magnetic moments are in the model, this is a non-magnetic calculation using 'accurate' precision
and a user-defined planewave cutoff energy of 600.000 eV.

The electronic iterations convergence is 1.00E-005 eV using the Normal (blocked Davidson) algorithm
and reciprocal space projection operators.

The requested k-spacing is 0.3 per Angstrom, which leads to a 9x9x9 mesh.
This corresponds to actual k-spacings of 0.288 x 0.288 x 0.288 per Angstrom.

Using first order Methfessel-Paxton smearing with a width of 0.2 eV.

Other non-default parameters:
	Extrafine augmentation grid for accurate forces is TRUE
	Wave functions is TRUE
==========================================

------------------------------------------------------------------------

Using GGA-PBE / PAW potentials:
	Al

Results for initial structural minimization of the supercell without displacements:
--------------------------------------------------------------------------------------

There are 4 symmetry-unique k-points
The plane wave cutoff is 600.00 eV

   VASP energy:            -119.081025 eV for Al32

   Initial VASP energy:    -119.081030 eV for Al32
   Relaxation energy:         0.000005 eV gained after 1 optimization steps.

Electronic contributions:
                          Empirical Formula          Cell
                                    Al          (Al)32
                          --------------- ---------------
              VASP Energy        -359.049      -11489.569 kJ/mol
      Energy of formation           1.931          61.784
                  PV term         -76.720       -2455.047

   This is the electronic part of the formation energy with respect to the
   elements in their standard state. It is obtained from the total energy (above)
   and tabulated VASP energies for the elements in their standard state.
   See the documentation for more details.

   Details for Al:
                                             VASP energy (Etot):     -359.05 kJ/mol
       Standard state energy of 1.00 atoms of Al  1.00 * -360.98:  -  -360.98
                                                                   ----------
                                        Energy of formation (Ef):        1.93 kJ/mol


Cell parameters:
 Parameter    Value    
---------- ------------
         a     8.397597
         b     8.397597
         c     8.397597
     alpha    89.999999
      beta    89.999999
     gamma    89.999999

    Volume    74.024422 Ang^3

        Density:     2.421 Mg/m^3

   The pressure given below is exerted by the system according to its volume.
   Positive pressure would cause expansion during full geometry optimization.
       Pressure:    -6.884 GPa
               =   -68.840 kbar

                      XX        YY        ZZ        XY        YZ        ZX
         Stress:     6.884     6.884     6.884     0.000     0.000     0.000 GPa
               =    68.840    68.840    68.840     0.000     0.000     0.000 kbar
   The stress tensor above is imposed on the system, i.e. negative values of diagonal components 
   would cause expansion of the corresponding lattice parameter upon full geometry optimization.
   The pressure and stress include only electronic terms, i.e. the vibrational,
   temperature and other terms are not included here.

Fractional Coordinates:
	Atom          Initial Coordinates             Final Coordinates
	-----      -------- -------- --------      -------- -------- --------
	Al           0.7500   0.7500   0.5000        0.7500   0.7500   0.5000
	Al           0.7500   0.7500   0.0000        0.7500   0.7500   0.0000
	Al           0.7500   0.0000   0.2500        0.7500   0.0000   0.2500
	Al           0.7500   0.2500   0.5000        0.7500   0.2500   0.5000
	Al           0.0000   0.7500   0.2500        0.0000   0.7500   0.2500
	Al           0.0000   0.0000   0.5000        0.0000   0.0000   0.5000
	Al           0.2500   0.7500   0.5000        0.2500   0.7500   0.5000
	Al           0.7500   0.0000   0.7500        0.7500   0.0000   0.7500
	Al           0.7500   0.2500   0.0000        0.7500   0.2500   0.0000
	Al           0.7500   0.5000   0.2500        0.7500   0.5000   0.2500
	Al           0.0000   0.7500   0.7500        0.0000   0.7500   0.7500
	Al           0.0000   0.0000   0.0000        0.0000   0.0000   0.0000
	Al           0.0000   0.2500   0.2500        0.0000   0.2500   0.2500
	Al           0.0000   0.5000   0.5000        0.0000   0.5000   0.5000
	Al           0.2500   0.7500   0.0000        0.2500   0.7500   0.0000
	Al           0.2500   0.0000   0.2500        0.2500   0.0000   0.2500
	Al           0.2500   0.2500   0.5000        0.2500   0.2500   0.5000
	Al           0.5000   0.7500   0.2500        0.5000   0.7500   0.2500
	Al           0.5000   0.0000   0.5000        0.5000   0.0000   0.5000
	Al           0.7500   0.5000   0.7500        0.7500   0.5000   0.7500
	Al           0.0000   0.2500   0.7500        0.0000   0.2500   0.7500
	Al           0.0000   0.5000   0.0000        0.0000   0.5000   0.0000
	Al           0.2500   0.0000   0.7500        0.2500   0.0000   0.7500
	Al           0.2500   0.2500   0.0000        0.2500   0.2500   0.0000
	Al           0.2500   0.5000   0.2500        0.2500   0.5000   0.2500
	Al           0.5000   0.7500   0.7500        0.5000   0.7500   0.7500
	Al           0.5000   0.0000   0.0000        0.5000   0.0000   0.0000
	Al           0.5000   0.2500   0.2500        0.5000   0.2500   0.2500
	Al           0.5000   0.5000   0.5000        0.5000   0.5000   0.5000
	Al           0.2500   0.5000   0.7500        0.2500   0.5000   0.7500
	Al           0.5000   0.2500   0.7500        0.5000   0.2500   0.7500
	Al           0.5000   0.5000   0.0000        0.5000   0.5000   0.0000

Results for supercell calculations:
------------------------------------------------------------------------
	        Supercell         Energy (eV)
	      -------------      -------------
	        undisplaced      -119.08103
	     displaced_Al__a     -119.08045
	     displaced_Al__b     -119.08045


Symmetry analysis of Gamma point phonon frequencies:
----------------------------------------------------
   Crystal  Point  Group: O_h   (m3m) 
   Supercell Point Group: O_h   (m3m) 
    Table of irreducible representations of point group:
 ------------------------------------------
    IR     1  5  7  9 11  6  8 10 12 13 16 17 18 21 23 14 15 19 20 22 24  2  3  4 25 38 39 43 44 46 48 29 30 31 32 33 34 35 36 26 27 28 37 40 41 42 45 47
 ------------------------------------------
 A1g(R)    1  1  1  1  1  1  1  1  1  1  1  1  1  1  1  1  1  1  1  1  1  1  1  1  1  1  1  1  1  1  1  1  1  1  1  1  1  1  1  1  1  1  1  1  1  1  1  1   x^2+y^2+z^2                         
 A2g       1  1  1  1  1  1  1  1  1 -1 -1 -1 -1 -1 -1 -1 -1 -1 -1 -1 -1  1  1  1  1 -1 -1 -1 -1 -1 -1  1  1  1  1  1  1  1  1  1  1  1 -1 -1 -1 -1 -1 -1                                       
 Eg(R)     2 -1 -1 -1 -1 -1 -1 -1 -1  0  0  0  0  0  0  0  0  0  0  0  0  2  2  2  2  0  0  0  0  0  0 -1 -1 -1 -1 -1 -1 -1 -1  2  2  2  0  0  0  0  0  0   (2z^2-x^2-y^2, x^2-y^2)             
 T1g       3  0  0  0  0  0  0  0  0 -1 -1 -1 -1 -1 -1  1  1  1  1  1  1 -1 -1 -1  3  1  1  1  1  1  1  0  0  0  0  0  0  0  0 -1 -1 -1 -1 -1 -1 -1 -1 -1                                       
 T2g(R)    3  0  0  0  0  0  0  0  0  1  1  1  1  1  1 -1 -1 -1 -1 -1 -1 -1 -1 -1  3 -1 -1 -1 -1 -1 -1  0  0  0  0  0  0  0  0 -1 -1 -1  1  1  1  1  1  1   (xy,xz,yz)                          
 A1u       1  1  1  1  1  1  1  1  1  1  1  1  1  1  1  1  1  1  1  1  1  1  1  1 -1 -1 -1 -1 -1 -1 -1 -1 -1 -1 -1 -1 -1 -1 -1 -1 -1 -1 -1 -1 -1 -1 -1 -1                                       
 A2u       1  1  1  1  1  1  1  1  1 -1 -1 -1 -1 -1 -1 -1 -1 -1 -1 -1 -1  1  1  1 -1  1  1  1  1  1  1 -1 -1 -1 -1 -1 -1 -1 -1 -1 -1 -1  1  1  1  1  1  1                                       
 Eu        2 -1 -1 -1 -1 -1 -1 -1 -1  0  0  0  0  0  0  0  0  0  0  0  0  2  2  2 -2  0  0  0  0  0  0  1  1  1  1  1  1  1  1 -2 -2 -2  0  0  0  0  0  0                                       
 T1u(I)    3  0  0  0  0  0  0  0  0 -1 -1 -1 -1 -1 -1  1  1  1  1  1  1 -1 -1 -1 -3 -1 -1 -1 -1 -1 -1  0  0  0  0  0  0  0  0  1  1  1  1  1  1  1  1  1   (x,y,z)                             
 T2u       3  0  0  0  0  0  0  0  0  1  1  1  1  1  1 -1 -1 -1 -1 -1 -1 -1 -1 -1 -3  1  1  1  1  1  1  0  0  0  0  0  0  0  0  1  1  1 -1 -1 -1 -1 -1 -1                                       
 ------------------------------------------
    Wave vector= 0.0000  0.0000  0.0000    no macro. electric field
 Multi. Omega   Irreducible Representations
  3    -0.021     T1u(I)                                                                                                     
Notation: (R)  Raman active mode
          (I)  Infrared active mode
          (RI) Raman and Infrared active mode

Thermodynamic Properties
   for empirical formula Al

The following thermodynamic functions are obtained from the phonon
density of states within the harmonic approximation. The results are
meaningful only below the melting point, which lies well below 3000 K
for most materials.
Definitions:
      Cv            : vibrational heat capacity at constant volume
E_vib(T)=E(T)-E(0)  : the change in vibrational internal energy from 0 K, where
                        E(0) = E_elec + ZPE is the electronic energy of formation E_elec plus the zero point energy ZPE
      S(T)          : the vibrational entropy at temperature T
   -(A(T)-E(0))     : the change in the vibrational Helmholtz free energy from 0 K
      E(T)          : the electronic energy of formation plus the vibrational internal energy, so this term is
                        E_elec + ZPE + E_vib(T)
      A(T)          : the electronic plus vibrational Helmholtz free energy,
                        E(T) - T.S(T)
Note that the electronic energy, which is part of the enthalpy and free energies,
 is referenced to the elements in their standard state.

Electronic energy =     1.93 kJ/mol (referenced to elements in the standard state)
          PV term =   -76.72 kJ/mol
Zero-point energy =     2.93 kJ/mol

    T       Cv       E(T)-E(0)      S(T)   -(A(T)-E(0))     E(T)        A(T)
    K     J/K/mol      kJ/mol     J/K/mol     kJ/mol       kJ/mol      kJ/mol
  ----- ----------- ----------- ----------- ----------- ----------- -----------
     0      0.0000      0.0000      0.0000      0.0000      4.8589      4.8589
     1      0.0000      0.0000      0.0000      0.0000      4.8589      4.8589
     2      0.0012      0.0000      0.0003      0.0000      4.8589      4.8589
     3      0.0045      0.0000      0.0013      0.0000      4.8589      4.8589
     4      0.0096      0.0000      0.0032      0.0000      4.8590      4.8589
     5      0.0167      0.0000      0.0061      0.0000      4.8590      4.8589
    10      0.0874      0.0003      0.0359      0.0001      4.8592      4.8588
    15      0.2456      0.0010      0.0971      0.0004      4.8600      4.8585
    20      0.5773      0.0030      0.2079      0.0012      4.8619      4.8578
    30      1.9898      0.0150      0.6752      0.0053      4.8739      4.8537
    40      4.1852      0.0454      1.5357      0.0160      4.9044      4.8430
    50      6.6587      0.0996      2.7341      0.0371      4.9585      4.8218
    60      9.0608      0.1784      4.1632      0.0714      5.0373      4.7875
    70     11.2274      0.2800      5.7262      0.1208      5.1390      4.7381
    80     13.1072      0.4019      7.3513      0.1862      5.2609      4.6728
    90     14.7055      0.5412      8.9901      0.2679      5.4002      4.5911
   100     16.0516      0.6952     10.6112      0.3659      5.5541      4.4930
   125     18.5482      1.1299     14.4813      0.6802      5.9889      4.1787
   150     20.1845      1.6155     18.0178      1.0872      6.4744      3.7718
   175     21.2902      2.1348     21.2175      1.5783      6.9937      3.2807
   200     22.0627      2.6772     24.1138      2.1455      7.5362      2.7134
   225     22.6198      3.2361     26.7463      2.7818      8.0951      2.0772
   250     23.0328      3.8070     29.1519      3.4809      8.6660      1.3780
   273     23.3243      4.3403     31.1922      4.1752      9.1992      0.6838
   275     23.3465      4.3869     31.3626      4.2377      9.2459      0.6212
   298     23.5725      4.9266     33.2471      4.9810      9.7855     -0.1220
   300     23.5899      4.9738     33.4048      5.0476      9.8327     -0.1887
   350     23.9369      6.1626     37.0692      6.8116     11.0215     -1.9527
   400     24.1666      7.3655     40.2815      8.7470     12.2244     -3.8881
   450     24.3263      8.5781     43.1377     10.8338     13.4370     -5.9749
   500     24.4416      9.7974     45.7070     13.0560     14.6563     -8.1970
   550     24.5275     11.0217     48.0408     15.4006     15.8806    -10.5416
   600     24.5932     12.2498     50.1779     17.8568     17.1087    -12.9978
   650     24.6445     13.4808     52.1485     20.4156     18.3397    -15.5566
   700     24.6853     14.7140     53.9764     23.0692     19.5730    -18.2103
   750     24.7184     15.9492     55.6807     25.8111     20.8081    -20.9522
   800     24.7455     17.1858     57.2769     28.6354     22.0447    -23.7765
   850     24.7679     18.4236     58.7778     31.5372     23.2826    -26.6782
   900     24.7868     19.6625     60.1940     34.5118     24.5214    -29.6528
   950     24.8028     20.9022     61.5346     37.5553     25.7612    -32.6963
  1000     24.8165     22.1427     62.8072     40.6641     27.0017    -35.8051
  1050     24.8282     23.3838     64.0183     43.8349     28.2428    -38.9760
  1100     24.8384     24.6255     65.1735     47.0649     29.4844    -42.2060
  1150     24.8474     25.8676     66.2778     50.3514     30.7266    -45.4924
  1200     24.8552     27.1102     67.3355     53.6919     31.9691    -48.8329
  1250     24.8621     28.3531     68.3503     57.0842     33.2121    -52.2252
  1300     24.8682     29.5964     69.3255     60.5262     34.4553    -55.6672
  1350     24.8737     30.8399     70.2641     64.0161     35.6989    -59.1571
  1400     24.8786     32.0837     71.1688     67.5520     36.9427    -62.6931
  1450     24.8830     33.3278     72.0419     71.1324     38.1867    -66.2734
  1500     24.8869     34.5720     72.8856     74.7557     39.4310    -69.8967
  1550     24.8905     35.8164     73.7017     78.4204     40.6754    -73.5615
  1600     24.8938     37.0610     74.4920     82.1253     41.9200    -77.2664
  1650     24.8968     38.3058     75.2580     85.8692     43.1647    -81.0102
  1700     24.8995     39.5507     76.0013     89.6507     44.4096    -84.7918
  1750     24.9020     40.7957     76.7231     93.4689     45.6547    -88.6099
  1800     24.9042     42.0409     77.4247     97.3227     46.8998    -92.4637
  1850     24.9063     43.2861     78.1070    101.2110     48.1451    -96.3521
  1900     24.9083     44.5315     78.7713    105.1330     49.3904   -100.2741
  1950     24.9100     45.7769     79.4183    109.0878     50.6359   -104.2288
  2000     24.9117     47.0225     80.0490    113.0745     51.8814   -108.2155
  2100     24.9147     49.5138     81.2645    121.1406     54.3727   -116.2817
  2200     24.9172     52.0054     82.4236    129.3254     56.8643   -124.4664
  2300     24.9195     54.4972     83.5312    137.6235     59.3561   -132.7646
  2400     24.9214     56.9892     84.5918    146.0300     61.8482   -141.1710
  2500     24.9232     59.4814     85.6092    154.5404     64.3404   -149.6814
  2600     24.9247     61.9738     86.5867    163.1504     66.8328   -158.2915
  2700     24.9261     64.4663     87.5274    171.8564     69.3253   -166.9975
  2800     24.9273     66.9590     88.4340    180.6546     71.8179   -175.7957
  2900     24.9284     69.4518     89.3088    189.5420     74.3107   -184.6830
  3000     24.9294     71.9447     90.1539    198.5153     76.8036   -193.6563

Job completed on Fri 06 January 2017 at 19:02:39 æ±äº¬ (æ¨™æº–æ™‚) after 780 s (0:13:00)
