Startup is 'sourced'
Opening the database
Phonon calculation for Untitled_1

Phonon parameters
=================
The calculation explores the full Brillouin zone and accounts for an interaction range of about 10.0 Angstroem.
The asymmetric atoms are displaced by +/-0.02 Angstroem.

In a first step, need to run an optimization of atom positions for the supercell containing 32 atoms.
Then, need to run a total number of 2 single point energy calculations on supercells with displaced atoms containing 32 atoms.

      Supercell transformation matrix              Supercell lattice vectors
       2.00000    0.00000    0.00000             8.75051    0.00000    0.00000
       0.00000    2.00000    0.00000             0.00000    8.75051    0.00000
       0.00000    0.00000    2.00000             0.00000    0.00000    8.75051

     Supercell           Site        Displaced atom     Displacement (fractional units)
   ---------------    ----------     --------------     -------------------------------
  undisplaced           ----            ----             0.00000    0.00000    0.00000
  displaced_Au__a       Au              Au               0.00229    0.00000    0.00000
  displaced_Au__b       Au              Au              -0.00229    0.00000    0.00000

Invariance conditions are not enforced.
No approximation to LO/TO splitting
Properties: Phonon dispersion and form factors 
            Phonon density of states 
            Thermodynamic functions
==========================================


VASP parameters
===============
Since no magnetic moments are in the model, this is a non-magnetic calculation using 'accurate' precision
and a user-defined planewave cutoff energy of 600.000 eV.

The electronic iterations convergence is 1.00E-005 eV using the Very Fast (RMM-DIIS) algorithm
and reciprocal space projection operators.

The requested k-spacing is 0.1 per Angstrom, which leads to a 25x25x25 mesh.
This corresponds to actual k-spacings of 0.099 x 0.099 x 0.099 per Angstrom.

Using first order Methfessel-Paxton smearing with a width of 0.2 eV.

Other non-default parameters:
	Extrafine augmentation grid for accurate forces is TRUE
	Algorithm is Very Fast (RMM-DIIS)
	Wave functions is TRUE
==========================================

------------------------------------------------------------------------

Results for initial structural minimization of the supercell without displacements:
--------------------------------------------------------------------------------------

There are 20 symmetry-unique k-points
The plane wave cutoff is 600.00 eV

   VASP energy:            -100.589677 eV for Au32

   Initial VASP energy:    -100.589680 eV for Au32
   Relaxation energy:         0.000003 eV gained after 1 optimization steps.

Electronic contributions:
                          Empirical Formula          Cell
                                    Au          (Au)32
                          --------------- ---------------
              VASP Energy        -303.295       -9705.426 kJ/mol
      Energy of formation          12.377         396.070
                  PV term        -158.604       -5075.314

   This is the electronic part of the formation energy with respect to the
   elements in their standard state. It is obtained from the total energy (above)
   and tabulated VASP energies for the elements in their standard state.
   See the documentation for more details.

   Details for Au:
                                             VASP energy (Etot):     -303.29 kJ/mol
       Standard state energy of 1.00 atoms of Au  1.00 * -315.67:  -  -315.67
                                                                   ----------
                                        Energy of formation (Ef):       12.38 kJ/mol


Cell parameters:
 Parameter    Value    
---------- ------------
         a     8.750513
         b     8.750513
         c     8.750513
     alpha    89.999999
      beta    89.999999
     gamma    89.999999

    Volume    83.754959 Ang^3

        Density:    15.620 Mg/m^3

   The pressure given below is exerted by the system according to its volume.
   Positive pressure would cause expansion during full geometry optimization.
       Pressure:   -12.578 GPa
               =  -125.780 kbar

                      XX        YY        ZZ        XY        YZ        ZX
         Stress:    12.578    12.578    12.578     0.000     0.000     0.000 GPa
               =   125.780   125.780   125.780     0.000     0.000     0.000 kbar
   The stress tensor above is imposed on the system, i.e. negative values of diagonal components 
   would cause expansion of the corresponding lattice parameter upon full geometry optimization.
   The pressure and stress include only electronic terms, i.e. the vibrational,
   temperature and other terms are not included here.

Fractional Coordinates:
	Atom          Initial Coordinates             Final Coordinates
	-----      -------- -------- --------      -------- -------- --------
	Au           0.7500   0.7500   0.5000        0.7500   0.7500   0.5000
	Au           0.7500   0.7500   0.0000        0.7500   0.7500   0.0000
	Au           0.7500   0.0000   0.2500        0.7500   0.0000   0.2500
	Au           0.7500   0.2500   0.5000        0.7500   0.2500   0.5000
	Au           0.0000   0.7500   0.2500        0.0000   0.7500   0.2500
	Au           0.0000   0.0000   0.5000        0.0000   0.0000   0.5000
	Au           0.2500   0.7500   0.5000        0.2500   0.7500   0.5000
	Au           0.7500   0.0000   0.7500        0.7500   0.0000   0.7500
	Au           0.7500   0.2500   0.0000        0.7500   0.2500   0.0000
	Au           0.7500   0.5000   0.2500        0.7500   0.5000   0.2500
	Au           0.0000   0.7500   0.7500        0.0000   0.7500   0.7500
	Au           0.0000   0.0000   0.0000        0.0000   0.0000   0.0000
	Au           0.0000   0.2500   0.2500        0.0000   0.2500   0.2500
	Au           0.0000   0.5000   0.5000        0.0000   0.5000   0.5000
	Au           0.2500   0.7500   0.0000        0.2500   0.7500   0.0000
	Au           0.2500   0.0000   0.2500        0.2500   0.0000   0.2500
	Au           0.2500   0.2500   0.5000        0.2500   0.2500   0.5000
	Au           0.5000   0.7500   0.2500        0.5000   0.7500   0.2500
	Au           0.5000   0.0000   0.5000        0.5000   0.0000   0.5000
	Au           0.7500   0.5000   0.7500        0.7500   0.5000   0.7500
	Au           0.0000   0.2500   0.7500        0.0000   0.2500   0.7500
	Au           0.0000   0.5000   0.0000        0.0000   0.5000   0.0000
	Au           0.2500   0.0000   0.7500        0.2500   0.0000   0.7500
	Au           0.2500   0.2500   0.0000        0.2500   0.2500   0.0000
	Au           0.2500   0.5000   0.2500        0.2500   0.5000   0.2500
	Au           0.5000   0.7500   0.7500        0.5000   0.7500   0.7500
	Au           0.5000   0.0000   0.0000        0.5000   0.0000   0.0000
	Au           0.5000   0.2500   0.2500        0.5000   0.2500   0.2500
	Au           0.5000   0.5000   0.5000        0.5000   0.5000   0.5000
	Au           0.2500   0.5000   0.7500        0.2500   0.5000   0.7500
	Au           0.5000   0.2500   0.7500        0.5000   0.2500   0.7500
	Au           0.5000   0.5000   0.0000        0.5000   0.5000   0.0000

Results for supercell calculations:
------------------------------------------------------------------------
	        Supercell         Energy (eV)
	      -------------      -------------
	        undisplaced      -100.58968
	     displaced_Au__a     -100.58939
	     displaced_Au__b     -100.58939


Symmetry analysis of Gamma point phonon frequencies:
----------------------------------------------------
   Crystal  Point  Group: O_h   (m3m) 
   Supercell Point Group: O_h   (m3m) 
    Table of irreducible representations of point group:
 ------------------------------------------
    IR     1  5  7  9 11  6  8 10 12 13 16 17 18 21 23 14 15 19 20 22 24  2  3  4 25 38 39 43 44 46 48 29 30 31 32 33 34 35 36 26 27 28 37 40 41 42 45 47
 ------------------------------------------
 A1g(R)    1  1  1  1  1  1  1  1  1  1  1  1  1  1  1  1  1  1  1  1  1  1  1  1  1  1  1  1  1  1  1  1  1  1  1  1  1  1  1  1  1  1  1  1  1  1  1  1   x^2+y^2+z^2                         
 A2g       1  1  1  1  1  1  1  1  1 -1 -1 -1 -1 -1 -1 -1 -1 -1 -1 -1 -1  1  1  1  1 -1 -1 -1 -1 -1 -1  1  1  1  1  1  1  1  1  1  1  1 -1 -1 -1 -1 -1 -1                                       
 Eg(R)     2 -1 -1 -1 -1 -1 -1 -1 -1  0  0  0  0  0  0  0  0  0  0  0  0  2  2  2  2  0  0  0  0  0  0 -1 -1 -1 -1 -1 -1 -1 -1  2  2  2  0  0  0  0  0  0   (2z^2-x^2-y^2, x^2-y^2)             
 T1g       3  0  0  0  0  0  0  0  0 -1 -1 -1 -1 -1 -1  1  1  1  1  1  1 -1 -1 -1  3  1  1  1  1  1  1  0  0  0  0  0  0  0  0 -1 -1 -1 -1 -1 -1 -1 -1 -1                                       
 T2g(R)    3  0  0  0  0  0  0  0  0  1  1  1  1  1  1 -1 -1 -1 -1 -1 -1 -1 -1 -1  3 -1 -1 -1 -1 -1 -1  0  0  0  0  0  0  0  0 -1 -1 -1  1  1  1  1  1  1   (xy,xz,yz)                          
 A1u       1  1  1  1  1  1  1  1  1  1  1  1  1  1  1  1  1  1  1  1  1  1  1  1 -1 -1 -1 -1 -1 -1 -1 -1 -1 -1 -1 -1 -1 -1 -1 -1 -1 -1 -1 -1 -1 -1 -1 -1                                       
 A2u       1  1  1  1  1  1  1  1  1 -1 -1 -1 -1 -1 -1 -1 -1 -1 -1 -1 -1  1  1  1 -1  1  1  1  1  1  1 -1 -1 -1 -1 -1 -1 -1 -1 -1 -1 -1  1  1  1  1  1  1                                       
 Eu        2 -1 -1 -1 -1 -1 -1 -1 -1  0  0  0  0  0  0  0  0  0  0  0  0  2  2  2 -2  0  0  0  0  0  0  1  1  1  1  1  1  1  1 -2 -2 -2  0  0  0  0  0  0                                       
 T1u(I)    3  0  0  0  0  0  0  0  0 -1 -1 -1 -1 -1 -1  1  1  1  1  1  1 -1 -1 -1 -3 -1 -1 -1 -1 -1 -1  0  0  0  0  0  0  0  0  1  1  1  1  1  1  1  1  1   (x,y,z)                             
 T2u       3  0  0  0  0  0  0  0  0  1  1  1  1  1  1 -1 -1 -1 -1 -1 -1 -1 -1 -1 -3  1  1  1  1  1  1  0  0  0  0  0  0  0  0  1  1  1 -1 -1 -1 -1 -1 -1                                       
 ------------------------------------------
    Wave vector= 0.0000  0.0000  0.0000    no macro. electric field
 Multi. Omega   Irreducible Representations
  3     0.008     T1u(I)                                                                                                     
Notation: (R)  Raman active mode
          (I)  Infrared active mode
          (RI) Raman and Infrared active mode

Thermodynamic Properties
   for empirical formula Au

The following thermodynamic functions are obtained from the phonon
density of states within the harmonic approximation. The results are
meaningful only below the melting point, which lies well below 3000 K
for most materials.
Definitions:
      Cv            : vibrational heat capacity at constant volume
E_vib(T)=E(T)-E(0)  : the change in vibrational internal energy from 0 K, where
                        E(0) = E_elec + ZPE is the electronic energy of formation E_elec plus the zero point energy ZPE
      S(T)          : the vibrational entropy at temperature T
   -(A(T)-E(0))     : the change in the vibrational Helmholtz free energy from 0 K
      E(T)          : the electronic energy of formation plus the vibrational internal energy, so this term is
                        E_elec + ZPE + E_vib(T)
      A(T)          : the electronic plus vibrational Helmholtz free energy,
                        E(T) - T.S(T)
Note that the electronic energy, which is part of the enthalpy and free energies,
 is referenced to the elements in their standard state.

Electronic energy =    12.38 kJ/mol (referenced to elements in the standard state)
          PV term =  -158.60 kJ/mol
Zero-point energy =     0.72 kJ/mol

    T       Cv       E(T)-E(0)      S(T)   -(A(T)-E(0))     E(T)        A(T)
    K     J/K/mol      kJ/mol     J/K/mol     kJ/mol       kJ/mol      kJ/mol
  ----- ----------- ----------- ----------- ----------- ----------- -----------
     0      0.0000      0.0000      0.0000      0.0000     13.0979     13.0979
     1      0.0648      0.0000      0.0478      0.0000     13.0979     13.0978
     2      0.1827      0.0001      0.1245      0.0001     13.0980     13.0978
     3      0.3868      0.0004      0.2338      0.0003     13.0983     13.0976
     4      0.7270      0.0010      0.3875      0.0006     13.0988     13.0973
     5      1.2625      0.0019      0.6034      0.0011     13.0998     13.0968
    10      5.8037      0.0190      2.7783      0.0088     13.1168     13.0890
    15     10.2534      0.0595      6.0055      0.0306     13.1574     13.0673
    20     13.7042      0.1198      9.4509      0.0692     13.2177     13.0286
    30     18.1668      0.2814     15.9437      0.1969     13.3793     12.9010
    40     20.5835      0.4764     21.5353      0.3850     13.5742     12.7128
    50     21.9540      0.6897     26.2891      0.6248     13.7875     12.4731
    60     22.7835      0.9137     30.3710      0.9086     14.0115     12.1893
    70     23.3166      1.1444     33.9259      1.2304     14.2422     11.8674
    80     23.6770      1.3794     37.0644      1.5857     14.4773     11.5122
    90     23.9310      1.6175     39.8687      1.9706     14.7154     11.1272
   100     24.1162      1.8578     42.4001      2.3822     14.9557     10.7157
   125     24.4064      2.4647     47.8162      3.5122     15.5626      9.5856
   150     24.5671      3.0771     52.2815      4.7651     16.1750      8.3328
   175     24.6651      3.6926     56.0765      6.1207     16.7904      6.9771
   200     24.7292      4.3101     59.3745      7.5648     17.4079      5.5331
   225     24.7733      4.9289     62.2899      9.0863     18.0267      4.0116
   250     24.8050      5.5486     64.9017     10.6767     18.6465      2.4211
   273     24.8268      6.1194     67.0858     12.1949     19.2172      0.9029
   275     24.8284      6.1690     67.2670     12.3293     19.2669      0.7686
   298     24.8451      6.7403     69.2620     13.8997     19.8382     -0.8018
   300     24.8463      6.7900     69.4282     14.0383     19.8878     -0.9405
   350     24.8713      8.0330     73.2603     17.6080     21.1308     -4.5101
   400     24.8876      9.2770     76.5825     21.3559     22.3748     -8.2580
   450     24.8987     10.5216     79.5146     25.2597     23.6195    -12.1618
   500     24.9067     11.7668     82.1383     29.3021     24.8646    -16.2043
   550     24.9127     13.0122     84.5125     33.4693     26.1101    -20.3715
   600     24.9172     14.2580     86.6804     37.7499     27.3559    -24.6520
   650     24.9207     15.5039     88.6749     42.1344     28.6018    -29.0366
   700     24.9234     16.7500     90.5218     46.6149     29.8479    -33.5170
   750     24.9257     17.9963     92.2415     51.1844     31.0941    -38.0866
   800     24.9275     19.2426     93.8502     55.8371     32.3404    -42.7393
   850     24.9290     20.4890     95.3615     60.5678     33.5868    -47.4699
   900     24.9303     21.7355     96.7864     65.3718     34.8333    -52.2739
   950     24.9314     22.9820     98.1344     70.2451     36.0799    -57.1472
  1000     24.9323     24.2286     99.4132     75.1840     37.3265    -62.0862
  1050     24.9331     25.4752    100.6297     80.1853     38.5731    -67.0874
  1100     24.9338     26.7219    101.7896     85.2460     39.8197    -72.1481
  1150     24.9344     27.9686    102.8980     90.3633     41.0664    -77.2655
  1200     24.9349     29.2153    103.9592     95.5349     42.3132    -82.4371
  1250     24.9354     30.4620    104.9770    100.7585     43.5599    -87.6606
  1300     24.9358     31.7088    105.9551    106.0319     44.8067    -92.9340
  1350     24.9362     32.9556    106.8962    111.3532     46.0535    -98.2554
  1400     24.9365     34.2024    107.8031    116.7209     47.3003   -103.6230
  1450     24.9368     35.4492    108.6781    122.1330     48.5471   -109.0351
  1500     24.9371     36.6961    109.5235    127.5881     49.7940   -114.4903
  1550     24.9373     37.9429    110.3412    133.0848     51.0408   -119.9870
  1600     24.9375     39.1898    111.1329    138.6217     52.2877   -125.5239
  1650     24.9377     40.4367    111.9003    144.1976     53.5345   -131.0997
  1700     24.9379     41.6836    112.6448    149.8113     54.7814   -136.7135
  1750     24.9381     42.9305    113.3676    155.4617     56.0283   -142.3638
  1800     24.9382     44.1774    114.0702    161.1477     57.2752   -148.0498
  1850     24.9384     45.4243    114.7535    166.8684     58.5221   -153.7705
  1900     24.9385     46.6712    115.4185    172.6227     59.7690   -159.5248
  1950     24.9386     47.9181    116.0663    178.4099     61.0160   -165.3120
  2000     24.9387     49.1650    116.6977    184.2289     62.2629   -171.1310
  2100     24.9389     51.6589    117.9145    195.9600     64.7568   -182.8621
  2200     24.9391     54.1528    119.0746    207.8098     67.2506   -194.7119
  2300     24.9392     56.6467    120.1832    219.7730     69.7445   -206.6751
  2400     24.9394     59.1406    121.2446    231.8447     72.2385   -218.7468
  2500     24.9395     61.6345    122.2627    244.0203     74.7324   -230.9225
  2600     24.9396     64.1285    123.2409    256.2958     77.2263   -243.1979
  2700     24.9397     66.6224    124.1821    268.6671     79.7203   -255.5693
  2800     24.9398     69.1164    125.0891    281.1309     82.2142   -268.0330
  2900     24.9398     71.6104    125.9643    293.6837     84.7082   -280.5859
  3000     24.9399     74.1043    126.8098    306.3226     87.2022   -293.2248

Job completed on Wed 25 January 2017 at 17:49:37 æ±äº¬ (æ¨™æº–æ™‚) after 2897 s (0:48:17)
