Startup is 'sourced'
Opening the database
Phonon calculation for Untitled_1

Phonon parameters
=================
The calculation explores the full Brillouin zone and accounts for an interaction range of about 10.0 Angstroem.
The asymmetric atoms are displaced by +/-0.02 Angstroem.

In a first step, need to run an optimization of atom positions for the supercell containing 32 atoms.
Then, need to run a total number of 2 single point energy calculations on supercells with displaced atoms containing 32 atoms.

      Supercell transformation matrix              Supercell lattice vectors
       2.00000    0.00000    0.00000             8.42030    0.00000    0.00000
       0.00000    2.00000    0.00000             0.00000    8.42030    0.00000
       0.00000    0.00000    2.00000             0.00000    0.00000    8.42030

     Supercell           Site        Displaced atom     Displacement (fractional units)
   ---------------    ----------     --------------     -------------------------------
  undisplaced           ----            ----             0.00000    0.00000    0.00000
  displaced_Au__a       Au              Au               0.00237    0.00000    0.00000
  displaced_Au__b       Au              Au              -0.00237    0.00000    0.00000

Invariance conditions are not enforced.
No approximation to LO/TO splitting
Properties: Phonon dispersion and form factors 
            Phonon density of states 
            Thermodynamic functions
==========================================


VASP parameters
===============
Since no magnetic moments are in the model, this is a non-magnetic calculation using 'accurate' precision
and a user-defined planewave cutoff energy of 600.000 eV.

The electronic iterations convergence is 1.00E-005 eV using the Very Fast (RMM-DIIS) algorithm
and reciprocal space projection operators.

The requested k-spacing is 0.1 per Angstrom, which leads to a 26x26x26 mesh.
This corresponds to actual k-spacings of 0.099 x 0.099 x 0.099 per Angstrom.

Using first order Methfessel-Paxton smearing with a width of 0.2 eV.

Other non-default parameters:
	Extrafine augmentation grid for accurate forces is TRUE
	Algorithm is Very Fast (RMM-DIIS)
	Wave functions is TRUE
==========================================

------------------------------------------------------------------------

Results for initial structural minimization of the supercell without displacements:
--------------------------------------------------------------------------------------

There are 20 symmetry-unique k-points
The plane wave cutoff is 600.00 eV

   VASP energy:            -104.533185 eV for Au32

   Initial VASP energy:    -104.533180 eV for Au32
   Relaxation energy:        -0.000005 eV gained after 1 optimization steps.

Electronic contributions:
                          Empirical Formula          Cell
                                    Au          (Au)32
                          --------------- ---------------
              VASP Energy        -315.185      -10085.917 kJ/mol
      Energy of formation           0.487          15.580
                  PV term         -37.514       -1200.463

   This is the electronic part of the formation energy with respect to the
   elements in their standard state. It is obtained from the total energy (above)
   and tabulated VASP energies for the elements in their standard state.
   See the documentation for more details.

   Details for Au:
                                             VASP energy (Etot):     -315.18 kJ/mol
       Standard state energy of 1.00 atoms of Au  1.00 * -315.67:  -  -315.67
                                                                   ----------
                                        Energy of formation (Ef):        0.49 kJ/mol


Cell parameters:
 Parameter    Value    
---------- ------------
         a     8.420305
         b     8.420305
         c     8.420305
     alpha    89.999999
      beta    89.999999
     gamma    89.999999

    Volume    74.626565 Ang^3

        Density:    17.531 Mg/m^3

   The pressure given below is exerted by the system according to its volume.
   Positive pressure would cause expansion during full geometry optimization.
       Pressure:    -3.339 GPa
               =   -33.390 kbar

                      XX        YY        ZZ        XY        YZ        ZX
         Stress:     3.339     3.339     3.339     0.000     0.000     0.000 GPa
               =    33.390    33.390    33.390     0.000     0.000     0.000 kbar
   The stress tensor above is imposed on the system, i.e. negative values of diagonal components 
   would cause expansion of the corresponding lattice parameter upon full geometry optimization.
   The pressure and stress include only electronic terms, i.e. the vibrational,
   temperature and other terms are not included here.

Fractional Coordinates:
	Atom          Initial Coordinates             Final Coordinates
	-----      -------- -------- --------      -------- -------- --------
	Au           0.7500   0.7500   0.5000        0.7500   0.7500   0.5000
	Au           0.7500   0.7500   0.0000        0.7500   0.7500   0.0000
	Au           0.7500   0.0000   0.2500        0.7500   0.0000   0.2500
	Au           0.7500   0.2500   0.5000        0.7500   0.2500   0.5000
	Au           0.0000   0.7500   0.2500        0.0000   0.7500   0.2500
	Au           0.0000   0.0000   0.5000        0.0000   0.0000   0.5000
	Au           0.2500   0.7500   0.5000        0.2500   0.7500   0.5000
	Au           0.7500   0.0000   0.7500        0.7500   0.0000   0.7500
	Au           0.7500   0.2500   0.0000        0.7500   0.2500   0.0000
	Au           0.7500   0.5000   0.2500        0.7500   0.5000   0.2500
	Au           0.0000   0.7500   0.7500        0.0000   0.7500   0.7500
	Au           0.0000   0.0000   0.0000        0.0000   0.0000   0.0000
	Au           0.0000   0.2500   0.2500        0.0000   0.2500   0.2500
	Au           0.0000   0.5000   0.5000        0.0000   0.5000   0.5000
	Au           0.2500   0.7500   0.0000        0.2500   0.7500   0.0000
	Au           0.2500   0.0000   0.2500        0.2500   0.0000   0.2500
	Au           0.2500   0.2500   0.5000        0.2500   0.2500   0.5000
	Au           0.5000   0.7500   0.2500        0.5000   0.7500   0.2500
	Au           0.5000   0.0000   0.5000        0.5000   0.0000   0.5000
	Au           0.7500   0.5000   0.7500        0.7500   0.5000   0.7500
	Au           0.0000   0.2500   0.7500        0.0000   0.2500   0.7500
	Au           0.0000   0.5000   0.0000        0.0000   0.5000   0.0000
	Au           0.2500   0.0000   0.7500        0.2500   0.0000   0.7500
	Au           0.2500   0.2500   0.0000        0.2500   0.2500   0.0000
	Au           0.2500   0.5000   0.2500        0.2500   0.5000   0.2500
	Au           0.5000   0.7500   0.7500        0.5000   0.7500   0.7500
	Au           0.5000   0.0000   0.0000        0.5000   0.0000   0.0000
	Au           0.5000   0.2500   0.2500        0.5000   0.2500   0.2500
	Au           0.5000   0.5000   0.5000        0.5000   0.5000   0.5000
	Au           0.2500   0.5000   0.7500        0.2500   0.5000   0.7500
	Au           0.5000   0.2500   0.7500        0.5000   0.2500   0.7500
	Au           0.5000   0.5000   0.0000        0.5000   0.5000   0.0000

Results for supercell calculations:
------------------------------------------------------------------------
	        Supercell         Energy (eV)
	      -------------      -------------
	        undisplaced      -104.53319
	     displaced_Au__a     -104.53231
	     displaced_Au__b     -104.53231


Symmetry analysis of Gamma point phonon frequencies:
----------------------------------------------------
   Crystal  Point  Group: O_h   (m3m) 
   Supercell Point Group: O_h   (m3m) 
    Table of irreducible representations of point group:
 ------------------------------------------
    IR     1  5  7  9 11  6  8 10 12 13 16 17 18 21 23 14 15 19 20 22 24  2  3  4 25 38 39 43 44 46 48 29 30 31 32 33 34 35 36 26 27 28 37 40 41 42 45 47
 ------------------------------------------
 A1g(R)    1  1  1  1  1  1  1  1  1  1  1  1  1  1  1  1  1  1  1  1  1  1  1  1  1  1  1  1  1  1  1  1  1  1  1  1  1  1  1  1  1  1  1  1  1  1  1  1   x^2+y^2+z^2                         
 A2g       1  1  1  1  1  1  1  1  1 -1 -1 -1 -1 -1 -1 -1 -1 -1 -1 -1 -1  1  1  1  1 -1 -1 -1 -1 -1 -1  1  1  1  1  1  1  1  1  1  1  1 -1 -1 -1 -1 -1 -1                                       
 Eg(R)     2 -1 -1 -1 -1 -1 -1 -1 -1  0  0  0  0  0  0  0  0  0  0  0  0  2  2  2  2  0  0  0  0  0  0 -1 -1 -1 -1 -1 -1 -1 -1  2  2  2  0  0  0  0  0  0   (2z^2-x^2-y^2, x^2-y^2)             
 T1g       3  0  0  0  0  0  0  0  0 -1 -1 -1 -1 -1 -1  1  1  1  1  1  1 -1 -1 -1  3  1  1  1  1  1  1  0  0  0  0  0  0  0  0 -1 -1 -1 -1 -1 -1 -1 -1 -1                                       
 T2g(R)    3  0  0  0  0  0  0  0  0  1  1  1  1  1  1 -1 -1 -1 -1 -1 -1 -1 -1 -1  3 -1 -1 -1 -1 -1 -1  0  0  0  0  0  0  0  0 -1 -1 -1  1  1  1  1  1  1   (xy,xz,yz)                          
 A1u       1  1  1  1  1  1  1  1  1  1  1  1  1  1  1  1  1  1  1  1  1  1  1  1 -1 -1 -1 -1 -1 -1 -1 -1 -1 -1 -1 -1 -1 -1 -1 -1 -1 -1 -1 -1 -1 -1 -1 -1                                       
 A2u       1  1  1  1  1  1  1  1  1 -1 -1 -1 -1 -1 -1 -1 -1 -1 -1 -1 -1  1  1  1 -1  1  1  1  1  1  1 -1 -1 -1 -1 -1 -1 -1 -1 -1 -1 -1  1  1  1  1  1  1                                       
 Eu        2 -1 -1 -1 -1 -1 -1 -1 -1  0  0  0  0  0  0  0  0  0  0  0  0  2  2  2 -2  0  0  0  0  0  0  1  1  1  1  1  1  1  1 -2 -2 -2  0  0  0  0  0  0                                       
 T1u(I)    3  0  0  0  0  0  0  0  0 -1 -1 -1 -1 -1 -1  1  1  1  1  1  1 -1 -1 -1 -3 -1 -1 -1 -1 -1 -1  0  0  0  0  0  0  0  0  1  1  1  1  1  1  1  1  1   (x,y,z)                             
 T2u       3  0  0  0  0  0  0  0  0  1  1  1  1  1  1 -1 -1 -1 -1 -1 -1 -1 -1 -1 -3  1  1  1  1  1  1  0  0  0  0  0  0  0  0  1  1  1 -1 -1 -1 -1 -1 -1                                       
 ------------------------------------------
    Wave vector= 0.0000  0.0000  0.0000    no macro. electric field
 Multi. Omega   Irreducible Representations
  3     0.014     T1u(I)                                                                                                     
Notation: (R)  Raman active mode
          (I)  Infrared active mode
          (RI) Raman and Infrared active mode

Thermodynamic Properties
   for empirical formula Au

The following thermodynamic functions are obtained from the phonon
density of states within the harmonic approximation. The results are
meaningful only below the melting point, which lies well below 3000 K
for most materials.
Definitions:
      Cv            : vibrational heat capacity at constant volume
E_vib(T)=E(T)-E(0)  : the change in vibrational internal energy from 0 K, where
                        E(0) = E_elec + ZPE is the electronic energy of formation E_elec plus the zero point energy ZPE
      S(T)          : the vibrational entropy at temperature T
   -(A(T)-E(0))     : the change in the vibrational Helmholtz free energy from 0 K
      E(T)          : the electronic energy of formation plus the vibrational internal energy, so this term is
                        E_elec + ZPE + E_vib(T)
      A(T)          : the electronic plus vibrational Helmholtz free energy,
                        E(T) - T.S(T)
Note that the electronic energy, which is part of the enthalpy and free energies,
 is referenced to the elements in their standard state.

Electronic energy =     0.49 kJ/mol (referenced to elements in the standard state)
          PV term =   -37.51 kJ/mol
Zero-point energy =     1.30 kJ/mol

    T       Cv       E(T)-E(0)      S(T)   -(A(T)-E(0))     E(T)        A(T)
    K     J/K/mol      kJ/mol     J/K/mol     kJ/mol       kJ/mol      kJ/mol
  ----- ----------- ----------- ----------- ----------- ----------- -----------
     0      0.0000      0.0000      0.0000      0.0000      1.7830      1.7830
     1      0.0015      0.0000      0.0003      0.0000      1.7830      1.7830
     2      0.0142      0.0000      0.0045      0.0000      1.7830      1.7830
     3      0.0391      0.0000      0.0145      0.0000      1.7831      1.7830
     4      0.0780      0.0001      0.0307      0.0000      1.7831      1.7830
     5      0.1360      0.0002      0.0539      0.0001      1.7832      1.7830
    10      1.0579      0.0026      0.3571      0.0009      1.7857      1.7821
    15      3.2362      0.0130      1.1654      0.0045      1.7960      1.7785
    20      5.9454      0.0359      2.4635      0.0134      1.8189      1.7696
    30     11.0122      0.1215      5.8677      0.0545      1.9046      1.7285
    40     14.8126      0.2517      9.5876      0.1318      2.0348      1.6513
    50     17.4494      0.4139     13.1947      0.2458      2.1969      1.5372
    60     19.2606      0.5980     16.5463      0.3948      2.3810      1.3882
    70     20.5241      0.7973     19.6159      0.5758      2.5803      1.2072
    80     21.4267      1.0073     22.4187      0.7862      2.7903      0.9968
    90     22.0879      1.2250     24.9825      1.0234      3.0080      0.7596
   100     22.5838      1.4485     27.3366      1.2852      3.2315      0.4979
   125     23.3851      2.0241     32.4711      2.0348      3.8071     -0.2517
   150     23.8421      2.6149     36.7786      2.9018      4.3980     -1.1188
   175     24.1256      3.2148     40.4768      3.8686      4.9978     -2.0856
   200     24.3128      3.8204     43.7114      4.9218      5.6034     -3.1388
   225     24.4427      4.4299     46.5829      6.0512      6.2130     -4.2681
   250     24.5363      5.0422     49.1633      7.2485      6.8253     -5.4655
   273     24.6012      5.6073     51.3257      8.4045      7.3904     -6.6215
   275     24.6061      5.6565     51.5053      8.5073      7.4396     -6.7243
   298     24.6555      6.2231     53.4838      9.7150      8.0061     -7.9320
   300     24.6593      6.2724     53.6487      9.8221      8.0554     -8.0391
   350     24.7340      7.5074     57.4560     12.6021      9.2904    -10.8191
   400     24.7827      8.7453     60.7622     15.5594     10.5284    -13.7763
   450     24.8162      9.9854     63.6832     18.6719     11.7684    -16.8889
   500     24.8402     11.2268     66.2991     21.9226     13.0098    -20.1395
   550     24.8580     12.4693     68.6676     25.2977     14.2523    -23.5146
   600     24.8715     13.7125     70.8311     28.7859     15.4955    -27.0028
   650     24.8821     14.9564     72.8223     32.3778     16.7394    -30.5948
   700     24.8905     16.2007     74.6666     36.0656     17.9837    -34.2826
   750     24.8972     17.4454     76.3841     39.8423     19.2284    -38.0593
   800     24.9028     18.6904     77.9911     43.7021     20.4734    -41.9191
   850     24.9074     19.9356     79.5010     47.6398     21.7186    -45.8568
   900     24.9112     21.1811     80.9247     51.6507     22.9641    -49.8677
   950     24.9145     22.4267     82.2717     55.7309     24.2097    -53.9479
  1000     24.9172     23.6725     83.5497     59.8767     25.4555    -58.0937
  1050     24.9196     24.9184     84.7655     64.0848     26.7014    -62.3018
  1100     24.9217     26.1644     85.9248     68.3523     27.9475    -66.5692
  1150     24.9235     27.4106     87.0327     72.6764     29.1936    -70.8934
  1200     24.9251     28.6568     88.0934     77.0547     30.4398    -75.2717
  1250     24.9265     29.9031     89.1109     81.4850     31.6861    -79.7019
  1300     24.9278     31.1494     90.0887     85.9651     32.9324    -84.1820
  1350     24.9289     32.3958     91.0294     90.4931     34.1788    -88.7101
  1400     24.9299     33.6423     91.9361     95.0674     35.4253    -93.2844
  1450     24.9308     34.8888     92.8109     99.6862     36.6718    -97.9032
  1500     24.9316     36.1353     93.6561    104.3479     37.9184   -102.5649
  1550     24.9323     37.3819     94.4736    109.0513     39.1650   -107.2682
  1600     24.9329     38.6285     95.2652    113.7948     40.4116   -112.0117
  1650     24.9336     39.8752     96.0324    118.5773     41.6582   -116.7943
  1700     24.9341     41.1219     96.7768    123.3977     42.9049   -121.6146
  1750     24.9346     42.3686     97.4995    128.2545     44.1516   -126.4715
  1800     24.9351     43.6153     98.2020    133.1472     45.3984   -131.3642
  1850     24.9355     44.8621     98.8852    138.0744     46.6451   -136.2914
  1900     24.9359     46.1089     99.5502    143.0353     47.8919   -141.2523
  1950     24.9362     47.3557    100.1979    148.0291     49.1387   -146.2461
  2000     24.9366     48.6025    100.8293    153.0547     50.3855   -151.2717
  2100     24.9372     51.0961    102.0459    163.1990     52.8792   -161.4160
  2200     24.9377     53.5899    103.2060    173.4619     55.3729   -171.6789
  2300     24.9381     56.0837    104.3145    183.8384     57.8667   -182.0553
  2400     24.9385     58.5775    105.3759    194.3231     60.3605   -192.5401
  2500     24.9389     61.0713    106.3940    204.9119     62.8544   -203.1289
  2600     24.9392     63.5652    107.3721    215.6005     65.3483   -213.8174
  2700     24.9395     66.0591    108.3133    226.3850     67.8422   -224.6020
  2800     24.9397     68.5531    109.2203    237.2619     70.3361   -235.4789
  2900     24.9400     71.0471    110.0954    248.2278     72.8301   -246.4448
  3000     24.9402     73.5411    110.9409    259.2797     75.3241   -257.4967

Job completed on Tue 24 January 2017 at 16:21:57 æ±äº¬ (æ¨™æº–æ™‚) after 9705 s (2:41:45)
