       N       E                     dE             d eps       ncg     rms          rms(c)
RMM:   1     0.446228593616E+04    0.44623E+04   -0.16044E+05  4240   0.166E+03
RMM:   2     0.948928189714E+03   -0.35134E+04   -0.37798E+04  4240   0.423E+02
RMM:   3     0.219420432995E+03   -0.72951E+03   -0.78782E+03  4240   0.157E+02
RMM:   4     0.649331426993E+01   -0.21293E+03   -0.16526E+03  4240   0.916E+01
RMM:   5    -0.709496773055E+02   -0.77443E+02   -0.53783E+02  4240   0.562E+01
RMM:   6    -0.964832992150E+02   -0.25534E+02   -0.19918E+02  4240   0.337E+01
RMM:   7    -0.106749765647E+03   -0.10266E+02   -0.82191E+01  4240   0.211E+01
RMM:   8    -0.110164807971E+03   -0.34150E+01   -0.30912E+01  4240   0.130E+01
RMM:   9    -0.112099210569E+03   -0.19344E+01   -0.18150E+01  8905   0.773E+00
RMM:  10    -0.112315685517E+03   -0.21647E+00   -0.21686E+00  9691   0.139E+00
RMM:  11    -0.112323325045E+03   -0.76395E-02   -0.60929E-02  9020   0.466E-01
RMM:  12    -0.112324592957E+03   -0.12679E-02   -0.11927E-02  8804   0.663E-02    0.160E+01
RMM:  13    -0.105005213657E+03    0.73194E+01   -0.20661E+01  8480   0.142E+01    0.434E+00
RMM:  14    -0.104611246923E+03    0.39397E+00   -0.23068E+00  8482   0.348E+00    0.174E+00
RMM:  15    -0.104533741949E+03    0.77505E-01   -0.99746E-02  8485   0.114E+00    0.269E-01
RMM:  16    -0.104533383830E+03    0.35812E-03   -0.17134E-02  8541   0.299E-01    0.104E-01
RMM:  17    -0.104533228871E+03    0.15496E-03   -0.58955E-04  8626   0.494E-02    0.455E-02
RMM:  18    -0.104533188120E+03    0.40751E-04   -0.26101E-04  8481   0.504E-02    0.207E-03
RMM:  19    -0.104533184767E+03    0.33522E-05   -0.55525E-06  4798   0.357E-03
   1 F= -.10453318E+03 E0= -.10453600E+03  d E =-.104533E+03
