Startup is 'sourced'
Opening the database
Phonon calculation for Untitled_1

Phonon parameters
=================
The calculation explores the full Brillouin zone and accounts for an interaction range of about 10.0 Angstroem.
The asymmetric atoms are displaced by +/-0.02 Angstroem.

In a first step, need to run an optimization of atom positions for the supercell containing 32 atoms.
Then, need to run a total number of 2 single point energy calculations on supercells with displaced atoms containing 32 atoms.

      Supercell transformation matrix              Supercell lattice vectors
       2.00000    0.00000    0.00000             8.50286    0.00000    0.00000
       0.00000    2.00000    0.00000             0.00000    8.50286    0.00000
       0.00000    0.00000    2.00000             0.00000    0.00000    8.50286

     Supercell           Site        Displaced atom     Displacement (fractional units)
   ---------------    ----------     --------------     -------------------------------
  undisplaced           ----            ----             0.00000    0.00000    0.00000
  displaced_Au__a       Au              Au               0.00235    0.00000    0.00000
  displaced_Au__b       Au              Au              -0.00235    0.00000    0.00000

Invariance conditions are not enforced.
No approximation to LO/TO splitting
Properties: Phonon dispersion and form factors 
            Phonon density of states 
            Thermodynamic functions
==========================================


VASP parameters
===============
Since no magnetic moments are in the model, this is a non-magnetic calculation using 'accurate' precision
and a user-defined planewave cutoff energy of 600.000 eV.

The electronic iterations convergence is 1.00E-005 eV using the Normal (blocked Davidson) algorithm
and reciprocal space projection operators.

The requested k-spacing is 0.3 per Angstrom, which leads to a 9x9x9 mesh.
This corresponds to actual k-spacings of 0.284 x 0.284 x 0.284 per Angstrom.

Using first order Methfessel-Paxton smearing with a width of 0.2 eV.

Other non-default parameters:
	Extrafine augmentation grid for accurate forces is TRUE
	Wave functions is TRUE
==========================================

------------------------------------------------------------------------

Results for initial structural minimization of the supercell without displacements:
--------------------------------------------------------------------------------------

There are 4 symmetry-unique k-points
The plane wave cutoff is 600.00 eV

   VASP energy:            -103.830217 eV for Au32

   Initial VASP energy:    -103.830220 eV for Au32
   Relaxation energy:         0.000003 eV gained after 1 optimization steps.

Electronic contributions:
                          Empirical Formula          Cell
                                    Au          (Au)32
                          --------------- ---------------
              VASP Energy        -313.065      -10018.091 kJ/mol
      Energy of formation           2.606          83.406
                  PV term         -75.869       -2427.803

   This is the electronic part of the formation energy with respect to the
   elements in their standard state. It is obtained from the total energy (above)
   and tabulated VASP energies for the elements in their standard state.
   See the documentation for more details.

   Details for Au:
                                             VASP energy (Etot):     -313.07 kJ/mol
       Standard state energy of 1.00 atoms of Au  1.00 * -315.67:  -  -315.67
                                                                   ----------
                                        Energy of formation (Ef):        2.61 kJ/mol


Cell parameters:
 Parameter    Value    
---------- ------------
         a     8.502857
         b     8.502857
         c     8.502857
     alpha    89.999999
      beta    89.999999
     gamma    89.999999

    Volume    76.843052 Ang^3

        Density:    17.025 Mg/m^3

   The pressure given below is exerted by the system according to its volume.
   Positive pressure would cause expansion during full geometry optimization.
       Pressure:    -6.558 GPa
               =   -65.580 kbar

                      XX        YY        ZZ        XY        YZ        ZX
         Stress:     6.558     6.558     6.558     0.000     0.000     0.000 GPa
               =    65.580    65.580    65.580     0.000     0.000     0.000 kbar
   The stress tensor above is imposed on the system, i.e. negative values of diagonal components 
   would cause expansion of the corresponding lattice parameter upon full geometry optimization.
   The pressure and stress include only electronic terms, i.e. the vibrational,
   temperature and other terms are not included here.

Fractional Coordinates:
	Atom          Initial Coordinates             Final Coordinates
	-----      -------- -------- --------      -------- -------- --------
	Au           0.7500   0.7500   0.5000        0.7500   0.7500   0.5000
	Au           0.7500   0.7500   0.0000        0.7500   0.7500   0.0000
	Au           0.7500   0.0000   0.2500        0.7500   0.0000   0.2500
	Au           0.7500   0.2500   0.5000        0.7500   0.2500   0.5000
	Au           0.0000   0.7500   0.2500        0.0000   0.7500   0.2500
	Au           0.0000   0.0000   0.5000        0.0000   0.0000   0.5000
	Au           0.2500   0.7500   0.5000        0.2500   0.7500   0.5000
	Au           0.7500   0.0000   0.7500        0.7500   0.0000   0.7500
	Au           0.7500   0.2500   0.0000        0.7500   0.2500   0.0000
	Au           0.7500   0.5000   0.2500        0.7500   0.5000   0.2500
	Au           0.0000   0.7500   0.7500        0.0000   0.7500   0.7500
	Au           0.0000   0.0000   0.0000        0.0000   0.0000   0.0000
	Au           0.0000   0.2500   0.2500        0.0000   0.2500   0.2500
	Au           0.0000   0.5000   0.5000        0.0000   0.5000   0.5000
	Au           0.2500   0.7500   0.0000        0.2500   0.7500   0.0000
	Au           0.2500   0.0000   0.2500        0.2500   0.0000   0.2500
	Au           0.2500   0.2500   0.5000        0.2500   0.2500   0.5000
	Au           0.5000   0.7500   0.2500        0.5000   0.7500   0.2500
	Au           0.5000   0.0000   0.5000        0.5000   0.0000   0.5000
	Au           0.7500   0.5000   0.7500        0.7500   0.5000   0.7500
	Au           0.0000   0.2500   0.7500        0.0000   0.2500   0.7500
	Au           0.0000   0.5000   0.0000        0.0000   0.5000   0.0000
	Au           0.2500   0.0000   0.7500        0.2500   0.0000   0.7500
	Au           0.2500   0.2500   0.0000        0.2500   0.2500   0.0000
	Au           0.2500   0.5000   0.2500        0.2500   0.5000   0.2500
	Au           0.5000   0.7500   0.7500        0.5000   0.7500   0.7500
	Au           0.5000   0.0000   0.0000        0.5000   0.0000   0.0000
	Au           0.5000   0.2500   0.2500        0.5000   0.2500   0.2500
	Au           0.5000   0.5000   0.5000        0.5000   0.5000   0.5000
	Au           0.2500   0.5000   0.7500        0.2500   0.5000   0.7500
	Au           0.5000   0.2500   0.7500        0.5000   0.2500   0.7500
	Au           0.5000   0.5000   0.0000        0.5000   0.5000   0.0000

Results for supercell calculations:
------------------------------------------------------------------------
	        Supercell         Energy (eV)
	      -------------      -------------
	        undisplaced      -103.83022
	     displaced_Au__a     -103.82950
	     displaced_Au__b     -103.82950


Symmetry analysis of Gamma point phonon frequencies:
----------------------------------------------------
   Crystal  Point  Group: O_h   (m3m) 
   Supercell Point Group: O_h   (m3m) 
    Table of irreducible representations of point group:
 ------------------------------------------
    IR     1  5  7  9 11  6  8 10 12 13 16 17 18 21 23 14 15 19 20 22 24  2  3  4 25 38 39 43 44 46 48 29 30 31 32 33 34 35 36 26 27 28 37 40 41 42 45 47
 ------------------------------------------
 A1g(R)    1  1  1  1  1  1  1  1  1  1  1  1  1  1  1  1  1  1  1  1  1  1  1  1  1  1  1  1  1  1  1  1  1  1  1  1  1  1  1  1  1  1  1  1  1  1  1  1   x^2+y^2+z^2                         
 A2g       1  1  1  1  1  1  1  1  1 -1 -1 -1 -1 -1 -1 -1 -1 -1 -1 -1 -1  1  1  1  1 -1 -1 -1 -1 -1 -1  1  1  1  1  1  1  1  1  1  1  1 -1 -1 -1 -1 -1 -1                                       
 Eg(R)     2 -1 -1 -1 -1 -1 -1 -1 -1  0  0  0  0  0  0  0  0  0  0  0  0  2  2  2  2  0  0  0  0  0  0 -1 -1 -1 -1 -1 -1 -1 -1  2  2  2  0  0  0  0  0  0   (2z^2-x^2-y^2, x^2-y^2)             
 T1g       3  0  0  0  0  0  0  0  0 -1 -1 -1 -1 -1 -1  1  1  1  1  1  1 -1 -1 -1  3  1  1  1  1  1  1  0  0  0  0  0  0  0  0 -1 -1 -1 -1 -1 -1 -1 -1 -1                                       
 T2g(R)    3  0  0  0  0  0  0  0  0  1  1  1  1  1  1 -1 -1 -1 -1 -1 -1 -1 -1 -1  3 -1 -1 -1 -1 -1 -1  0  0  0  0  0  0  0  0 -1 -1 -1  1  1  1  1  1  1   (xy,xz,yz)                          
 A1u       1  1  1  1  1  1  1  1  1  1  1  1  1  1  1  1  1  1  1  1  1  1  1  1 -1 -1 -1 -1 -1 -1 -1 -1 -1 -1 -1 -1 -1 -1 -1 -1 -1 -1 -1 -1 -1 -1 -1 -1                                       
 A2u       1  1  1  1  1  1  1  1  1 -1 -1 -1 -1 -1 -1 -1 -1 -1 -1 -1 -1  1  1  1 -1  1  1  1  1  1  1 -1 -1 -1 -1 -1 -1 -1 -1 -1 -1 -1  1  1  1  1  1  1                                       
 Eu        2 -1 -1 -1 -1 -1 -1 -1 -1  0  0  0  0  0  0  0  0  0  0  0  0  2  2  2 -2  0  0  0  0  0  0  1  1  1  1  1  1  1  1 -2 -2 -2  0  0  0  0  0  0                                       
 T1u(I)    3  0  0  0  0  0  0  0  0 -1 -1 -1 -1 -1 -1  1  1  1  1  1  1 -1 -1 -1 -3 -1 -1 -1 -1 -1 -1  0  0  0  0  0  0  0  0  1  1  1  1  1  1  1  1  1   (x,y,z)                             
 T2u       3  0  0  0  0  0  0  0  0  1  1  1  1  1  1 -1 -1 -1 -1 -1 -1 -1 -1 -1 -3  1  1  1  1  1  1  0  0  0  0  0  0  0  0  1  1  1 -1 -1 -1 -1 -1 -1                                       
 ------------------------------------------
    Wave vector= 0.0000  0.0000  0.0000    no macro. electric field
 Multi. Omega   Irreducible Representations
  3    -0.015     T1u(I)                                                                                                     
Notation: (R)  Raman active mode
          (I)  Infrared active mode
          (RI) Raman and Infrared active mode

Thermodynamic Properties
   for empirical formula Au

The following thermodynamic functions are obtained from the phonon
density of states within the harmonic approximation. The results are
meaningful only below the melting point, which lies well below 3000 K
for most materials.
Definitions:
      Cv            : vibrational heat capacity at constant volume
E_vib(T)=E(T)-E(0)  : the change in vibrational internal energy from 0 K, where
                        E(0) = E_elec + ZPE is the electronic energy of formation E_elec plus the zero point energy ZPE
      S(T)          : the vibrational entropy at temperature T
   -(A(T)-E(0))     : the change in the vibrational Helmholtz free energy from 0 K
      E(T)          : the electronic energy of formation plus the vibrational internal energy, so this term is
                        E_elec + ZPE + E_vib(T)
      A(T)          : the electronic plus vibrational Helmholtz free energy,
                        E(T) - T.S(T)
Note that the electronic energy, which is part of the enthalpy and free energies,
 is referenced to the elements in their standard state.

Electronic energy =     2.61 kJ/mol (referenced to elements in the standard state)
          PV term =   -75.87 kJ/mol
Zero-point energy =     1.20 kJ/mol

    T       Cv       E(T)-E(0)      S(T)   -(A(T)-E(0))     E(T)        A(T)
    K     J/K/mol      kJ/mol     J/K/mol     kJ/mol       kJ/mol      kJ/mol
  ----- ----------- ----------- ----------- ----------- ----------- -----------
     0      0.0000      0.0000      0.0000      0.0000      3.8025      3.8025
     1      0.0013      0.0000      0.0002      0.0000      3.8025      3.8025
     2      0.0138      0.0000      0.0042      0.0000      3.8026      3.8025
     3      0.0396      0.0000      0.0142      0.0000      3.8026      3.8025
     4      0.0825      0.0001      0.0310      0.0000      3.8026      3.8025
     5      0.1504      0.0002      0.0561      0.0001      3.8027      3.8025
    10      1.2565      0.0031      0.4136      0.0010      3.8056      3.8015
    15      3.7251      0.0151      1.3569      0.0052      3.8177      3.7973
    20      6.6920      0.0411      2.8325      0.0155      3.8437      3.7870
    30     12.0204      0.1359      6.6010      0.0621      3.9384      3.7404
    40     15.7992      0.2762     10.6125      0.1483      4.0788      3.6543
    50     18.3052      0.4476     14.4265      0.2737      4.2502      3.5288
    60     19.9731      0.6396     17.9214      0.4357      4.4421      3.3668
    70     21.1118      0.8453     21.0911      0.6310      4.6479      3.1715
    80     21.9132      1.0607     23.9655      0.8565      4.8632      2.9460
    90     22.4940      1.2829     26.5818      1.1095      5.0854      2.6931
   100     22.9261      1.5101     28.9752      1.3874      5.3126      2.4151
   125     23.6183      2.0928     34.1733      2.1789      5.8953      1.6237
   150     24.0099      2.6885     38.5172      3.0890      6.4911      0.7135
   175     24.2515      3.2920     42.2378      4.0996      7.0946     -0.2970
   200     24.4106      3.9004     45.4872      5.1970      7.7030     -1.3944
   225     24.5207      4.5121     48.3691      6.3709      8.3147     -2.5683
   250     24.6001      5.1262     50.9569      7.6130      8.9287     -3.8104
   273     24.6549      5.6926     53.1245      8.8103      9.4952     -5.0077
   275     24.6590      5.7420     53.3045      8.9167      9.5445     -5.1141
   298     24.7009      6.3096     55.2869     10.1658     10.1122     -6.3632
   300     24.7041      6.3590     55.4521     10.2765     10.1616     -6.4740
   350     24.7671      7.5959     59.2654     13.1468     11.3984     -9.3443
   400     24.8082      8.8354     62.5754     16.1947     12.6379    -12.3921
   450     24.8365     10.0765     65.4991     19.3979     13.8790    -15.5954
   500     24.8567     11.3188     68.1170     22.7394     15.1214    -18.9369
   550     24.8717     12.5621     70.4868     26.2055     16.3646    -22.4029
   600     24.8831     13.8059     72.6515     29.7847     17.6085    -25.9821
   650     24.8920     15.0503     74.6436     33.4677     18.8529    -29.6651
   700     24.8991     16.2951     76.4885     37.2465     20.0977    -33.4440
   750     24.9048     17.5402     78.2066     41.1144     21.3427    -37.3118
   800     24.9094     18.7855     79.8141     45.0653     22.5881    -41.2628
   850     24.9133     20.0311     81.3243     49.0941     23.8337    -45.2916
   900     24.9165     21.2769     82.7484     53.1962     25.0794    -49.3937
   950     24.9193     22.5227     84.0956     57.3676     26.3253    -53.5651
  1000     24.9216     23.7688     85.3739     61.6046     27.5713    -57.8021
  1050     24.9236     25.0149     86.5899     65.9039     28.8174    -62.1014
  1100     24.9254     26.2611     87.7494     70.2626     30.0636    -66.4601
  1150     24.9269     27.5074     88.8574     74.6779     31.3099    -70.8754
  1200     24.9282     28.7538     89.9183     79.1475     32.5563    -75.3449
  1250     24.9294     30.0002     90.9359     83.6690     33.8028    -79.8664
  1300     24.9305     31.2467     91.9137     88.2404     35.0492    -84.4378
  1350     24.9314     32.4932     92.8546     92.8597     36.2958    -89.0571
  1400     24.9322     33.7398     93.7613     97.5252     37.5424    -93.7226
  1450     24.9330     34.9864     94.6363    102.2352     38.7890    -98.4327
  1500     24.9337     36.2331     95.4815    106.9882     40.0356   -103.1857
  1550     24.9343     37.4798     96.2991    111.7829     41.2823   -107.9803
  1600     24.9348     38.7265     97.0907    116.6176     42.5291   -112.8151
  1650     24.9353     39.9733     97.8580    121.4915     43.7758   -117.6889
  1700     24.9358     41.2200     98.6025    126.4030     45.0226   -122.6004
  1750     24.9362     42.4668     99.3252    131.3513     46.2694   -127.5488
  1800     24.9366     43.7137    100.0277    136.3352     47.5162   -132.5326
  1850     24.9370     44.9605    100.7110    141.3537     48.7630   -137.5511
  1900     24.9373     46.2073    101.3760    146.4059     50.0099   -142.6034
  1950     24.9376     47.4542    102.0238    151.4910     51.2567   -147.6885
  2000     24.9379     48.7011    102.6551    156.6079     52.5036   -152.8054
  2100     24.9384     51.1949    103.8719    166.9347     54.9974   -163.1322
  2200     24.9388     53.6887    105.0320    177.3803     57.4913   -173.5778
  2300     24.9392     56.1826    106.1406    187.9393     59.9852   -184.1367
  2400     24.9395     58.6765    107.2020    198.6067     62.4791   -194.8042
  2500     24.9398     61.1705    108.2201    209.3781     64.9730   -205.5756
  2600     24.9401     63.6645    109.1983    220.2492     67.4670   -216.4467
  2700     24.9403     66.1585    110.1395    231.2163     69.9610   -227.4138
  2800     24.9405     68.6525    111.0465    242.2759     72.4551   -238.4733
  2900     24.9407     71.1466    111.9217    253.4245     74.9491   -249.6220
  3000     24.9409     73.6406    112.7673    264.6591     77.4432   -260.8566

Job completed on Tue 10 January 2017 at 11:46:28 æ±äº¬ (æ¨™æº–æ™‚) after 697 s (0:11:37)
