Startup is 'sourced'
Opening the database
Phonon calculation for Untitled_2

Phonon parameters
=================
The calculation explores the full Brillouin zone and accounts for an interaction range of about 10.0 Angstroem.
The asymmetric atoms are displaced by +/-0.02 Angstroem.

In a first step, need to run an optimization of atom positions for the supercell containing 32 atoms.
Then, need to run a total number of 2 single point energy calculations on supercells with displaced atoms containing 32 atoms.

      Supercell transformation matrix              Supercell lattice vectors
       2.00000    0.00000    0.00000             8.33775    0.00000    0.00000
       0.00000    2.00000    0.00000             0.00000    8.33775    0.00000
       0.00000    0.00000    2.00000             0.00000    0.00000    8.33775

     Supercell           Site        Displaced atom     Displacement (fractional units)
   ---------------    ----------     --------------     -------------------------------
  undisplaced           ----            ----             0.00000    0.00000    0.00000
  displaced_Au__a       Au              Au               0.00240    0.00000    0.00000
  displaced_Au__b       Au              Au              -0.00240    0.00000    0.00000

Invariance conditions are not enforced.
No approximation to LO/TO splitting
Properties: Phonon dispersion and form factors 
            Phonon density of states 
            Thermodynamic functions
==========================================


VASP parameters
===============
Since no magnetic moments are in the model, this is a non-magnetic calculation using 'normal' precision
and a default planewave cutoff energy of 229.948 eV.

The electronic iterations convergence is 1.00E-005 eV using the Normal (blocked Davidson) algorithm
and reciprocal space projection operators.

The requested k-spacing is 0.5 per Angstrom, which leads to a 6x6x6 mesh.
This corresponds to actual k-spacings of 0.435 x 0.435 x 0.435 per Angstrom.

Using first order Methfessel-Paxton smearing with a width of 0.2 eV.

Other non-default parameters:
	Wave functions is TRUE
==========================================

------------------------------------------------------------------------

Using GGA-PBE / PAW potentials:
	Au

Results for initial structural minimization of the supercell without displacements:
--------------------------------------------------------------------------------------

There are 1 symmetry-unique k-points
The plane wave cutoff is 229.95 eV

   VASP energy:            -102.922837 eV for Au32

   Initial VASP energy:    -102.922840 eV for Au32
   Relaxation energy:         0.000003 eV gained after 1 optimization steps.

Electronic contributions:
                          Empirical Formula          Cell
                                    Au          (Au)32
                          --------------- ---------------
              VASP Energy        -310.329       -9930.542 kJ/mol
      Energy of formation           5.342         170.954
                  PV term         -11.028        -352.895

   This is the electronic part of the formation energy with respect to the
   elements in their standard state. It is obtained from the total energy (above)
   and tabulated VASP energies for the elements in their standard state.
   See the documentation for more details.

   Details for Au:
                                             VASP energy (Etot):     -310.33 kJ/mol
       Standard state energy of 1.00 atoms of Au  1.00 * -315.67:  -  -315.67
                                                                   ----------
                                        Energy of formation (Ef):        5.34 kJ/mol


Cell parameters:
 Parameter    Value    
---------- ------------
         a     8.337753
         b     8.337753
         c     8.337753
     alpha    89.999999
      beta    89.999999
     gamma    89.999999

    Volume    72.453114 Ang^3

        Density:    18.057 Mg/m^3

   The pressure given below is exerted by the system according to its volume.
   Positive pressure would cause expansion during full geometry optimization.
       Pressure:    -1.011 GPa
               =   -10.110 kbar

                      XX        YY        ZZ        XY        YZ        ZX
         Stress:     1.011     1.011     1.011     0.000     0.000     0.000 GPa
               =    10.110    10.110    10.110     0.000     0.000     0.000 kbar
   The stress tensor above is imposed on the system, i.e. negative values of diagonal components 
   would cause expansion of the corresponding lattice parameter upon full geometry optimization.
   The pressure and stress include only electronic terms, i.e. the vibrational,
   temperature and other terms are not included here.

Fractional Coordinates:
	Atom          Initial Coordinates             Final Coordinates
	-----      -------- -------- --------      -------- -------- --------
	Au           0.7500   0.7500   0.5000        0.7500   0.7500   0.5000
	Au           0.7500   0.7500   0.0000        0.7500   0.7500   0.0000
	Au           0.7500   0.0000   0.2500        0.7500   0.0000   0.2500
	Au           0.7500   0.2500   0.5000        0.7500   0.2500   0.5000
	Au           0.0000   0.7500   0.2500        0.0000   0.7500   0.2500
	Au           0.0000   0.0000   0.5000        0.0000   0.0000   0.5000
	Au           0.2500   0.7500   0.5000        0.2500   0.7500   0.5000
	Au           0.7500   0.0000   0.7500        0.7500   0.0000   0.7500
	Au           0.7500   0.2500   0.0000        0.7500   0.2500   0.0000
	Au           0.7500   0.5000   0.2500        0.7500   0.5000   0.2500
	Au           0.0000   0.7500   0.7500        0.0000   0.7500   0.7500
	Au           0.0000   0.0000   0.0000        0.0000   0.0000   0.0000
	Au           0.0000   0.2500   0.2500        0.0000   0.2500   0.2500
	Au           0.0000   0.5000   0.5000        0.0000   0.5000   0.5000
	Au           0.2500   0.7500   0.0000        0.2500   0.7500   0.0000
	Au           0.2500   0.0000   0.2500        0.2500   0.0000   0.2500
	Au           0.2500   0.2500   0.5000        0.2500   0.2500   0.5000
	Au           0.5000   0.7500   0.2500        0.5000   0.7500   0.2500
	Au           0.5000   0.0000   0.5000        0.5000   0.0000   0.5000
	Au           0.7500   0.5000   0.7500        0.7500   0.5000   0.7500
	Au           0.0000   0.2500   0.7500        0.0000   0.2500   0.7500
	Au           0.0000   0.5000   0.0000        0.0000   0.5000   0.0000
	Au           0.2500   0.0000   0.7500        0.2500   0.0000   0.7500
	Au           0.2500   0.2500   0.0000        0.2500   0.2500   0.0000
	Au           0.2500   0.5000   0.2500        0.2500   0.5000   0.2500
	Au           0.5000   0.7500   0.7500        0.5000   0.7500   0.7500
	Au           0.5000   0.0000   0.0000        0.5000   0.0000   0.0000
	Au           0.5000   0.2500   0.2500        0.5000   0.2500   0.2500
	Au           0.5000   0.5000   0.5000        0.5000   0.5000   0.5000
	Au           0.2500   0.5000   0.7500        0.2500   0.5000   0.7500
	Au           0.5000   0.2500   0.7500        0.5000   0.2500   0.7500
	Au           0.5000   0.5000   0.0000        0.5000   0.5000   0.0000

Results for supercell calculations:
------------------------------------------------------------------------
	        Supercell         Energy (eV)
	      -------------      -------------
	        undisplaced      -102.92284
	     displaced_Au__a     -102.92189
	     displaced_Au__b     -102.92189


Symmetry analysis of Gamma point phonon frequencies:
----------------------------------------------------
   Crystal  Point  Group: O_h   (m3m) 
   Supercell Point Group: O_h   (m3m) 
    Table of irreducible representations of point group:
 ------------------------------------------
    IR     1  5  7  9 11  6  8 10 12 13 16 17 18 21 23 14 15 19 20 22 24  2  3  4 25 38 39 43 44 46 48 29 30 31 32 33 34 35 36 26 27 28 37 40 41 42 45 47
 ------------------------------------------
 A1g(R)    1  1  1  1  1  1  1  1  1  1  1  1  1  1  1  1  1  1  1  1  1  1  1  1  1  1  1  1  1  1  1  1  1  1  1  1  1  1  1  1  1  1  1  1  1  1  1  1   x^2+y^2+z^2                         
 A2g       1  1  1  1  1  1  1  1  1 -1 -1 -1 -1 -1 -1 -1 -1 -1 -1 -1 -1  1  1  1  1 -1 -1 -1 -1 -1 -1  1  1  1  1  1  1  1  1  1  1  1 -1 -1 -1 -1 -1 -1                                       
 Eg(R)     2 -1 -1 -1 -1 -1 -1 -1 -1  0  0  0  0  0  0  0  0  0  0  0  0  2  2  2  2  0  0  0  0  0  0 -1 -1 -1 -1 -1 -1 -1 -1  2  2  2  0  0  0  0  0  0   (2z^2-x^2-y^2, x^2-y^2)             
 T1g       3  0  0  0  0  0  0  0  0 -1 -1 -1 -1 -1 -1  1  1  1  1  1  1 -1 -1 -1  3  1  1  1  1  1  1  0  0  0  0  0  0  0  0 -1 -1 -1 -1 -1 -1 -1 -1 -1                                       
 T2g(R)    3  0  0  0  0  0  0  0  0  1  1  1  1  1  1 -1 -1 -1 -1 -1 -1 -1 -1 -1  3 -1 -1 -1 -1 -1 -1  0  0  0  0  0  0  0  0 -1 -1 -1  1  1  1  1  1  1   (xy,xz,yz)                          
 A1u       1  1  1  1  1  1  1  1  1  1  1  1  1  1  1  1  1  1  1  1  1  1  1  1 -1 -1 -1 -1 -1 -1 -1 -1 -1 -1 -1 -1 -1 -1 -1 -1 -1 -1 -1 -1 -1 -1 -1 -1                                       
 A2u       1  1  1  1  1  1  1  1  1 -1 -1 -1 -1 -1 -1 -1 -1 -1 -1 -1 -1  1  1  1 -1  1  1  1  1  1  1 -1 -1 -1 -1 -1 -1 -1 -1 -1 -1 -1  1  1  1  1  1  1                                       
 Eu        2 -1 -1 -1 -1 -1 -1 -1 -1  0  0  0  0  0  0  0  0  0  0  0  0  2  2  2 -2  0  0  0  0  0  0  1  1  1  1  1  1  1  1 -2 -2 -2  0  0  0  0  0  0                                       
 T1u(I)    3  0  0  0  0  0  0  0  0 -1 -1 -1 -1 -1 -1  1  1  1  1  1  1 -1 -1 -1 -3 -1 -1 -1 -1 -1 -1  0  0  0  0  0  0  0  0  1  1  1  1  1  1  1  1  1   (x,y,z)                             
 T2u       3  0  0  0  0  0  0  0  0  1  1  1  1  1  1 -1 -1 -1 -1 -1 -1 -1 -1 -1 -3  1  1  1  1  1  1  0  0  0  0  0  0  0  0  1  1  1 -1 -1 -1 -1 -1 -1                                       
 ------------------------------------------
    Wave vector= 0.0000  0.0000  0.0000    no macro. electric field
 Multi. Omega   Irreducible Representations
  3     0.008     T1u(I)                                                                                                     
Notation: (R)  Raman active mode
          (I)  Infrared active mode
          (RI) Raman and Infrared active mode

Thermodynamic Properties
   for empirical formula Au

The following thermodynamic functions are obtained from the phonon
density of states within the harmonic approximation. The results are
meaningful only below the melting point, which lies well below 3000 K
for most materials.
Definitions:
      Cv            : vibrational heat capacity at constant volume
E_vib(T)=E(T)-E(0)  : the change in vibrational internal energy from 0 K, where
                        E(0) = E_elec + ZPE is the electronic energy of formation E_elec plus the zero point energy ZPE
      S(T)          : the vibrational entropy at temperature T
   -(A(T)-E(0))     : the change in the vibrational Helmholtz free energy from 0 K
      E(T)          : the electronic energy of formation plus the vibrational internal energy, so this term is
                        E_elec + ZPE + E_vib(T)
      A(T)          : the electronic plus vibrational Helmholtz free energy,
                        E(T) - T.S(T)
Note that the electronic energy, which is part of the enthalpy and free energies,
 is referenced to the elements in their standard state.

Electronic energy =     5.34 kJ/mol (referenced to elements in the standard state)
          PV term =   -11.03 kJ/mol
Zero-point energy =     1.35 kJ/mol

    T       Cv       E(T)-E(0)      S(T)   -(A(T)-E(0))     E(T)        A(T)
    K     J/K/mol      kJ/mol     J/K/mol     kJ/mol       kJ/mol      kJ/mol
  ----- ----------- ----------- ----------- ----------- ----------- -----------
     0      0.0000      0.0000      0.0000      0.0000      6.6947      6.6947
     1      0.0005      0.0000      0.0001      0.0000      6.6947      6.6947
     2      0.0071      0.0000      0.0020      0.0000      6.6947      6.6947
     3      0.0213      0.0000      0.0073      0.0000      6.6947      6.6947
     4      0.0442      0.0000      0.0164      0.0000      6.6948      6.6947
     5      0.0787      0.0001      0.0297      0.0000      6.6948      6.6947
    10      0.7419      0.0017      0.2248      0.0006      6.6964      6.6941
    15      2.6653      0.0097      0.8516      0.0030      6.7045      6.6917
    20      5.2751      0.0295      1.9688      0.0099      6.7242      6.6848
    30     10.3670      0.1084      5.1005      0.0446      6.8031      6.6501
    40     14.2683      0.2327      8.6481      0.1132      6.9274      6.5815
    50     17.0070      0.3899     12.1449      0.2173      7.0846      6.4774
    60     18.9037      0.5700     15.4238      0.3554      7.2647      6.3393
    70     20.2347      0.7661     18.4436      0.5249      7.4608      6.1698
    80     21.1897      0.9735     21.2113      0.7234      7.6682      5.9713
    90     21.8913      1.1891     23.7496      0.9484      7.8838      5.7463
   100     22.4189      1.4107     26.0847      1.1977      8.1054      5.4970
   125     23.2734      1.9829     31.1887      1.9156      8.6777      4.7791
   150     23.7622      2.5714     35.4789      2.7504      9.2661      3.9443
   175     24.0657      3.1695     39.1664      3.6845      9.8642      3.0102
   200     24.2665      3.7738     42.3939      4.7049     10.4685      1.9898
   225     24.4058      4.3823     45.2606      5.8012     11.0770      0.8935
   250     24.5063      4.9938     47.8375      6.9655     11.6885     -0.2708
   273     24.5760      5.5583     49.9974      8.0909     12.2530     -1.3962
   275     24.5812      5.6074     50.1768      8.1911     12.3021     -1.4964
   298     24.6344      6.1734     52.1534      9.3682     12.8681     -2.6735
   300     24.6384      6.2227     52.3182      9.4727     12.9174     -2.7780
   350     24.7187      7.4568     56.1228     12.1861     14.1515     -5.4914
   400     24.7710      8.6941     59.4271     15.0766     15.3888     -8.3819
   450     24.8070      9.9336     62.3469     18.1223     16.6283    -11.4276
   500     24.8328     11.1746     64.9620     21.3062     17.8693    -14.6115
   550     24.8519     12.4168     67.3298     24.6144     19.1115    -17.9197
   600     24.8665     13.6597     69.4928     28.0357     20.3544    -21.3410
   650     24.8778     14.9033     71.4837     31.5608     21.5980    -24.8661
   700     24.8868     16.1474     73.3277     35.1816     22.8421    -28.4869
   750     24.8941     17.3920     75.0449     38.8914     24.0867    -32.1967
   800     24.9000     18.6368     76.6518     42.6842     25.3315    -35.9895
   850     24.9050     19.8819     78.1615     46.5549     26.5766    -39.8602
   900     24.9091     21.1273     79.5851     50.4989     27.8220    -43.8042
   950     24.9126     22.3728     80.9320     54.5121     29.0675    -47.8174
  1000     24.9156     23.6185     82.2099     58.5909     30.3132    -51.8962
  1050     24.9182     24.8644     83.4256     62.7320     31.5591    -56.0373
  1100     24.9204     26.1103     84.5849     66.9324     32.8050    -60.2377
  1150     24.9224     27.3564     85.6926     71.1896     34.0511    -64.4948
  1200     24.9241     28.6025     86.7534     75.5008     35.2972    -68.8061
  1250     24.9256     29.8488     87.7708     79.8641     36.5435    -73.1694
  1300     24.9269     31.0951     88.7484     84.2772     37.7898    -77.5825
  1350     24.9281     32.3414     89.6892     88.7383     39.0361    -82.0436
  1400     24.9292     33.5879     90.5958     93.2455     40.2826    -86.5508
  1450     24.9301     34.8343     91.4707     97.7973     41.5290    -91.1026
  1500     24.9310     36.0809     92.3159    102.3920     42.7756    -95.6973
  1550     24.9318     37.3274     93.1333    107.0284     44.0221   -100.3337
  1600     24.9325     38.5740     93.9249    111.7048     45.2687   -105.0101
  1650     24.9331     39.8207     94.6921    116.4204     46.5154   -109.7257
  1700     24.9337     41.0673     95.4365    121.1736     47.7620   -114.4789
  1750     24.9343     42.3140     96.1592    125.9635     49.0087   -119.2688
  1800     24.9348     43.5607     96.8617    130.7892     50.2554   -124.0945
  1850     24.9352     44.8075     97.5449    135.6494     51.5022   -128.9547
  1900     24.9356     46.0542     98.2099    140.5432     52.7489   -133.8485
  1950     24.9360     47.3010     98.8576    145.4700     53.9957   -138.7753
  2000     24.9364     48.5478     99.4889    150.4287     55.2425   -143.7340
  2100     24.9370     51.0415    100.7055    160.4388     57.7362   -153.7441
  2200     24.9376     53.5352    101.8657    170.5678     60.2299   -163.8731
  2300     24.9381     56.0290    102.9742    180.8101     62.7237   -174.1154
  2400     24.9385     58.5228    104.0355    191.1610     65.2175   -184.4663
  2500     24.9389     61.0166    105.0536    201.6156     67.7113   -194.9209
  2600     24.9392     63.5105    106.0317    212.1702     70.2052   -205.4755
  2700     24.9395     66.0045    106.9729    222.8206     72.6992   -216.1259
  2800     24.9398     68.4984    107.8799    233.5635     75.1931   -226.8688
  2900     24.9400     70.9924    108.7551    244.3954     77.6871   -237.7007
  3000     24.9402     73.4864    109.6006    255.3134     80.1811   -248.6187

Job completed on Mon 29 August 2016 at 18:42:17 æ±äº¬ (æ¨™æº–æ™‚) after 90 s (0:01:30)
