Startup is 'sourced'
Opening the database
Phonon calculation for Untitled_1

Phonon parameters
=================
The calculation explores the full Brillouin zone and accounts for an interaction range of about 10.0 Angstroem.
The asymmetric atoms are displaced by +/-0.02 Angstroem.

In a first step, need to run an optimization of atom positions for the supercell containing 32 atoms.
Then, need to run a total number of 2 single point energy calculations on supercells with displaced atoms containing 32 atoms.

      Supercell transformation matrix              Supercell lattice vectors
       2.00000    0.00000    0.00000             8.66796    0.00000    0.00000
       0.00000    2.00000    0.00000             0.00000    8.66796    0.00000
       0.00000    0.00000    2.00000             0.00000    0.00000    8.66796

     Supercell           Site        Displaced atom     Displacement (fractional units)
   ---------------    ----------     --------------     -------------------------------
  undisplaced           ----            ----             0.00000    0.00000    0.00000
  displaced_Au__a       Au              Au               0.00231    0.00000    0.00000
  displaced_Au__b       Au              Au              -0.00231    0.00000    0.00000

Invariance conditions are not enforced.
No approximation to LO/TO splitting
Properties: Phonon dispersion and form factors 
            Phonon density of states 
            Thermodynamic functions
==========================================


VASP parameters
===============
Since no magnetic moments are in the model, this is a non-magnetic calculation using 'normal' precision
and a default planewave cutoff energy of 229.948 eV.

The electronic iterations convergence is 1.00E-005 eV using the Normal (blocked Davidson) algorithm
and reciprocal space projection operators.

The requested k-spacing is 0.5 per Angstrom, which leads to a 2x2x2 mesh.
This corresponds to actual k-spacings of 0.362 x 0.362 x 0.362 per Angstrom.

Using first order Methfessel-Paxton smearing with a width of 0.2 eV.

Other non-default parameters:
	Wave functions is TRUE
==========================================

------------------------------------------------------------------------

Using GGA-PBE / PAW potentials:
	Au

Results for initial structural minimization of the supercell without displacements:
--------------------------------------------------------------------------------------

There are 1 symmetry-unique k-points
The plane wave cutoff is 229.95 eV

   VASP energy:            -101.037132 eV for Au32

   Initial VASP energy:    -101.037130 eV for Au32
   Relaxation energy:        -0.000002 eV gained after 1 optimization steps.

Electronic contributions:
                          Empirical Formula          Cell
                                    Au          (Au)32
                          --------------- ---------------
              VASP Energy        -304.644       -9748.599 kJ/mol
      Energy of formation          11.028         352.897
                  PV term        -151.104       -4835.331

   This is the electronic part of the formation energy with respect to the
   elements in their standard state. It is obtained from the total energy (above)
   and tabulated VASP energies for the elements in their standard state.
   See the documentation for more details.

   Details for Au:
                                             VASP energy (Etot):     -304.64 kJ/mol
       Standard state energy of 1.00 atoms of Au  1.00 * -315.67:  -  -315.67
                                                                   ----------
                                        Energy of formation (Ef):       11.03 kJ/mol


Cell parameters:
 Parameter    Value    
---------- ------------
         a     8.667961
         b     8.667961
         c     8.667961
     alpha    89.999999
      beta    89.999999
     gamma    89.999999

    Volume    81.406828 Ang^3

        Density:    16.071 Mg/m^3

   The pressure given below is exerted by the system according to its volume.
   Positive pressure would cause expansion during full geometry optimization.
       Pressure:   -12.329 GPa
               =  -123.290 kbar

                      XX        YY        ZZ        XY        YZ        ZX
         Stress:    12.329    12.329    12.329     0.000     0.000     0.000 GPa
               =   123.290   123.290   123.290     0.000     0.000     0.000 kbar
   The stress tensor above is imposed on the system, i.e. negative values of diagonal components 
   would cause expansion of the corresponding lattice parameter upon full geometry optimization.
   The pressure and stress include only electronic terms, i.e. the vibrational,
   temperature and other terms are not included here.

Fractional Coordinates:
	Atom          Initial Coordinates             Final Coordinates
	-----      -------- -------- --------      -------- -------- --------
	Au           0.7500   0.7500   0.5000        0.7500   0.7500   0.5000
	Au           0.7500   0.7500   0.0000        0.7500   0.7500   0.0000
	Au           0.7500   0.0000   0.2500        0.7500   0.0000   0.2500
	Au           0.7500   0.2500   0.5000        0.7500   0.2500   0.5000
	Au           0.0000   0.7500   0.2500        0.0000   0.7500   0.2500
	Au           0.0000   0.0000   0.5000        0.0000   0.0000   0.5000
	Au           0.2500   0.7500   0.5000        0.2500   0.7500   0.5000
	Au           0.7500   0.0000   0.7500        0.7500   0.0000   0.7500
	Au           0.7500   0.2500   0.0000        0.7500   0.2500   0.0000
	Au           0.7500   0.5000   0.2500        0.7500   0.5000   0.2500
	Au           0.0000   0.7500   0.7500        0.0000   0.7500   0.7500
	Au           0.0000   0.0000   0.0000        0.0000   0.0000   0.0000
	Au           0.0000   0.2500   0.2500        0.0000   0.2500   0.2500
	Au           0.0000   0.5000   0.5000        0.0000   0.5000   0.5000
	Au           0.2500   0.7500   0.0000        0.2500   0.7500   0.0000
	Au           0.2500   0.0000   0.2500        0.2500   0.0000   0.2500
	Au           0.2500   0.2500   0.5000        0.2500   0.2500   0.5000
	Au           0.5000   0.7500   0.2500        0.5000   0.7500   0.2500
	Au           0.5000   0.0000   0.5000        0.5000   0.0000   0.5000
	Au           0.7500   0.5000   0.7500        0.7500   0.5000   0.7500
	Au           0.0000   0.2500   0.7500        0.0000   0.2500   0.7500
	Au           0.0000   0.5000   0.0000        0.0000   0.5000   0.0000
	Au           0.2500   0.0000   0.7500        0.2500   0.0000   0.7500
	Au           0.2500   0.2500   0.0000        0.2500   0.2500   0.0000
	Au           0.2500   0.5000   0.2500        0.2500   0.5000   0.2500
	Au           0.5000   0.7500   0.7500        0.5000   0.7500   0.7500
	Au           0.5000   0.0000   0.0000        0.5000   0.0000   0.0000
	Au           0.5000   0.2500   0.2500        0.5000   0.2500   0.2500
	Au           0.5000   0.5000   0.5000        0.5000   0.5000   0.5000
	Au           0.2500   0.5000   0.7500        0.2500   0.5000   0.7500
	Au           0.5000   0.2500   0.7500        0.5000   0.2500   0.7500
	Au           0.5000   0.5000   0.0000        0.5000   0.5000   0.0000

Results for supercell calculations:
------------------------------------------------------------------------
	        Supercell         Energy (eV)
	      -------------      -------------
	        undisplaced      -101.03713
	     displaced_Au__a     -101.03679
	     displaced_Au__b     -101.03679


Symmetry analysis of Gamma point phonon frequencies:
----------------------------------------------------
   Crystal  Point  Group: O_h   (m3m) 
   Supercell Point Group: O_h   (m3m) 
    Table of irreducible representations of point group:
 ------------------------------------------
    IR     1  5  7  9 11  6  8 10 12 13 16 17 18 21 23 14 15 19 20 22 24  2  3  4 25 38 39 43 44 46 48 29 30 31 32 33 34 35 36 26 27 28 37 40 41 42 45 47
 ------------------------------------------
 A1g(R)    1  1  1  1  1  1  1  1  1  1  1  1  1  1  1  1  1  1  1  1  1  1  1  1  1  1  1  1  1  1  1  1  1  1  1  1  1  1  1  1  1  1  1  1  1  1  1  1   x^2+y^2+z^2                         
 A2g       1  1  1  1  1  1  1  1  1 -1 -1 -1 -1 -1 -1 -1 -1 -1 -1 -1 -1  1  1  1  1 -1 -1 -1 -1 -1 -1  1  1  1  1  1  1  1  1  1  1  1 -1 -1 -1 -1 -1 -1                                       
 Eg(R)     2 -1 -1 -1 -1 -1 -1 -1 -1  0  0  0  0  0  0  0  0  0  0  0  0  2  2  2  2  0  0  0  0  0  0 -1 -1 -1 -1 -1 -1 -1 -1  2  2  2  0  0  0  0  0  0   (2z^2-x^2-y^2, x^2-y^2)             
 T1g       3  0  0  0  0  0  0  0  0 -1 -1 -1 -1 -1 -1  1  1  1  1  1  1 -1 -1 -1  3  1  1  1  1  1  1  0  0  0  0  0  0  0  0 -1 -1 -1 -1 -1 -1 -1 -1 -1                                       
 T2g(R)    3  0  0  0  0  0  0  0  0  1  1  1  1  1  1 -1 -1 -1 -1 -1 -1 -1 -1 -1  3 -1 -1 -1 -1 -1 -1  0  0  0  0  0  0  0  0 -1 -1 -1  1  1  1  1  1  1   (xy,xz,yz)                          
 A1u       1  1  1  1  1  1  1  1  1  1  1  1  1  1  1  1  1  1  1  1  1  1  1  1 -1 -1 -1 -1 -1 -1 -1 -1 -1 -1 -1 -1 -1 -1 -1 -1 -1 -1 -1 -1 -1 -1 -1 -1                                       
 A2u       1  1  1  1  1  1  1  1  1 -1 -1 -1 -1 -1 -1 -1 -1 -1 -1 -1 -1  1  1  1 -1  1  1  1  1  1  1 -1 -1 -1 -1 -1 -1 -1 -1 -1 -1 -1  1  1  1  1  1  1                                       
 Eu        2 -1 -1 -1 -1 -1 -1 -1 -1  0  0  0  0  0  0  0  0  0  0  0  0  2  2  2 -2  0  0  0  0  0  0  1  1  1  1  1  1  1  1 -2 -2 -2  0  0  0  0  0  0                                       
 T1u(I)    3  0  0  0  0  0  0  0  0 -1 -1 -1 -1 -1 -1  1  1  1  1  1  1 -1 -1 -1 -3 -1 -1 -1 -1 -1 -1  0  0  0  0  0  0  0  0  1  1  1  1  1  1  1  1  1   (x,y,z)                             
 T2u       3  0  0  0  0  0  0  0  0  1  1  1  1  1  1 -1 -1 -1 -1 -1 -1 -1 -1 -1 -3  1  1  1  1  1  1  0  0  0  0  0  0  0  0  1  1  1 -1 -1 -1 -1 -1 -1                                       
 ------------------------------------------
    Wave vector= 0.0000  0.0000  0.0000    no macro. electric field
 Multi. Omega   Irreducible Representations
  3     0.010     T1u(I)                                                                                                     
Notation: (R)  Raman active mode
          (I)  Infrared active mode
          (RI) Raman and Infrared active mode

Thermodynamic Properties
   for empirical formula Au

The following thermodynamic functions are obtained from the phonon
density of states within the harmonic approximation. The results are
meaningful only below the melting point, which lies well below 3000 K
for most materials.
Definitions:
      Cv            : vibrational heat capacity at constant volume
E_vib(T)=E(T)-E(0)  : the change in vibrational internal energy from 0 K, where
                        E(0) = E_elec + ZPE is the electronic energy of formation E_elec plus the zero point energy ZPE
      S(T)          : the vibrational entropy at temperature T
   -(A(T)-E(0))     : the change in the vibrational Helmholtz free energy from 0 K
      E(T)          : the electronic energy of formation plus the vibrational internal energy, so this term is
                        E_elec + ZPE + E_vib(T)
      A(T)          : the electronic plus vibrational Helmholtz free energy,
                        E(T) - T.S(T)
Note that the electronic energy, which is part of the enthalpy and free energies,
 is referenced to the elements in their standard state.

Electronic energy =    11.03 kJ/mol (referenced to elements in the standard state)
          PV term =  -151.10 kJ/mol
Zero-point energy =     0.80 kJ/mol

    T       Cv       E(T)-E(0)      S(T)   -(A(T)-E(0))     E(T)        A(T)
    K     J/K/mol      kJ/mol     J/K/mol     kJ/mol       kJ/mol      kJ/mol
  ----- ----------- ----------- ----------- ----------- ----------- -----------
     0      0.0000      0.0000      0.0000      0.0000     11.8246     11.8246
     1      0.0120      0.0000      0.0038      0.0000     11.8246     11.8246
     2      0.0655      0.0000      0.0257      0.0000     11.8246     11.8246
     3      0.1900      0.0002      0.0728      0.0001     11.8247     11.8245
     4      0.4158      0.0005      0.1557      0.0002     11.8250     11.8244
     5      0.7675      0.0010      0.2837      0.0004     11.8256     11.8242
    10      4.3507      0.0128      1.7777      0.0049     11.8374     11.8196
    15      8.7028      0.0456      4.3785      0.0200     11.8702     11.8046
    20     12.3327      0.0986      7.4002      0.0494     11.9232     11.7752
    30     17.1942      0.2486     13.4148      0.1539     12.0732     11.6707
    40     19.9020      0.4353     18.7692      0.3154     12.2599     11.5092
    50     21.4640      0.6429     23.3931      0.5268     12.4674     11.2978
    60     22.4196      0.8626     27.3975      0.7812     12.6872     11.0434
    70     23.0380      1.0901     30.9032      1.0731     12.9147     10.7515
    80     23.4580      1.3227     34.0086      1.3979     13.1473     10.4267
    90     23.7550      1.5589     36.7897      1.7522     13.3835     10.0724
   100     23.9720      1.7976     39.3043      2.1328     13.6222      9.6917
   125     24.3129      2.4016     44.6942      3.1852     14.2262      8.6394
   150     24.5022      3.0120     49.1452      4.3598     14.8366      7.4648
   175     24.6178      3.6261     52.9316      5.6369     15.4507      6.1877
   200     24.6934      4.2425     56.2241      7.0022     16.0671      4.8224
   225     24.7455      4.8606     59.1358      8.4449     16.6851      3.3797
   250     24.7829      5.4797     61.7450      9.9565     17.3043      1.8681
   273     24.8087      6.0500     63.9273     11.4021     17.8746      0.4225
   275     24.8106      6.0996     64.1085     11.5301     17.9242      0.2945
   298     24.8303      6.6705     66.1021     13.0278     18.4951     -1.2032
   300     24.8318      6.7201     66.2682     13.1602     18.5447     -1.3356
   350     24.8614      7.9625     70.0984     16.5718     19.7871     -4.7472
   400     24.8806      9.2061     73.4196     20.1615     21.0307     -8.3370
   450     24.8938     10.4505     76.3509     23.9072     22.2751    -12.0826
   500     24.9032     11.6954     78.9742     27.7915     23.5200    -15.9669
   550     24.9102     12.9407     81.3481     31.8004     24.7653    -19.9758
   600     24.9156     14.1864     83.5158     35.9228     26.0110    -24.0982
   650     24.9197     15.4323     85.5103     40.1491     27.2569    -28.3245
   700     24.9230     16.6783     87.3572     44.4713     28.5029    -32.6467
   750     24.9257     17.9245     89.0768     48.8826     29.7491    -37.0580
   800     24.9278     19.1709     90.6855     53.3771     30.9955    -41.5525
   850     24.9296     20.4173     92.1968     57.9495     32.2419    -46.1249
   900     24.9311     21.6638     93.6217     62.5952     33.4884    -50.7707
   950     24.9324     22.9104     94.9698     67.3103     34.7350    -55.4857
  1000     24.9335     24.1570     96.2486     72.0910     35.9816    -60.2664
  1050     24.9344     25.4037     97.4652     76.9341     37.2283    -65.1095
  1100     24.9353     26.6505     98.6252     81.8366     38.4751    -70.0120
  1150     24.9360     27.8972     99.7336     86.7957     39.7218    -74.9711
  1200     24.9366     29.1440    100.7948     91.8090     40.9686    -79.9845
  1250     24.9372     30.3909    101.8129     96.8744     42.2155    -85.0498
  1300     24.9376     31.6377    102.7909    101.9896     43.4623    -90.1650
  1350     24.9381     32.8846    103.7321    107.1528     44.7092    -95.3282
  1400     24.9385     34.1315    104.6390    112.3622     45.9561   -100.5376
  1450     24.9388     35.3785    105.5142    117.6161     47.2030   -105.7915
  1500     24.9391     36.6254    106.3597    122.9130     48.4500   -111.0884
  1550     24.9394     37.8724    107.1774    128.2515     49.6970   -116.4269
  1600     24.9397     39.1193    107.9692    133.6303     50.9439   -121.8057
  1650     24.9399     40.3663    108.7366    139.0480     52.1909   -127.2234
  1700     24.9401     41.6133    109.4811    144.5034     53.4379   -132.6788
  1750     24.9403     42.8603    110.2041    149.9956     54.6849   -138.1711
  1800     24.9405     44.1073    110.9067    155.5235     55.9319   -143.6989
  1850     24.9407     45.3543    111.5901    161.0860     57.1789   -149.2614
  1900     24.9408     46.6014    112.2551    166.6821     58.4260   -154.8575
  1950     24.9410     47.8484    112.9030    172.3111     59.6730   -160.4865
  2000     24.9411     49.0954    113.5345    177.9721     60.9200   -166.1475
  2100     24.9413     51.5896    114.7513    189.3867     63.4141   -177.5621
  2200     24.9415     54.0837    115.9116    200.9203     65.9083   -189.0957
  2300     24.9417     56.5778    117.0204    212.5672     68.4024   -200.7426
  2400     24.9419     59.0720    118.0819    224.3226     70.8966   -212.4980
  2500     24.9420     61.5662    119.1000    236.1820     73.3908   -224.3574
  2600     24.9421     64.0604    120.0783    248.1411     75.8850   -236.3165
  2700     24.9422     66.5546    121.0196    260.1962     78.3791   -248.3717
  2800     24.9423     69.0488    121.9267    272.3437     80.8734   -260.5192
  2900     24.9424     71.5430    122.8019    284.5804     83.3676   -272.7558
  3000     24.9425     74.0372    123.6475    296.9030     85.8618   -285.0784

Job completed on Thu 01 September 2016 at 15:34:28 æ±äº¬ (æ¨™æº–æ™‚) after 73 s (0:01:13)
