Startup is 'sourced'
Opening the database
Phonon calculation for Untitled

Phonon parameters
=================
The calculation explores the full Brillouin zone and accounts for an interaction range of about 10.0 Angstroem.
The asymmetric atoms are displaced by +/-0.02 Angstroem.

In a first step, need to run an optimization of atom positions for the supercell containing 32 atoms.
Then, need to run a total number of 2 single point energy calculations on supercells with displaced atoms containing 32 atoms.

      Supercell transformation matrix              Supercell lattice vectors
       2.00000    0.00000    0.00000             8.31685    0.00000    0.00000
       0.00000    2.00000    0.00000             0.00000    8.31685    0.00000
       0.00000    0.00000    2.00000             0.00000    0.00000    8.31685

     Supercell           Site        Displaced atom     Displacement (fractional units)
   ---------------    ----------     --------------     -------------------------------
  undisplaced           ----            ----             0.00000    0.00000    0.00000
  displaced_Al__a       Al              Al               0.00241    0.00000    0.00000
  displaced_Al__b       Al              Al              -0.00241    0.00000    0.00000

Invariance conditions are not enforced.
No approximation to LO/TO splitting
Properties: Phonon dispersion and form factors 
            Phonon density of states 
            Thermodynamic functions
==========================================


VASP parameters
===============
Since no magnetic moments are in the model, this is a non-magnetic calculation using 'accurate' precision
and a user-defined planewave cutoff energy of 600.000 eV.

The electronic iterations convergence is 1.00E-005 eV using the Normal (blocked Davidson) algorithm
and reciprocal space projection operators.

The requested k-spacing is 0.3 per Angstrom, which leads to a 9x9x9 mesh.
This corresponds to actual k-spacings of 0.291 x 0.291 x 0.291 per Angstrom.

Using first order Methfessel-Paxton smearing with a width of 0.2 eV.

Other non-default parameters:
	Extrafine augmentation grid for accurate forces is TRUE
	Wave functions is TRUE
==========================================

------------------------------------------------------------------------

Using GGA-PBE / PAW potentials:
	Al

Results for initial structural minimization of the supercell without displacements:
--------------------------------------------------------------------------------------

There are 4 symmetry-unique k-points
The plane wave cutoff is 600.00 eV

   VASP energy:            -119.730742 eV for Al32

   Initial VASP energy:    -119.730740 eV for Al32
   Relaxation energy:        -0.000002 eV gained after 1 optimization steps.

Electronic contributions:
                          Empirical Formula          Cell
                                    Al          (Al)32
                          --------------- ---------------
              VASP Energy        -361.008      -11552.258 kJ/mol
      Energy of formation          -0.028          -0.904
                  PV term         -58.321       -1866.280

   This is the electronic part of the formation energy with respect to the
   elements in their standard state. It is obtained from the total energy (above)
   and tabulated VASP energies for the elements in their standard state.
   See the documentation for more details.

   Details for Al:
                                             VASP energy (Etot):     -361.01 kJ/mol
       Standard state energy of 1.00 atoms of Al  1.00 * -360.98:  -  -360.98
                                                                   ----------
                                        Energy of formation (Ef):       -0.03 kJ/mol


Cell parameters:
 Parameter    Value    
---------- ------------
         a     8.316850
         b     8.316850
         c     8.316850
     alpha    89.999999
      beta    89.999999
     gamma    89.999999

    Volume    71.909568 Ang^3

        Density:     2.492 Mg/m^3

   The pressure given below is exerted by the system according to its volume.
   Positive pressure would cause expansion during full geometry optimization.
       Pressure:    -5.387 GPa
               =   -53.870 kbar

                      XX        YY        ZZ        XY        YZ        ZX
         Stress:     5.387     5.387     5.387     0.000     0.000     0.000 GPa
               =    53.870    53.870    53.870     0.000     0.000     0.000 kbar
   The stress tensor above is imposed on the system, i.e. negative values of diagonal components 
   would cause expansion of the corresponding lattice parameter upon full geometry optimization.
   The pressure and stress include only electronic terms, i.e. the vibrational,
   temperature and other terms are not included here.

Fractional Coordinates:
	Atom          Initial Coordinates             Final Coordinates
	-----      -------- -------- --------      -------- -------- --------
	Al           0.7500   0.7500   0.5000        0.7500   0.7500   0.5000
	Al           0.7500   0.7500   0.0000        0.7500   0.7500   0.0000
	Al           0.7500   0.0000   0.2500        0.7500   0.0000   0.2500
	Al           0.7500   0.2500   0.5000        0.7500   0.2500   0.5000
	Al           0.0000   0.7500   0.2500        0.0000   0.7500   0.2500
	Al           0.0000   0.0000   0.5000        0.0000   0.0000   0.5000
	Al           0.2500   0.7500   0.5000        0.2500   0.7500   0.5000
	Al           0.7500   0.0000   0.7500        0.7500   0.0000   0.7500
	Al           0.7500   0.2500   0.0000        0.7500   0.2500   0.0000
	Al           0.7500   0.5000   0.2500        0.7500   0.5000   0.2500
	Al           0.0000   0.7500   0.7500        0.0000   0.7500   0.7500
	Al           0.0000   0.0000   0.0000        0.0000   0.0000   0.0000
	Al           0.0000   0.2500   0.2500        0.0000   0.2500   0.2500
	Al           0.0000   0.5000   0.5000        0.0000   0.5000   0.5000
	Al           0.2500   0.7500   0.0000        0.2500   0.7500   0.0000
	Al           0.2500   0.0000   0.2500        0.2500   0.0000   0.2500
	Al           0.2500   0.2500   0.5000        0.2500   0.2500   0.5000
	Al           0.5000   0.7500   0.2500        0.5000   0.7500   0.2500
	Al           0.5000   0.0000   0.5000        0.5000   0.0000   0.5000
	Al           0.7500   0.5000   0.7500        0.7500   0.5000   0.7500
	Al           0.0000   0.2500   0.7500        0.0000   0.2500   0.7500
	Al           0.0000   0.5000   0.0000        0.0000   0.5000   0.0000
	Al           0.2500   0.0000   0.7500        0.2500   0.0000   0.7500
	Al           0.2500   0.2500   0.0000        0.2500   0.2500   0.0000
	Al           0.2500   0.5000   0.2500        0.2500   0.5000   0.2500
	Al           0.5000   0.7500   0.7500        0.5000   0.7500   0.7500
	Al           0.5000   0.0000   0.0000        0.5000   0.0000   0.0000
	Al           0.5000   0.2500   0.2500        0.5000   0.2500   0.2500
	Al           0.5000   0.5000   0.5000        0.5000   0.5000   0.5000
	Al           0.2500   0.5000   0.7500        0.2500   0.5000   0.7500
	Al           0.5000   0.2500   0.7500        0.5000   0.2500   0.7500
	Al           0.5000   0.5000   0.0000        0.5000   0.5000   0.0000

Results for supercell calculations:
------------------------------------------------------------------------
	        Supercell         Energy (eV)
	      -------------      -------------
	        undisplaced      -119.73074
	     displaced_Al__a     -119.73009
	     displaced_Al__b     -119.73009


Symmetry analysis of Gamma point phonon frequencies:
----------------------------------------------------
   Crystal  Point  Group: O_h   (m3m) 
   Supercell Point Group: O_h   (m3m) 
    Table of irreducible representations of point group:
 ------------------------------------------
    IR     1  5  7  9 11  6  8 10 12 13 16 17 18 21 23 14 15 19 20 22 24  2  3  4 25 38 39 43 44 46 48 29 30 31 32 33 34 35 36 26 27 28 37 40 41 42 45 47
 ------------------------------------------
 A1g(R)    1  1  1  1  1  1  1  1  1  1  1  1  1  1  1  1  1  1  1  1  1  1  1  1  1  1  1  1  1  1  1  1  1  1  1  1  1  1  1  1  1  1  1  1  1  1  1  1   x^2+y^2+z^2                         
 A2g       1  1  1  1  1  1  1  1  1 -1 -1 -1 -1 -1 -1 -1 -1 -1 -1 -1 -1  1  1  1  1 -1 -1 -1 -1 -1 -1  1  1  1  1  1  1  1  1  1  1  1 -1 -1 -1 -1 -1 -1                                       
 Eg(R)     2 -1 -1 -1 -1 -1 -1 -1 -1  0  0  0  0  0  0  0  0  0  0  0  0  2  2  2  2  0  0  0  0  0  0 -1 -1 -1 -1 -1 -1 -1 -1  2  2  2  0  0  0  0  0  0   (2z^2-x^2-y^2, x^2-y^2)             
 T1g       3  0  0  0  0  0  0  0  0 -1 -1 -1 -1 -1 -1  1  1  1  1  1  1 -1 -1 -1  3  1  1  1  1  1  1  0  0  0  0  0  0  0  0 -1 -1 -1 -1 -1 -1 -1 -1 -1                                       
 T2g(R)    3  0  0  0  0  0  0  0  0  1  1  1  1  1  1 -1 -1 -1 -1 -1 -1 -1 -1 -1  3 -1 -1 -1 -1 -1 -1  0  0  0  0  0  0  0  0 -1 -1 -1  1  1  1  1  1  1   (xy,xz,yz)                          
 A1u       1  1  1  1  1  1  1  1  1  1  1  1  1  1  1  1  1  1  1  1  1  1  1  1 -1 -1 -1 -1 -1 -1 -1 -1 -1 -1 -1 -1 -1 -1 -1 -1 -1 -1 -1 -1 -1 -1 -1 -1                                       
 A2u       1  1  1  1  1  1  1  1  1 -1 -1 -1 -1 -1 -1 -1 -1 -1 -1 -1 -1  1  1  1 -1  1  1  1  1  1  1 -1 -1 -1 -1 -1 -1 -1 -1 -1 -1 -1  1  1  1  1  1  1                                       
 Eu        2 -1 -1 -1 -1 -1 -1 -1 -1  0  0  0  0  0  0  0  0  0  0  0  0  2  2  2 -2  0  0  0  0  0  0  1  1  1  1  1  1  1  1 -2 -2 -2  0  0  0  0  0  0                                       
 T1u(I)    3  0  0  0  0  0  0  0  0 -1 -1 -1 -1 -1 -1  1  1  1  1  1  1 -1 -1 -1 -3 -1 -1 -1 -1 -1 -1  0  0  0  0  0  0  0  0  1  1  1  1  1  1  1  1  1   (x,y,z)                             
 T2u       3  0  0  0  0  0  0  0  0  1  1  1  1  1  1 -1 -1 -1 -1 -1 -1 -1 -1 -1 -3  1  1  1  1  1  1  0  0  0  0  0  0  0  0  1  1  1 -1 -1 -1 -1 -1 -1                                       
 ------------------------------------------
    Wave vector= 0.0000  0.0000  0.0000    no macro. electric field
 Multi. Omega   Irreducible Representations
  3    -0.015     T1u(I)                                                                                                     
Notation: (R)  Raman active mode
          (I)  Infrared active mode
          (RI) Raman and Infrared active mode

Thermodynamic Properties
   for empirical formula Al

The following thermodynamic functions are obtained from the phonon
density of states within the harmonic approximation. The results are
meaningful only below the melting point, which lies well below 3000 K
for most materials.
Definitions:
      Cv            : vibrational heat capacity at constant volume
E_vib(T)=E(T)-E(0)  : the change in vibrational internal energy from 0 K, where
                        E(0) = E_elec + ZPE is the electronic energy of formation E_elec plus the zero point energy ZPE
      S(T)          : the vibrational entropy at temperature T
   -(A(T)-E(0))     : the change in the vibrational Helmholtz free energy from 0 K
      E(T)          : the electronic energy of formation plus the vibrational internal energy, so this term is
                        E_elec + ZPE + E_vib(T)
      A(T)          : the electronic plus vibrational Helmholtz free energy,
                        E(T) - T.S(T)
Note that the electronic energy, which is part of the enthalpy and free energies,
 is referenced to the elements in their standard state.

Electronic energy =    -0.03 kJ/mol (referenced to elements in the standard state)
          PV term =   -58.32 kJ/mol
Zero-point energy =     3.12 kJ/mol

    T       Cv       E(T)-E(0)      S(T)   -(A(T)-E(0))     E(T)        A(T)
    K     J/K/mol      kJ/mol     J/K/mol     kJ/mol       kJ/mol      kJ/mol
  ----- ----------- ----------- ----------- ----------- ----------- -----------
     0      0.0000      0.0000      0.0000      0.0000      3.0921      3.0921
     1      0.0000      0.0000      0.0000      0.0000      3.0921      3.0921
     2      0.0010      0.0000      0.0002      0.0000      3.0921      3.0921
     3      0.0039      0.0000      0.0011      0.0000      3.0921      3.0921
     4      0.0083      0.0000      0.0028      0.0000      3.0922      3.0921
     5      0.0145      0.0000      0.0053      0.0000      3.0922      3.0921
    10      0.0765      0.0002      0.0313      0.0001      3.0924      3.0921
    15      0.2090      0.0009      0.0842      0.0004      3.0930      3.0918
    20      0.4748      0.0025      0.1766      0.0010      3.0947      3.0912
    30      1.6351      0.0123      0.5584      0.0044      3.1045      3.0877
    40      3.5575      0.0378      1.2782      0.0133      3.1300      3.0788
    50      5.8422      0.0847      2.3145      0.0310      3.1768      3.0611
    60      8.1492      0.1547      3.5850      0.0604      3.2469      3.0318
    70     10.2913      0.2471      5.0049      0.1032      3.3393      2.9889
    80     12.1917      0.3597      6.5060      0.1607      3.4519      2.9314
    90     13.8362      0.4901      8.0394      0.2335      3.5822      2.8587
   100     15.2407      0.6357      9.5719      0.3215      3.7278      2.7706
   125     17.8917      1.0521     13.2777      0.6076      4.1442      2.4845
   150     19.6606      1.5229     16.7067      0.9831      4.6151      2.1091
   175     20.8697      2.0305     19.8339      1.4404      5.1226      1.6517
   200     21.7212      2.5634     22.6794      1.9724      5.6556      1.1197
   225     22.3384      3.1146     25.2753      2.5723      6.2067      0.5198
   250     22.7979      3.6791     27.6538      3.2343      6.7712     -0.1422
   273     23.1231      4.2073     29.6749      3.8939      7.2994     -0.8018
   275     23.1480      4.2536     29.8438      3.9534      7.3457     -0.8613
   298     23.4007      4.7890     31.7135      4.6616      7.8811     -1.5694
   300     23.4202      4.8358     31.8701      4.7252      7.9279     -1.6330
   350     23.8091      6.0172     35.5117      6.4118      9.1094     -3.3196
   400     24.0672      7.2145     38.7089      8.2689     10.3067     -5.1768
   450     24.2469      8.4226     41.5546     10.2768     11.5148     -7.1847
   500     24.3768      9.6384     44.1163     12.4196     12.7305     -9.3275
   550     24.4736     10.8598     46.4444     14.6845     13.9519    -11.5924
   600     24.5477     12.0854     48.5772     17.0608     15.1775    -13.9686
   650     24.6056     13.3142     50.5444     19.5395     16.4064    -16.4473
   700     24.6517     14.5457     52.3697     22.1128     17.6379    -19.0207
   750     24.6890     15.7793     54.0718     24.7743     18.8714    -21.6822
   800     24.7196     17.0145     55.6662     27.5182     20.1066    -24.4260
   850     24.7450     18.2511     57.1656     30.3393     21.3433    -27.2472
   900     24.7664     19.4889     58.5806     33.2333     22.5810    -30.1412
   950     24.7844     20.7277     59.9201     36.1961     23.8198    -33.1040
  1000     24.7999     21.9673     61.1918     39.2241     25.0594    -36.1320
  1050     24.8132     23.2076     62.4021     42.3142     26.2998    -39.2221
  1100     24.8247     24.4486     63.5567     45.4634     27.5407    -42.3713
  1150     24.8348     25.6901     64.6605     48.6690     28.7822    -45.5769
  1200     24.8437     26.9320     65.7176     51.9286     30.0242    -48.8365
  1250     24.8515     28.1744     66.7319     55.2400     31.2665    -52.1479
  1300     24.8584     29.4171     67.7068     58.6011     32.5093    -55.5090
  1350     24.8646     30.6602     68.6450     62.0100     33.7523    -58.9179
  1400     24.8701     31.9036     69.5494     65.4650     34.9957    -62.3729
  1450     24.8751     33.1472     70.4222     68.9644     36.2393    -65.8723
  1500     24.8796     34.3910     71.2656     72.5067     37.4832    -69.4146
  1550     24.8836     35.6351     72.0814     76.0905     38.7273    -72.9983
  1600     24.8873     36.8794     72.8715     79.7144     39.9715    -76.6222
  1650     24.8907     38.1238     73.6374     83.3772     41.2160    -80.2850
  1700     24.8937     39.3684     74.3805     87.0777     42.4606    -83.9856
  1750     24.8965     40.6132     75.1022     90.8148     43.7053    -87.7227
  1800     24.8991     41.8581     75.8036     94.5875     44.9502    -91.4954
  1850     24.9015     43.1031     76.4858     98.3948     46.1952    -95.3027
  1900     24.9037     44.3482     77.1499    102.2358     47.4403    -99.1436
  1950     24.9057     45.5934     77.7968    106.1095     48.6856   -103.0173
  2000     24.9076     46.8387     78.4274    110.0151     49.9309   -106.9230
  2100     24.9109     49.3297     79.6427    117.9190     52.4218   -114.8268
  2200     24.9138     51.8209     80.8017    125.9417     54.9130   -122.8495
  2300     24.9163     54.3124     81.9092    134.0776     57.4045   -130.9854
  2400     24.9186     56.8041     82.9697    142.3219     59.8962   -139.2297
  2500     24.9205     59.2960     83.9869    150.6700     62.3882   -147.5778
  2600     24.9223     61.7882     84.9643    159.1177     64.8803   -156.0256
  2700     24.9238     64.2805     85.9050    167.6615     67.3726   -164.5694
  2800     24.9252     66.7729     86.8114    176.2975     69.8651   -173.2054
  2900     24.9264     69.2655     87.6861    185.0226     72.3576   -181.9305
  3000     24.9276     71.7582     88.5312    193.8336     74.8503   -190.7415

Job completed on Fri 06 January 2017 at 18:58:46 æ±äº¬ (æ¨™æº–æ™‚) after 585 s (0:09:45)
