Startup is 'sourced'
Opening the database
Phonon calculation for Untitled

Phonon parameters
=================
The calculation explores the full Brillouin zone and accounts for an interaction range of about 10.0 Angstroem.
The asymmetric atoms are displaced by +/-0.02 Angstroem.

In a first step, need to run an optimization of atom positions for the supercell containing 32 atoms.
Then, need to run a total number of 2 single point energy calculations on supercells with displaced atoms containing 32 atoms.

      Supercell transformation matrix              Supercell lattice vectors
       2.00000    0.00000    0.00000             8.45075    0.00000    0.00000
       0.00000    2.00000    0.00000             0.00000    8.45075    0.00000
       0.00000    0.00000    2.00000             0.00000    0.00000    8.45075

     Supercell           Site        Displaced atom     Displacement (fractional units)
   ---------------    ----------     --------------     -------------------------------
  undisplaced           ----            ----             0.00000    0.00000    0.00000
  displaced_Ag__a       Ag              Ag               0.00237    0.00000    0.00000
  displaced_Ag__b       Ag              Ag              -0.00237    0.00000    0.00000

Invariance conditions are not enforced.
No approximation to LO/TO splitting
Properties: Phonon dispersion and form factors 
            Phonon density of states 
            Thermodynamic functions
==========================================


VASP parameters
===============
Since no magnetic moments are in the model, this is a non-magnetic calculation using 'accurate' precision
and a user-defined planewave cutoff energy of 600.000 eV.

The electronic iterations convergence is 1.00E-005 eV using the Very Fast (RMM-DIIS) algorithm
and reciprocal space projection operators.

The requested k-spacing is 0.1 per Angstrom, which leads to a 26x26x26 mesh.
This corresponds to actual k-spacings of 0.099 x 0.099 x 0.099 per Angstrom.

Using first order Methfessel-Paxton smearing with a width of 0.2 eV.

Other non-default parameters:
	Extrafine augmentation grid for accurate forces is TRUE
	Algorithm is Very Fast (RMM-DIIS)
	Wave functions is TRUE
==========================================

------------------------------------------------------------------------

Results for initial structural minimization of the supercell without displacements:
--------------------------------------------------------------------------------------

There are 20 symmetry-unique k-points
The plane wave cutoff is 600.00 eV

   VASP energy:             -90.177415 eV for Ag32

   Initial VASP energy:     -90.177415 eV for Ag32
   Relaxation energy:         0.000000 eV gained after 1 optimization steps.

Electronic contributions:
                          Empirical Formula          Cell
                                    Ag          (Ag)32
                          --------------- ---------------
              VASP Energy        -271.900       -8700.796 kJ/mol
      Energy of formation           0.926          29.640
                  PV term         -39.967       -1278.952

   This is the electronic part of the formation energy with respect to the
   elements in their standard state. It is obtained from the total energy (above)
   and tabulated VASP energies for the elements in their standard state.
   See the documentation for more details.

   Details for Ag:
                                             VASP energy (Etot):     -271.90 kJ/mol
       Standard state energy of 1.00 atoms of Ag  1.00 * -272.83:  -  -272.83
                                                                   ----------
                                        Energy of formation (Ef):        0.93 kJ/mol


Cell parameters:
 Parameter    Value    
---------- ------------
         a     8.450753
         b     8.450753
         c     8.450753
     alpha    89.999999
      beta    89.999999
     gamma    89.999999

    Volume    75.439045 Ang^3

        Density:     9.497 Mg/m^3

   The pressure given below is exerted by the system according to its volume.
   Positive pressure would cause expansion during full geometry optimization.
       Pressure:    -3.519 GPa
               =   -35.190 kbar

                      XX        YY        ZZ        XY        YZ        ZX
         Stress:     3.519     3.519     3.519     0.000     0.000     0.000 GPa
               =    35.190    35.190    35.190     0.000     0.000     0.000 kbar
   The stress tensor above is imposed on the system, i.e. negative values of diagonal components 
   would cause expansion of the corresponding lattice parameter upon full geometry optimization.
   The pressure and stress include only electronic terms, i.e. the vibrational,
   temperature and other terms are not included here.

Fractional Coordinates:
	Atom          Initial Coordinates             Final Coordinates
	-----      -------- -------- --------      -------- -------- --------
	Ag           0.7500   0.7500   0.5000        0.7500   0.7500   0.5000
	Ag           0.7500   0.7500   0.0000        0.7500   0.7500   0.0000
	Ag           0.7500   0.0000   0.2500        0.7500   0.0000   0.2500
	Ag           0.7500   0.2500   0.5000        0.7500   0.2500   0.5000
	Ag           0.0000   0.7500   0.2500        0.0000   0.7500   0.2500
	Ag           0.0000   0.0000   0.5000        0.0000   0.0000   0.5000
	Ag           0.2500   0.7500   0.5000        0.2500   0.7500   0.5000
	Ag           0.7500   0.0000   0.7500        0.7500   0.0000   0.7500
	Ag           0.7500   0.2500   0.0000        0.7500   0.2500   0.0000
	Ag           0.7500   0.5000   0.2500        0.7500   0.5000   0.2500
	Ag           0.0000   0.7500   0.7500        0.0000   0.7500   0.7500
	Ag           0.0000   0.0000   0.0000        0.0000   0.0000   0.0000
	Ag           0.0000   0.2500   0.2500        0.0000   0.2500   0.2500
	Ag           0.0000   0.5000   0.5000        0.0000   0.5000   0.5000
	Ag           0.2500   0.7500   0.0000        0.2500   0.7500   0.0000
	Ag           0.2500   0.0000   0.2500        0.2500   0.0000   0.2500
	Ag           0.2500   0.2500   0.5000        0.2500   0.2500   0.5000
	Ag           0.5000   0.7500   0.2500        0.5000   0.7500   0.2500
	Ag           0.5000   0.0000   0.5000        0.5000   0.0000   0.5000
	Ag           0.7500   0.5000   0.7500        0.7500   0.5000   0.7500
	Ag           0.0000   0.2500   0.7500        0.0000   0.2500   0.7500
	Ag           0.0000   0.5000   0.0000        0.0000   0.5000   0.0000
	Ag           0.2500   0.0000   0.7500        0.2500   0.0000   0.7500
	Ag           0.2500   0.2500   0.0000        0.2500   0.2500   0.0000
	Ag           0.2500   0.5000   0.2500        0.2500   0.5000   0.2500
	Ag           0.5000   0.7500   0.7500        0.5000   0.7500   0.7500
	Ag           0.5000   0.0000   0.0000        0.5000   0.0000   0.0000
	Ag           0.5000   0.2500   0.2500        0.5000   0.2500   0.2500
	Ag           0.5000   0.5000   0.5000        0.5000   0.5000   0.5000
	Ag           0.2500   0.5000   0.7500        0.2500   0.5000   0.7500
	Ag           0.5000   0.2500   0.7500        0.5000   0.2500   0.7500
	Ag           0.5000   0.5000   0.0000        0.5000   0.5000   0.0000

Results for supercell calculations:
------------------------------------------------------------------------
	        Supercell         Energy (eV)
	      -------------      -------------
	        undisplaced       -90.17741
	     displaced_Ag__a      -90.17672
	     displaced_Ag__b      -90.17672


Symmetry analysis of Gamma point phonon frequencies:
----------------------------------------------------
   Crystal  Point  Group: O_h   (m3m) 
   Supercell Point Group: O_h   (m3m) 
    Table of irreducible representations of point group:
 ------------------------------------------
    IR     1  5  7  9 11  6  8 10 12 13 16 17 18 21 23 14 15 19 20 22 24  2  3  4 25 38 39 43 44 46 48 29 30 31 32 33 34 35 36 26 27 28 37 40 41 42 45 47
 ------------------------------------------
 A1g(R)    1  1  1  1  1  1  1  1  1  1  1  1  1  1  1  1  1  1  1  1  1  1  1  1  1  1  1  1  1  1  1  1  1  1  1  1  1  1  1  1  1  1  1  1  1  1  1  1   x^2+y^2+z^2                         
 A2g       1  1  1  1  1  1  1  1  1 -1 -1 -1 -1 -1 -1 -1 -1 -1 -1 -1 -1  1  1  1  1 -1 -1 -1 -1 -1 -1  1  1  1  1  1  1  1  1  1  1  1 -1 -1 -1 -1 -1 -1                                       
 Eg(R)     2 -1 -1 -1 -1 -1 -1 -1 -1  0  0  0  0  0  0  0  0  0  0  0  0  2  2  2  2  0  0  0  0  0  0 -1 -1 -1 -1 -1 -1 -1 -1  2  2  2  0  0  0  0  0  0   (2z^2-x^2-y^2, x^2-y^2)             
 T1g       3  0  0  0  0  0  0  0  0 -1 -1 -1 -1 -1 -1  1  1  1  1  1  1 -1 -1 -1  3  1  1  1  1  1  1  0  0  0  0  0  0  0  0 -1 -1 -1 -1 -1 -1 -1 -1 -1                                       
 T2g(R)    3  0  0  0  0  0  0  0  0  1  1  1  1  1  1 -1 -1 -1 -1 -1 -1 -1 -1 -1  3 -1 -1 -1 -1 -1 -1  0  0  0  0  0  0  0  0 -1 -1 -1  1  1  1  1  1  1   (xy,xz,yz)                          
 A1u       1  1  1  1  1  1  1  1  1  1  1  1  1  1  1  1  1  1  1  1  1  1  1  1 -1 -1 -1 -1 -1 -1 -1 -1 -1 -1 -1 -1 -1 -1 -1 -1 -1 -1 -1 -1 -1 -1 -1 -1                                       
 A2u       1  1  1  1  1  1  1  1  1 -1 -1 -1 -1 -1 -1 -1 -1 -1 -1 -1 -1  1  1  1 -1  1  1  1  1  1  1 -1 -1 -1 -1 -1 -1 -1 -1 -1 -1 -1  1  1  1  1  1  1                                       
 Eu        2 -1 -1 -1 -1 -1 -1 -1 -1  0  0  0  0  0  0  0  0  0  0  0  0  2  2  2 -2  0  0  0  0  0  0  1  1  1  1  1  1  1  1 -2 -2 -2  0  0  0  0  0  0                                       
 T1u(I)    3  0  0  0  0  0  0  0  0 -1 -1 -1 -1 -1 -1  1  1  1  1  1  1 -1 -1 -1 -3 -1 -1 -1 -1 -1 -1  0  0  0  0  0  0  0  0  1  1  1  1  1  1  1  1  1   (x,y,z)                             
 T2u       3  0  0  0  0  0  0  0  0  1  1  1  1  1  1 -1 -1 -1 -1 -1 -1 -1 -1 -1 -3  1  1  1  1  1  1  0  0  0  0  0  0  0  0  1  1  1 -1 -1 -1 -1 -1 -1                                       
 ------------------------------------------
    Wave vector= 0.0000  0.0000  0.0000    no macro. electric field
 Multi. Omega   Irreducible Representations
  3    -0.013     T1u(I)                                                                                                     
Notation: (R)  Raman active mode
          (I)  Infrared active mode
          (RI) Raman and Infrared active mode

Thermodynamic Properties
   for empirical formula Ag

The following thermodynamic functions are obtained from the phonon
density of states within the harmonic approximation. The results are
meaningful only below the melting point, which lies well below 3000 K
for most materials.
Definitions:
      Cv            : vibrational heat capacity at constant volume
E_vib(T)=E(T)-E(0)  : the change in vibrational internal energy from 0 K, where
                        E(0) = E_elec + ZPE is the electronic energy of formation E_elec plus the zero point energy ZPE
      S(T)          : the vibrational entropy at temperature T
   -(A(T)-E(0))     : the change in the vibrational Helmholtz free energy from 0 K
      E(T)          : the electronic energy of formation plus the vibrational internal energy, so this term is
                        E_elec + ZPE + E_vib(T)
      A(T)          : the electronic plus vibrational Helmholtz free energy,
                        E(T) - T.S(T)
Note that the electronic energy, which is part of the enthalpy and free energies,
 is referenced to the elements in their standard state.

Electronic energy =     0.93 kJ/mol (referenced to elements in the standard state)
          PV term =   -39.97 kJ/mol
Zero-point energy =     1.62 kJ/mol

    T       Cv       E(T)-E(0)      S(T)   -(A(T)-E(0))     E(T)        A(T)
    K     J/K/mol      kJ/mol     J/K/mol     kJ/mol       kJ/mol      kJ/mol
  ----- ----------- ----------- ----------- ----------- ----------- -----------
     0      0.0000      0.0000      0.0000      0.0000      2.5433      2.5433
     1      0.0001      0.0000      0.0000      0.0000      2.5433      2.5433
     2      0.0026      0.0000      0.0006      0.0000      2.5433      2.5433
     3      0.0095      0.0000      0.0028      0.0000      2.5433      2.5433
     4      0.0206      0.0000      0.0070      0.0000      2.5433      2.5432
     5      0.0365      0.0001      0.0132      0.0000      2.5433      2.5432
    10      0.2804      0.0007      0.0913      0.0002      2.5439      2.5430
    15      1.1973      0.0040      0.3489      0.0012      2.5473      2.5420
    20      2.9238      0.0140      0.9137      0.0042      2.5573      2.5390
    30      7.4145      0.0654      2.9330      0.0226      2.6086      2.5206
    40     11.5597      0.1610      5.6546      0.0652      2.7042      2.4780
    50     14.7405      0.2933      8.5938      0.1364      2.8365      2.4068
    60     17.0543      0.4529     11.4973      0.2370      2.9961      2.3063
    70     18.7275      0.6322     14.2587      0.3659      3.1755      2.1774
    80     19.9516      0.8259     16.8435      0.5215      3.3692      2.0217
    90     20.8633      1.0302     19.2486      0.7022      3.5735      1.8411
   100     21.5554      1.2425     21.4842      0.9060      3.7857      1.6373
   125     22.6884      1.7969     26.4283      1.5066      4.3401      1.0366
   150     23.3429      2.3730     30.6277      2.2212      4.9162      0.3221
   175     23.7518      2.9620     34.2591      3.0333      5.5053     -0.4900
   200     24.0231      3.5594     37.4495      3.9304      6.1027     -1.3872
   225     24.2119      4.1625     40.2906      4.9028      6.7057     -2.3596
   250     24.3484      4.7696     42.8490      5.9426      7.3128     -3.3994
   273     24.4430      5.3307     44.9962      6.9532      7.8740     -4.4099
   275     24.4501      5.3796     45.1746      7.0433      7.9229     -4.5001
   298     24.5224      5.9428     47.1415      8.1053      8.4861     -5.5620
   300     24.5279      5.9919     47.3055      8.1997      8.5351     -5.6565
   350     24.6372      7.2212     51.0954     10.6621      9.7645     -8.1188
   400     24.7085      8.4550     54.3902     13.3010     10.9982    -10.7577
   450     24.7576      9.6917     57.3034     16.0947     12.2349    -13.5515
   500     24.7928     10.9305     59.9138     19.0263     13.4737    -16.4830
   550     24.8189     12.1708     62.2781     22.0820     14.7140    -19.5387
   600     24.8387     13.4122     64.4385     25.2506     15.9555    -22.7074
   650     24.8542     14.6546     66.4273     28.5229     17.1978    -25.9797
   700     24.8665     15.8976     68.2697     31.8909     18.4408    -29.3476
   750     24.8764     17.1412     69.9856     35.3477     19.6844    -32.8045
   800     24.8846     18.3852     71.5914     38.8876     20.9284    -36.3443
   850     24.8913     19.6296     73.1002     42.5052     22.1728    -39.9620
   900     24.8970     20.8743     74.5231     46.1961     23.4175    -43.6529
   950     24.9017     22.1192     75.8694     49.9562     24.6625    -47.4130
  1000     24.9058     23.3644     77.1468     53.7819     25.9077    -51.2386
  1050     24.9093     24.6098     78.3620     57.6698     27.1531    -55.1266
  1100     24.9124     25.8553     79.5209     61.6171     28.3986    -59.0738
  1150     24.9151     27.1010     80.6283     65.6210     29.6443    -63.0777
  1200     24.9174     28.3468     81.6888     69.6791     30.8901    -67.1358
  1250     24.9194     29.5927     82.7060     73.7891     32.1360    -71.2458
  1300     24.9213     30.8388     83.6834     77.9490     33.3820    -75.4057
  1350     24.9229     32.0848     84.6239     82.1568     34.6281    -79.6135
  1400     24.9244     33.3310     85.5304     86.4107     35.8743    -83.8675
  1450     24.9257     34.5773     86.4050     90.7092     37.1205    -88.1660
  1500     24.9269     35.8236     87.2501     95.0507     38.3668    -92.5074
  1550     24.9279     37.0699     88.0674     99.4337     39.6132    -96.8905
  1600     24.9289     38.3164     88.8589    103.8569     40.8596   -101.3136
  1650     24.9298     39.5628     89.6260    108.3192     42.1061   -105.7759
  1700     24.9306     40.8093     90.3702    112.8191     43.3526   -110.2759
  1750     24.9313     42.0559     91.0929    117.3558     44.5991   -114.8125
  1800     24.9320     43.3024     91.7953    121.9280     45.8457   -119.3848
  1850     24.9326     44.5490     92.4784    126.5349     47.0923   -123.9917
  1900     24.9332     45.7957     93.1433    131.1755     48.3389   -128.6322
  1950     24.9337     47.0423     93.7909    135.8488     49.5856   -133.3056
  2000     24.9342     48.2890     94.4223    140.5542     50.8323   -138.0110
  2100     24.9351     50.7825     95.6388    150.0577     53.3257   -147.5145
  2200     24.9359     53.2760     96.7988    159.6800     55.8193   -157.1368
  2300     24.9365     55.7696     97.9072    169.4157     58.3129   -166.8724
  2400     24.9371     58.2633     98.9686    179.2598     60.8066   -176.7165
  2500     24.9376     60.7570     99.9866    189.2078     63.3003   -186.6646
  2600     24.9381     63.2508    100.9646    199.2556     65.7940   -196.7123
  2700     24.9385     65.7446    101.9058    209.3994     68.2879   -206.8561
  2800     24.9389     68.2385    102.8128    219.6355     70.7817   -217.0923
  2900     24.9392     70.7323    103.6880    229.9607     73.2756   -227.4174
  3000     24.9395     73.2263    104.5334    240.3719     75.7695   -237.8287

Job completed on Tue 24 January 2017 at 14:38:21 æ±äº¬ (æ¨™æº–æ™‚) after 4659 s (1:17:39)
