       N       E                     dE             d eps       ncg     rms          rms(c)
RMM:   1     0.394721492415E+04    0.39472E+04   -0.16160E+05  4240   0.168E+03
RMM:   2     0.847130092534E+03   -0.31001E+04   -0.34340E+04  4240   0.408E+02
RMM:   3     0.198832207014E+03   -0.64830E+03   -0.70166E+03  4240   0.159E+02
RMM:   4    -0.330770897581E+01   -0.20214E+03   -0.15003E+03  4240   0.752E+01
RMM:   5    -0.725290629083E+02   -0.69221E+02   -0.41780E+02  4240   0.464E+01
RMM:   6    -0.882104347993E+02   -0.15681E+02   -0.10896E+02  4240   0.233E+01
RMM:   7    -0.915963858305E+02   -0.33860E+01   -0.27164E+01  4240   0.132E+01
RMM:   8    -0.923288928200E+02   -0.73251E+00   -0.68099E+00  4240   0.617E+00
RMM:   9    -0.925681138636E+02   -0.23922E+00   -0.22381E+00  8479   0.332E+00
RMM:  10    -0.925903026328E+02   -0.22189E-01   -0.20747E-01  8486   0.484E-01
RMM:  11    -0.925911651123E+02   -0.86248E-03   -0.77369E-03  8220   0.231E-01
RMM:  12    -0.925912499052E+02   -0.84793E-04   -0.81635E-04  7181   0.216E-02    0.134E+01
RMM:  13    -0.873010086107E+02    0.52902E+01   -0.22928E+01  8480   0.152E+01    0.261E+00
RMM:  14    -0.872265784021E+02    0.74430E-01   -0.34214E-01  8480   0.110E+00    0.150E+00
RMM:  15    -0.871888916166E+02    0.37687E-01   -0.57822E-02  8480   0.103E+00    0.264E-01
RMM:  16    -0.871888397455E+02    0.51871E-04   -0.23222E-02  8480   0.438E-01    0.156E-01
RMM:  17    -0.871880503792E+02    0.78937E-03   -0.99201E-04  8480   0.105E-01    0.389E-02
RMM:  18    -0.871879955257E+02    0.54854E-04   -0.19737E-04  8451   0.416E-02    0.336E-03
RMM:  19    -0.871879911052E+02    0.44205E-05   -0.34790E-06  4198   0.303E-03
   1 F= -.87187991E+02 E0= -.87183169E+02  d E =-.871880E+02
