Startup is 'sourced'
Opening the database
Phonon calculation for Untitled_1

Phonon parameters
=================
The calculation explores the full Brillouin zone and accounts for an interaction range of about 10.0 Angstroem.
The asymmetric atoms are displaced by +/-0.02 Angstroem.

In a first step, need to run an optimization of atom positions for the supercell containing 32 atoms.
Then, need to run a total number of 2 single point energy calculations on supercells with displaced atoms containing 32 atoms.

      Supercell transformation matrix              Supercell lattice vectors
       2.00000    0.00000    0.00000             8.50286    0.00000    0.00000
       0.00000    2.00000    0.00000             0.00000    8.50286    0.00000
       0.00000    0.00000    2.00000             0.00000    0.00000    8.50286

     Supercell           Site        Displaced atom     Displacement (fractional units)
   ---------------    ----------     --------------     -------------------------------
  undisplaced           ----            ----             0.00000    0.00000    0.00000
  displaced_Au__a       Au              Au               0.00235    0.00000    0.00000
  displaced_Au__b       Au              Au              -0.00235    0.00000    0.00000

Invariance conditions are not enforced.
No approximation to LO/TO splitting
Properties: Phonon dispersion and form factors 
            Phonon density of states 
            Thermodynamic functions
==========================================


VASP parameters
===============
Since no magnetic moments are in the model, this is a non-magnetic calculation using 'accurate' precision
and a user-defined planewave cutoff energy of 600.000 eV.

The electronic iterations convergence is 1.00E-005 eV using the Very Fast (RMM-DIIS) algorithm
and reciprocal space projection operators.

The requested k-spacing is 0.1 per Angstrom, which leads to a 26x26x26 mesh.
This corresponds to actual k-spacings of 0.098 x 0.098 x 0.098 per Angstrom.

Using first order Methfessel-Paxton smearing with a width of 0.2 eV.

Other non-default parameters:
	Extrafine augmentation grid for accurate forces is TRUE
	Algorithm is Very Fast (RMM-DIIS)
	Wave functions is TRUE
==========================================

------------------------------------------------------------------------

Results for initial structural minimization of the supercell without displacements:
--------------------------------------------------------------------------------------

There are 20 symmetry-unique k-points
The plane wave cutoff is 600.00 eV

   VASP energy:            -103.990430 eV for Au32

   Initial VASP energy:    -103.990430 eV for Au32
   Relaxation energy:         0.000000 eV gained after 1 optimization steps.

Electronic contributions:
                          Empirical Formula          Cell
                                    Au          (Au)32
                          --------------- ---------------
              VASP Energy        -313.548      -10033.549 kJ/mol
      Energy of formation           2.123          67.947
                  PV term         -74.411       -2381.157

   This is the electronic part of the formation energy with respect to the
   elements in their standard state. It is obtained from the total energy (above)
   and tabulated VASP energies for the elements in their standard state.
   See the documentation for more details.

   Details for Au:
                                             VASP energy (Etot):     -313.55 kJ/mol
       Standard state energy of 1.00 atoms of Au  1.00 * -315.67:  -  -315.67
                                                                   ----------
                                        Energy of formation (Ef):        2.12 kJ/mol


Cell parameters:
 Parameter    Value    
---------- ------------
         a     8.502857
         b     8.502857
         c     8.502857
     alpha    89.999999
      beta    89.999999
     gamma    89.999999

    Volume    76.843052 Ang^3

        Density:    17.025 Mg/m^3

   The pressure given below is exerted by the system according to its volume.
   Positive pressure would cause expansion during full geometry optimization.
       Pressure:    -6.432 GPa
               =   -64.320 kbar

                      XX        YY        ZZ        XY        YZ        ZX
         Stress:     6.432     6.432     6.432     0.000     0.000     0.000 GPa
               =    64.320    64.320    64.320     0.000     0.000     0.000 kbar
   The stress tensor above is imposed on the system, i.e. negative values of diagonal components 
   would cause expansion of the corresponding lattice parameter upon full geometry optimization.
   The pressure and stress include only electronic terms, i.e. the vibrational,
   temperature and other terms are not included here.

Fractional Coordinates:
	Atom          Initial Coordinates             Final Coordinates
	-----      -------- -------- --------      -------- -------- --------
	Au           0.7500   0.7500   0.5000        0.7500   0.7500   0.5000
	Au           0.7500   0.7500   0.0000        0.7500   0.7500   0.0000
	Au           0.7500   0.0000   0.2500        0.7500   0.0000   0.2500
	Au           0.7500   0.2500   0.5000        0.7500   0.2500   0.5000
	Au           0.0000   0.7500   0.2500        0.0000   0.7500   0.2500
	Au           0.0000   0.0000   0.5000        0.0000   0.0000   0.5000
	Au           0.2500   0.7500   0.5000        0.2500   0.7500   0.5000
	Au           0.7500   0.0000   0.7500        0.7500   0.0000   0.7500
	Au           0.7500   0.2500   0.0000        0.7500   0.2500   0.0000
	Au           0.7500   0.5000   0.2500        0.7500   0.5000   0.2500
	Au           0.0000   0.7500   0.7500        0.0000   0.7500   0.7500
	Au           0.0000   0.0000   0.0000        0.0000   0.0000   0.0000
	Au           0.0000   0.2500   0.2500        0.0000   0.2500   0.2500
	Au           0.0000   0.5000   0.5000        0.0000   0.5000   0.5000
	Au           0.2500   0.7500   0.0000        0.2500   0.7500   0.0000
	Au           0.2500   0.0000   0.2500        0.2500   0.0000   0.2500
	Au           0.2500   0.2500   0.5000        0.2500   0.2500   0.5000
	Au           0.5000   0.7500   0.2500        0.5000   0.7500   0.2500
	Au           0.5000   0.0000   0.5000        0.5000   0.0000   0.5000
	Au           0.7500   0.5000   0.7500        0.7500   0.5000   0.7500
	Au           0.0000   0.2500   0.7500        0.0000   0.2500   0.7500
	Au           0.0000   0.5000   0.0000        0.0000   0.5000   0.0000
	Au           0.2500   0.0000   0.7500        0.2500   0.0000   0.7500
	Au           0.2500   0.2500   0.0000        0.2500   0.2500   0.0000
	Au           0.2500   0.5000   0.2500        0.2500   0.5000   0.2500
	Au           0.5000   0.7500   0.7500        0.5000   0.7500   0.7500
	Au           0.5000   0.0000   0.0000        0.5000   0.0000   0.0000
	Au           0.5000   0.2500   0.2500        0.5000   0.2500   0.2500
	Au           0.5000   0.5000   0.5000        0.5000   0.5000   0.5000
	Au           0.2500   0.5000   0.7500        0.2500   0.5000   0.7500
	Au           0.5000   0.2500   0.7500        0.5000   0.2500   0.7500
	Au           0.5000   0.5000   0.0000        0.5000   0.5000   0.0000

Results for supercell calculations:
------------------------------------------------------------------------
	        Supercell         Energy (eV)
	      -------------      -------------
	        undisplaced      -103.99043
	     displaced_Au__a     -103.98973
	     displaced_Au__b     -103.98973


Symmetry analysis of Gamma point phonon frequencies:
----------------------------------------------------
   Crystal  Point  Group: O_h   (m3m) 
   Supercell Point Group: O_h   (m3m) 
    Table of irreducible representations of point group:
 ------------------------------------------
    IR     1  5  7  9 11  6  8 10 12 13 16 17 18 21 23 14 15 19 20 22 24  2  3  4 25 38 39 43 44 46 48 29 30 31 32 33 34 35 36 26 27 28 37 40 41 42 45 47
 ------------------------------------------
 A1g(R)    1  1  1  1  1  1  1  1  1  1  1  1  1  1  1  1  1  1  1  1  1  1  1  1  1  1  1  1  1  1  1  1  1  1  1  1  1  1  1  1  1  1  1  1  1  1  1  1   x^2+y^2+z^2                         
 A2g       1  1  1  1  1  1  1  1  1 -1 -1 -1 -1 -1 -1 -1 -1 -1 -1 -1 -1  1  1  1  1 -1 -1 -1 -1 -1 -1  1  1  1  1  1  1  1  1  1  1  1 -1 -1 -1 -1 -1 -1                                       
 Eg(R)     2 -1 -1 -1 -1 -1 -1 -1 -1  0  0  0  0  0  0  0  0  0  0  0  0  2  2  2  2  0  0  0  0  0  0 -1 -1 -1 -1 -1 -1 -1 -1  2  2  2  0  0  0  0  0  0   (2z^2-x^2-y^2, x^2-y^2)             
 T1g       3  0  0  0  0  0  0  0  0 -1 -1 -1 -1 -1 -1  1  1  1  1  1  1 -1 -1 -1  3  1  1  1  1  1  1  0  0  0  0  0  0  0  0 -1 -1 -1 -1 -1 -1 -1 -1 -1                                       
 T2g(R)    3  0  0  0  0  0  0  0  0  1  1  1  1  1  1 -1 -1 -1 -1 -1 -1 -1 -1 -1  3 -1 -1 -1 -1 -1 -1  0  0  0  0  0  0  0  0 -1 -1 -1  1  1  1  1  1  1   (xy,xz,yz)                          
 A1u       1  1  1  1  1  1  1  1  1  1  1  1  1  1  1  1  1  1  1  1  1  1  1  1 -1 -1 -1 -1 -1 -1 -1 -1 -1 -1 -1 -1 -1 -1 -1 -1 -1 -1 -1 -1 -1 -1 -1 -1                                       
 A2u       1  1  1  1  1  1  1  1  1 -1 -1 -1 -1 -1 -1 -1 -1 -1 -1 -1 -1  1  1  1 -1  1  1  1  1  1  1 -1 -1 -1 -1 -1 -1 -1 -1 -1 -1 -1  1  1  1  1  1  1                                       
 Eu        2 -1 -1 -1 -1 -1 -1 -1 -1  0  0  0  0  0  0  0  0  0  0  0  0  2  2  2 -2  0  0  0  0  0  0  1  1  1  1  1  1  1  1 -2 -2 -2  0  0  0  0  0  0                                       
 T1u(I)    3  0  0  0  0  0  0  0  0 -1 -1 -1 -1 -1 -1  1  1  1  1  1  1 -1 -1 -1 -3 -1 -1 -1 -1 -1 -1  0  0  0  0  0  0  0  0  1  1  1  1  1  1  1  1  1   (x,y,z)                             
 T2u       3  0  0  0  0  0  0  0  0  1  1  1  1  1  1 -1 -1 -1 -1 -1 -1 -1 -1 -1 -3  1  1  1  1  1  1  0  0  0  0  0  0  0  0  1  1  1 -1 -1 -1 -1 -1 -1                                       
 ------------------------------------------
    Wave vector= 0.0000  0.0000  0.0000    no macro. electric field
 Multi. Omega   Irreducible Representations
  3     0.012     T1u(I)                                                                                                     
Notation: (R)  Raman active mode
          (I)  Infrared active mode
          (RI) Raman and Infrared active mode

Thermodynamic Properties
   for empirical formula Au

The following thermodynamic functions are obtained from the phonon
density of states within the harmonic approximation. The results are
meaningful only below the melting point, which lies well below 3000 K
for most materials.
Definitions:
      Cv            : vibrational heat capacity at constant volume
E_vib(T)=E(T)-E(0)  : the change in vibrational internal energy from 0 K, where
                        E(0) = E_elec + ZPE is the electronic energy of formation E_elec plus the zero point energy ZPE
      S(T)          : the vibrational entropy at temperature T
   -(A(T)-E(0))     : the change in the vibrational Helmholtz free energy from 0 K
      E(T)          : the electronic energy of formation plus the vibrational internal energy, so this term is
                        E_elec + ZPE + E_vib(T)
      A(T)          : the electronic plus vibrational Helmholtz free energy,
                        E(T) - T.S(T)
Note that the electronic energy, which is part of the enthalpy and free energies,
 is referenced to the elements in their standard state.

Electronic energy =     2.12 kJ/mol (referenced to elements in the standard state)
          PV term =   -74.41 kJ/mol
Zero-point energy =     1.16 kJ/mol

    T       Cv       E(T)-E(0)      S(T)   -(A(T)-E(0))     E(T)        A(T)
    K     J/K/mol      kJ/mol     J/K/mol     kJ/mol       kJ/mol      kJ/mol
  ----- ----------- ----------- ----------- ----------- ----------- -----------
     0      0.0000      0.0000      0.0000      0.0000      3.2830      3.2830
     1      0.0026      0.0000      0.0006      0.0000      3.2830      3.2830
     2      0.0191      0.0000      0.0066      0.0000      3.2830      3.2830
     3      0.0508      0.0000      0.0198      0.0000      3.2830      3.2830
     4      0.1018      0.0001      0.0409      0.0000      3.2831      3.2829
     5      0.1820      0.0003      0.0715      0.0001      3.2832      3.2829
    10      1.4915      0.0037      0.4995      0.0013      3.2867      3.2817
    15      4.2172      0.0176      1.5909      0.0062      3.3006      3.2768
    20      7.2783      0.0464      3.2248      0.0181      3.3294      3.2649
    30     12.5335      0.1468      7.2229      0.0699      3.4298      3.2131
    40     16.1858      0.2916     11.3643      0.1630      3.5746      3.1200
    50     18.5934      0.4663     15.2534      0.2963      3.7493      2.9867
    60     20.1920      0.6608     18.7943      0.4669      3.9438      2.8161
    70     21.2820      0.8685     21.9939      0.6711      4.1515      2.6119
    80     22.0486      1.0854     24.8886      0.9057      4.3684      2.3773
    90     22.6038      1.3088     27.5193      1.1680      4.5918      2.1150
   100     23.0169      1.5370     29.9232      1.4553      4.8200      1.8276
   125     23.6782      2.1215     35.1379      2.2707      5.4045      1.0123
   150     24.0522      2.7185     39.4910      3.2051      6.0015      0.0779
   175     24.2829      3.3229     43.2173      4.2401      6.6059     -0.9571
   200     24.4349      3.9320     46.4704      5.3620      7.2150     -2.0790
   225     24.5400      4.5443     49.3548      6.5605      7.8273     -3.2775
   250     24.6157      5.1588     51.9445      7.8273      8.4418     -4.5443
   273     24.6681      5.7256     54.1133      9.0473      9.0085     -5.7643
   275     24.6721      5.7749     54.2934      9.1557      9.0579     -5.8727
   298     24.7120      6.3428     56.2768     10.4275      9.6258     -7.1446
   300     24.7150      6.3923     56.4421     10.5403      9.6752     -7.2573
   350     24.7753      7.6296     60.2568     13.4601     10.9126    -10.1771
   400     24.8145      8.8694     63.5678     16.5575     12.1524    -13.2746
   450     24.8415     10.1108     66.4922     19.8104     13.3938    -16.5275
   500     24.8608     11.3534     69.1105     23.2016     14.6364    -19.9186
   550     24.8751     12.5968     71.4807     26.7173     15.8798    -23.4343
   600     24.8860     13.8409     73.6456     30.3462     17.1239    -27.0633
   650     24.8945     15.0854     75.6379     34.0790     18.3684    -30.7960
   700     24.9012     16.3303     77.4831     37.9075     19.6133    -34.6246
   750     24.9066     17.5755     79.2013     41.8251     20.8584    -38.5421
   800     24.9111     18.8209     80.8088     45.8258     22.1039    -42.5428
   850     24.9148     20.0665     82.3192     49.9043     23.3495    -46.6213
   900     24.9179     21.3123     83.7433     54.0562     24.5953    -50.7732
   950     24.9205     22.5583     85.0906     58.2773     25.8413    -54.9943
  1000     24.9227     23.8044     86.3690     62.5641     27.0874    -59.2811
  1050     24.9246     25.0506     87.5850     66.9131     28.3335    -63.6301
  1100     24.9263     26.2968     88.7445     71.3216     29.5798    -68.0386
  1150     24.9278     27.5432     89.8526     75.7867     30.8262    -72.5037
  1200     24.9290     28.7896     90.9135     80.3060     32.0726    -77.0230
  1250     24.9302     30.0360     91.9312     84.8773     33.3190    -81.5943
  1300     24.9312     31.2826     92.9090     89.4984     34.5656    -86.2154
  1350     24.9321     32.5291     93.8500     94.1675     35.8121    -90.8845
  1400     24.9329     33.7758     94.7567     98.8828     37.0588    -95.5998
  1450     24.9336     35.0224     95.6316    103.6426     38.3054   -100.3596
  1500     24.9342     36.2691     96.4769    108.4453     39.5521   -105.1623
  1550     24.9348     37.5158     97.2945    113.2897     40.7988   -110.0068
  1600     24.9353     38.7626     98.0861    118.1743     42.0456   -114.8913
  1650     24.9358     40.0093     98.8535    123.0979     43.2923   -119.8149
  1700     24.9363     41.2561     99.5979    128.0592     44.5391   -124.7762
  1750     24.9367     42.5030    100.3207    133.0573     45.7859   -129.7743
  1800     24.9370     43.7498    101.0232    138.0909     47.0328   -134.8079
  1850     24.9374     44.9966    101.7065    143.1592     48.2796   -139.8762
  1900     24.9377     46.2435    102.3715    148.2611     49.5265   -144.9781
  1950     24.9380     47.4904    103.0193    153.3960     50.7734   -150.1130
  2000     24.9382     48.7373    103.6507    158.5628     52.0203   -155.2798
  2100     24.9387     51.2311    104.8674    168.9891     54.5141   -165.7061
  2200     24.9391     53.7250    106.0276    179.5342     57.0080   -176.2513
  2300     24.9395     56.2189    107.1361    190.1928     59.5019   -186.9098
  2400     24.9398     58.7129    108.1976    200.9598     61.9959   -197.6768
  2500     24.9401     61.2069    109.2157    211.8307     64.4899   -208.5477
  2600     24.9404     63.7009    110.1939    222.8014     66.9839   -219.5185
  2700     24.9406     66.1949    111.1352    233.8681     69.4779   -230.5851
  2800     24.9408     68.6890    112.0422    245.0272     71.9719   -241.7442
  2900     24.9410     71.1830    112.9174    256.2754     74.4660   -252.9924
  3000     24.9411     73.6771    113.7629    267.6095     76.9601   -264.3265

Job completed on Tue 24 January 2017 at 13:49:18 æ±äº¬ (æ¨™æº–æ™‚) after 547 s (0:09:07)
