       N       E                     dE             d eps       ncg     rms          rms(c)
RMM:   1     0.445293152399E+04    0.44529E+04   -0.15928E+05  4240   0.165E+03
RMM:   2     0.956428054013E+03   -0.34965E+04   -0.37500E+04  4240   0.419E+02
RMM:   3     0.226744988958E+03   -0.72968E+03   -0.78492E+03  4240   0.155E+02
RMM:   4     0.105773996181E+02   -0.21617E+03   -0.16768E+03  4240   0.913E+01
RMM:   5    -0.680680647145E+02   -0.78645E+02   -0.54581E+02  4240   0.566E+01
RMM:   6    -0.945055444147E+02   -0.26437E+02   -0.20618E+02  4240   0.339E+01
RMM:   7    -0.105535881191E+03   -0.11030E+02   -0.87245E+01  4240   0.218E+01
RMM:   8    -0.109249849160E+03   -0.37140E+01   -0.33459E+01  4240   0.135E+01
RMM:   9    -0.111382097967E+03   -0.21322E+01   -0.19966E+01  8892   0.815E+00
RMM:  10    -0.111625674549E+03   -0.24358E+00   -0.24642E+00  9686   0.147E+00
RMM:  11    -0.111633831286E+03   -0.81567E-02   -0.66855E-02  9039   0.490E-01
RMM:  12    -0.111635222589E+03   -0.13913E-02   -0.13137E-02  8872   0.695E-02    0.158E+01
RMM:  13    -0.104400035241E+03    0.72352E+01   -0.21082E+01  8480   0.143E+01    0.419E+00
RMM:  14    -0.104059982026E+03    0.34005E+00   -0.22018E+00  8482   0.333E+00    0.177E+00
RMM:  15    -0.103991035700E+03    0.68946E-01   -0.98589E-02  8483   0.113E+00    0.279E-01
RMM:  16    -0.103990679448E+03    0.35625E-03   -0.18736E-02  8541   0.318E-01    0.110E-01
RMM:  17    -0.103990485661E+03    0.19379E-03   -0.65233E-04  8640   0.487E-02    0.486E-02
RMM:  18    -0.103990433741E+03    0.51920E-04   -0.29676E-04  8481   0.535E-02    0.242E-03
RMM:  19    -0.103990430241E+03    0.35003E-05   -0.58929E-06  4786   0.372E-03
   1 F= -.10399043E+03 E0= -.10399280E+03  d E =-.103990E+03
