Startup is 'sourced'
Opening the database
Phonon calculation for Untitled_1

Phonon parameters
=================
The calculation explores the full Brillouin zone and accounts for an interaction range of about 10.0 Angstroem.
The asymmetric atoms are displaced by +/-0.02 Angstroem.

In a first step, need to run an optimization of atom positions for the supercell containing 32 atoms.
Then, need to run a total number of 2 single point energy calculations on supercells with displaced atoms containing 32 atoms.

      Supercell transformation matrix              Supercell lattice vectors
       2.00000    0.00000    0.00000             8.25520    0.00000    0.00000
       0.00000    2.00000    0.00000             0.00000    8.25520    0.00000
       0.00000    0.00000    2.00000             0.00000    0.00000    8.25520

     Supercell           Site        Displaced atom     Displacement (fractional units)
   ---------------    ----------     --------------     -------------------------------
  undisplaced           ----            ----             0.00000    0.00000    0.00000
  displaced_Au__a       Au              Au               0.00242    0.00000    0.00000
  displaced_Au__b       Au              Au              -0.00242    0.00000    0.00000

Invariance conditions are not enforced.
No approximation to LO/TO splitting
Properties: Phonon dispersion and form factors 
            Phonon density of states 
            Thermodynamic functions
==========================================


VASP parameters
===============
Since no magnetic moments are in the model, this is a non-magnetic calculation using 'accurate' precision
and a user-defined planewave cutoff energy of 600.000 eV.

The electronic iterations convergence is 1.00E-005 eV using the Very Fast (RMM-DIIS) algorithm
and reciprocal space projection operators.

The requested k-spacing is 0.1 per Angstrom, which leads to a 8x8x8 mesh.
This corresponds to actual k-spacings of 0.095 x 0.095 x 0.095 per Angstrom.

Using first order Methfessel-Paxton smearing with a width of 0.2 eV.

Other non-default parameters:
	Extrafine augmentation grid for accurate forces is TRUE
	Algorithm is Very Fast (RMM-DIIS)
	Wave functions is TRUE
==========================================

------------------------------------------------------------------------

Results for initial structural minimization of the supercell without displacements:
--------------------------------------------------------------------------------------

There are 20 symmetry-unique k-points
The plane wave cutoff is 600.00 eV

   VASP energy:            -104.413302 eV for Au32

   Initial VASP energy:    -104.413300 eV for Au32
   Relaxation energy:        -0.000002 eV gained after 1 optimization steps.

Electronic contributions:
                          Empirical Formula          Cell
                                    Au          (Au)32
                          --------------- ---------------
              VASP Energy        -314.823      -10074.350 kJ/mol
      Energy of formation           0.848          27.147
                  PV term          52.375        1676.011

   This is the electronic part of the formation energy with respect to the
   elements in their standard state. It is obtained from the total energy (above)
   and tabulated VASP energies for the elements in their standard state.
   See the documentation for more details.

   Details for Au:
                                             VASP energy (Etot):     -314.82 kJ/mol
       Standard state energy of 1.00 atoms of Au  1.00 * -315.67:  -  -315.67
                                                                   ----------
                                        Energy of formation (Ef):        0.85 kJ/mol


Cell parameters:
 Parameter    Value    
---------- ------------
         a     8.255201
         b     8.255201
         c     8.255201
     alpha    89.999999
      beta    89.999999
     gamma    89.999999

    Volume    70.322279 Ang^3

        Density:    18.604 Mg/m^3

   The pressure given below is exerted by the system according to its volume.
   Positive pressure would cause expansion during full geometry optimization.
       Pressure:     4.947 GPa
               =    49.470 kbar

                      XX        YY        ZZ        XY        YZ        ZX
         Stress:    -4.947    -4.947    -4.947     0.000     0.000     0.000 GPa
               =   -49.470   -49.470   -49.470     0.000     0.000     0.000 kbar
   The stress tensor above is imposed on the system, i.e. negative values of diagonal components 
   would cause expansion of the corresponding lattice parameter upon full geometry optimization.
   The pressure and stress include only electronic terms, i.e. the vibrational,
   temperature and other terms are not included here.

Fractional Coordinates:
	Atom          Initial Coordinates             Final Coordinates
	-----      -------- -------- --------      -------- -------- --------
	Au           0.7500   0.7500   0.5000        0.7500   0.7500   0.5000
	Au           0.7500   0.7500   0.0000        0.7500   0.7500   0.0000
	Au           0.7500   0.0000   0.2500        0.7500   0.0000   0.2500
	Au           0.7500   0.2500   0.5000        0.7500   0.2500   0.5000
	Au           0.0000   0.7500   0.2500        0.0000   0.7500   0.2500
	Au           0.0000   0.0000   0.5000        0.0000   0.0000   0.5000
	Au           0.2500   0.7500   0.5000        0.2500   0.7500   0.5000
	Au           0.7500   0.0000   0.7500        0.7500   0.0000   0.7500
	Au           0.7500   0.2500   0.0000        0.7500   0.2500   0.0000
	Au           0.7500   0.5000   0.2500        0.7500   0.5000   0.2500
	Au           0.0000   0.7500   0.7500        0.0000   0.7500   0.7500
	Au           0.0000   0.0000   0.0000        0.0000   0.0000   0.0000
	Au           0.0000   0.2500   0.2500        0.0000   0.2500   0.2500
	Au           0.0000   0.5000   0.5000        0.0000   0.5000   0.5000
	Au           0.2500   0.7500   0.0000        0.2500   0.7500   0.0000
	Au           0.2500   0.0000   0.2500        0.2500   0.0000   0.2500
	Au           0.2500   0.2500   0.5000        0.2500   0.2500   0.5000
	Au           0.5000   0.7500   0.2500        0.5000   0.7500   0.2500
	Au           0.5000   0.0000   0.5000        0.5000   0.0000   0.5000
	Au           0.7500   0.5000   0.7500        0.7500   0.5000   0.7500
	Au           0.0000   0.2500   0.7500        0.0000   0.2500   0.7500
	Au           0.0000   0.5000   0.0000        0.0000   0.5000   0.0000
	Au           0.2500   0.0000   0.7500        0.2500   0.0000   0.7500
	Au           0.2500   0.2500   0.0000        0.2500   0.2500   0.0000
	Au           0.2500   0.5000   0.2500        0.2500   0.5000   0.2500
	Au           0.5000   0.7500   0.7500        0.5000   0.7500   0.7500
	Au           0.5000   0.0000   0.0000        0.5000   0.0000   0.0000
	Au           0.5000   0.2500   0.2500        0.5000   0.2500   0.2500
	Au           0.5000   0.5000   0.5000        0.5000   0.5000   0.5000
	Au           0.2500   0.5000   0.7500        0.2500   0.5000   0.7500
	Au           0.5000   0.2500   0.7500        0.5000   0.2500   0.7500
	Au           0.5000   0.5000   0.0000        0.5000   0.5000   0.0000

Results for supercell calculations:
------------------------------------------------------------------------
	        Supercell         Energy (eV)
	      -------------      -------------
	        undisplaced      -104.41330
	     displaced_Au__a     -104.41201
	     displaced_Au__b     -104.41201


Symmetry analysis of Gamma point phonon frequencies:
----------------------------------------------------
   Crystal  Point  Group: O_h   (m3m) 
   Supercell Point Group: O_h   (m3m) 
    Table of irreducible representations of point group:
 ------------------------------------------
    IR     1  5  7  9 11  6  8 10 12 13 16 17 18 21 23 14 15 19 20 22 24  2  3  4 25 38 39 43 44 46 48 29 30 31 32 33 34 35 36 26 27 28 37 40 41 42 45 47
 ------------------------------------------
 A1g(R)    1  1  1  1  1  1  1  1  1  1  1  1  1  1  1  1  1  1  1  1  1  1  1  1  1  1  1  1  1  1  1  1  1  1  1  1  1  1  1  1  1  1  1  1  1  1  1  1   x^2+y^2+z^2                         
 A2g       1  1  1  1  1  1  1  1  1 -1 -1 -1 -1 -1 -1 -1 -1 -1 -1 -1 -1  1  1  1  1 -1 -1 -1 -1 -1 -1  1  1  1  1  1  1  1  1  1  1  1 -1 -1 -1 -1 -1 -1                                       
 Eg(R)     2 -1 -1 -1 -1 -1 -1 -1 -1  0  0  0  0  0  0  0  0  0  0  0  0  2  2  2  2  0  0  0  0  0  0 -1 -1 -1 -1 -1 -1 -1 -1  2  2  2  0  0  0  0  0  0   (2z^2-x^2-y^2, x^2-y^2)             
 T1g       3  0  0  0  0  0  0  0  0 -1 -1 -1 -1 -1 -1  1  1  1  1  1  1 -1 -1 -1  3  1  1  1  1  1  1  0  0  0  0  0  0  0  0 -1 -1 -1 -1 -1 -1 -1 -1 -1                                       
 T2g(R)    3  0  0  0  0  0  0  0  0  1  1  1  1  1  1 -1 -1 -1 -1 -1 -1 -1 -1 -1  3 -1 -1 -1 -1 -1 -1  0  0  0  0  0  0  0  0 -1 -1 -1  1  1  1  1  1  1   (xy,xz,yz)                          
 A1u       1  1  1  1  1  1  1  1  1  1  1  1  1  1  1  1  1  1  1  1  1  1  1  1 -1 -1 -1 -1 -1 -1 -1 -1 -1 -1 -1 -1 -1 -1 -1 -1 -1 -1 -1 -1 -1 -1 -1 -1                                       
 A2u       1  1  1  1  1  1  1  1  1 -1 -1 -1 -1 -1 -1 -1 -1 -1 -1 -1 -1  1  1  1 -1  1  1  1  1  1  1 -1 -1 -1 -1 -1 -1 -1 -1 -1 -1 -1  1  1  1  1  1  1                                       
 Eu        2 -1 -1 -1 -1 -1 -1 -1 -1  0  0  0  0  0  0  0  0  0  0  0  0  2  2  2 -2  0  0  0  0  0  0  1  1  1  1  1  1  1  1 -2 -2 -2  0  0  0  0  0  0                                       
 T1u(I)    3  0  0  0  0  0  0  0  0 -1 -1 -1 -1 -1 -1  1  1  1  1  1  1 -1 -1 -1 -3 -1 -1 -1 -1 -1 -1  0  0  0  0  0  0  0  0  1  1  1  1  1  1  1  1  1   (x,y,z)                             
 T2u       3  0  0  0  0  0  0  0  0  1  1  1  1  1  1 -1 -1 -1 -1 -1 -1 -1 -1 -1 -3  1  1  1  1  1  1  0  0  0  0  0  0  0  0  1  1  1 -1 -1 -1 -1 -1 -1                                       
 ------------------------------------------
    Wave vector= 0.0000  0.0000  0.0000    no macro. electric field
 Multi. Omega   Irreducible Representations
  3    -0.008     T1u(I)                                                                                                     
Notation: (R)  Raman active mode
          (I)  Infrared active mode
          (RI) Raman and Infrared active mode

Thermodynamic Properties
   for empirical formula Au

The following thermodynamic functions are obtained from the phonon
density of states within the harmonic approximation. The results are
meaningful only below the melting point, which lies well below 3000 K
for most materials.
Definitions:
      Cv            : vibrational heat capacity at constant volume
E_vib(T)=E(T)-E(0)  : the change in vibrational internal energy from 0 K, where
                        E(0) = E_elec + ZPE is the electronic energy of formation E_elec plus the zero point energy ZPE
      S(T)          : the vibrational entropy at temperature T
   -(A(T)-E(0))     : the change in the vibrational Helmholtz free energy from 0 K
      E(T)          : the electronic energy of formation plus the vibrational internal energy, so this term is
                        E_elec + ZPE + E_vib(T)
      A(T)          : the electronic plus vibrational Helmholtz free energy,
                        E(T) - T.S(T)
Note that the electronic energy, which is part of the enthalpy and free energies,
 is referenced to the elements in their standard state.

Electronic energy =     0.85 kJ/mol (referenced to elements in the standard state)
          PV term =    52.38 kJ/mol
Zero-point energy =     1.59 kJ/mol

    T       Cv       E(T)-E(0)      S(T)   -(A(T)-E(0))     E(T)        A(T)
    K     J/K/mol      kJ/mol     J/K/mol     kJ/mol       kJ/mol      kJ/mol
  ----- ----------- ----------- ----------- ----------- ----------- -----------
     0      0.0000      0.0000      0.0000      0.0000      2.4382      2.4382
     1      0.0006      0.0000      0.0001      0.0000      2.4382      2.4382
     2      0.0077      0.0000      0.0023      0.0000      2.4382      2.4382
     3      0.0217      0.0000      0.0078      0.0000      2.4382      2.4382
     4      0.0440      0.0000      0.0169      0.0000      2.4382      2.4382
     5      0.0762      0.0001      0.0299      0.0000      2.4383      2.4381
    10      0.5377      0.0014      0.1872      0.0005      2.4396      2.4377
    15      1.8408      0.0069      0.6219      0.0024      2.4451      2.4358
    20      3.8172      0.0209      1.4115      0.0073      2.4591      2.4309
    30      8.2316      0.0812      3.7970      0.0327      2.5194      2.4055
    40     12.0763      0.1835      6.7123      0.0850      2.6217      2.3532
    50     15.0309      0.3198      9.7406      0.1673      2.7579      2.2709
    60     17.2101      0.4815     12.6839      0.2795      2.9197      2.1587
    70     18.8077      0.6620     15.4632      0.4204      3.1002      2.0178
    80     19.9900      0.8563     18.0556      0.5881      3.2945      1.8500
    90     20.8784      1.0608     20.4638      0.7809      3.4990      1.6573
   100     21.5575      1.2732     22.7003      0.9968      3.7114      1.4413
   125     22.6782      1.8275     27.6432      1.6279      4.2656      0.8103
   150     23.3309      2.4032     31.8405      2.3728      4.8414      0.0654
   175     23.7405      2.9920     35.4700      3.2152      5.4302     -0.7770
   200     24.0133      3.5891     38.6591      4.1426      6.0273     -1.7044
   225     24.2034      4.1920     41.4990      5.1452      6.6302     -2.7071
   250     24.3411      4.7989     44.0566      6.2152      7.2371     -3.7770
   273     24.4366      5.3599     46.2032      7.2535      7.7980     -4.8154
   275     24.4438      5.4087     46.3816      7.3461      7.8469     -4.9079
   298     24.5169      5.9718     48.3480      8.4358      8.4100     -5.9976
   300     24.5225      6.0209     48.5120      8.5327      8.4590     -6.0945
   350     24.6330      7.2499     52.3011     11.0553      9.6881     -8.6172
   400     24.7052      8.4835     55.5954     13.7545     10.9217    -11.3163
   450     24.7550      9.7201     58.5083     16.6085     12.1583    -14.1703
   500     24.7906     10.9588     61.1185     19.6003     13.3969    -17.1621
   550     24.8171     12.1990     63.4826     22.7162     14.6372    -20.2780
   600     24.8372     13.4403     65.6428     25.9451     15.8785    -23.5069
   650     24.8529     14.6826     67.6315     29.2776     17.1208    -26.8394
   700     24.8654     15.9256     69.4738     32.7058     18.3638    -30.2676
   750     24.8755     17.1691     71.1897     36.2228     19.6073    -33.7847
   800     24.8837     18.4131     72.7954     39.8229     20.8513    -37.3847
   850     24.8906     19.6574     74.3042     43.5007     22.0956    -41.0625
   900     24.8963     20.9021     75.7271     47.2518     23.3403    -44.8136
   950     24.9011     22.1470     77.0732     51.0721     24.5852    -48.6339
  1000     24.9053     23.3922     78.3506     54.9579     25.8304    -52.5198
  1050     24.9089     24.6375     79.5658     58.9061     27.0757    -56.4679
  1100     24.9120     25.8831     80.7247     62.9135     28.3212    -60.4754
  1150     24.9147     27.1287     81.8321     66.9776     29.5669    -64.5395
  1200     24.9170     28.3745     82.8925     71.0959     30.8127    -68.6577
  1250     24.9191     29.6204     83.9097     75.2661     32.0586    -72.8279
  1300     24.9210     30.8664     84.8871     79.4862     33.3046    -77.0480
  1350     24.9226     32.1125     85.8277     83.7542     34.5507    -81.3160
  1400     24.9241     33.3586     86.7341     88.0683     35.7968    -85.6301
  1450     24.9254     34.6049     87.6087     92.4270     37.0430    -89.9888
  1500     24.9266     35.8512     88.4538     96.8287     38.2893    -94.3905
  1550     24.9277     37.0975     89.2711    101.2718     39.5357    -98.8336
  1600     24.9287     38.3439     90.0625    105.7553     40.7821   -103.3171
  1650     24.9296     39.5904     90.8296    110.2777     42.0285   -107.8395
  1700     24.9304     40.8369     91.5739    114.8378     43.2750   -112.3996
  1750     24.9312     42.0834     92.2966    119.4346     44.5216   -116.9964
  1800     24.9319     43.3300     92.9989    124.0671     45.7681   -121.6289
  1850     24.9325     44.5766     93.6820    128.7341     47.0148   -126.2960
  1900     24.9331     45.8232     94.3469    133.4349     48.2614   -130.9967
  1950     24.9336     47.0698     94.9946    138.1685     49.5080   -135.7303
  2000     24.9341     48.3165     95.6259    142.9340     50.7547   -140.4958
  2100     24.9350     50.8100     96.8424    152.5578     53.2482   -150.1196
  2200     24.9358     53.3035     98.0024    162.3005     55.7417   -159.8623
  2300     24.9365     55.7971     99.1109    172.1565     58.2353   -169.7183
  2400     24.9370     58.2908    100.1722    182.1209     60.7290   -179.6827
  2500     24.9376     60.7845    101.1902    192.1894     63.2227   -189.7513
  2600     24.9380     63.2782    102.1682    202.3576     65.7164   -199.9194
  2700     24.9384     65.7720    103.1094    212.6217     68.2102   -210.1835
  2800     24.9388     68.2659    104.0164    222.9782     70.7041   -220.5400
  2900     24.9391     70.7598    104.8915    233.4238     73.1980   -230.9856
  3000     24.9394     73.2537    105.7370    243.9554     75.6919   -241.5172

Job completed on Wed 25 January 2017 at 17:04:21 æ±äº¬ (æ¨™æº–æ™‚) after 182 s (0:03:02)
