       N       E                     dE             d eps       ncg     rms          rms(c)
RMM:   1     0.446974545921E+04    0.44697E+04   -0.16250E+05  4240   0.168E+03
RMM:   2     0.929388319983E+03   -0.35404E+04   -0.38266E+04  4240   0.431E+02
RMM:   3     0.205804790994E+03   -0.72358E+03   -0.78594E+03  4240   0.159E+02
RMM:   4    -0.109182891373E+01   -0.20690E+03   -0.16084E+03  4240   0.922E+01
RMM:   5    -0.748494611817E+02   -0.73758E+02   -0.51972E+02  4240   0.556E+01
RMM:   6    -0.987051582999E+02   -0.23856E+02   -0.18741E+02  4240   0.330E+01
RMM:   7    -0.107649957390E+03   -0.89448E+01   -0.73468E+01  4240   0.200E+01
RMM:   8    -0.110608079593E+03   -0.29581E+01   -0.26830E+01  4240   0.122E+01
RMM:   9    -0.112209439975E+03   -0.16014E+01   -0.15045E+01  8840   0.702E+00
RMM:  10    -0.112402596606E+03   -0.19316E+00   -0.18792E+00  9583   0.129E+00
RMM:  11    -0.112408954567E+03   -0.63580E-02   -0.52772E-02  8932   0.428E-01
RMM:  12    -0.112410031978E+03   -0.10774E-02   -0.10174E-02  8628   0.605E-02    0.164E+01
RMM:  13    -0.105027896035E+03    0.73821E+01   -0.19423E+01  8480   0.139E+01    0.467E+00
RMM:  14    -0.104509366068E+03    0.51853E+00   -0.25157E+00  8481   0.379E+00    0.169E+00
RMM:  15    -0.104413779892E+03    0.95586E-01   -0.10129E-01  8489   0.115E+00    0.248E-01
RMM:  16    -0.104413399307E+03    0.38058E-03   -0.14135E-02  8555   0.261E-01    0.924E-02
RMM:  17    -0.104413324570E+03    0.74737E-04   -0.47752E-04  8589   0.501E-02    0.393E-02
RMM:  18    -0.104413305030E+03    0.19540E-04   -0.19500E-04  8486   0.442E-02    0.150E-03
RMM:  19    -0.104413301795E+03    0.32355E-05   -0.43418E-06  4764   0.327E-03
   1 F= -.10441330E+03 E0= -.10441772E+03  d E =-.104413E+03
