       N       E                     dE             d eps       ncg     rms          rms(c)
RMM:   1     0.390845522614E+04    0.39085E+04   -0.16723E+05  4240   0.173E+03
RMM:   2     0.790969508050E+03   -0.31175E+04   -0.35152E+04  4240   0.424E+02
RMM:   3     0.154116647438E+03   -0.63685E+03   -0.69342E+03  4240   0.162E+02
RMM:   4    -0.261794880556E+02   -0.18030E+03   -0.13205E+03  4240   0.742E+01
RMM:   5    -0.842034523094E+02   -0.58024E+02   -0.34416E+02  4240   0.442E+01
RMM:   6    -0.946433273458E+02   -0.10440E+02   -0.77893E+01  4240   0.211E+01
RMM:   7    -0.967987861050E+02   -0.21555E+01   -0.18154E+01  4240   0.108E+01
RMM:   8    -0.972581422240E+02   -0.45936E+00   -0.42829E+00  4240   0.495E+00
RMM:   9    -0.973958724584E+02   -0.13773E+00   -0.13032E+00  8478   0.246E+00
RMM:  10    -0.974069984274E+02   -0.11126E-01   -0.10449E-01  8457   0.353E-01
RMM:  11    -0.974074255567E+02   -0.42713E-03   -0.38687E-03  7953   0.156E-01
RMM:  12    -0.974074627837E+02   -0.37227E-04   -0.35878E-04  6580   0.144E-02    0.156E+01
RMM:  13    -0.906876900276E+02    0.67198E+01   -0.26201E+01  8480   0.167E+01    0.287E+00
RMM:  14    -0.905152295523E+02    0.17246E+00   -0.42910E-01  8480   0.121E+00    0.150E+00
RMM:  15    -0.904367907407E+02    0.78439E-01   -0.39275E-02  8480   0.838E-01    0.192E-01
RMM:  16    -0.904375040125E+02   -0.71327E-03   -0.74796E-03  8480   0.240E-01    0.109E-01
RMM:  17    -0.904369790838E+02    0.52493E-03   -0.18446E-04  8480   0.365E-02    0.253E-02
RMM:  18    -0.904369580607E+02    0.21023E-04   -0.83401E-05  7955   0.294E-02    0.248E-03
RMM:  19    -0.904369510001E+02    0.70606E-05   -0.87748E-07  4614   0.260E-03
   1 F= -.90436951E+02 E0= -.90432673E+02  d E =-.904370E+02
