Startup is 'sourced'
Opening the database
Phonon calculation for Untitled_2

Phonon parameters
=================
The calculation explores the full Brillouin zone and accounts for an interaction range of about 10.0 Angstroem.
The asymmetric atoms are displaced by +/-0.02 Angstroem.

In a first step, need to run an optimization of atom positions for the supercell containing 32 atoms.
Then, need to run a total number of 2 single point energy calculations on supercells with displaced atoms containing 32 atoms.

      Supercell transformation matrix              Supercell lattice vectors
       2.00000    0.00000    0.00000             8.42030    0.00000    0.00000
       0.00000    2.00000    0.00000             0.00000    8.42030    0.00000
       0.00000    0.00000    2.00000             0.00000    0.00000    8.42030

     Supercell           Site        Displaced atom     Displacement (fractional units)
   ---------------    ----------     --------------     -------------------------------
  undisplaced           ----            ----             0.00000    0.00000    0.00000
  displaced_Au__a       Au              Au               0.00237    0.00000    0.00000
  displaced_Au__b       Au              Au              -0.00237    0.00000    0.00000

Invariance conditions are not enforced.
No approximation to LO/TO splitting
Properties: Phonon dispersion and form factors 
            Phonon density of states 
            Thermodynamic functions
==========================================


VASP parameters
===============
Since no magnetic moments are in the model, this is a non-magnetic calculation using 'normal' precision
and a default planewave cutoff energy of 229.948 eV.

The electronic iterations convergence is 1.00E-005 eV using the Normal (blocked Davidson) algorithm
and reciprocal space projection operators.

The requested k-spacing is 0.5 per Angstrom, which leads to a 6x6x6 mesh.
This corresponds to actual k-spacings of 0.431 x 0.431 x 0.431 per Angstrom.

Using first order Methfessel-Paxton smearing with a width of 0.2 eV.

Other non-default parameters:
	Wave functions is TRUE
==========================================

------------------------------------------------------------------------

Using GGA-PBE / PAW potentials:
	Au

Results for initial structural minimization of the supercell without displacements:
--------------------------------------------------------------------------------------

There are 1 symmetry-unique k-points
The plane wave cutoff is 229.95 eV

   VASP energy:            -102.929752 eV for Au32

   Initial VASP energy:    -102.929750 eV for Au32
   Relaxation energy:        -0.000002 eV gained after 1 optimization steps.

Electronic contributions:
                          Empirical Formula          Cell
                                    Au          (Au)32
                          --------------- ---------------
              VASP Energy        -310.350       -9931.209 kJ/mol
      Energy of formation           5.321         170.287
                  PV term         -55.738       -1783.616

   This is the electronic part of the formation energy with respect to the
   elements in their standard state. It is obtained from the total energy (above)
   and tabulated VASP energies for the elements in their standard state.
   See the documentation for more details.

   Details for Au:
                                             VASP energy (Etot):     -310.35 kJ/mol
       Standard state energy of 1.00 atoms of Au  1.00 * -315.67:  -  -315.67
                                                                   ----------
                                        Energy of formation (Ef):        5.32 kJ/mol


Cell parameters:
 Parameter    Value    
---------- ------------
         a     8.420305
         b     8.420305
         c     8.420305
     alpha    89.999999
      beta    89.999999
     gamma    89.999999

    Volume    74.626565 Ang^3

        Density:    17.531 Mg/m^3

   The pressure given below is exerted by the system according to its volume.
   Positive pressure would cause expansion during full geometry optimization.
       Pressure:    -4.961 GPa
               =   -49.610 kbar

                      XX        YY        ZZ        XY        YZ        ZX
         Stress:     4.961     4.961     4.961     0.000     0.000     0.000 GPa
               =    49.610    49.610    49.610     0.000     0.000     0.000 kbar
   The stress tensor above is imposed on the system, i.e. negative values of diagonal components 
   would cause expansion of the corresponding lattice parameter upon full geometry optimization.
   The pressure and stress include only electronic terms, i.e. the vibrational,
   temperature and other terms are not included here.

Fractional Coordinates:
	Atom          Initial Coordinates             Final Coordinates
	-----      -------- -------- --------      -------- -------- --------
	Au           0.7500   0.7500   0.5000        0.7500   0.7500   0.5000
	Au           0.7500   0.7500   0.0000        0.7500   0.7500   0.0000
	Au           0.7500   0.0000   0.2500        0.7500   0.0000   0.2500
	Au           0.7500   0.2500   0.5000        0.7500   0.2500   0.5000
	Au           0.0000   0.7500   0.2500        0.0000   0.7500   0.2500
	Au           0.0000   0.0000   0.5000        0.0000   0.0000   0.5000
	Au           0.2500   0.7500   0.5000        0.2500   0.7500   0.5000
	Au           0.7500   0.0000   0.7500        0.7500   0.0000   0.7500
	Au           0.7500   0.2500   0.0000        0.7500   0.2500   0.0000
	Au           0.7500   0.5000   0.2500        0.7500   0.5000   0.2500
	Au           0.0000   0.7500   0.7500        0.0000   0.7500   0.7500
	Au           0.0000   0.0000   0.0000        0.0000   0.0000   0.0000
	Au           0.0000   0.2500   0.2500        0.0000   0.2500   0.2500
	Au           0.0000   0.5000   0.5000        0.0000   0.5000   0.5000
	Au           0.2500   0.7500   0.0000        0.2500   0.7500   0.0000
	Au           0.2500   0.0000   0.2500        0.2500   0.0000   0.2500
	Au           0.2500   0.2500   0.5000        0.2500   0.2500   0.5000
	Au           0.5000   0.7500   0.2500        0.5000   0.7500   0.2500
	Au           0.5000   0.0000   0.5000        0.5000   0.0000   0.5000
	Au           0.7500   0.5000   0.7500        0.7500   0.5000   0.7500
	Au           0.0000   0.2500   0.7500        0.0000   0.2500   0.7500
	Au           0.0000   0.5000   0.0000        0.0000   0.5000   0.0000
	Au           0.2500   0.0000   0.7500        0.2500   0.0000   0.7500
	Au           0.2500   0.2500   0.0000        0.2500   0.2500   0.0000
	Au           0.2500   0.5000   0.2500        0.2500   0.5000   0.2500
	Au           0.5000   0.7500   0.7500        0.5000   0.7500   0.7500
	Au           0.5000   0.0000   0.0000        0.5000   0.0000   0.0000
	Au           0.5000   0.2500   0.2500        0.5000   0.2500   0.2500
	Au           0.5000   0.5000   0.5000        0.5000   0.5000   0.5000
	Au           0.2500   0.5000   0.7500        0.2500   0.5000   0.7500
	Au           0.5000   0.2500   0.7500        0.5000   0.2500   0.7500
	Au           0.5000   0.5000   0.0000        0.5000   0.5000   0.0000

Results for supercell calculations:
------------------------------------------------------------------------
	        Supercell         Energy (eV)
	      -------------      -------------
	        undisplaced      -102.92975
	     displaced_Au__a     -102.92898
	     displaced_Au__b     -102.92898


Symmetry analysis of Gamma point phonon frequencies:
----------------------------------------------------
   Crystal  Point  Group: O_h   (m3m) 
   Supercell Point Group: O_h   (m3m) 
    Table of irreducible representations of point group:
 ------------------------------------------
    IR     1  5  7  9 11  6  8 10 12 13 16 17 18 21 23 14 15 19 20 22 24  2  3  4 25 38 39 43 44 46 48 29 30 31 32 33 34 35 36 26 27 28 37 40 41 42 45 47
 ------------------------------------------
 A1g(R)    1  1  1  1  1  1  1  1  1  1  1  1  1  1  1  1  1  1  1  1  1  1  1  1  1  1  1  1  1  1  1  1  1  1  1  1  1  1  1  1  1  1  1  1  1  1  1  1   x^2+y^2+z^2                         
 A2g       1  1  1  1  1  1  1  1  1 -1 -1 -1 -1 -1 -1 -1 -1 -1 -1 -1 -1  1  1  1  1 -1 -1 -1 -1 -1 -1  1  1  1  1  1  1  1  1  1  1  1 -1 -1 -1 -1 -1 -1                                       
 Eg(R)     2 -1 -1 -1 -1 -1 -1 -1 -1  0  0  0  0  0  0  0  0  0  0  0  0  2  2  2  2  0  0  0  0  0  0 -1 -1 -1 -1 -1 -1 -1 -1  2  2  2  0  0  0  0  0  0   (2z^2-x^2-y^2, x^2-y^2)             
 T1g       3  0  0  0  0  0  0  0  0 -1 -1 -1 -1 -1 -1  1  1  1  1  1  1 -1 -1 -1  3  1  1  1  1  1  1  0  0  0  0  0  0  0  0 -1 -1 -1 -1 -1 -1 -1 -1 -1                                       
 T2g(R)    3  0  0  0  0  0  0  0  0  1  1  1  1  1  1 -1 -1 -1 -1 -1 -1 -1 -1 -1  3 -1 -1 -1 -1 -1 -1  0  0  0  0  0  0  0  0 -1 -1 -1  1  1  1  1  1  1   (xy,xz,yz)                          
 A1u       1  1  1  1  1  1  1  1  1  1  1  1  1  1  1  1  1  1  1  1  1  1  1  1 -1 -1 -1 -1 -1 -1 -1 -1 -1 -1 -1 -1 -1 -1 -1 -1 -1 -1 -1 -1 -1 -1 -1 -1                                       
 A2u       1  1  1  1  1  1  1  1  1 -1 -1 -1 -1 -1 -1 -1 -1 -1 -1 -1 -1  1  1  1 -1  1  1  1  1  1  1 -1 -1 -1 -1 -1 -1 -1 -1 -1 -1 -1  1  1  1  1  1  1                                       
 Eu        2 -1 -1 -1 -1 -1 -1 -1 -1  0  0  0  0  0  0  0  0  0  0  0  0  2  2  2 -2  0  0  0  0  0  0  1  1  1  1  1  1  1  1 -2 -2 -2  0  0  0  0  0  0                                       
 T1u(I)    3  0  0  0  0  0  0  0  0 -1 -1 -1 -1 -1 -1  1  1  1  1  1  1 -1 -1 -1 -3 -1 -1 -1 -1 -1 -1  0  0  0  0  0  0  0  0  1  1  1  1  1  1  1  1  1   (x,y,z)                             
 T2u       3  0  0  0  0  0  0  0  0  1  1  1  1  1  1 -1 -1 -1 -1 -1 -1 -1 -1 -1 -3  1  1  1  1  1  1  0  0  0  0  0  0  0  0  1  1  1 -1 -1 -1 -1 -1 -1                                       
 ------------------------------------------
    Wave vector= 0.0000  0.0000  0.0000    no macro. electric field
 Multi. Omega   Irreducible Representations
  3     0.011     T1u(I)                                                                                                     
Notation: (R)  Raman active mode
          (I)  Infrared active mode
          (RI) Raman and Infrared active mode

Thermodynamic Properties
   for empirical formula Au

The following thermodynamic functions are obtained from the phonon
density of states within the harmonic approximation. The results are
meaningful only below the melting point, which lies well below 3000 K
for most materials.
Definitions:
      Cv            : vibrational heat capacity at constant volume
E_vib(T)=E(T)-E(0)  : the change in vibrational internal energy from 0 K, where
                        E(0) = E_elec + ZPE is the electronic energy of formation E_elec plus the zero point energy ZPE
      S(T)          : the vibrational entropy at temperature T
   -(A(T)-E(0))     : the change in the vibrational Helmholtz free energy from 0 K
      E(T)          : the electronic energy of formation plus the vibrational internal energy, so this term is
                        E_elec + ZPE + E_vib(T)
      A(T)          : the electronic plus vibrational Helmholtz free energy,
                        E(T) - T.S(T)
Note that the electronic energy, which is part of the enthalpy and free energies,
 is referenced to the elements in their standard state.

Electronic energy =     5.32 kJ/mol (referenced to elements in the standard state)
          PV term =   -55.74 kJ/mol
Zero-point energy =     1.21 kJ/mol

    T       Cv       E(T)-E(0)      S(T)   -(A(T)-E(0))     E(T)        A(T)
    K     J/K/mol      kJ/mol     J/K/mol     kJ/mol       kJ/mol      kJ/mol
  ----- ----------- ----------- ----------- ----------- ----------- -----------
     0      0.0000      0.0000      0.0000      0.0000      6.5360      6.5360
     1      0.0008      0.0000      0.0001      0.0000      6.5360      6.5360
     2      0.0097      0.0000      0.0028      0.0000      6.5360      6.5360
     3      0.0284      0.0000      0.0100      0.0000      6.5360      6.5360
     4      0.0587      0.0001      0.0220      0.0000      6.5360      6.5359
     5      0.1068      0.0001      0.0398      0.0001      6.5361      6.5359
    10      1.0777      0.0025      0.3233      0.0008      6.5384      6.5352
    15      3.5272      0.0135      1.1869      0.0043      6.5495      6.5317
    20      6.5141      0.0386      2.6085      0.0136      6.5745      6.5224
    30     11.8533      0.1316      6.3078      0.0576      6.6676      6.4784
    40     15.6423      0.2703     10.2723      0.1405      6.8063      6.3954
    50     18.1684      0.4403     14.0534      0.2624      6.9762      6.2736
    60     19.8581      0.6309     17.5252      0.4206      7.1669      6.1154
    70     21.0162      0.8357     20.6787      0.6118      7.3716      5.9241
    80     21.8337      1.0501     23.5415      0.8332      7.5861      5.7028
    90     22.4273      1.2716     26.1491      1.0818      7.8075      5.4541
   100     22.8698      1.4982     28.5361      1.3554      8.0341      5.1805
   125     23.5799      2.0797     33.7237      2.1357      8.6157      4.4002
   150     23.9822      2.6747     38.0616      3.0345      9.2106      3.5014
   175     24.2308      3.2775     41.7785      4.0337      9.8135      2.5023
   200     24.3946      3.8855     45.0255      5.1196     10.4215      1.4164
   225     24.5080      4.4969     47.9057      6.2819     11.0328      0.2541
   250     24.5897      5.1106     50.4923      7.5124     11.6466     -0.9764
   273     24.6463      5.6769     52.6591      8.6990     12.2128     -2.1630
   275     24.6505      5.7262     52.8390      8.8045     12.2621     -2.2685
   298     24.6936      6.2936     54.8207     10.0428     12.8296     -3.5069
   300     24.6969      6.3430     54.9859     10.1527     12.8790     -3.6167
   350     24.7620      7.5796     58.7982     12.9996     14.1156     -6.4637
   400     24.8043      8.8188     62.1077     16.0241     15.3548     -9.4881
   450     24.8335     10.0598     65.0310     19.2040     16.5958    -12.6680
   500     24.8543     11.3020     67.6486     22.5221     17.8380    -15.9861
   550     24.8698     12.5451     70.0182     25.9647     19.0811    -19.4287
   600     24.8816     13.7889     72.1827     29.5204     20.3249    -22.9845
   650     24.8907     15.0332     74.1747     33.1800     21.5692    -26.6440
   700     24.8980     16.2780     76.0196     36.9354     22.8139    -30.3994
   750     24.9039     17.5230     77.7376     40.7798     24.0590    -34.2438
   800     24.9087     18.7683     79.3450     44.7073     25.3043    -38.1713
   850     24.9127     20.0138     80.8552     48.7126     26.5498    -42.1767
   900     24.9160     21.2596     82.2793     52.7913     27.7955    -46.2554
   950     24.9189     22.5054     83.6264     56.9392     29.0414    -50.4033
  1000     24.9213     23.7514     84.9047     61.1528     30.2874    -54.6168
  1050     24.9233     24.9975     86.1206     65.4286     31.5335    -58.8926
  1100     24.9251     26.2437     87.2802     69.7638     32.7797    -63.2279
  1150     24.9267     27.4900     88.3882     74.1557     34.0260    -67.6197
  1200     24.9281     28.7364     89.4490     78.6018     35.2724    -72.0658
  1250     24.9293     29.9828     90.4667     83.0998     36.5188    -76.5639
  1300     24.9304     31.2293     91.4444     87.6477     37.7653    -81.1118
  1350     24.9314     32.4758     92.3854     92.2436     39.0118    -85.7076
  1400     24.9322     33.7224     93.2921     96.8856     40.2584    -90.3497
  1450     24.9330     34.9690     94.1670    101.5722     41.5050    -95.0363
  1500     24.9337     36.2157     95.0123    106.3018     42.7517    -99.7659
  1550     24.9343     37.4624     95.8298    111.0729     43.9984   -104.5370
  1600     24.9349     38.7091     96.6215    115.8843     45.2451   -109.3483
  1650     24.9354     39.9559     97.3888    120.7346     46.4918   -114.1986
  1700     24.9359     41.2027     98.1332    125.6227     47.7386   -119.0868
  1750     24.9363     42.4495     98.8561    130.5475     48.9854   -124.0116
  1800     24.9367     43.6963     99.5585    135.5079     50.2322   -128.9720
  1850     24.9371     44.9431    100.2418    140.5030     51.4791   -133.9670
  1900     24.9374     46.1900    100.9068    145.5317     52.7259   -138.9957
  1950     24.9378     47.4368    101.5545    150.5933     53.9728   -144.0574
  2000     24.9381     48.6837    102.1859    155.6869     55.2197   -149.1509
  2100     24.9386     51.1775    103.4027    165.9667     57.7135   -159.4308
  2200     24.9390     53.6714    104.5628    176.3654     60.2074   -169.8295
  2300     24.9394     56.1653    105.6714    186.8774     62.7013   -180.3414
  2400     24.9398     58.6593    106.7329    197.4979     65.1952   -190.9620
  2500     24.9401     61.1532    107.7509    208.2224     67.6892   -201.6864
  2600     24.9403     63.6472    108.7291    219.0467     70.1832   -212.5107
  2700     24.9406     66.1413    109.6704    229.9669     72.6772   -223.4309
  2800     24.9408     68.6353    110.5774    240.9794     75.1713   -234.4435
  2900     24.9410     71.1294    111.4526    252.0811     77.6654   -245.5452
  3000     24.9412     73.6235    112.2981    263.2688     80.1595   -256.7328

Job completed on Mon 29 August 2016 at 18:42:12 æ±äº¬ (æ¨™æº–æ™‚) after 59 s (0:00:59)
