Startup is 'sourced'
Opening the database
Phonon calculation for Untitled

Phonon parameters
=================
The calculation explores the full Brillouin zone and accounts for an interaction range of about 10.0 Angstroem.
The asymmetric atoms are displaced by +/-0.02 Angstroem.

In a first step, need to run an optimization of atom positions for the supercell containing 32 atoms.
Then, need to run a total number of 2 single point energy calculations on supercells with displaced atoms containing 32 atoms.

      Supercell transformation matrix              Supercell lattice vectors
       2.00000    0.00000    0.00000             8.69689    0.00000    0.00000
       0.00000    2.00000    0.00000             0.00000    8.69689    0.00000
       0.00000    0.00000    2.00000             0.00000    0.00000    8.69689

     Supercell           Site        Displaced atom     Displacement (fractional units)
   ---------------    ----------     --------------     -------------------------------
  undisplaced           ----            ----             0.00000    0.00000    0.00000
  displaced_Ag__a       Ag              Ag               0.00230    0.00000    0.00000
  displaced_Ag__b       Ag              Ag              -0.00230    0.00000    0.00000

Invariance conditions are not enforced.
No approximation to LO/TO splitting
Properties: Phonon dispersion and form factors 
            Phonon density of states 
            Thermodynamic functions
==========================================


VASP parameters
===============
Since no magnetic moments are in the model, this is a non-magnetic calculation using 'accurate' precision
and a user-defined planewave cutoff energy of 600.000 eV.

The electronic iterations convergence is 1.00E-005 eV using the Very Fast (RMM-DIIS) algorithm
and reciprocal space projection operators.

The requested k-spacing is 0.1 per Angstrom, which leads to a 26x26x26 mesh.
This corresponds to actual k-spacings of 0.096 x 0.096 x 0.096 per Angstrom.

Using first order Methfessel-Paxton smearing with a width of 0.2 eV.

Other non-default parameters:
	Extrafine augmentation grid for accurate forces is TRUE
	Algorithm is Very Fast (RMM-DIIS)
	Wave functions is TRUE
==========================================

------------------------------------------------------------------------

Results for initial structural minimization of the supercell without displacements:
--------------------------------------------------------------------------------------

There are 20 symmetry-unique k-points
The plane wave cutoff is 600.00 eV

   VASP energy:             -88.171800 eV for Ag32

   Initial VASP energy:     -88.171800 eV for Ag32
   Relaxation energy:         0.000000 eV gained after 1 optimization steps.

Electronic contributions:
                          Empirical Formula          Cell
                                    Ag          (Ag)32
                          --------------- ---------------
              VASP Energy        -265.853       -8507.283 kJ/mol
      Energy of formation           6.973         223.152
                  PV term         -98.700       -3158.394

   This is the electronic part of the formation energy with respect to the
   elements in their standard state. It is obtained from the total energy (above)
   and tabulated VASP energies for the elements in their standard state.
   See the documentation for more details.

   Details for Ag:
                                             VASP energy (Etot):     -265.85 kJ/mol
       Standard state energy of 1.00 atoms of Ag  1.00 * -272.83:  -  -272.83
                                                                   ----------
                                        Energy of formation (Ef):        6.97 kJ/mol


Cell parameters:
 Parameter    Value    
---------- ------------
         a     8.696891
         b     8.696891
         c     8.696891
     alpha    89.999999
      beta    89.999999
     gamma    89.999999

    Volume    82.224663 Ang^3

        Density:     8.714 Mg/m^3

   The pressure given below is exerted by the system according to its volume.
   Positive pressure would cause expansion during full geometry optimization.
       Pressure:    -7.973 GPa
               =   -79.730 kbar

                      XX        YY        ZZ        XY        YZ        ZX
         Stress:     7.973     7.973     7.973     0.000     0.000     0.000 GPa
               =    79.730    79.730    79.730     0.000     0.000     0.000 kbar
   The stress tensor above is imposed on the system, i.e. negative values of diagonal components 
   would cause expansion of the corresponding lattice parameter upon full geometry optimization.
   The pressure and stress include only electronic terms, i.e. the vibrational,
   temperature and other terms are not included here.

Fractional Coordinates:
	Atom          Initial Coordinates             Final Coordinates
	-----      -------- -------- --------      -------- -------- --------
	Ag           0.7500   0.7500   0.5000        0.7500   0.7500   0.5000
	Ag           0.7500   0.7500   0.0000        0.7500   0.7500   0.0000
	Ag           0.7500   0.0000   0.2500        0.7500   0.0000   0.2500
	Ag           0.7500   0.2500   0.5000        0.7500   0.2500   0.5000
	Ag           0.0000   0.7500   0.2500        0.0000   0.7500   0.2500
	Ag           0.0000   0.0000   0.5000        0.0000   0.0000   0.5000
	Ag           0.2500   0.7500   0.5000        0.2500   0.7500   0.5000
	Ag           0.7500   0.0000   0.7500        0.7500   0.0000   0.7500
	Ag           0.7500   0.2500   0.0000        0.7500   0.2500   0.0000
	Ag           0.7500   0.5000   0.2500        0.7500   0.5000   0.2500
	Ag           0.0000   0.7500   0.7500        0.0000   0.7500   0.7500
	Ag           0.0000   0.0000   0.0000        0.0000   0.0000   0.0000
	Ag           0.0000   0.2500   0.2500        0.0000   0.2500   0.2500
	Ag           0.0000   0.5000   0.5000        0.0000   0.5000   0.5000
	Ag           0.2500   0.7500   0.0000        0.2500   0.7500   0.0000
	Ag           0.2500   0.0000   0.2500        0.2500   0.0000   0.2500
	Ag           0.2500   0.2500   0.5000        0.2500   0.2500   0.5000
	Ag           0.5000   0.7500   0.2500        0.5000   0.7500   0.2500
	Ag           0.5000   0.0000   0.5000        0.5000   0.0000   0.5000
	Ag           0.7500   0.5000   0.7500        0.7500   0.5000   0.7500
	Ag           0.0000   0.2500   0.7500        0.0000   0.2500   0.7500
	Ag           0.0000   0.5000   0.0000        0.0000   0.5000   0.0000
	Ag           0.2500   0.0000   0.7500        0.2500   0.0000   0.7500
	Ag           0.2500   0.2500   0.0000        0.2500   0.2500   0.0000
	Ag           0.2500   0.5000   0.2500        0.2500   0.5000   0.2500
	Ag           0.5000   0.7500   0.7500        0.5000   0.7500   0.7500
	Ag           0.5000   0.0000   0.0000        0.5000   0.0000   0.0000
	Ag           0.5000   0.2500   0.2500        0.5000   0.2500   0.2500
	Ag           0.5000   0.5000   0.5000        0.5000   0.5000   0.5000
	Ag           0.2500   0.5000   0.7500        0.2500   0.5000   0.7500
	Ag           0.5000   0.2500   0.7500        0.5000   0.2500   0.7500
	Ag           0.5000   0.5000   0.0000        0.5000   0.5000   0.0000

Results for supercell calculations:
------------------------------------------------------------------------
	        Supercell         Energy (eV)
	      -------------      -------------
	        undisplaced       -88.17180
	     displaced_Ag__a      -88.17140
	     displaced_Ag__b      -88.17140


Symmetry analysis of Gamma point phonon frequencies:
----------------------------------------------------
   Crystal  Point  Group: O_h   (m3m) 
   Supercell Point Group: O_h   (m3m) 
    Table of irreducible representations of point group:
 ------------------------------------------
    IR     1  5  7  9 11  6  8 10 12 13 16 17 18 21 23 14 15 19 20 22 24  2  3  4 25 38 39 43 44 46 48 29 30 31 32 33 34 35 36 26 27 28 37 40 41 42 45 47
 ------------------------------------------
 A1g(R)    1  1  1  1  1  1  1  1  1  1  1  1  1  1  1  1  1  1  1  1  1  1  1  1  1  1  1  1  1  1  1  1  1  1  1  1  1  1  1  1  1  1  1  1  1  1  1  1   x^2+y^2+z^2                         
 A2g       1  1  1  1  1  1  1  1  1 -1 -1 -1 -1 -1 -1 -1 -1 -1 -1 -1 -1  1  1  1  1 -1 -1 -1 -1 -1 -1  1  1  1  1  1  1  1  1  1  1  1 -1 -1 -1 -1 -1 -1                                       
 Eg(R)     2 -1 -1 -1 -1 -1 -1 -1 -1  0  0  0  0  0  0  0  0  0  0  0  0  2  2  2  2  0  0  0  0  0  0 -1 -1 -1 -1 -1 -1 -1 -1  2  2  2  0  0  0  0  0  0   (2z^2-x^2-y^2, x^2-y^2)             
 T1g       3  0  0  0  0  0  0  0  0 -1 -1 -1 -1 -1 -1  1  1  1  1  1  1 -1 -1 -1  3  1  1  1  1  1  1  0  0  0  0  0  0  0  0 -1 -1 -1 -1 -1 -1 -1 -1 -1                                       
 T2g(R)    3  0  0  0  0  0  0  0  0  1  1  1  1  1  1 -1 -1 -1 -1 -1 -1 -1 -1 -1  3 -1 -1 -1 -1 -1 -1  0  0  0  0  0  0  0  0 -1 -1 -1  1  1  1  1  1  1   (xy,xz,yz)                          
 A1u       1  1  1  1  1  1  1  1  1  1  1  1  1  1  1  1  1  1  1  1  1  1  1  1 -1 -1 -1 -1 -1 -1 -1 -1 -1 -1 -1 -1 -1 -1 -1 -1 -1 -1 -1 -1 -1 -1 -1 -1                                       
 A2u       1  1  1  1  1  1  1  1  1 -1 -1 -1 -1 -1 -1 -1 -1 -1 -1 -1 -1  1  1  1 -1  1  1  1  1  1  1 -1 -1 -1 -1 -1 -1 -1 -1 -1 -1 -1  1  1  1  1  1  1                                       
 Eu        2 -1 -1 -1 -1 -1 -1 -1 -1  0  0  0  0  0  0  0  0  0  0  0  0  2  2  2 -2  0  0  0  0  0  0  1  1  1  1  1  1  1  1 -2 -2 -2  0  0  0  0  0  0                                       
 T1u(I)    3  0  0  0  0  0  0  0  0 -1 -1 -1 -1 -1 -1  1  1  1  1  1  1 -1 -1 -1 -3 -1 -1 -1 -1 -1 -1  0  0  0  0  0  0  0  0  1  1  1  1  1  1  1  1  1   (x,y,z)                             
 T2u       3  0  0  0  0  0  0  0  0  1  1  1  1  1  1 -1 -1 -1 -1 -1 -1 -1 -1 -1 -3  1  1  1  1  1  1  0  0  0  0  0  0  0  0  1  1  1 -1 -1 -1 -1 -1 -1                                       
 ------------------------------------------
    Wave vector= 0.0000  0.0000  0.0000    no macro. electric field
 Multi. Omega   Irreducible Representations
  3     0.013     T1u(I)                                                                                                     
Notation: (R)  Raman active mode
          (I)  Infrared active mode
          (RI) Raman and Infrared active mode

Thermodynamic Properties
   for empirical formula Ag

The following thermodynamic functions are obtained from the phonon
density of states within the harmonic approximation. The results are
meaningful only below the melting point, which lies well below 3000 K
for most materials.
Definitions:
      Cv            : vibrational heat capacity at constant volume
E_vib(T)=E(T)-E(0)  : the change in vibrational internal energy from 0 K, where
                        E(0) = E_elec + ZPE is the electronic energy of formation E_elec plus the zero point energy ZPE
      S(T)          : the vibrational entropy at temperature T
   -(A(T)-E(0))     : the change in the vibrational Helmholtz free energy from 0 K
      E(T)          : the electronic energy of formation plus the vibrational internal energy, so this term is
                        E_elec + ZPE + E_vib(T)
      A(T)          : the electronic plus vibrational Helmholtz free energy,
                        E(T) - T.S(T)
Note that the electronic energy, which is part of the enthalpy and free energies,
 is referenced to the elements in their standard state.

Electronic energy =     6.97 kJ/mol (referenced to elements in the standard state)
          PV term =   -98.70 kJ/mol
Zero-point energy =     1.22 kJ/mol

    T       Cv       E(T)-E(0)      S(T)   -(A(T)-E(0))     E(T)        A(T)
    K     J/K/mol      kJ/mol     J/K/mol     kJ/mol       kJ/mol      kJ/mol
  ----- ----------- ----------- ----------- ----------- ----------- -----------
     0      0.0000      0.0000      0.0000      0.0000      8.1968      8.1968
     1      0.0002      0.0000      0.0000      0.0000      8.1968      8.1968
     2      0.0048      0.0000      0.0011      0.0000      8.1968      8.1968
     3      0.0165      0.0000      0.0051      0.0000      8.1968      8.1968
     4      0.0353      0.0000      0.0122      0.0000      8.1969      8.1968
     5      0.0634      0.0001      0.0229      0.0000      8.1969      8.1968
    10      0.6650      0.0014      0.1891      0.0004      8.1983      8.1964
    15      2.6830      0.0092      0.7930      0.0027      8.2061      8.1942
    20      5.6301      0.0298      1.9577      0.0093      8.2267      8.1875
    30     11.3830      0.1160      5.3715      0.0452      8.3128      8.1517
    40     15.4859      0.2517      9.2488      0.1182      8.4486      8.0786
    50     18.1552      0.4209     13.0126      0.2297      8.6177      7.9671
    60     19.9013      0.6118     16.4879      0.3775      8.8086      7.8193
    70     21.0782      0.8170     19.6498      0.5584      9.0139      7.6384
    80     21.8988      1.0322     22.5211      0.7695      9.2290      7.4273
    90     22.4895      1.2543     25.1363      1.0080      9.4511      7.1888
   100     22.9270      1.4814     27.5295      1.2715      9.6783      6.9253
   125     23.6236      2.0642     32.7285      2.0268     10.2610      6.1700
   150     24.0156      2.6601     37.0733      2.9008     10.8570      5.2960
   175     24.2567      3.2638     40.7948      3.8753     11.4606      4.3215
   200     24.4151      3.8723     44.0449      4.9366     12.0691      3.2602
   225     24.5247      4.4841     46.9272      6.0745     12.6809      2.1224
   250     24.6035      5.0983     49.5155      7.2805     13.2951      0.9163
   273     24.6579      5.6648     51.6833      8.4447     13.8616     -0.2478
   275     24.6620      5.7141     51.8633      8.5482     13.9109     -0.3514
   298     24.7035      6.2818     53.8459      9.7642     14.4786     -1.5673
   300     24.7067      6.3312     54.0112      9.8720     14.5281     -1.6752
   350     24.7693      7.5682     57.8248     12.6703     15.7651     -4.4735
   400     24.8100      8.8078     61.1351     15.6461     17.0046     -7.4493
   450     24.8380     10.0490     64.0590     18.7774     18.2458    -10.5805
   500     24.8580     11.2914     66.6771     22.0469     19.4883    -13.8501
   550     24.8729     12.5347     69.0470     25.4409     20.7315    -17.2441
   600     24.8842     13.7787     71.2117     28.9481     21.9755    -20.7513
   650     24.8930     15.0231     73.2039     32.5592     23.2199    -24.3623
   700     24.9000     16.2679     75.0489     36.2660     24.4647    -28.0692
   750     24.9056     17.5130     76.7671     40.0619     25.7099    -31.8651
   800     24.9102     18.7584     78.3746     43.9408     26.9553    -35.7440
   850     24.9141     20.0040     79.8849     47.8977     28.2009    -39.7009
   900     24.9173     21.2498     81.3090     51.9278     29.4466    -43.7310
   950     24.9200     22.4957     82.6563     56.0273     30.6926    -47.8304
  1000     24.9223     23.7418     83.9346     60.1923     31.9386    -51.9954
  1050     24.9243     24.9880     85.1506     64.4196     33.1848    -56.2228
  1100     24.9260     26.2342     86.3101     68.7063     34.4310    -60.5095
  1150     24.9275     27.4805     87.4182     73.0497     35.6774    -64.8529
  1200     24.9289     28.7269     88.4791     77.4473     36.9238    -69.2505
  1250     24.9300     29.9734     89.4967     81.8969     38.1702    -73.7000
  1300     24.9311     31.2199     90.4745     86.3963     39.4168    -78.1994
  1350     24.9320     32.4665     91.4155     90.9436     40.6633    -82.7468
  1400     24.9328     33.7131     92.3222     95.5372     41.9099    -87.3404
  1450     24.9336     34.9598     93.1971    100.1753     43.1566    -91.9785
  1500     24.9342     36.2065     94.0425    104.8564     44.4033    -96.6595
  1550     24.9348     37.4532     94.8600    109.5789     45.6500   -101.3821
  1600     24.9354     38.6999     95.6517    114.3418     46.8967   -106.1450
  1650     24.9359     39.9467     96.4190    119.1437     48.1435   -110.9469
  1700     24.9363     41.1935     97.1634    123.9833     49.3903   -115.7865
  1750     24.9368     42.4403     97.8863    128.8596     50.6371   -120.6628
  1800     24.9372     43.6872     98.5888    133.7716     51.8840   -125.5747
  1850     24.9375     44.9340     99.2720    138.7181     53.1308   -130.5213
  1900     24.9378     46.1809     99.9371    143.6984     54.3777   -135.5015
  1950     24.9381     47.4278    100.5849    148.7114     55.6246   -140.5146
  2000     24.9384     48.6747    101.2162    153.7566     56.8715   -145.5597
  2100     24.9389     51.1685    102.4330    163.9394     59.3654   -155.7426
  2200     24.9393     53.6624    103.5932    174.2411     61.8593   -166.0442
  2300     24.9397     56.1564    104.7017    184.6562     64.3532   -176.4594
  2400     24.9401     58.6504    105.7632    195.1797     66.8472   -186.9829
  2500     24.9403     61.1444    106.7813    205.8073     69.3412   -197.6105
  2600     24.9406     63.6384    107.7595    216.5345     71.8352   -208.3377
  2700     24.9408     66.1324    108.7008    227.3578     74.3293   -219.1610
  2800     24.9410     68.6265    109.6078    238.2735     76.8234   -230.0766
  2900     24.9412     71.1206    110.4830    249.2782     79.3175   -241.0814
  3000     24.9414     73.6147    111.3286    260.3690     81.8116   -252.1721

Job completed on Mon 30 January 2017 at 12:52:05 æ±äº¬ (æ¨™æº–æ™‚) after 2253 s (0:37:33)
