Startup is 'sourced'
Opening the database
Phonon calculation for Untitled_1

Phonon parameters
=================
The calculation explores the full Brillouin zone and accounts for an interaction range of about 10.0 Angstroem.
The asymmetric atoms are displaced by +/-0.02 Angstroem.

In a first step, need to run an optimization of atom positions for the supercell containing 32 atoms.
Then, need to run a total number of 2 single point energy calculations on supercells with displaced atoms containing 32 atoms.

      Supercell transformation matrix              Supercell lattice vectors
       2.00000    0.00000    0.00000             8.58541    0.00000    0.00000
       0.00000    2.00000    0.00000             0.00000    8.58541    0.00000
       0.00000    0.00000    2.00000             0.00000    0.00000    8.58541

     Supercell           Site        Displaced atom     Displacement (fractional units)
   ---------------    ----------     --------------     -------------------------------
  undisplaced           ----            ----             0.00000    0.00000    0.00000
  displaced_Au__a       Au              Au               0.00233    0.00000    0.00000
  displaced_Au__b       Au              Au              -0.00233    0.00000    0.00000

Invariance conditions are not enforced.
No approximation to LO/TO splitting
Properties: Phonon dispersion and form factors 
            Phonon density of states 
            Thermodynamic functions
==========================================


VASP parameters
===============
Since no magnetic moments are in the model, this is a non-magnetic calculation using 'accurate' precision
and a user-defined planewave cutoff energy of 600.000 eV.

The electronic iterations convergence is 1.00E-005 eV using the Normal (blocked Davidson) algorithm
and reciprocal space projection operators.

The requested k-spacing is 0.3 per Angstrom, which leads to a 9x9x9 mesh.
This corresponds to actual k-spacings of 0.282 x 0.282 x 0.282 per Angstrom.

Using first order Methfessel-Paxton smearing with a width of 0.2 eV.

Other non-default parameters:
	Extrafine augmentation grid for accurate forces is TRUE
	Wave functions is TRUE
==========================================

------------------------------------------------------------------------

Using GGA-PBE / PAW potentials:
	Au

Results for initial structural minimization of the supercell without displacements:
--------------------------------------------------------------------------------------

There are 4 symmetry-unique k-points
The plane wave cutoff is 600.00 eV

   VASP energy:            -102.940732 eV for Au32

   Initial VASP energy:    -102.940730 eV for Au32
   Relaxation energy:        -0.000002 eV gained after 1 optimization steps.

Electronic contributions:
                          Empirical Formula          Cell
                                    Au          (Au)32
                          --------------- ---------------
              VASP Energy        -310.383       -9932.268 kJ/mol
      Energy of formation           5.288         169.228
                  PV term        -108.933       -3485.856

   This is the electronic part of the formation energy with respect to the
   elements in their standard state. It is obtained from the total energy (above)
   and tabulated VASP energies for the elements in their standard state.
   See the documentation for more details.

   Details for Au:
                                             VASP energy (Etot):     -310.38 kJ/mol
       Standard state energy of 1.00 atoms of Au  1.00 * -315.67:  -  -315.67
                                                                   ----------
                                        Energy of formation (Ef):        5.29 kJ/mol


Cell parameters:
 Parameter    Value    
---------- ------------
         a     8.585409
         b     8.585409
         c     8.585409
     alpha    89.999999
      beta    89.999999
     gamma    89.999999

    Volume    79.102999 Ang^3

        Density:    16.539 Mg/m^3

   The pressure given below is exerted by the system according to its volume.
   Positive pressure would cause expansion during full geometry optimization.
       Pressure:    -9.147 GPa
               =   -91.470 kbar

                      XX        YY        ZZ        XY        YZ        ZX
         Stress:     9.147     9.147     9.147     0.000     0.000     0.000 GPa
               =    91.470    91.470    91.470     0.000     0.000     0.000 kbar
   The stress tensor above is imposed on the system, i.e. negative values of diagonal components 
   would cause expansion of the corresponding lattice parameter upon full geometry optimization.
   The pressure and stress include only electronic terms, i.e. the vibrational,
   temperature and other terms are not included here.

Fractional Coordinates:
	Atom          Initial Coordinates             Final Coordinates
	-----      -------- -------- --------      -------- -------- --------
	Au           0.7500   0.7500   0.5000        0.7500   0.7500   0.5000
	Au           0.7500   0.7500   0.0000        0.7500   0.7500   0.0000
	Au           0.7500   0.0000   0.2500        0.7500   0.0000   0.2500
	Au           0.7500   0.2500   0.5000        0.7500   0.2500   0.5000
	Au           0.0000   0.7500   0.2500        0.0000   0.7500   0.2500
	Au           0.0000   0.0000   0.5000        0.0000   0.0000   0.5000
	Au           0.2500   0.7500   0.5000        0.2500   0.7500   0.5000
	Au           0.7500   0.0000   0.7500        0.7500   0.0000   0.7500
	Au           0.7500   0.2500   0.0000        0.7500   0.2500   0.0000
	Au           0.7500   0.5000   0.2500        0.7500   0.5000   0.2500
	Au           0.0000   0.7500   0.7500        0.0000   0.7500   0.7500
	Au           0.0000   0.0000   0.0000        0.0000   0.0000   0.0000
	Au           0.0000   0.2500   0.2500        0.0000   0.2500   0.2500
	Au           0.0000   0.5000   0.5000        0.0000   0.5000   0.5000
	Au           0.2500   0.7500   0.0000        0.2500   0.7500   0.0000
	Au           0.2500   0.0000   0.2500        0.2500   0.0000   0.2500
	Au           0.2500   0.2500   0.5000        0.2500   0.2500   0.5000
	Au           0.5000   0.7500   0.2500        0.5000   0.7500   0.2500
	Au           0.5000   0.0000   0.5000        0.5000   0.0000   0.5000
	Au           0.7500   0.5000   0.7500        0.7500   0.5000   0.7500
	Au           0.0000   0.2500   0.7500        0.0000   0.2500   0.7500
	Au           0.0000   0.5000   0.0000        0.0000   0.5000   0.0000
	Au           0.2500   0.0000   0.7500        0.2500   0.0000   0.7500
	Au           0.2500   0.2500   0.0000        0.2500   0.2500   0.0000
	Au           0.2500   0.5000   0.2500        0.2500   0.5000   0.2500
	Au           0.5000   0.7500   0.7500        0.5000   0.7500   0.7500
	Au           0.5000   0.0000   0.0000        0.5000   0.0000   0.0000
	Au           0.5000   0.2500   0.2500        0.5000   0.2500   0.2500
	Au           0.5000   0.5000   0.5000        0.5000   0.5000   0.5000
	Au           0.2500   0.5000   0.7500        0.2500   0.5000   0.7500
	Au           0.5000   0.2500   0.7500        0.5000   0.2500   0.7500
	Au           0.5000   0.5000   0.0000        0.5000   0.5000   0.0000

Results for supercell calculations:
------------------------------------------------------------------------
	        Supercell         Energy (eV)
	      -------------      -------------
	        undisplaced      -102.94073
	     displaced_Au__a     -102.94017
	     displaced_Au__b     -102.94017


Symmetry analysis of Gamma point phonon frequencies:
----------------------------------------------------
   Crystal  Point  Group: O_h   (m3m) 
   Supercell Point Group: O_h   (m3m) 
    Table of irreducible representations of point group:
 ------------------------------------------
    IR     1  5  7  9 11  6  8 10 12 13 16 17 18 21 23 14 15 19 20 22 24  2  3  4 25 38 39 43 44 46 48 29 30 31 32 33 34 35 36 26 27 28 37 40 41 42 45 47
 ------------------------------------------
 A1g(R)    1  1  1  1  1  1  1  1  1  1  1  1  1  1  1  1  1  1  1  1  1  1  1  1  1  1  1  1  1  1  1  1  1  1  1  1  1  1  1  1  1  1  1  1  1  1  1  1   x^2+y^2+z^2                         
 A2g       1  1  1  1  1  1  1  1  1 -1 -1 -1 -1 -1 -1 -1 -1 -1 -1 -1 -1  1  1  1  1 -1 -1 -1 -1 -1 -1  1  1  1  1  1  1  1  1  1  1  1 -1 -1 -1 -1 -1 -1                                       
 Eg(R)     2 -1 -1 -1 -1 -1 -1 -1 -1  0  0  0  0  0  0  0  0  0  0  0  0  2  2  2  2  0  0  0  0  0  0 -1 -1 -1 -1 -1 -1 -1 -1  2  2  2  0  0  0  0  0  0   (2z^2-x^2-y^2, x^2-y^2)             
 T1g       3  0  0  0  0  0  0  0  0 -1 -1 -1 -1 -1 -1  1  1  1  1  1  1 -1 -1 -1  3  1  1  1  1  1  1  0  0  0  0  0  0  0  0 -1 -1 -1 -1 -1 -1 -1 -1 -1                                       
 T2g(R)    3  0  0  0  0  0  0  0  0  1  1  1  1  1  1 -1 -1 -1 -1 -1 -1 -1 -1 -1  3 -1 -1 -1 -1 -1 -1  0  0  0  0  0  0  0  0 -1 -1 -1  1  1  1  1  1  1   (xy,xz,yz)                          
 A1u       1  1  1  1  1  1  1  1  1  1  1  1  1  1  1  1  1  1  1  1  1  1  1  1 -1 -1 -1 -1 -1 -1 -1 -1 -1 -1 -1 -1 -1 -1 -1 -1 -1 -1 -1 -1 -1 -1 -1 -1                                       
 A2u       1  1  1  1  1  1  1  1  1 -1 -1 -1 -1 -1 -1 -1 -1 -1 -1 -1 -1  1  1  1 -1  1  1  1  1  1  1 -1 -1 -1 -1 -1 -1 -1 -1 -1 -1 -1  1  1  1  1  1  1                                       
 Eu        2 -1 -1 -1 -1 -1 -1 -1 -1  0  0  0  0  0  0  0  0  0  0  0  0  2  2  2 -2  0  0  0  0  0  0  1  1  1  1  1  1  1  1 -2 -2 -2  0  0  0  0  0  0                                       
 T1u(I)    3  0  0  0  0  0  0  0  0 -1 -1 -1 -1 -1 -1  1  1  1  1  1  1 -1 -1 -1 -3 -1 -1 -1 -1 -1 -1  0  0  0  0  0  0  0  0  1  1  1  1  1  1  1  1  1   (x,y,z)                             
 T2u       3  0  0  0  0  0  0  0  0  1  1  1  1  1  1 -1 -1 -1 -1 -1 -1 -1 -1 -1 -3  1  1  1  1  1  1  0  0  0  0  0  0  0  0  1  1  1 -1 -1 -1 -1 -1 -1                                       
 ------------------------------------------
    Wave vector= 0.0000  0.0000  0.0000    no macro. electric field
 Multi. Omega   Irreducible Representations
  3    -0.015     T1u(I)                                                                                                     
Notation: (R)  Raman active mode
          (I)  Infrared active mode
          (RI) Raman and Infrared active mode

Thermodynamic Properties
   for empirical formula Au

The following thermodynamic functions are obtained from the phonon
density of states within the harmonic approximation. The results are
meaningful only below the melting point, which lies well below 3000 K
for most materials.
Definitions:
      Cv            : vibrational heat capacity at constant volume
E_vib(T)=E(T)-E(0)  : the change in vibrational internal energy from 0 K, where
                        E(0) = E_elec + ZPE is the electronic energy of formation E_elec plus the zero point energy ZPE
      S(T)          : the vibrational entropy at temperature T
   -(A(T)-E(0))     : the change in the vibrational Helmholtz free energy from 0 K
      E(T)          : the electronic energy of formation plus the vibrational internal energy, so this term is
                        E_elec + ZPE + E_vib(T)
      A(T)          : the electronic plus vibrational Helmholtz free energy,
                        E(T) - T.S(T)
Note that the electronic energy, which is part of the enthalpy and free energies,
 is referenced to the elements in their standard state.

Electronic energy =     5.29 kJ/mol (referenced to elements in the standard state)
          PV term =  -108.93 kJ/mol
Zero-point energy =     1.05 kJ/mol

    T       Cv       E(T)-E(0)      S(T)   -(A(T)-E(0))     E(T)        A(T)
    K     J/K/mol      kJ/mol     J/K/mol     kJ/mol       kJ/mol      kJ/mol
  ----- ----------- ----------- ----------- ----------- ----------- -----------
     0      0.0000      0.0000      0.0000      0.0000      6.3432      6.3432
     1      0.0029      0.0000      0.0007      0.0000      6.3432      6.3432
     2      0.0214      0.0000      0.0074      0.0000      6.3433      6.3432
     3      0.0582      0.0001      0.0223      0.0000      6.3433      6.3432
     4      0.1211      0.0001      0.0469      0.0001      6.3434      6.3432
     5      0.2256      0.0003      0.0842      0.0001      6.3436      6.3431
    10      1.8557      0.0047      0.6259      0.0016      6.3479      6.3417
    15      4.9678      0.0214      1.9404      0.0077      6.3647      6.3355
    20      8.3090      0.0547      3.8316      0.0220      6.3979      6.3213
    30     13.7417      0.1666      8.2966      0.0823      6.5099      6.2610
    40     17.2706      0.3231     12.7724      0.1878      6.6663      6.1554
    50     19.4865      0.5077     16.8831      0.3365      6.8509      6.0068
    60     20.9113      0.7102     20.5709      0.5241      7.0534      5.8192
    70     21.8626      0.9243     23.8705      0.7466      7.2676      5.5967
    80     22.5220      1.1465     26.8355      1.0004      7.4897      5.3429
    90     22.9948      1.3742     29.5170      1.2823      7.7174      5.0609
   100     23.3440      1.6059     31.9587      1.5899      7.9492      4.7533
   125     23.8985      2.1972     37.2337      2.4570      8.5404      3.8863
   150     24.2096      2.7989     41.6209      3.4442      9.1421      2.8990
   175     24.4007      3.4067     45.3683      4.5327      9.7499      1.8105
   200     24.5262      4.0184     48.6353      5.7086     10.3616      0.6346
   225     24.6129      4.6327     51.5294      6.9614     10.9759     -0.6181
   250     24.6752      5.2488     54.1260      8.2826     11.5921     -1.9394
   273     24.7183      5.8168     56.2996      9.5529     12.1601     -3.2096
   275     24.7215      5.8663     56.4801      9.6656     12.2095     -3.3224
   298     24.7544      6.4353     58.4671     10.9878     12.7785     -4.6446
   300     24.7569      6.4848     58.6327     11.1049     12.8280     -4.7617
   350     24.8063      7.7239     62.4530     14.1345     14.0672     -7.7912
   400     24.8385      8.9651     65.7677     17.3418     15.3084    -10.9985
   450     24.8606     10.2076     68.6946     20.7047     16.5509    -14.3615
   500     24.8765     11.4511     71.3148     24.2061     17.7943    -17.8629
   550     24.8882     12.6952     73.6863     27.8320     19.0384    -21.4888
   600     24.8971     13.9398     75.8523     31.5713     20.2831    -25.2280
   650     24.9041     15.1848     77.8454     35.4143     21.5281    -29.0711
   700     24.9096     16.4302     79.6912     39.3533     22.7734    -33.0100
   750     24.9140     17.6758     81.4099     43.3813     24.0190    -37.0380
   800     24.9177     18.9216     83.0180     47.4924     25.2648    -41.1491
   850     24.9207     20.1675     84.5287     51.6814     26.5108    -45.3382
   900     24.9232     21.4136     85.9532     55.9438     27.7569    -49.6005
   950     24.9254     22.6598     87.3008     60.2754     29.0031    -53.9322
  1000     24.9272     23.9061     88.5793     64.6727     30.2494    -58.3294
  1050     24.9288     25.1525     89.7956     69.1322     31.4958    -62.7890
  1100     24.9302     26.3990     90.9553     73.6512     32.7422    -67.3079
  1150     24.9314     27.6455     92.0635     78.2269     33.9888    -71.8836
  1200     24.9324     28.8921     93.1246     82.8567     35.2354    -76.5135
  1250     24.9333     30.1387     94.1424     87.5385     36.4820    -81.1953
  1300     24.9341     31.3854     95.1203     92.2702     37.7287    -85.9270
  1350     24.9349     32.6321     96.0614     97.0499     38.9754    -90.7066
  1400     24.9355     33.8789     96.9682    101.8758     40.2221    -95.5325
  1450     24.9361     35.1257     97.8433    106.7461     41.4689   -100.4029
  1500     24.9366     36.3725     98.6886    111.6596     42.7157   -105.3163
  1550     24.9371     37.6193     99.5063    116.6145     43.9626   -110.2712
  1600     24.9376     38.8662    100.2980    121.6096     45.2094   -115.2664
  1650     24.9379     40.1131    101.0654    126.6438     46.4563   -120.3006
  1700     24.9383     41.3600    101.8099    131.7158     47.7032   -125.3725
  1750     24.9386     42.6069    102.5327    136.8244     48.9501   -130.4811
  1800     24.9389     43.8538    103.2353    141.9686     50.1971   -135.6253
  1850     24.9392     45.1008    103.9186    147.1475     51.4440   -140.8043
  1900     24.9395     46.3477    104.5837    152.3601     52.6910   -146.0168
  1950     24.9397     47.5947    105.2315    157.6056     53.9379   -151.2623
  2000     24.9399     48.8417    105.8629    162.8829     55.1849   -156.5397
  2100     24.9403     51.3357    107.0798    173.5305     57.6789   -167.1872
  2200     24.9407     53.8297    108.2401    184.2969     60.1730   -177.9536
  2300     24.9410     56.3238    109.3486    195.1767     62.6670   -188.8334
  2400     24.9412     58.8179    110.4102    206.1649     65.1611   -199.8216
  2500     24.9415     61.3120    111.4283    217.2570     67.6553   -210.9138
  2600     24.9417     63.8061    112.4065    228.4490     70.1494   -222.1058
  2700     24.9419     66.3003    113.3478    239.7371     72.6435   -233.3938
  2800     24.9420     68.7945    114.2549    251.1174     75.1377   -244.7741
  2900     24.9422     71.2887    115.1302    262.5868     77.6319   -256.2436
  3000     24.9423     73.7829    115.9758    274.1423     80.1261   -267.7990

Job completed on Fri 06 January 2017 at 18:41:19 æ±äº¬ (æ¨™æº–æ™‚) after 1665 s (0:27:45)
