Startup is 'sourced'
Opening the database
Phonon calculation for Untitled

Phonon parameters
=================
The calculation explores the full Brillouin zone and accounts for an interaction range of about 10.0 Angstroem.
The asymmetric atoms are displaced by +/-0.02 Angstroem.

In a first step, need to run an optimization of atom positions for the supercell containing 32 atoms.
Then, need to run a total number of 2 single point energy calculations on supercells with displaced atoms containing 32 atoms.

      Supercell transformation matrix              Supercell lattice vectors
       2.00000    0.00000    0.00000             8.47834    0.00000    0.00000
       0.00000    2.00000    0.00000             0.00000    8.47834    0.00000
       0.00000    0.00000    2.00000             0.00000    0.00000    8.47834

     Supercell           Site        Displaced atom     Displacement (fractional units)
   ---------------    ----------     --------------     -------------------------------
  undisplaced           ----            ----             0.00000    0.00000    0.00000
  displaced_Al__a       Al              Al               0.00236    0.00000    0.00000
  displaced_Al__b       Al              Al              -0.00236    0.00000    0.00000

Invariance conditions are not enforced.
No approximation to LO/TO splitting
Properties: Phonon dispersion and form factors 
            Phonon density of states 
            Thermodynamic functions
==========================================


VASP parameters
===============
Since no magnetic moments are in the model, this is a non-magnetic calculation using 'accurate' precision
and a user-defined planewave cutoff energy of 600.000 eV.

The electronic iterations convergence is 1.00E-005 eV using the Normal (blocked Davidson) algorithm
and reciprocal space projection operators.

The requested k-spacing is 0.3 per Angstrom, which leads to a 9x9x9 mesh.
This corresponds to actual k-spacings of 0.285 x 0.285 x 0.285 per Angstrom.

Using first order Methfessel-Paxton smearing with a width of 0.2 eV.

Other non-default parameters:
	Extrafine augmentation grid for accurate forces is TRUE
	Wave functions is TRUE
==========================================

------------------------------------------------------------------------

Using GGA-PBE / PAW potentials:
	Al

Results for initial structural minimization of the supercell without displacements:
--------------------------------------------------------------------------------------

There are 4 symmetry-unique k-points
The plane wave cutoff is 600.00 eV

   VASP energy:            -118.269701 eV for Al32

   Initial VASP energy:    -118.269700 eV for Al32
   Relaxation energy:        -0.000001 eV gained after 1 optimization steps.

Electronic contributions:
                          Empirical Formula          Cell
                                    Al          (Al)32
                          --------------- ---------------
              VASP Energy        -356.603      -11411.289 kJ/mol
      Energy of formation           4.377         140.065
                  PV term         -93.577       -2994.460

   This is the electronic part of the formation energy with respect to the
   elements in their standard state. It is obtained from the total energy (above)
   and tabulated VASP energies for the elements in their standard state.
   See the documentation for more details.

   Details for Al:
                                             VASP energy (Etot):     -356.60 kJ/mol
       Standard state energy of 1.00 atoms of Al  1.00 * -360.98:  -  -360.98
                                                                   ----------
                                        Energy of formation (Ef):        4.38 kJ/mol


Cell parameters:
 Parameter    Value    
---------- ------------
         a     8.478343
         b     8.478343
         c     8.478343
     alpha    89.999999
      beta    89.999999
     gamma    89.999999

    Volume    76.180339 Ang^3

        Density:     2.353 Mg/m^3

   The pressure given below is exerted by the system according to its volume.
   Positive pressure would cause expansion during full geometry optimization.
       Pressure:    -8.159 GPa
               =   -81.590 kbar

                      XX        YY        ZZ        XY        YZ        ZX
         Stress:     8.159     8.159     8.159     0.000     0.000     0.000 GPa
               =    81.590    81.590    81.590     0.000     0.000     0.000 kbar
   The stress tensor above is imposed on the system, i.e. negative values of diagonal components 
   would cause expansion of the corresponding lattice parameter upon full geometry optimization.
   The pressure and stress include only electronic terms, i.e. the vibrational,
   temperature and other terms are not included here.

Fractional Coordinates:
	Atom          Initial Coordinates             Final Coordinates
	-----      -------- -------- --------      -------- -------- --------
	Al           0.7500   0.7500   0.5000        0.7500   0.7500   0.5000
	Al           0.7500   0.7500   0.0000        0.7500   0.7500   0.0000
	Al           0.7500   0.0000   0.2500        0.7500   0.0000   0.2500
	Al           0.7500   0.2500   0.5000        0.7500   0.2500   0.5000
	Al           0.0000   0.7500   0.2500        0.0000   0.7500   0.2500
	Al           0.0000   0.0000   0.5000        0.0000   0.0000   0.5000
	Al           0.2500   0.7500   0.5000        0.2500   0.7500   0.5000
	Al           0.7500   0.0000   0.7500        0.7500   0.0000   0.7500
	Al           0.7500   0.2500   0.0000        0.7500   0.2500   0.0000
	Al           0.7500   0.5000   0.2500        0.7500   0.5000   0.2500
	Al           0.0000   0.7500   0.7500        0.0000   0.7500   0.7500
	Al           0.0000   0.0000   0.0000        0.0000   0.0000   0.0000
	Al           0.0000   0.2500   0.2500        0.0000   0.2500   0.2500
	Al           0.0000   0.5000   0.5000        0.0000   0.5000   0.5000
	Al           0.2500   0.7500   0.0000        0.2500   0.7500   0.0000
	Al           0.2500   0.0000   0.2500        0.2500   0.0000   0.2500
	Al           0.2500   0.2500   0.5000        0.2500   0.2500   0.5000
	Al           0.5000   0.7500   0.2500        0.5000   0.7500   0.2500
	Al           0.5000   0.0000   0.5000        0.5000   0.0000   0.5000
	Al           0.7500   0.5000   0.7500        0.7500   0.5000   0.7500
	Al           0.0000   0.2500   0.7500        0.0000   0.2500   0.7500
	Al           0.0000   0.5000   0.0000        0.0000   0.5000   0.0000
	Al           0.2500   0.0000   0.7500        0.2500   0.0000   0.7500
	Al           0.2500   0.2500   0.0000        0.2500   0.2500   0.0000
	Al           0.2500   0.5000   0.2500        0.2500   0.5000   0.2500
	Al           0.5000   0.7500   0.7500        0.5000   0.7500   0.7500
	Al           0.5000   0.0000   0.0000        0.5000   0.0000   0.0000
	Al           0.5000   0.2500   0.2500        0.5000   0.2500   0.2500
	Al           0.5000   0.5000   0.5000        0.5000   0.5000   0.5000
	Al           0.2500   0.5000   0.7500        0.2500   0.5000   0.7500
	Al           0.5000   0.2500   0.7500        0.5000   0.2500   0.7500
	Al           0.5000   0.5000   0.0000        0.5000   0.5000   0.0000

Results for supercell calculations:
------------------------------------------------------------------------
	        Supercell         Energy (eV)
	      -------------      -------------
	        undisplaced      -118.26970
	     displaced_Al__a     -118.26920
	     displaced_Al__b     -118.26920


Symmetry analysis of Gamma point phonon frequencies:
----------------------------------------------------
   Crystal  Point  Group: O_h   (m3m) 
   Supercell Point Group: O_h   (m3m) 
    Table of irreducible representations of point group:
 ------------------------------------------
    IR     1  5  7  9 11  6  8 10 12 13 16 17 18 21 23 14 15 19 20 22 24  2  3  4 25 38 39 43 44 46 48 29 30 31 32 33 34 35 36 26 27 28 37 40 41 42 45 47
 ------------------------------------------
 A1g(R)    1  1  1  1  1  1  1  1  1  1  1  1  1  1  1  1  1  1  1  1  1  1  1  1  1  1  1  1  1  1  1  1  1  1  1  1  1  1  1  1  1  1  1  1  1  1  1  1   x^2+y^2+z^2                         
 A2g       1  1  1  1  1  1  1  1  1 -1 -1 -1 -1 -1 -1 -1 -1 -1 -1 -1 -1  1  1  1  1 -1 -1 -1 -1 -1 -1  1  1  1  1  1  1  1  1  1  1  1 -1 -1 -1 -1 -1 -1                                       
 Eg(R)     2 -1 -1 -1 -1 -1 -1 -1 -1  0  0  0  0  0  0  0  0  0  0  0  0  2  2  2  2  0  0  0  0  0  0 -1 -1 -1 -1 -1 -1 -1 -1  2  2  2  0  0  0  0  0  0   (2z^2-x^2-y^2, x^2-y^2)             
 T1g       3  0  0  0  0  0  0  0  0 -1 -1 -1 -1 -1 -1  1  1  1  1  1  1 -1 -1 -1  3  1  1  1  1  1  1  0  0  0  0  0  0  0  0 -1 -1 -1 -1 -1 -1 -1 -1 -1                                       
 T2g(R)    3  0  0  0  0  0  0  0  0  1  1  1  1  1  1 -1 -1 -1 -1 -1 -1 -1 -1 -1  3 -1 -1 -1 -1 -1 -1  0  0  0  0  0  0  0  0 -1 -1 -1  1  1  1  1  1  1   (xy,xz,yz)                          
 A1u       1  1  1  1  1  1  1  1  1  1  1  1  1  1  1  1  1  1  1  1  1  1  1  1 -1 -1 -1 -1 -1 -1 -1 -1 -1 -1 -1 -1 -1 -1 -1 -1 -1 -1 -1 -1 -1 -1 -1 -1                                       
 A2u       1  1  1  1  1  1  1  1  1 -1 -1 -1 -1 -1 -1 -1 -1 -1 -1 -1 -1  1  1  1 -1  1  1  1  1  1  1 -1 -1 -1 -1 -1 -1 -1 -1 -1 -1 -1  1  1  1  1  1  1                                       
 Eu        2 -1 -1 -1 -1 -1 -1 -1 -1  0  0  0  0  0  0  0  0  0  0  0  0  2  2  2 -2  0  0  0  0  0  0  1  1  1  1  1  1  1  1 -2 -2 -2  0  0  0  0  0  0                                       
 T1u(I)    3  0  0  0  0  0  0  0  0 -1 -1 -1 -1 -1 -1  1  1  1  1  1  1 -1 -1 -1 -3 -1 -1 -1 -1 -1 -1  0  0  0  0  0  0  0  0  1  1  1  1  1  1  1  1  1   (x,y,z)                             
 T2u       3  0  0  0  0  0  0  0  0  1  1  1  1  1  1 -1 -1 -1 -1 -1 -1 -1 -1 -1 -3  1  1  1  1  1  1  0  0  0  0  0  0  0  0  1  1  1 -1 -1 -1 -1 -1 -1                                       
 ------------------------------------------
    Wave vector= 0.0000  0.0000  0.0000    no macro. electric field
 Multi. Omega   Irreducible Representations
  3    -0.048     T1u(I)                                                                                                     
Notation: (R)  Raman active mode
          (I)  Infrared active mode
          (RI) Raman and Infrared active mode

Thermodynamic Properties
   for empirical formula Al

The following thermodynamic functions are obtained from the phonon
density of states within the harmonic approximation. The results are
meaningful only below the melting point, which lies well below 3000 K
for most materials.
Definitions:
      Cv            : vibrational heat capacity at constant volume
E_vib(T)=E(T)-E(0)  : the change in vibrational internal energy from 0 K, where
                        E(0) = E_elec + ZPE is the electronic energy of formation E_elec plus the zero point energy ZPE
      S(T)          : the vibrational entropy at temperature T
   -(A(T)-E(0))     : the change in the vibrational Helmholtz free energy from 0 K
      E(T)          : the electronic energy of formation plus the vibrational internal energy, so this term is
                        E_elec + ZPE + E_vib(T)
      A(T)          : the electronic plus vibrational Helmholtz free energy,
                        E(T) - T.S(T)
Note that the electronic energy, which is part of the enthalpy and free energies,
 is referenced to the elements in their standard state.

Electronic energy =     4.38 kJ/mol (referenced to elements in the standard state)
          PV term =   -93.58 kJ/mol
Zero-point energy =     2.73 kJ/mol

    T       Cv       E(T)-E(0)      S(T)   -(A(T)-E(0))     E(T)        A(T)
    K     J/K/mol      kJ/mol     J/K/mol     kJ/mol       kJ/mol      kJ/mol
  ----- ----------- ----------- ----------- ----------- ----------- -----------
     0      0.0000      0.0000      0.0000      0.0000      7.1105      7.1105
     1      0.0000      0.0000      0.0000      0.0000      7.1105      7.1105
     2      0.0014      0.0000      0.0003      0.0000      7.1105      7.1105
     3      0.0051      0.0000      0.0015      0.0000      7.1105      7.1105
     4      0.0109      0.0000      0.0037      0.0000      7.1105      7.1105
     5      0.0190      0.0000      0.0070      0.0000      7.1106      7.1105
    10      0.1028      0.0003      0.0415      0.0001      7.1108      7.1104
    15      0.3001      0.0012      0.1150      0.0005      7.1118      7.1100
    20      0.7239      0.0037      0.2527      0.0014      7.1142      7.1092
    30      2.4441      0.0186      0.8346      0.0064      7.1291      7.1041
    40      4.9297      0.0551      1.8679      0.0196      7.1657      7.0909
    50      7.5808      0.1177      3.2537      0.0450      7.2282      7.0656
    60     10.0568      0.2061      4.8588      0.0854      7.3167      7.0251
    70     12.2258      0.3178      6.5762      0.1425      7.4283      6.9680
    80     14.0657      0.4495      8.3324      0.2170      7.5601      6.8935
    90     15.6026      0.5981     10.0806      0.3091      7.7086      6.8014
   100     16.8787      0.7607     11.7926      0.4185      7.8713      6.6920
   125     19.2045      1.2140     15.8285      0.7646      8.3245      6.3459
   150     20.7016      1.7141     19.4718      1.2067      8.8246      5.9039
   175     21.7016      2.2449     22.7430      1.7351      9.3555      5.3755
   200     22.3950      2.7966     25.6888      2.3411      9.9072      4.7694
   225     22.8922      3.3631     28.3568      3.0172     10.4736      4.0933
   250     23.2595      3.9402     30.7886      3.7569     11.0507      3.3536
   273     23.5180      4.4782     32.8474      4.4891     11.5888      2.6215
   275     23.5377      4.5253     33.0192      4.5549     11.6358      2.5556
   298     23.7377      5.0690     34.9180      5.3365     12.1796      1.7741
   300     23.7531      5.1165     35.0768      5.4065     12.2271      1.7041
   350     24.0593      6.3124     38.7631      7.2546     13.4229     -0.1441
   400     24.2617      7.5207     41.9899      9.2751     14.6313     -2.1646
   450     24.4021      8.7375     44.8561     11.4476     15.8481     -4.3371
   500     24.5034      9.9603     47.4326     13.7559     17.0708     -6.6453
   550     24.5788     11.1874     49.7717     16.1869     18.2980     -9.0763
   600     24.6364     12.4179     51.9129     18.7297     19.5284    -11.6192
   650     24.6814     13.6508     53.8868     21.3753     20.7614    -14.2648
   700     24.7172     14.8858     55.7172     24.1160     21.9964    -17.0054
   750     24.7462     16.1224     57.4235     26.9449     23.2330    -19.8344
   800     24.7699     17.3603     59.0214     29.8565     24.4709    -22.7460
   850     24.7896     18.5993     60.5237     32.8455     25.7099    -25.7349
   900     24.8061     19.8392     61.9411     35.9074     26.9498    -28.7969
   950     24.8201     21.0799     63.2827     39.0383     28.1904    -31.9277
  1000     24.8321     22.3212     64.5561     42.2345     29.4317    -35.1240
  1050     24.8424     23.5631     65.7679     45.4928     30.6736    -38.3823
  1100     24.8513     24.8054     66.9238     48.8103     31.9159    -41.6998
  1150     24.8591     26.0482     68.0286     52.1843     33.1587    -45.0738
  1200     24.8660     27.2913     69.0868     55.6123     34.4018    -48.5018
  1250     24.8720     28.5347     70.1020     59.0922     35.6453    -51.9817
  1300     24.8774     29.7785     71.0776     62.6218     36.8890    -55.5113
  1350     24.8822     31.0224     72.0166     66.1993     38.1330    -59.0888
  1400     24.8865     32.2667     72.9216     69.8229     39.3772    -62.7123
  1450     24.8903     33.5111     73.7949     73.4909     40.6216    -66.3804
  1500     24.8938     34.7557     74.6388     77.2018     41.8662    -70.0913
  1550     24.8969     36.0004     75.4551     80.9543     43.1110    -73.8437
  1600     24.8998     37.2453     76.2456     84.7469     44.3559    -77.6364
  1650     24.9024     38.4904     77.0119     88.5784     45.6009    -81.4678
  1700     24.9047     39.7356     77.7553     92.4476     46.8461    -85.3371
  1750     24.9069     40.9809     78.4772     96.3535     48.0914    -89.2430
  1800     24.9089     42.2262     79.1789    100.2950     49.3368    -93.1845
  1850     24.9107     43.4717     79.8614    104.2711     50.5822    -97.1605
  1900     24.9124     44.7173     80.5258    108.2808     51.8278   -101.1703
  1950     24.9140     45.9629     81.1729    112.3232     53.0735   -105.2127
  2000     24.9154     47.2087     81.8037    116.3977     54.3192   -109.2872
  2100     24.9180     49.7003     83.0194    124.6393     56.8109   -117.5288
  2200     24.9203     52.1922     84.1786    132.9997     59.3028   -125.8891
  2300     24.9222     54.6844     85.2864    141.4733     61.7949   -134.3628
  2400     24.9239     57.1767     86.3471    150.0553     64.2872   -142.9447
  2500     24.9255     59.6691     87.3647    158.7411     66.7796   -151.6305
  2600     24.9268     62.1617     88.3423    167.5267     69.2722   -160.4162
  2700     24.9280     64.6544     89.2831    176.4082     71.7650   -169.2977
  2800     24.9291     67.1473     90.1896    185.3821     74.2578   -178.2716
  2900     24.9301     69.6402     91.0644    194.4450     76.7507   -187.3344
  3000     24.9309     72.1333     91.9096    203.5939     79.2438   -196.4834

Job completed on Fri 06 January 2017 at 18:59:02 æ±äº¬ (æ¨™æº–æ™‚) after 514 s (0:08:34)
