       N       E                     dE             d eps       ncg     rms          rms(c)
RMM:   1     0.602941482568E+04    0.60294E+04   -0.50326E+05  7120   0.231E+03
RMM:   2     0.482285978820E+03   -0.55471E+04   -0.64377E+04  7120   0.355E+02
RMM:   3    -0.271760930900E+03   -0.75405E+03   -0.80762E+03  7120   0.151E+02
RMM:   4    -0.464672632596E+03   -0.19291E+03   -0.83459E+02  7120   0.579E+01
RMM:   5    -0.490872141938E+03   -0.26200E+02   -0.15920E+02  7120   0.200E+01
RMM:   6    -0.494318226439E+03   -0.34461E+01   -0.30613E+01  7120   0.110E+01
RMM:   7    -0.494926985661E+03   -0.60876E+00   -0.61839E+00  7120   0.392E+00
RMM:   8    -0.495060730111E+03   -0.13374E+00   -0.13482E+00  7120   0.224E+00
RMM:   9    -0.495094122821E+03   -0.33393E-01   -0.35658E-01 14243   0.853E-01
RMM:  10    -0.495095713096E+03   -0.15903E-02   -0.18399E-02 14280   0.136E-01
RMM:  11    -0.495095785273E+03   -0.72177E-04   -0.74686E-04 13844   0.578E-02
RMM:  12    -0.495095786258E+03   -0.98516E-06   -0.28357E-05  9371   0.573E-03    0.724E+01
RMM:  13    -0.439014549073E+03    0.56081E+02   -0.99352E+02 14240   0.737E+01    0.348E+01
RMM:  14    -0.402993952704E+03    0.36021E+02   -0.16936E+02 14240   0.320E+01    0.669E+00
RMM:  15    -0.401801672072E+03    0.11923E+01   -0.29343E-01 14240   0.126E+00    0.260E+00
RMM:  16    -0.401660791057E+03    0.14088E+00   -0.25991E-01 14240   0.102E+00    0.173E-01
RMM:  17    -0.401662204183E+03   -0.14131E-02   -0.54868E-03 14240   0.931E-02    0.316E-02
RMM:  18    -0.401662169431E+03    0.34752E-04   -0.59881E-05 11139   0.176E-02    0.516E-03
RMM:  19    -0.401662234278E+03   -0.64847E-04   -0.13776E-05  7805   0.942E-03    0.351E-03
RMM:  20    -0.401662228456E+03    0.58220E-05   -0.30792E-06  7712   0.457E-03
   1 F= -.40166223E+03 E0= -.40166581E+03  d E =-.401662E+03
