Startup is 'sourced'
Opening the database
Phonon calculation for Untitled

Phonon parameters
=================
The calculation explores the full Brillouin zone and accounts for an interaction range of about 10.0 Angstroem.
The asymmetric atoms are displaced by +/-0.02 Angstroem.

In a first step, need to run an optimization of atom positions for the supercell containing 32 atoms.
Then, need to run a total number of 2 single point energy calculations on supercells with displaced atoms containing 32 atoms.

      Supercell transformation matrix              Supercell lattice vectors
       2.00000    0.00000    0.00000             8.72058    0.00000    0.00000
       0.00000    2.00000    0.00000             0.00000    8.72058    0.00000
       0.00000    0.00000    2.00000             0.00000    0.00000    8.72058

     Supercell           Site        Displaced atom     Displacement (fractional units)
   ---------------    ----------     --------------     -------------------------------
  undisplaced           ----            ----             0.00000    0.00000    0.00000
  displaced_Al__a       Al              Al               0.00229    0.00000    0.00000
  displaced_Al__b       Al              Al              -0.00229    0.00000    0.00000

Invariance conditions are not enforced.
No approximation to LO/TO splitting
Properties: Phonon dispersion and form factors 
            Phonon density of states 
            Thermodynamic functions
==========================================


VASP parameters
===============
Since no magnetic moments are in the model, this is a non-magnetic calculation using 'accurate' precision
and a user-defined planewave cutoff energy of 600.000 eV.

The electronic iterations convergence is 1.00E-005 eV using the Normal (blocked Davidson) algorithm
and reciprocal space projection operators.

The requested k-spacing is 0.3 per Angstrom, which leads to a 9x9x9 mesh.
This corresponds to actual k-spacings of 0.277 x 0.277 x 0.277 per Angstrom.

Using first order Methfessel-Paxton smearing with a width of 0.2 eV.

Other non-default parameters:
	Extrafine augmentation grid for accurate forces is TRUE
	Wave functions is TRUE
==========================================

------------------------------------------------------------------------

Results for initial structural minimization of the supercell without displacements:
--------------------------------------------------------------------------------------

There are 4 symmetry-unique k-points
The plane wave cutoff is 600.00 eV

   VASP energy:            -115.035714 eV for Al32

   Initial VASP energy:    -115.035710 eV for Al32
   Relaxation energy:        -0.000004 eV gained after 1 optimization steps.

Electronic contributions:
                          Empirical Formula          Cell
                                    Al          (Al)32
                          --------------- ---------------
              VASP Energy        -346.852      -11099.256 kJ/mol
      Energy of formation          14.128         452.098
                  PV term        -134.579       -4306.537

   This is the electronic part of the formation energy with respect to the
   elements in their standard state. It is obtained from the total energy (above)
   and tabulated VASP energies for the elements in their standard state.
   See the documentation for more details.

   Details for Al:
                                             VASP energy (Etot):     -346.85 kJ/mol
       Standard state energy of 1.00 atoms of Al  1.00 * -360.98:  -  -360.98
                                                                   ----------
                                        Energy of formation (Ef):       14.13 kJ/mol


Cell parameters:
 Parameter    Value    
---------- ------------
         a     8.720581
         b     8.720581
         c     8.720581
     alpha    89.999999
      beta    89.999999
     gamma    89.999999

    Volume    82.898423 Ang^3

        Density:     2.162 Mg/m^3

   The pressure given below is exerted by the system according to its volume.
   Positive pressure would cause expansion during full geometry optimization.
       Pressure:   -10.783 GPa
               =  -107.830 kbar

                      XX        YY        ZZ        XY        YZ        ZX
         Stress:    10.783    10.783    10.783     0.000     0.000     0.000 GPa
               =   107.830   107.830   107.830     0.000     0.000     0.000 kbar
   The stress tensor above is imposed on the system, i.e. negative values of diagonal components 
   would cause expansion of the corresponding lattice parameter upon full geometry optimization.
   The pressure and stress include only electronic terms, i.e. the vibrational,
   temperature and other terms are not included here.

Fractional Coordinates:
	Atom          Initial Coordinates             Final Coordinates
	-----      -------- -------- --------      -------- -------- --------
	Al           0.7500   0.7500   0.5000        0.7500   0.7500   0.5000
	Al           0.7500   0.7500   0.0000        0.7500   0.7500   0.0000
	Al           0.7500   0.0000   0.2500        0.7500   0.0000   0.2500
	Al           0.7500   0.2500   0.5000        0.7500   0.2500   0.5000
	Al           0.0000   0.7500   0.2500        0.0000   0.7500   0.2500
	Al           0.0000   0.0000   0.5000        0.0000   0.0000   0.5000
	Al           0.2500   0.7500   0.5000        0.2500   0.7500   0.5000
	Al           0.7500   0.0000   0.7500        0.7500   0.0000   0.7500
	Al           0.7500   0.2500   0.0000        0.7500   0.2500   0.0000
	Al           0.7500   0.5000   0.2500        0.7500   0.5000   0.2500
	Al           0.0000   0.7500   0.7500        0.0000   0.7500   0.7500
	Al           0.0000   0.0000   0.0000        0.0000   0.0000   0.0000
	Al           0.0000   0.2500   0.2500        0.0000   0.2500   0.2500
	Al           0.0000   0.5000   0.5000        0.0000   0.5000   0.5000
	Al           0.2500   0.7500   0.0000        0.2500   0.7500   0.0000
	Al           0.2500   0.0000   0.2500        0.2500   0.0000   0.2500
	Al           0.2500   0.2500   0.5000        0.2500   0.2500   0.5000
	Al           0.5000   0.7500   0.2500        0.5000   0.7500   0.2500
	Al           0.5000   0.0000   0.5000        0.5000   0.0000   0.5000
	Al           0.7500   0.5000   0.7500        0.7500   0.5000   0.7500
	Al           0.0000   0.2500   0.7500        0.0000   0.2500   0.7500
	Al           0.0000   0.5000   0.0000        0.0000   0.5000   0.0000
	Al           0.2500   0.0000   0.7500        0.2500   0.0000   0.7500
	Al           0.2500   0.2500   0.0000        0.2500   0.2500   0.0000
	Al           0.2500   0.5000   0.2500        0.2500   0.5000   0.2500
	Al           0.5000   0.7500   0.7500        0.5000   0.7500   0.7500
	Al           0.5000   0.0000   0.0000        0.5000   0.0000   0.0000
	Al           0.5000   0.2500   0.2500        0.5000   0.2500   0.2500
	Al           0.5000   0.5000   0.5000        0.5000   0.5000   0.5000
	Al           0.2500   0.5000   0.7500        0.2500   0.5000   0.7500
	Al           0.5000   0.2500   0.7500        0.5000   0.2500   0.7500
	Al           0.5000   0.5000   0.0000        0.5000   0.5000   0.0000

Results for supercell calculations:
------------------------------------------------------------------------
	        Supercell         Energy (eV)
	      -------------      -------------
	        undisplaced      -115.03571
	     displaced_Al__a     -115.03540
	     displaced_Al__b     -115.03540


Symmetry analysis of Gamma point phonon frequencies:
----------------------------------------------------
   Crystal  Point  Group: O_h   (m3m) 
   Supercell Point Group: O_h   (m3m) 
    Table of irreducible representations of point group:
 ------------------------------------------
    IR     1  5  7  9 11  6  8 10 12 13 16 17 18 21 23 14 15 19 20 22 24  2  3  4 25 38 39 43 44 46 48 29 30 31 32 33 34 35 36 26 27 28 37 40 41 42 45 47
 ------------------------------------------
 A1g(R)    1  1  1  1  1  1  1  1  1  1  1  1  1  1  1  1  1  1  1  1  1  1  1  1  1  1  1  1  1  1  1  1  1  1  1  1  1  1  1  1  1  1  1  1  1  1  1  1   x^2+y^2+z^2                         
 A2g       1  1  1  1  1  1  1  1  1 -1 -1 -1 -1 -1 -1 -1 -1 -1 -1 -1 -1  1  1  1  1 -1 -1 -1 -1 -1 -1  1  1  1  1  1  1  1  1  1  1  1 -1 -1 -1 -1 -1 -1                                       
 Eg(R)     2 -1 -1 -1 -1 -1 -1 -1 -1  0  0  0  0  0  0  0  0  0  0  0  0  2  2  2  2  0  0  0  0  0  0 -1 -1 -1 -1 -1 -1 -1 -1  2  2  2  0  0  0  0  0  0   (2z^2-x^2-y^2, x^2-y^2)             
 T1g       3  0  0  0  0  0  0  0  0 -1 -1 -1 -1 -1 -1  1  1  1  1  1  1 -1 -1 -1  3  1  1  1  1  1  1  0  0  0  0  0  0  0  0 -1 -1 -1 -1 -1 -1 -1 -1 -1                                       
 T2g(R)    3  0  0  0  0  0  0  0  0  1  1  1  1  1  1 -1 -1 -1 -1 -1 -1 -1 -1 -1  3 -1 -1 -1 -1 -1 -1  0  0  0  0  0  0  0  0 -1 -1 -1  1  1  1  1  1  1   (xy,xz,yz)                          
 A1u       1  1  1  1  1  1  1  1  1  1  1  1  1  1  1  1  1  1  1  1  1  1  1  1 -1 -1 -1 -1 -1 -1 -1 -1 -1 -1 -1 -1 -1 -1 -1 -1 -1 -1 -1 -1 -1 -1 -1 -1                                       
 A2u       1  1  1  1  1  1  1  1  1 -1 -1 -1 -1 -1 -1 -1 -1 -1 -1 -1 -1  1  1  1 -1  1  1  1  1  1  1 -1 -1 -1 -1 -1 -1 -1 -1 -1 -1 -1  1  1  1  1  1  1                                       
 Eu        2 -1 -1 -1 -1 -1 -1 -1 -1  0  0  0  0  0  0  0  0  0  0  0  0  2  2  2 -2  0  0  0  0  0  0  1  1  1  1  1  1  1  1 -2 -2 -2  0  0  0  0  0  0                                       
 T1u(I)    3  0  0  0  0  0  0  0  0 -1 -1 -1 -1 -1 -1  1  1  1  1  1  1 -1 -1 -1 -3 -1 -1 -1 -1 -1 -1  0  0  0  0  0  0  0  0  1  1  1  1  1  1  1  1  1   (x,y,z)                             
 T2u       3  0  0  0  0  0  0  0  0  1  1  1  1  1  1 -1 -1 -1 -1 -1 -1 -1 -1 -1 -3  1  1  1  1  1  1  0  0  0  0  0  0  0  0  1  1  1 -1 -1 -1 -1 -1 -1                                       
 ------------------------------------------
    Wave vector= 0.0000  0.0000  0.0000    no macro. electric field
 Multi. Omega   Irreducible Representations
  3    -0.015     T1u(I)                                                                                                     
Notation: (R)  Raman active mode
          (I)  Infrared active mode
          (RI) Raman and Infrared active mode

=========================================================
=========================================================
               !!!! WARNING MESSAGE !!!!
=========================================================
About 0.04 % of the phonon density of states is contributed by 
imaginary frequencies which cannot be taken into account for the 
thermodynamic functions. 
The thermodynamic functions exhibit an error of at least this magnitude!
=========================================================
=========================================================

Thermodynamic Properties
   for empirical formula Al

The following thermodynamic functions are obtained from the phonon
density of states within the harmonic approximation. The results are
meaningful only below the melting point, which lies well below 3000 K
for most materials.
Definitions:
      Cv            : vibrational heat capacity at constant volume
E_vib(T)=E(T)-E(0)  : the change in vibrational internal energy from 0 K, where
                        E(0) = E_elec + ZPE is the electronic energy of formation E_elec plus the zero point energy ZPE
      S(T)          : the vibrational entropy at temperature T
   -(A(T)-E(0))     : the change in the vibrational Helmholtz free energy from 0 K
      E(T)          : the electronic energy of formation plus the vibrational internal energy, so this term is
                        E_elec + ZPE + E_vib(T)
      A(T)          : the electronic plus vibrational Helmholtz free energy,
                        E(T) - T.S(T)
Note that the electronic energy, which is part of the enthalpy and free energies,
 is referenced to the elements in their standard state.

Electronic energy =    14.13 kJ/mol (referenced to elements in the standard state)
          PV term =  -134.58 kJ/mol
Zero-point energy =     2.15 kJ/mol

    T       Cv       E(T)-E(0)      S(T)   -(A(T)-E(0))     E(T)        A(T)
    K     J/K/mol      kJ/mol     J/K/mol     kJ/mol       kJ/mol      kJ/mol
  ----- ----------- ----------- ----------- ----------- ----------- -----------
     0      0.0000      0.0000      0.0000      0.0000     16.2748     16.2748
     1      0.0088      0.0000      0.0067      0.0000     16.2748     16.2748
     2      0.0157      0.0000      0.0149      0.0000     16.2748     16.2748
     3      0.0268      0.0000      0.0232      0.0000     16.2749     16.2748
     4      0.0430      0.0001      0.0330      0.0001     16.2749     16.2748
     5      0.0638      0.0001      0.0448      0.0001     16.2749     16.2747
    10      0.2555      0.0008      0.1377      0.0005     16.2757     16.2743
    15      0.7482      0.0032      0.3202      0.0016     16.2780     16.2732
    20      1.7149      0.0091      0.6563      0.0040     16.2840     16.2708
    30      4.6889      0.0404      1.8830      0.0161     16.3152     16.2587
    40      8.0043      0.1040      3.6886      0.0436     16.3788     16.2312
    50     10.9971      0.1994      5.8049      0.0909     16.4742     16.1839
    60     13.4858      0.3222      8.0378      0.1601     16.5970     16.1148
    70     15.4850      0.4674     10.2726      0.2516     16.7422     16.0232
    80     17.0714      0.6305     12.4480      0.3653     16.9053     15.9095
    90     18.3291      0.8078     14.5341      0.5003     17.0826     15.7745
   100     19.3312      0.9962     16.5191      0.6557     17.2711     15.6192
   125     21.0682      1.5031     21.0361      1.1264     17.7779     15.1484
   150     22.1307      2.0441     24.9786      1.7027     18.3189     14.5722
   175     22.8179      2.6065     28.4453      2.3713     18.8814     13.9035
   200     23.2845      3.1832     31.5246      3.1217     19.4580     13.1531
   225     23.6142      3.7696     34.2872      3.9449     20.0445     12.3299
   250     23.8552      4.3632     36.7883      4.8339     20.6380     11.4410
   273     24.0235      4.9138     38.8954      5.7045     21.1887     10.5703
   275     24.0363      4.9619     39.0708      5.7825     21.2367     10.4923
   298     24.1658      5.5163     41.0068      6.7037     21.7911      9.5711
   300     24.1757      5.5646     41.1685      6.7859     21.8394      9.4890
   350     24.3726      6.7787     44.9111      8.9401     23.0535      7.3347
   400     24.5020      8.0007     48.1746     11.2690     24.2756      5.0058
   450     24.5914      9.2282     51.0660     13.7514     25.5030      2.5235
   500     24.6557     10.4595     53.6605     16.3706     26.7343     -0.0958
   550     24.7035     11.6935     56.0128     19.1133     27.9683     -2.8385
   600     24.7399     12.9296     58.1639     21.9685     29.2044     -5.6937
   650     24.7684     14.1673     60.1453     24.9269     30.4422     -8.6520
   700     24.7910     15.4063     61.9817     27.9806     31.6811    -11.7058
   750     24.8092     16.6463     63.6927     31.1229     32.9212    -14.8481
   800     24.8242     17.8872     65.2944     34.3480     34.1620    -18.0732
   850     24.8366     19.1287     66.7997     37.6507     35.4035    -21.3759
   900     24.8470     20.3708     68.2196     41.0265     36.6456    -24.7517
   950     24.8558     21.6134     69.5633     44.4714     37.8882    -28.1965
  1000     24.8633     22.8563     70.8384     47.9816     39.1312    -31.7068
  1050     24.8698     24.0997     72.0517     51.5541     40.3745    -35.2793
  1100     24.8754     25.3433     73.2087     55.1858     41.6181    -38.9110
  1150     24.8804     26.5872     74.3146     58.8741     42.8620    -42.5993
  1200     24.8847     27.8313     75.3736     62.6165     44.1061    -46.3416
  1250     24.8885     29.0756     76.3895     66.4107     45.3504    -50.1359
  1300     24.8918     30.3201     77.3657     70.2547     46.5949    -53.9799
  1350     24.8948     31.5648     78.3052     74.1466     47.8396    -57.8718
  1400     24.8975     32.8096     79.2106     78.0846     49.0844    -61.8098
  1450     24.9000     34.0545     80.0844     82.0671     50.3293    -65.7923
  1500     24.9021     35.2996     80.9286     86.0925     51.5744    -69.8177
  1550     24.9041     36.5447     81.7451     90.1594     52.8195    -73.8846
  1600     24.9059     37.7900     82.5358     94.2665     54.0648    -77.9917
  1650     24.9075     39.0353     83.3023     98.4125     55.3101    -82.1377
  1700     24.9090     40.2807     84.0458    102.5963     56.5555    -86.3215
  1750     24.9104     41.5262     84.7679    106.8167     57.8010    -90.5419
  1800     24.9116     42.7717     85.4697    111.0727     59.0465    -94.7979
  1850     24.9128     44.0173     86.1522    115.3633     60.2921    -99.0885
  1900     24.9138     45.2630     86.8166    119.6876     61.5378   -103.4128
  1950     24.9148     46.5087     87.4638    124.0447     62.7835   -107.7699
  2000     24.9157     47.7544     88.0946    128.4336     64.0293   -112.1588
  2100     24.9174     50.2461     89.3102    137.3044     66.5209   -121.0295
  2200     24.9188     52.7379     90.4695    146.2937     69.0127   -130.0189
  2300     24.9200     55.2298     91.5772    155.3963     71.5046   -139.1215
  2400     24.9211     57.7218     92.6378    164.6074     73.9967   -148.3326
  2500     24.9220     60.2140     93.6552    173.9224     76.4888   -157.6475
  2600     24.9229     62.7062     94.6326    183.3370     78.9810   -167.0622
  2700     24.9236     65.1985     95.5732    192.8476     81.4734   -176.5728
  2800     24.9243     67.6909     96.4796    202.4504     83.9657   -186.1756
  2900     24.9249     70.1834     97.3543    212.1423     86.4582   -195.8675
  3000     24.9255     72.6759     98.1993    221.9201     88.9507   -205.6453

Job completed on Tue 10 January 2017 at 10:20:32 æ±äº¬ (æ¨™æº–æ™‚) after 73 s (0:01:13)
