       N       E                     dE             d eps       ncg     rms          rms(c)
RMM:   1     0.445118032410E+04    0.44512E+04   -0.15504E+05  4240   0.162E+03
RMM:   2     0.100475402877E+04   -0.34464E+04   -0.36590E+04  4240   0.405E+02
RMM:   3     0.261289767995E+03   -0.74346E+03   -0.79182E+03  4240   0.152E+02
RMM:   4     0.326274894227E+02   -0.22866E+03   -0.17815E+03  4240   0.906E+01
RMM:   5    -0.536341789052E+02   -0.86262E+02   -0.59074E+02  4240   0.579E+01
RMM:   6    -0.840219442589E+02   -0.30388E+02   -0.23373E+02  4240   0.352E+01
RMM:   7    -0.977861657722E+02   -0.13764E+02   -0.10464E+02  4240   0.240E+01
RMM:   8    -0.102581836434E+03   -0.47957E+01   -0.42416E+01  4240   0.151E+01
RMM:   9    -0.105507198979E+03   -0.29254E+01   -0.27054E+01  9010   0.965E+00
RMM:  10    -0.105834853057E+03   -0.32765E+00   -0.33957E+00  9892   0.173E+00
RMM:  11    -0.105846836371E+03   -0.11983E-01   -0.95371E-02  9212   0.583E-01
RMM:  12    -0.105848906545E+03   -0.20702E-02   -0.19639E-02  9234   0.835E-02    0.146E+01
RMM:  13    -0.992219097027E+02    0.66270E+01   -0.21508E+01  8480   0.141E+01    0.368E+00
RMM:  14    -0.990525748660E+02    0.16933E+00   -0.18062E+00  8482   0.278E+00    0.181E+00
RMM:  15    -0.990146398678E+02    0.37935E-01   -0.97875E-02  8484   0.111E+00    0.325E-01
RMM:  16    -0.990140388754E+02    0.60099E-03   -0.26930E-02  8495   0.402E-01    0.131E-01
RMM:  17    -0.990136827687E+02    0.35611E-03   -0.97555E-04  8673   0.463E-02    0.614E-02
RMM:  18    -0.990135809466E+02    0.10182E-03   -0.49510E-04  8480   0.674E-02    0.387E-03
RMM:  19    -0.990135772491E+02    0.36975E-05   -0.92339E-06  4781   0.464E-03
   1 F= -.99013577E+02 E0= -.99011306E+02  d E =-.990136E+02
