Startup is 'sourced'
Opening the database
Phonon calculation for Untitled

Phonon parameters
=================
The calculation explores the full Brillouin zone and accounts for an interaction range of about 10.0 Angstroem.
The asymmetric atoms are displaced by +/-0.02 Angstroem.

In a first step, need to run an optimization of atom positions for the supercell containing 32 atoms.
Then, need to run a total number of 2 single point energy calculations on supercells with displaced atoms containing 32 atoms.

      Supercell transformation matrix              Supercell lattice vectors
       2.00000    0.00000    0.00000             8.15536    0.00000    0.00000
       0.00000    2.00000    0.00000             0.00000    8.15536    0.00000
       0.00000    0.00000    2.00000             0.00000    0.00000    8.15536

     Supercell           Site        Displaced atom     Displacement (fractional units)
   ---------------    ----------     --------------     -------------------------------
  undisplaced           ----            ----             0.00000    0.00000    0.00000
  displaced_Al__a       Al              Al               0.00245    0.00000    0.00000
  displaced_Al__b       Al              Al              -0.00245    0.00000    0.00000

Invariance conditions are not enforced.
No approximation to LO/TO splitting
Properties: Phonon dispersion and form factors 
            Phonon density of states 
            Thermodynamic functions
==========================================


VASP parameters
===============
Since no magnetic moments are in the model, this is a non-magnetic calculation using 'accurate' precision
and a user-defined planewave cutoff energy of 600.000 eV.

The electronic iterations convergence is 1.00E-005 eV using the Normal (blocked Davidson) algorithm
and reciprocal space projection operators.

The requested k-spacing is 0.3 per Angstrom, which leads to a 3x3x3 mesh.
This corresponds to actual k-spacings of 0.257 x 0.257 x 0.257 per Angstrom.

Using first order Methfessel-Paxton smearing with a width of 0.2 eV.

Other non-default parameters:
	Extrafine augmentation grid for accurate forces is TRUE
	Wave functions is TRUE
==========================================

------------------------------------------------------------------------

Using GGA-PBE / PAW potentials:
	Al

Results for initial structural minimization of the supercell without displacements:
--------------------------------------------------------------------------------------

There are 4 symmetry-unique k-points
The plane wave cutoff is 600.00 eV

   VASP energy:            -120.472707 eV for Al32

   Initial VASP energy:    -120.472710 eV for Al32
   Relaxation energy:         0.000003 eV gained after 1 optimization steps.

Electronic contributions:
                          Empirical Formula          Cell
                                    Al          (Al)32
                          --------------- ---------------
              VASP Energy        -363.245      -11623.846 kJ/mol
      Energy of formation          -2.265         -72.492
                  PV term         -17.057        -545.827

   This is the electronic part of the formation energy with respect to the
   elements in their standard state. It is obtained from the total energy (above)
   and tabulated VASP energies for the elements in their standard state.
   See the documentation for more details.

   Details for Al:
                                             VASP energy (Etot):     -363.25 kJ/mol
       Standard state energy of 1.00 atoms of Al  1.00 * -360.98:  -  -360.98
                                                                   ----------
                                        Energy of formation (Ef):       -2.27 kJ/mol


Cell parameters:
 Parameter    Value    
---------- ------------
         a     8.155358
         b     8.155358
         c     8.155358
     alpha    89.999999
      beta    89.999999
     gamma    89.999999

    Volume    67.801473 Ang^3

        Density:     2.643 Mg/m^3

   The pressure given below is exerted by the system according to its volume.
   Positive pressure would cause expansion during full geometry optimization.
       Pressure:    -1.671 GPa
               =   -16.710 kbar

                      XX        YY        ZZ        XY        YZ        ZX
         Stress:     1.671     1.671     1.671     0.000     0.000     0.000 GPa
               =    16.710    16.710    16.710     0.000     0.000     0.000 kbar
   The stress tensor above is imposed on the system, i.e. negative values of diagonal components 
   would cause expansion of the corresponding lattice parameter upon full geometry optimization.
   The pressure and stress include only electronic terms, i.e. the vibrational,
   temperature and other terms are not included here.

Fractional Coordinates:
	Atom          Initial Coordinates             Final Coordinates
	-----      -------- -------- --------      -------- -------- --------
	Al           0.7500   0.7500   0.5000        0.7500   0.7500   0.5000
	Al           0.7500   0.7500   0.0000        0.7500   0.7500   0.0000
	Al           0.7500   0.0000   0.2500        0.7500   0.0000   0.2500
	Al           0.7500   0.2500   0.5000        0.7500   0.2500   0.5000
	Al           0.0000   0.7500   0.2500        0.0000   0.7500   0.2500
	Al           0.0000   0.0000   0.5000        0.0000   0.0000   0.5000
	Al           0.2500   0.7500   0.5000        0.2500   0.7500   0.5000
	Al           0.7500   0.0000   0.7500        0.7500   0.0000   0.7500
	Al           0.7500   0.2500   0.0000        0.7500   0.2500   0.0000
	Al           0.7500   0.5000   0.2500        0.7500   0.5000   0.2500
	Al           0.0000   0.7500   0.7500        0.0000   0.7500   0.7500
	Al           0.0000   0.0000   0.0000        0.0000   0.0000   0.0000
	Al           0.0000   0.2500   0.2500        0.0000   0.2500   0.2500
	Al           0.0000   0.5000   0.5000        0.0000   0.5000   0.5000
	Al           0.2500   0.7500   0.0000        0.2500   0.7500   0.0000
	Al           0.2500   0.0000   0.2500        0.2500   0.0000   0.2500
	Al           0.2500   0.2500   0.5000        0.2500   0.2500   0.5000
	Al           0.5000   0.7500   0.2500        0.5000   0.7500   0.2500
	Al           0.5000   0.0000   0.5000        0.5000   0.0000   0.5000
	Al           0.7500   0.5000   0.7500        0.7500   0.5000   0.7500
	Al           0.0000   0.2500   0.7500        0.0000   0.2500   0.7500
	Al           0.0000   0.5000   0.0000        0.0000   0.5000   0.0000
	Al           0.2500   0.0000   0.7500        0.2500   0.0000   0.7500
	Al           0.2500   0.2500   0.0000        0.2500   0.2500   0.0000
	Al           0.2500   0.5000   0.2500        0.2500   0.5000   0.2500
	Al           0.5000   0.7500   0.7500        0.5000   0.7500   0.7500
	Al           0.5000   0.0000   0.0000        0.5000   0.0000   0.0000
	Al           0.5000   0.2500   0.2500        0.5000   0.2500   0.2500
	Al           0.5000   0.5000   0.5000        0.5000   0.5000   0.5000
	Al           0.2500   0.5000   0.7500        0.2500   0.5000   0.7500
	Al           0.5000   0.2500   0.7500        0.5000   0.2500   0.7500
	Al           0.5000   0.5000   0.0000        0.5000   0.5000   0.0000

Results for supercell calculations:
------------------------------------------------------------------------
	        Supercell         Energy (eV)
	      -------------      -------------
	        undisplaced      -120.47271
	     displaced_Al__a     -120.47187
	     displaced_Al__b     -120.47187


Symmetry analysis of Gamma point phonon frequencies:
----------------------------------------------------
   Crystal  Point  Group: O_h   (m3m) 
   Supercell Point Group: O_h   (m3m) 
    Table of irreducible representations of point group:
 ------------------------------------------
    IR     1  5  7  9 11  6  8 10 12 13 16 17 18 21 23 14 15 19 20 22 24  2  3  4 25 38 39 43 44 46 48 29 30 31 32 33 34 35 36 26 27 28 37 40 41 42 45 47
 ------------------------------------------
 A1g(R)    1  1  1  1  1  1  1  1  1  1  1  1  1  1  1  1  1  1  1  1  1  1  1  1  1  1  1  1  1  1  1  1  1  1  1  1  1  1  1  1  1  1  1  1  1  1  1  1   x^2+y^2+z^2                         
 A2g       1  1  1  1  1  1  1  1  1 -1 -1 -1 -1 -1 -1 -1 -1 -1 -1 -1 -1  1  1  1  1 -1 -1 -1 -1 -1 -1  1  1  1  1  1  1  1  1  1  1  1 -1 -1 -1 -1 -1 -1                                       
 Eg(R)     2 -1 -1 -1 -1 -1 -1 -1 -1  0  0  0  0  0  0  0  0  0  0  0  0  2  2  2  2  0  0  0  0  0  0 -1 -1 -1 -1 -1 -1 -1 -1  2  2  2  0  0  0  0  0  0   (2z^2-x^2-y^2, x^2-y^2)             
 T1g       3  0  0  0  0  0  0  0  0 -1 -1 -1 -1 -1 -1  1  1  1  1  1  1 -1 -1 -1  3  1  1  1  1  1  1  0  0  0  0  0  0  0  0 -1 -1 -1 -1 -1 -1 -1 -1 -1                                       
 T2g(R)    3  0  0  0  0  0  0  0  0  1  1  1  1  1  1 -1 -1 -1 -1 -1 -1 -1 -1 -1  3 -1 -1 -1 -1 -1 -1  0  0  0  0  0  0  0  0 -1 -1 -1  1  1  1  1  1  1   (xy,xz,yz)                          
 A1u       1  1  1  1  1  1  1  1  1  1  1  1  1  1  1  1  1  1  1  1  1  1  1  1 -1 -1 -1 -1 -1 -1 -1 -1 -1 -1 -1 -1 -1 -1 -1 -1 -1 -1 -1 -1 -1 -1 -1 -1                                       
 A2u       1  1  1  1  1  1  1  1  1 -1 -1 -1 -1 -1 -1 -1 -1 -1 -1 -1 -1  1  1  1 -1  1  1  1  1  1  1 -1 -1 -1 -1 -1 -1 -1 -1 -1 -1 -1  1  1  1  1  1  1                                       
 Eu        2 -1 -1 -1 -1 -1 -1 -1 -1  0  0  0  0  0  0  0  0  0  0  0  0  2  2  2 -2  0  0  0  0  0  0  1  1  1  1  1  1  1  1 -2 -2 -2  0  0  0  0  0  0                                       
 T1u(I)    3  0  0  0  0  0  0  0  0 -1 -1 -1 -1 -1 -1  1  1  1  1  1  1 -1 -1 -1 -3 -1 -1 -1 -1 -1 -1  0  0  0  0  0  0  0  0  1  1  1  1  1  1  1  1  1   (x,y,z)                             
 T2u       3  0  0  0  0  0  0  0  0  1  1  1  1  1  1 -1 -1 -1 -1 -1 -1 -1 -1 -1 -3  1  1  1  1  1  1  0  0  0  0  0  0  0  0  1  1  1 -1 -1 -1 -1 -1 -1                                       
 ------------------------------------------
    Wave vector= 0.0000  0.0000  0.0000    no macro. electric field
 Multi. Omega   Irreducible Representations
  3     0.043     T1u(I)                                                                                                     
Notation: (R)  Raman active mode
          (I)  Infrared active mode
          (RI) Raman and Infrared active mode

Thermodynamic Properties
   for empirical formula Al

The following thermodynamic functions are obtained from the phonon
density of states within the harmonic approximation. The results are
meaningful only below the melting point, which lies well below 3000 K
for most materials.
Definitions:
      Cv            : vibrational heat capacity at constant volume
E_vib(T)=E(T)-E(0)  : the change in vibrational internal energy from 0 K, where
                        E(0) = E_elec + ZPE is the electronic energy of formation E_elec plus the zero point energy ZPE
      S(T)          : the vibrational entropy at temperature T
   -(A(T)-E(0))     : the change in the vibrational Helmholtz free energy from 0 K
      E(T)          : the electronic energy of formation plus the vibrational internal energy, so this term is
                        E_elec + ZPE + E_vib(T)
      A(T)          : the electronic plus vibrational Helmholtz free energy,
                        E(T) - T.S(T)
Note that the electronic energy, which is part of the enthalpy and free energies,
 is referenced to the elements in their standard state.

Electronic energy =    -2.27 kJ/mol (referenced to elements in the standard state)
          PV term =   -17.06 kJ/mol
Zero-point energy =     3.54 kJ/mol

    T       Cv       E(T)-E(0)      S(T)   -(A(T)-E(0))     E(T)        A(T)
    K     J/K/mol      kJ/mol     J/K/mol     kJ/mol       kJ/mol      kJ/mol
  ----- ----------- ----------- ----------- ----------- ----------- -----------
     0      0.0000      0.0000      0.0000      0.0000      1.2709      1.2709
     1      0.0000      0.0000      0.0000      0.0000      1.2709      1.2709
     2      0.0002      0.0000      0.0000      0.0000      1.2709      1.2709
     3      0.0013      0.0000      0.0003      0.0000      1.2709      1.2709
     4      0.0038      0.0000      0.0009      0.0000      1.2709      1.2709
     5      0.0074      0.0000      0.0022      0.0000      1.2709      1.2709
    10      0.0461      0.0001      0.0171      0.0000      1.2710      1.2708
    15      0.1304      0.0005      0.0498      0.0002      1.2714      1.2707
    20      0.2968      0.0016      0.1075      0.0006      1.2724      1.2703
    30      1.0706      0.0078      0.3513      0.0027      1.2787      1.2682
    40      2.5110      0.0252      0.8422      0.0084      1.2961      1.2624
    50      4.4010      0.0596      1.6000      0.0204      1.3304      1.2504
    60      6.4589      0.1138      2.5836      0.0412      1.3847      1.2297
    70      8.4844      0.1886      3.7326      0.0727      1.4595      1.1982
    80     10.3665      0.2830      4.9904      0.1162      1.5539      1.1547
    90     12.0569      0.3953      6.3109      0.1727      1.6662      1.0982
   100     13.5453      0.5235      7.6600      0.2425      1.7944      1.0284
   125     16.4653      0.9008     11.0159      0.4762      2.1717      0.7947
   150     18.4943      1.3393     14.2083      0.7919      2.6102      0.4790
   175     19.9186      1.8205     17.1725      1.1847      3.0914      0.0862
   200     20.9398      2.3319     19.9025      1.6486      3.6028     -0.3777
   225     21.6897      2.8652     22.4144      2.1780      4.1361     -0.9071
   250     22.2531      3.4148     24.7301      2.7677      4.6857     -1.4968
   273     22.6546      3.9315     26.7067      3.3594      5.2023     -2.0886
   275     22.6853      3.9768     26.8722      3.4130      5.2477     -2.1421
   298     22.9991      4.5023     28.7072      4.0524      5.7732     -2.7815
   300     23.0233      4.5483     28.8612      4.1100      5.8192     -2.8391
   350     23.5088      5.7125     32.4493      5.6447      6.9834     -4.3738
   400     23.8328      6.8965     35.6110      7.3478      8.1674     -6.0769
   450     24.0592      8.0941     38.4319      9.2001      9.3650     -7.9293
   500     24.2233      9.3014     40.9758     11.1864     10.5723     -9.9155
   550     24.3458     10.5158     43.2905     13.2939     11.7866    -12.0230
   600     24.4398     11.7355     45.4131     15.5122     13.0064    -14.2413
   650     24.5132     12.9594     47.3723     17.8324     14.2303    -16.5616
   700     24.5718     14.1866     49.1912     20.2471     15.4574    -18.9762
   750     24.6192     15.4164     50.8881     22.7495     16.6872    -21.4786
   800     24.6581     16.6483     52.4783     25.3341     17.9192    -24.0632
   850     24.6905     17.8820     53.9742     27.9957     19.1529    -26.7248
   900     24.7176     19.1173     55.3862     30.7300     20.3881    -29.4592
   950     24.7406     20.3537     56.7233     33.5331     21.6246    -32.2622
  1000     24.7603     21.5913     57.9928     36.4012     22.8621    -35.1303
  1050     24.7772     22.8297     59.2013     39.3313     24.1006    -38.0604
  1100     24.7919     24.0689     60.3543     42.3204     25.3398    -41.0495
  1150     24.8048     25.3089     61.4566     45.3658     26.5797    -44.0950
  1200     24.8161     26.5494     62.5125     48.4652     27.8202    -47.1944
  1250     24.8260     27.7904     63.5258     51.6163     29.0613    -50.3455
  1300     24.8349     29.0319     64.4997     54.8171     30.3028    -53.5462
  1350     24.8427     30.2739     65.4371     58.0657     31.5447    -56.7948
  1400     24.8498     31.5162     66.3407     61.3602     32.7871    -60.0893
  1450     24.8562     32.7588     67.2128     64.6992     34.0297    -63.4283
  1500     24.8619     34.0018     68.0556     68.0810     35.2726    -66.8101
  1550     24.8670     35.2450     68.8709     71.5042     36.5159    -70.2333
  1600     24.8717     36.4884     69.6605     74.9676     37.7593    -73.6967
  1650     24.8760     37.7321     70.4259     78.4698     39.0030    -77.1989
  1700     24.8799     38.9760     71.1685     82.0097     40.2469    -80.7389
  1750     24.8835     40.2201     71.8898     85.5863     41.4910    -84.3154
  1800     24.8868     41.4644     72.5908     89.1983     42.7352    -87.9275
  1850     24.8898     42.7088     73.2728     92.8450     43.9796    -91.5741
  1900     24.8926     43.9533     73.9366     96.5253     45.2242    -95.2544
  1950     24.8952     45.1980     74.5832    100.2383     46.4689    -98.9674
  2000     24.8976     46.4428     75.2135    103.9833     47.7137   -102.7124
  2100     24.9018     48.9328     76.4284    111.5658     50.2037   -110.2950
  2200     24.9056     51.4231     77.5869    119.2670     52.6940   -117.9961
  2300     24.9088     53.9139     78.6941    127.0814     55.1847   -125.8105
  2400     24.9116     56.4049     79.7542    135.0042     57.6757   -133.7333
  2500     24.9141     58.8961     80.7712    143.0307     60.1670   -141.7598
  2600     24.9163     61.3877     81.7484    151.1570     62.6585   -149.8861
  2700     24.9183     63.8794     82.6888    159.3790     65.1502   -158.1082
  2800     24.9201     66.3713     83.5951    167.6935     67.6422   -166.4226
  2900     24.9217     68.8634     84.4695    176.0969     70.1342   -174.8260
  3000     24.9231     71.3556     85.3145    184.5862     72.6265   -183.3153

Job completed on Fri 06 January 2017 at 18:51:57 æ±äº¬ (æ¨™æº–æ™‚) after 297 s (0:04:57)
