       N       E                     dE             d eps       ncg     rms          rms(c)
RMM:   1     0.605195381335E+04    0.60520E+04   -0.50360E+05  7120   0.223E+03
RMM:   2     0.591514838168E+03   -0.54604E+04   -0.64237E+04  7120   0.351E+02
RMM:   3    -0.223479246832E+03   -0.81499E+03   -0.83910E+03  7120   0.151E+02
RMM:   4    -0.430530222150E+03   -0.20705E+03   -0.92403E+02  7120   0.572E+01
RMM:   5    -0.469747186692E+03   -0.39217E+02   -0.22628E+02  7120   0.224E+01
RMM:   6    -0.475429968943E+03   -0.56828E+01   -0.49078E+01  7120   0.135E+01
RMM:   7    -0.476567891539E+03   -0.11379E+01   -0.10929E+01  7120   0.485E+00
RMM:   8    -0.476835927603E+03   -0.26804E+00   -0.25763E+00  7120   0.300E+00
RMM:   9    -0.476909667675E+03   -0.73740E-01   -0.75370E-01 14243   0.114E+00
RMM:  10    -0.476914318273E+03   -0.46506E-02   -0.46264E-02 14249   0.210E-01
RMM:  11    -0.476914556362E+03   -0.23809E-03   -0.23487E-03 13712   0.884E-02
RMM:  12    -0.476914571004E+03   -0.14643E-04   -0.16500E-04 12232   0.965E-03    0.696E+01
RMM:  13    -0.438929759150E+03    0.37985E+02   -0.10815E+03 14240   0.755E+01    0.413E+01
RMM:  14    -0.392173376175E+03    0.46756E+02   -0.20482E+02 14240   0.345E+01    0.475E+00
RMM:  15    -0.391584540572E+03    0.58884E+00   -0.15012E+00 14240   0.275E+00    0.332E+00
RMM:  16    -0.391365901716E+03    0.21864E+00   -0.58783E-01 14240   0.163E+00    0.212E-01
RMM:  17    -0.391367872167E+03   -0.19705E-02   -0.49191E-03 14240   0.157E-01    0.360E-02
RMM:  18    -0.391367899699E+03   -0.27532E-04   -0.13999E-04 14211   0.301E-02    0.664E-03
RMM:  19    -0.391367914719E+03   -0.15020E-04   -0.68646E-06  7730   0.509E-03    0.940E-03
RMM:  20    -0.391367918247E+03   -0.35276E-05   -0.97541E-06  7638   0.769E-03
   1 F= -.39136792E+03 E0= -.39135405E+03  d E =-.391368E+03
