Startup is 'sourced'
Opening the database
Phonon calculation for Untitled_4

Phonon parameters
=================
The calculation explores the full Brillouin zone and accounts for an interaction range of about 10.0 Angstroem.
The asymmetric atoms are displaced by +/-0.02 Angstroem.

In a first step, need to run an optimization of atom positions for the supercell containing 108 atoms.
Then, need to run a total number of 2 single point energy calculations on supercells with displaced atoms containing 108 atoms.

      Supercell transformation matrix              Supercell lattice vectors
       3.00000    0.00000    0.00000            10.80723    0.00000    0.00000
       0.00000    3.00000    0.00000             0.00000   10.80723    0.00000
       0.00000    0.00000    3.00000             0.00000    0.00000   10.80723

     Supercell           Site        Displaced atom     Displacement (fractional units)
   ---------------    ----------     --------------     -------------------------------
  undisplaced           ----            ----             0.00000    0.00000    0.00000
  displaced_Cu__a       Cu              Cu               0.00185    0.00000    0.00000
  displaced_Cu__b       Cu              Cu              -0.00185    0.00000    0.00000

Invariance conditions are not enforced.
No approximation to LO/TO splitting
Properties: Phonon dispersion and form factors 
            Phonon density of states 
            Thermodynamic functions
==========================================


VASP parameters
===============
Since no magnetic moments are in the model, this is a non-magnetic calculation using 'accurate' precision
and a user-defined planewave cutoff energy of 500.000 eV.

The electronic iterations convergence is 1.00E-005 eV using the Very Fast (RMM-DIIS) algorithm
and reciprocal space projection operators.

The requested k-spacing is 0.1 per Angstrom, which leads to a 6x6x6 mesh.
This corresponds to actual k-spacings of 0.097 x 0.097 x 0.097 per Angstrom.

Using first order Methfessel-Paxton smearing with a width of 0.2 eV.

Other non-default parameters:
	Extrafine augmentation grid for accurate forces is TRUE
	Algorithm is Very Fast (RMM-DIIS)
	Wave functions is TRUE
==========================================

------------------------------------------------------------------------

Results for initial structural minimization of the supercell without displacements:
--------------------------------------------------------------------------------------

There are 10 symmetry-unique k-points
The plane wave cutoff is 500.00 eV

   VASP energy:            -401.203061 eV for Cu108

   Initial VASP energy:    -401.203060 eV for Cu108
   Relaxation energy:        -0.000001 eV gained after 1 optimization steps.

Electronic contributions:
                          Empirical Formula          Cell
                                    Cu         (Cu)108
                          --------------- ---------------
              VASP Energy        -358.428      -38710.201 kJ/mol
      Energy of formation           0.299          32.291
                  PV term          29.216        3155.334

   This is the electronic part of the formation energy with respect to the
   elements in their standard state. It is obtained from the total energy (above)
   and tabulated VASP energies for the elements in their standard state.
   See the documentation for more details.

   Details for Cu:
                                             VASP energy (Etot):     -358.43 kJ/mol
       Standard state energy of 1.00 atoms of Cu  1.00 * -358.73:  -  -358.73
                                                                   ----------
                                        Energy of formation (Ef):        0.30 kJ/mol


Cell parameters:
 Parameter    Value    
---------- ------------
         a    10.807229
         b    10.807229
         c    10.807229
     alpha    89.999999
      beta    89.999999
     gamma    89.999999

    Volume    46.749755 Ang^3

        Density:     9.029 Mg/m^3

   The pressure given below is exerted by the system according to its volume.
   Positive pressure would cause expansion during full geometry optimization.
       Pressure:     4.151 GPa
               =    41.510 kbar

                      XX        YY        ZZ        XY        YZ        ZX
         Stress:    -4.151    -4.151    -4.151     0.000     0.000     0.000 GPa
               =   -41.510   -41.510   -41.510     0.000     0.000     0.000 kbar
   The stress tensor above is imposed on the system, i.e. negative values of diagonal components 
   would cause expansion of the corresponding lattice parameter upon full geometry optimization.
   The pressure and stress include only electronic terms, i.e. the vibrational,
   temperature and other terms are not included here.

Fractional Coordinates:
	Atom          Initial Coordinates             Final Coordinates
	-----      -------- -------- --------      -------- -------- --------
	Cu           0.6667   0.6667   0.3333        0.6667   0.6667   0.3333
	Cu           0.6667   0.8333   0.5000        0.6667   0.8333   0.5000
	Cu           0.8333   0.6667   0.5000        0.8333   0.6667   0.5000
	Cu           0.6667   0.6667   0.0000        0.6667   0.6667   0.0000
	Cu           0.6667   0.8333   0.1667        0.6667   0.8333   0.1667
	Cu           0.6667   0.0000   0.3333        0.6667   0.0000   0.3333
	Cu           0.6667   0.1667   0.5000        0.6667   0.1667   0.5000
	Cu           0.8333   0.6667   0.1667        0.8333   0.6667   0.1667
	Cu           0.8333   0.8333   0.3333        0.8333   0.8333   0.3333
	Cu           0.8333   0.0000   0.5000        0.8333   0.0000   0.5000
	Cu           0.0000   0.6667   0.3333        0.0000   0.6667   0.3333
	Cu           0.0000   0.8333   0.5000        0.0000   0.8333   0.5000
	Cu           0.1667   0.6667   0.5000        0.1667   0.6667   0.5000
	Cu           0.6667   0.6667   0.6667        0.6667   0.6667   0.6667
	Cu           0.6667   0.8333   0.8333        0.6667   0.8333   0.8333
	Cu           0.6667   0.0000   0.0000        0.6667   0.0000   0.0000
	Cu           0.6667   0.1667   0.1667        0.6667   0.1667   0.1667
	Cu           0.6667   0.3333   0.3333        0.6667   0.3333   0.3333
	Cu           0.6667   0.5000   0.5000        0.6667   0.5000   0.5000
	Cu           0.8333   0.6667   0.8333        0.8333   0.6667   0.8333
	Cu           0.8333   0.8333   0.0000        0.8333   0.8333   0.0000
	Cu           0.8333   0.0000   0.1667        0.8333   0.0000   0.1667
	Cu           0.8333   0.1667   0.3333        0.8333   0.1667   0.3333
	Cu           0.8333   0.3333   0.5000        0.8333   0.3333   0.5000
	Cu           0.0000   0.6667   0.0000        0.0000   0.6667   0.0000
	Cu           0.0000   0.8333   0.1667        0.0000   0.8333   0.1667
	Cu           0.0000   0.0000   0.3333        0.0000   0.0000   0.3333
	Cu           0.0000   0.1667   0.5000        0.0000   0.1667   0.5000
	Cu           0.1667   0.6667   0.1667        0.1667   0.6667   0.1667
	Cu           0.1667   0.8333   0.3333        0.1667   0.8333   0.3333
	Cu           0.1667   0.0000   0.5000        0.1667   0.0000   0.5000
	Cu           0.3333   0.6667   0.3333        0.3333   0.6667   0.3333
	Cu           0.3333   0.8333   0.5000        0.3333   0.8333   0.5000
	Cu           0.5000   0.6667   0.5000        0.5000   0.6667   0.5000
	Cu           0.6667   0.0000   0.6667        0.6667   0.0000   0.6667
	Cu           0.6667   0.1667   0.8333        0.6667   0.1667   0.8333
	Cu           0.6667   0.3333   0.0000        0.6667   0.3333   0.0000
	Cu           0.6667   0.5000   0.1667        0.6667   0.5000   0.1667
	Cu           0.8333   0.8333   0.6667        0.8333   0.8333   0.6667
	Cu           0.8333   0.0000   0.8333        0.8333   0.0000   0.8333
	Cu           0.8333   0.1667   0.0000        0.8333   0.1667   0.0000
	Cu           0.8333   0.3333   0.1667        0.8333   0.3333   0.1667
	Cu           0.8333   0.5000   0.3333        0.8333   0.5000   0.3333
	Cu           0.0000   0.6667   0.6667        0.0000   0.6667   0.6667
	Cu           0.0000   0.8333   0.8333        0.0000   0.8333   0.8333
	Cu           0.0000   0.0000   0.0000        0.0000   0.0000   0.0000
	Cu           0.0000   0.1667   0.1667        0.0000   0.1667   0.1667
	Cu           0.0000   0.3333   0.3333        0.0000   0.3333   0.3333
	Cu           0.0000   0.5000   0.5000        0.0000   0.5000   0.5000
	Cu           0.1667   0.6667   0.8333        0.1667   0.6667   0.8333
	Cu           0.1667   0.8333   0.0000        0.1667   0.8333   0.0000
	Cu           0.1667   0.0000   0.1667        0.1667   0.0000   0.1667
	Cu           0.1667   0.1667   0.3333        0.1667   0.1667   0.3333
	Cu           0.1667   0.3333   0.5000        0.1667   0.3333   0.5000
	Cu           0.3333   0.6667   0.0000        0.3333   0.6667   0.0000
	Cu           0.3333   0.8333   0.1667        0.3333   0.8333   0.1667
	Cu           0.3333   0.0000   0.3333        0.3333   0.0000   0.3333
	Cu           0.3333   0.1667   0.5000        0.3333   0.1667   0.5000
	Cu           0.5000   0.6667   0.1667        0.5000   0.6667   0.1667
	Cu           0.5000   0.8333   0.3333        0.5000   0.8333   0.3333
	Cu           0.5000   0.0000   0.5000        0.5000   0.0000   0.5000
	Cu           0.6667   0.3333   0.6667        0.6667   0.3333   0.6667
	Cu           0.6667   0.5000   0.8333        0.6667   0.5000   0.8333
	Cu           0.8333   0.1667   0.6667        0.8333   0.1667   0.6667
	Cu           0.8333   0.3333   0.8333        0.8333   0.3333   0.8333
	Cu           0.8333   0.5000   0.0000        0.8333   0.5000   0.0000
	Cu           0.0000   0.0000   0.6667        0.0000   0.0000   0.6667
	Cu           0.0000   0.1667   0.8333        0.0000   0.1667   0.8333
	Cu           0.0000   0.3333   0.0000        0.0000   0.3333   0.0000
	Cu           0.0000   0.5000   0.1667        0.0000   0.5000   0.1667
	Cu           0.1667   0.8333   0.6667        0.1667   0.8333   0.6667
	Cu           0.1667   0.0000   0.8333        0.1667   0.0000   0.8333
	Cu           0.1667   0.1667   0.0000        0.1667   0.1667   0.0000
	Cu           0.1667   0.3333   0.1667        0.1667   0.3333   0.1667
	Cu           0.1667   0.5000   0.3333        0.1667   0.5000   0.3333
	Cu           0.3333   0.6667   0.6667        0.3333   0.6667   0.6667
	Cu           0.3333   0.8333   0.8333        0.3333   0.8333   0.8333
	Cu           0.3333   0.0000   0.0000        0.3333   0.0000   0.0000
	Cu           0.3333   0.1667   0.1667        0.3333   0.1667   0.1667
	Cu           0.3333   0.3333   0.3333        0.3333   0.3333   0.3333
	Cu           0.3333   0.5000   0.5000        0.3333   0.5000   0.5000
	Cu           0.5000   0.6667   0.8333        0.5000   0.6667   0.8333
	Cu           0.5000   0.8333   0.0000        0.5000   0.8333   0.0000
	Cu           0.5000   0.0000   0.1667        0.5000   0.0000   0.1667
	Cu           0.5000   0.1667   0.3333        0.5000   0.1667   0.3333
	Cu           0.5000   0.3333   0.5000        0.5000   0.3333   0.5000
	Cu           0.8333   0.5000   0.6667        0.8333   0.5000   0.6667
	Cu           0.0000   0.3333   0.6667        0.0000   0.3333   0.6667
	Cu           0.0000   0.5000   0.8333        0.0000   0.5000   0.8333
	Cu           0.1667   0.1667   0.6667        0.1667   0.1667   0.6667
	Cu           0.1667   0.3333   0.8333        0.1667   0.3333   0.8333
	Cu           0.1667   0.5000   0.0000        0.1667   0.5000   0.0000
	Cu           0.3333   0.0000   0.6667        0.3333   0.0000   0.6667
	Cu           0.3333   0.1667   0.8333        0.3333   0.1667   0.8333
	Cu           0.3333   0.3333   0.0000        0.3333   0.3333   0.0000
	Cu           0.3333   0.5000   0.1667        0.3333   0.5000   0.1667
	Cu           0.5000   0.8333   0.6667        0.5000   0.8333   0.6667
	Cu           0.5000   0.0000   0.8333        0.5000   0.0000   0.8333
	Cu           0.5000   0.1667   0.0000        0.5000   0.1667   0.0000
	Cu           0.5000   0.3333   0.1667        0.5000   0.3333   0.1667
	Cu           0.5000   0.5000   0.3333        0.5000   0.5000   0.3333
	Cu           0.1667   0.5000   0.6667        0.1667   0.5000   0.6667
	Cu           0.3333   0.3333   0.6667        0.3333   0.3333   0.6667
	Cu           0.3333   0.5000   0.8333        0.3333   0.5000   0.8333
	Cu           0.5000   0.1667   0.6667        0.5000   0.1667   0.6667
	Cu           0.5000   0.3333   0.8333        0.5000   0.3333   0.8333
	Cu           0.5000   0.5000   0.0000        0.5000   0.5000   0.0000
	Cu           0.5000   0.5000   0.6667        0.5000   0.5000   0.6667

Update the system according to supercell optimization

Results for supercell calculations:
------------------------------------------------------------------------
	        Supercell         Energy (eV)
	      -------------      -------------
	        undisplaced      -401.20306
	     displaced_Cu__a     -401.20158
	     displaced_Cu__b     -401.20158


Symmetry analysis of Gamma point phonon frequencies:
----------------------------------------------------
   Crystal  Point  Group: O_h   (m3m) 
   Supercell Point Group: O_h   (m3m) 
    Table of irreducible representations of point group:
 ------------------------------------------
    IR     1  5  7  9 11  6  8 10 12 13 16 17 18 21 23 14 15 19 20 22 24  2  3  4 25 38 39 43 44 46 48 29 30 31 32 33 34 35 36 26 27 28 37 40 41 42 45 47
 ------------------------------------------
 A1g(R)    1  1  1  1  1  1  1  1  1  1  1  1  1  1  1  1  1  1  1  1  1  1  1  1  1  1  1  1  1  1  1  1  1  1  1  1  1  1  1  1  1  1  1  1  1  1  1  1   x^2+y^2+z^2                         
 A2g       1  1  1  1  1  1  1  1  1 -1 -1 -1 -1 -1 -1 -1 -1 -1 -1 -1 -1  1  1  1  1 -1 -1 -1 -1 -1 -1  1  1  1  1  1  1  1  1  1  1  1 -1 -1 -1 -1 -1 -1                                       
 Eg(R)     2 -1 -1 -1 -1 -1 -1 -1 -1  0  0  0  0  0  0  0  0  0  0  0  0  2  2  2  2  0  0  0  0  0  0 -1 -1 -1 -1 -1 -1 -1 -1  2  2  2  0  0  0  0  0  0   (2z^2-x^2-y^2, x^2-y^2)             
 T1g       3  0  0  0  0  0  0  0  0 -1 -1 -1 -1 -1 -1  1  1  1  1  1  1 -1 -1 -1  3  1  1  1  1  1  1  0  0  0  0  0  0  0  0 -1 -1 -1 -1 -1 -1 -1 -1 -1                                       
 T2g(R)    3  0  0  0  0  0  0  0  0  1  1  1  1  1  1 -1 -1 -1 -1 -1 -1 -1 -1 -1  3 -1 -1 -1 -1 -1 -1  0  0  0  0  0  0  0  0 -1 -1 -1  1  1  1  1  1  1   (xy,xz,yz)                          
 A1u       1  1  1  1  1  1  1  1  1  1  1  1  1  1  1  1  1  1  1  1  1  1  1  1 -1 -1 -1 -1 -1 -1 -1 -1 -1 -1 -1 -1 -1 -1 -1 -1 -1 -1 -1 -1 -1 -1 -1 -1                                       
 A2u       1  1  1  1  1  1  1  1  1 -1 -1 -1 -1 -1 -1 -1 -1 -1 -1 -1 -1  1  1  1 -1  1  1  1  1  1  1 -1 -1 -1 -1 -1 -1 -1 -1 -1 -1 -1  1  1  1  1  1  1                                       
 Eu        2 -1 -1 -1 -1 -1 -1 -1 -1  0  0  0  0  0  0  0  0  0  0  0  0  2  2  2 -2  0  0  0  0  0  0  1  1  1  1  1  1  1  1 -2 -2 -2  0  0  0  0  0  0                                       
 T1u(I)    3  0  0  0  0  0  0  0  0 -1 -1 -1 -1 -1 -1  1  1  1  1  1  1 -1 -1 -1 -3 -1 -1 -1 -1 -1 -1  0  0  0  0  0  0  0  0  1  1  1  1  1  1  1  1  1   (x,y,z)                             
 T2u       3  0  0  0  0  0  0  0  0  1  1  1  1  1  1 -1 -1 -1 -1 -1 -1 -1 -1 -1 -3  1  1  1  1  1  1  0  0  0  0  0  0  0  0  1  1  1 -1 -1 -1 -1 -1 -1                                       
 ------------------------------------------
    Wave vector= 0.0000  0.0000  0.0000    no macro. electric field
 Multi. Omega   Irreducible Representations
  3    -0.028     T1u(I)                                                                                                     
Notation: (R)  Raman active mode
          (I)  Infrared active mode
          (RI) Raman and Infrared active mode

Thermodynamic Properties
   for empirical formula Cu

The following thermodynamic functions are obtained from the phonon
density of states within the harmonic approximation. The results are
meaningful only below the melting point, which lies well below 3000 K
for most materials.
Definitions:
      Cv            : vibrational heat capacity at constant volume
E_vib(T)=E(T)-E(0)  : the change in vibrational internal energy from 0 K, where
                        E(0) = E_elec + ZPE is the electronic energy of formation E_elec plus the zero point energy ZPE
      S(T)          : the vibrational entropy at temperature T
   -(A(T)-E(0))     : the change in the vibrational Helmholtz free energy from 0 K
      E(T)          : the electronic energy of formation plus the vibrational internal energy, so this term is
                        E_elec + ZPE + E_vib(T)
      A(T)          : the electronic plus vibrational Helmholtz free energy,
                        E(T) - T.S(T)
Note that the electronic energy, which is part of the enthalpy and free energies,
 is referenced to the elements in their standard state.

Electronic energy =     0.30 kJ/mol (referenced to elements in the standard state)
          PV term =    29.22 kJ/mol
Zero-point energy =     3.08 kJ/mol

    T       Cv       E(T)-E(0)      S(T)   -(A(T)-E(0))     E(T)        A(T)
    K     J/K/mol      kJ/mol     J/K/mol     kJ/mol       kJ/mol      kJ/mol
  ----- ----------- ----------- ----------- ----------- ----------- -----------
     0      0.0000      0.0000      0.0000      0.0000      3.3811      3.3811
     1      0.0000      0.0000      0.0000      0.0000      3.3811      3.3811
     2      0.0001      0.0000      0.0000      0.0000      3.3811      3.3811
     3      0.0010      0.0000      0.0002      0.0000      3.3811      3.3811
     4      0.0033      0.0000      0.0008      0.0000      3.3811      3.3811
     5      0.0067      0.0000      0.0019      0.0000      3.3811      3.3811
    10      0.0456      0.0001      0.0162      0.0000      3.3812      3.3811
    15      0.1435      0.0006      0.0503      0.0002      3.3817      3.3809
    20      0.3652      0.0018      0.1180      0.0006      3.3829      3.3805
    30      1.4358      0.0100      0.4377      0.0031      3.3911      3.3780
    40      3.3257      0.0333      1.0938      0.0105      3.4144      3.3706
    50      5.6521      0.0780      2.0816      0.0261      3.4591      3.3550
    60      8.0401      0.1465      3.3244      0.0530      3.5276      3.3281
    70     10.2664      0.2382      4.7339      0.0932      3.6193      3.2879
    80     12.2361      0.3510      6.2364      0.1480      3.7321      3.2331
    90     13.9305      0.4820      7.7781      0.2180      3.8631      3.1631
   100     15.3674      0.6287      9.3223      0.3035      4.0098      3.0776
   125     18.0484      1.0488     13.0608      0.5838      4.4299      2.7973
   150     19.8119      1.5235     16.5181      0.9542      4.9046      2.4269
   175     21.0046      2.0347     19.6674      1.4071      5.4158      1.9740
   200     21.8381      2.5708     22.5298      1.9352      5.9519      1.4460
   225     22.4390      3.1246     25.1385      2.5315      6.5057      0.8496
   250     22.8845      3.6914     27.5268      3.1902      7.0725      0.1909
   273     23.1988      4.2215     29.5551      3.8470      7.6026     -0.4659
   275     23.2228      4.2680     29.7245      3.9062      7.6491     -0.5251
   298     23.4665      4.8050     31.5999      4.6117      8.1861     -1.2306
   300     23.4852      4.8519     31.7569      4.6751      8.2330     -1.2940
   350     23.8591      6.0362     35.4073      6.3563      9.4173     -2.9752
   400     24.1067      7.2357     38.6105      8.2084     10.6169     -4.8272
   450     24.2787      8.4456     41.4604     10.2114     11.8267     -6.8303
   500     24.4029      9.6628     44.0251     12.3496     13.0439     -8.9685
   550     24.4954     10.8854     46.3555     14.6100     14.2665    -11.2289
   600     24.5662     12.1120     48.4901     16.9819     15.4931    -13.6008
   650     24.6214     13.3417     50.4587     19.4562     16.7228    -16.0751
   700     24.6654     14.5739     52.2850     22.0254     17.9550    -18.6442
   750     24.7010     15.8081     53.9880     24.6826     19.1892    -21.3015
   800     24.7301     17.0439     55.5831     27.4223     20.4250    -24.0412
   850     24.7544     18.2810     57.0831     30.2393     21.6621    -26.8582
   900     24.7747     19.5193     58.4986     33.1292     22.9004    -29.7481
   950     24.7919     20.7584     59.8386     36.0879     24.1395    -32.7068
  1000     24.8066     21.9984     61.1107     39.1119     25.3795    -35.7308
  1050     24.8193     23.2390     62.3213     42.1979     26.6201    -38.8168
  1100     24.8303     24.4803     63.4761     45.3431     27.8614    -41.9619
  1150     24.8399     25.7220     64.5801     48.5446     29.1031    -45.1635
  1200     24.8483     26.9642     65.6375     51.8002     30.3453    -48.4191
  1250     24.8557     28.2068     66.6520     55.1076     31.5879    -51.7265
  1300     24.8623     29.4498     67.6270     58.4647     32.8309    -55.0836
  1350     24.8682     30.6930     68.5654     61.8697     34.0741    -58.4886
  1400     24.8735     31.9366     69.4699     65.3207     35.3177    -61.9396
  1450     24.8782     33.1804     70.3428     68.8161     36.5615    -65.4350
  1500     24.8825     34.4244     71.1863     72.3544     37.8055    -68.9733
  1550     24.8863     35.6686     72.0023     75.9342     39.0497    -72.5531
  1600     24.8898     36.9130     72.7924     79.5542     40.2941    -76.1731
  1650     24.8931     38.1576     73.5584     83.2130     41.5387    -79.8319
  1700     24.8960     39.4023     74.3015     86.9096     42.7834    -83.5285
  1750     24.8986     40.6471     75.0233     90.6428     44.0282    -87.2616
  1800     24.9011     41.8921     75.7247     94.4115     45.2732    -91.0304
  1850     24.9033     43.1372     76.4070     98.2149     46.5183    -94.8338
  1900     24.9054     44.3824     77.0712    102.0519     47.7635    -98.6708
  1950     24.9073     45.6277     77.7181    105.9217     49.0088   -102.5405
  2000     24.9091     46.8731     78.3487    109.8233     50.2543   -106.4422
  2100     24.9123     49.3642     79.5641    117.7194     52.7453   -114.3383
  2200     24.9151     51.8556     80.7231    125.7342     55.2367   -122.3531
  2300     24.9175     54.3472     81.8307    133.8623     57.7283   -130.4812
  2400     24.9196     56.8390     82.8912    142.0987     60.2201   -138.7176
  2500     24.9215     59.3311     83.9086    150.4389     62.7122   -147.0578
  2600     24.9231     61.8233     84.8860    158.8790     65.2044   -155.4979
  2700     24.9246     64.3157     85.8266    167.4148     67.6968   -164.0337
  2800     24.9259     66.8082     86.7331    176.0430     70.1893   -172.6619
  2900     24.9271     69.3008     87.6078    184.7603     72.6819   -181.3792
  3000     24.9282     71.7935     88.4529    193.5635     75.1747   -190.1824

Job completed on Fri 27 January 2017 at 08:44:27 æ±äº¬ (æ¨™æº–æ™‚) after 57741 s (16:02:21)
