       N       E                     dE             d eps       ncg     rms          rms(c)
RMM:   1     0.602275860519E+04    0.60228E+04   -0.50244E+05  7120   0.233E+03
RMM:   2     0.461947382275E+03   -0.55608E+04   -0.64362E+04  7120   0.356E+02
RMM:   3    -0.278102095600E+03   -0.74005E+03   -0.80106E+03  7120   0.150E+02
RMM:   4    -0.467686748575E+03   -0.18958E+03   -0.82026E+02  7120   0.582E+01
RMM:   5    -0.491843379783E+03   -0.24157E+02   -0.14860E+02  7120   0.196E+01
RMM:   6    -0.495008603378E+03   -0.31652E+01   -0.28204E+01  7120   0.107E+01
RMM:   7    -0.495556888163E+03   -0.54828E+00   -0.56299E+00  7120   0.381E+00
RMM:   8    -0.495676094670E+03   -0.11921E+00   -0.12131E+00  7120   0.213E+00
RMM:   9    -0.495705402922E+03   -0.29308E-01   -0.31605E-01 14243   0.820E-01
RMM:  10    -0.495706707398E+03   -0.13045E-02   -0.15855E-02 14281   0.127E-01
RMM:  11    -0.495706765912E+03   -0.58514E-04   -0.61167E-04 13932   0.539E-02
RMM:  12    -0.495706766117E+03   -0.20527E-06   -0.19317E-05  8651   0.523E-03    0.727E+01
RMM:  13    -0.436240354019E+03    0.59466E+02   -0.96644E+02 14240   0.730E+01    0.330E+01
RMM:  14    -0.402659091027E+03    0.33581E+02   -0.16006E+02 14240   0.312E+01    0.706E+00
RMM:  15    -0.401332068632E+03    0.13270E+01   -0.20853E-01 14240   0.103E+00    0.248E+00
RMM:  16    -0.401201917779E+03    0.13015E+00   -0.21719E-01 14240   0.918E-01    0.190E-01
RMM:  17    -0.401203031231E+03   -0.11135E-02   -0.55349E-03 14240   0.887E-02    0.296E-02
RMM:  18    -0.401202997857E+03    0.33373E-04   -0.60082E-05 11058   0.171E-02    0.470E-03
RMM:  19    -0.401203068017E+03   -0.70159E-04   -0.15479E-05  7822   0.100E-02    0.397E-03
RMM:  20    -0.401203060970E+03    0.70464E-05   -0.36182E-06  7731   0.493E-03
   1 F= -.40120306E+03 E0= -.40120823E+03  d E =-.401203E+03
