Startup is 'sourced'
Opening the database
Phonon calculation for Untitled_1

Phonon parameters
=================
The calculation explores the full Brillouin zone and accounts for an interaction range of about 10.0 Angstroem.
The asymmetric atoms are displaced by +/-0.02 Angstroem.

In a first step, need to run an optimization of atom positions for the supercell containing 32 atoms.
Then, need to run a total number of 2 single point energy calculations on supercells with displaced atoms containing 32 atoms.

      Supercell transformation matrix              Supercell lattice vectors
       2.00000    0.00000    0.00000             8.58541    0.00000    0.00000
       0.00000    2.00000    0.00000             0.00000    8.58541    0.00000
       0.00000    0.00000    2.00000             0.00000    0.00000    8.58541

     Supercell           Site        Displaced atom     Displacement (fractional units)
   ---------------    ----------     --------------     -------------------------------
  undisplaced           ----            ----             0.00000    0.00000    0.00000
  displaced_Au__a       Au              Au               0.00233    0.00000    0.00000
  displaced_Au__b       Au              Au              -0.00233    0.00000    0.00000

Invariance conditions are not enforced.
No approximation to LO/TO splitting
Properties: Phonon dispersion and form factors 
            Phonon density of states 
            Thermodynamic functions
==========================================


VASP parameters
===============
Since no magnetic moments are in the model, this is a non-magnetic calculation using 'normal' precision
and a user-defined planewave cutoff energy of 500.000 eV.

The electronic iterations convergence is 1.00E-005 eV using the Normal (blocked Davidson) algorithm
and reciprocal space projection operators.

The requested k-spacing is 0.5 per Angstrom, which leads to a 2x2x2 mesh.
This corresponds to actual k-spacings of 0.366 x 0.366 x 0.366 per Angstrom.

Using first order Methfessel-Paxton smearing with a width of 0.2 eV.

Other non-default parameters:
	Wave functions is TRUE
==========================================

------------------------------------------------------------------------

Using GGA-PBE / PAW potentials:
	Au

Results for initial structural minimization of the supercell without displacements:
--------------------------------------------------------------------------------------

There are 1 symmetry-unique k-points
The plane wave cutoff is 500.00 eV

   VASP energy:            -102.037827 eV for Au32

   Initial VASP energy:    -102.037830 eV for Au32
   Relaxation energy:         0.000003 eV gained after 1 optimization steps.

Electronic contributions:
                          Empirical Formula          Cell
                                    Au          (Au)32
                          --------------- ---------------
              VASP Energy        -307.661       -9845.151 kJ/mol
      Energy of formation           8.011         256.345
                  PV term         -91.331       -2922.601

   This is the electronic part of the formation energy with respect to the
   elements in their standard state. It is obtained from the total energy (above)
   and tabulated VASP energies for the elements in their standard state.
   See the documentation for more details.

   Details for Au:
                                             VASP energy (Etot):     -307.66 kJ/mol
       Standard state energy of 1.00 atoms of Au  1.00 * -315.67:  -  -315.67
                                                                   ----------
                                        Energy of formation (Ef):        8.01 kJ/mol


Cell parameters:
 Parameter    Value    
---------- ------------
         a     8.585409
         b     8.585409
         c     8.585409
     alpha    89.999999
      beta    89.999999
     gamma    89.999999

    Volume    79.102999 Ang^3

        Density:    16.539 Mg/m^3

   The pressure given below is exerted by the system according to its volume.
   Positive pressure would cause expansion during full geometry optimization.
       Pressure:    -7.669 GPa
               =   -76.690 kbar

                      XX        YY        ZZ        XY        YZ        ZX
         Stress:     7.669     7.669     7.669     0.000     0.000     0.000 GPa
               =    76.690    76.690    76.690     0.000     0.000     0.000 kbar
   The stress tensor above is imposed on the system, i.e. negative values of diagonal components 
   would cause expansion of the corresponding lattice parameter upon full geometry optimization.
   The pressure and stress include only electronic terms, i.e. the vibrational,
   temperature and other terms are not included here.

Fractional Coordinates:
	Atom          Initial Coordinates             Final Coordinates
	-----      -------- -------- --------      -------- -------- --------
	Au           0.7500   0.7500   0.5000        0.7500   0.7500   0.5000
	Au           0.7500   0.7500   0.0000        0.7500   0.7500   0.0000
	Au           0.7500   0.0000   0.2500        0.7500   0.0000   0.2500
	Au           0.7500   0.2500   0.5000        0.7500   0.2500   0.5000
	Au           0.0000   0.7500   0.2500        0.0000   0.7500   0.2500
	Au           0.0000   0.0000   0.5000        0.0000   0.0000   0.5000
	Au           0.2500   0.7500   0.5000        0.2500   0.7500   0.5000
	Au           0.7500   0.0000   0.7500        0.7500   0.0000   0.7500
	Au           0.7500   0.2500   0.0000        0.7500   0.2500   0.0000
	Au           0.7500   0.5000   0.2500        0.7500   0.5000   0.2500
	Au           0.0000   0.7500   0.7500        0.0000   0.7500   0.7500
	Au           0.0000   0.0000   0.0000        0.0000   0.0000   0.0000
	Au           0.0000   0.2500   0.2500        0.0000   0.2500   0.2500
	Au           0.0000   0.5000   0.5000        0.0000   0.5000   0.5000
	Au           0.2500   0.7500   0.0000        0.2500   0.7500   0.0000
	Au           0.2500   0.0000   0.2500        0.2500   0.0000   0.2500
	Au           0.2500   0.2500   0.5000        0.2500   0.2500   0.5000
	Au           0.5000   0.7500   0.2500        0.5000   0.7500   0.2500
	Au           0.5000   0.0000   0.5000        0.5000   0.0000   0.5000
	Au           0.7500   0.5000   0.7500        0.7500   0.5000   0.7500
	Au           0.0000   0.2500   0.7500        0.0000   0.2500   0.7500
	Au           0.0000   0.5000   0.0000        0.0000   0.5000   0.0000
	Au           0.2500   0.0000   0.7500        0.2500   0.0000   0.7500
	Au           0.2500   0.2500   0.0000        0.2500   0.2500   0.0000
	Au           0.2500   0.5000   0.2500        0.2500   0.5000   0.2500
	Au           0.5000   0.7500   0.7500        0.5000   0.7500   0.7500
	Au           0.5000   0.0000   0.0000        0.5000   0.0000   0.0000
	Au           0.5000   0.2500   0.2500        0.5000   0.2500   0.2500
	Au           0.5000   0.5000   0.5000        0.5000   0.5000   0.5000
	Au           0.2500   0.5000   0.7500        0.2500   0.5000   0.7500
	Au           0.5000   0.2500   0.7500        0.5000   0.2500   0.7500
	Au           0.5000   0.5000   0.0000        0.5000   0.5000   0.0000

Results for supercell calculations:
------------------------------------------------------------------------
	        Supercell         Energy (eV)
	      -------------      -------------
	        undisplaced      -102.03783
	     displaced_Au__a     -102.03735
	     displaced_Au__b     -102.03735


Symmetry analysis of Gamma point phonon frequencies:
----------------------------------------------------
   Crystal  Point  Group: O_h   (m3m) 
   Supercell Point Group: O_h   (m3m) 
    Table of irreducible representations of point group:
 ------------------------------------------
    IR     1  5  7  9 11  6  8 10 12 13 16 17 18 21 23 14 15 19 20 22 24  2  3  4 25 38 39 43 44 46 48 29 30 31 32 33 34 35 36 26 27 28 37 40 41 42 45 47
 ------------------------------------------
 A1g(R)    1  1  1  1  1  1  1  1  1  1  1  1  1  1  1  1  1  1  1  1  1  1  1  1  1  1  1  1  1  1  1  1  1  1  1  1  1  1  1  1  1  1  1  1  1  1  1  1   x^2+y^2+z^2                         
 A2g       1  1  1  1  1  1  1  1  1 -1 -1 -1 -1 -1 -1 -1 -1 -1 -1 -1 -1  1  1  1  1 -1 -1 -1 -1 -1 -1  1  1  1  1  1  1  1  1  1  1  1 -1 -1 -1 -1 -1 -1                                       
 Eg(R)     2 -1 -1 -1 -1 -1 -1 -1 -1  0  0  0  0  0  0  0  0  0  0  0  0  2  2  2  2  0  0  0  0  0  0 -1 -1 -1 -1 -1 -1 -1 -1  2  2  2  0  0  0  0  0  0   (2z^2-x^2-y^2, x^2-y^2)             
 T1g       3  0  0  0  0  0  0  0  0 -1 -1 -1 -1 -1 -1  1  1  1  1  1  1 -1 -1 -1  3  1  1  1  1  1  1  0  0  0  0  0  0  0  0 -1 -1 -1 -1 -1 -1 -1 -1 -1                                       
 T2g(R)    3  0  0  0  0  0  0  0  0  1  1  1  1  1  1 -1 -1 -1 -1 -1 -1 -1 -1 -1  3 -1 -1 -1 -1 -1 -1  0  0  0  0  0  0  0  0 -1 -1 -1  1  1  1  1  1  1   (xy,xz,yz)                          
 A1u       1  1  1  1  1  1  1  1  1  1  1  1  1  1  1  1  1  1  1  1  1  1  1  1 -1 -1 -1 -1 -1 -1 -1 -1 -1 -1 -1 -1 -1 -1 -1 -1 -1 -1 -1 -1 -1 -1 -1 -1                                       
 A2u       1  1  1  1  1  1  1  1  1 -1 -1 -1 -1 -1 -1 -1 -1 -1 -1 -1 -1  1  1  1 -1  1  1  1  1  1  1 -1 -1 -1 -1 -1 -1 -1 -1 -1 -1 -1  1  1  1  1  1  1                                       
 Eu        2 -1 -1 -1 -1 -1 -1 -1 -1  0  0  0  0  0  0  0  0  0  0  0  0  2  2  2 -2  0  0  0  0  0  0  1  1  1  1  1  1  1  1 -2 -2 -2  0  0  0  0  0  0                                       
 T1u(I)    3  0  0  0  0  0  0  0  0 -1 -1 -1 -1 -1 -1  1  1  1  1  1  1 -1 -1 -1 -3 -1 -1 -1 -1 -1 -1  0  0  0  0  0  0  0  0  1  1  1  1  1  1  1  1  1   (x,y,z)                             
 T2u       3  0  0  0  0  0  0  0  0  1  1  1  1  1  1 -1 -1 -1 -1 -1 -1 -1 -1 -1 -3  1  1  1  1  1  1  0  0  0  0  0  0  0  0  1  1  1 -1 -1 -1 -1 -1 -1                                       
 ------------------------------------------
    Wave vector= 0.0000  0.0000  0.0000    no macro. electric field
 Multi. Omega   Irreducible Representations
  3     0.000     T1u(I)                                                                                                     
Notation: (R)  Raman active mode
          (I)  Infrared active mode
          (RI) Raman and Infrared active mode

Thermodynamic Properties
   for empirical formula Au

The following thermodynamic functions are obtained from the phonon
density of states within the harmonic approximation. The results are
meaningful only below the melting point, which lies well below 3000 K
for most materials.
Definitions:
      Cv            : vibrational heat capacity at constant volume
E_vib(T)=E(T)-E(0)  : the change in vibrational internal energy from 0 K, where
                        E(0) = E_elec + ZPE is the electronic energy of formation E_elec plus the zero point energy ZPE
      S(T)          : the vibrational entropy at temperature T
   -(A(T)-E(0))     : the change in the vibrational Helmholtz free energy from 0 K
      E(T)          : the electronic energy of formation plus the vibrational internal energy, so this term is
                        E_elec + ZPE + E_vib(T)
      A(T)          : the electronic plus vibrational Helmholtz free energy,
                        E(T) - T.S(T)
Note that the electronic energy, which is part of the enthalpy and free energies,
 is referenced to the elements in their standard state.

Electronic energy =     8.01 kJ/mol (referenced to elements in the standard state)
          PV term =   -91.33 kJ/mol
Zero-point energy =     0.96 kJ/mol

    T       Cv       E(T)-E(0)      S(T)   -(A(T)-E(0))     E(T)        A(T)
    K     J/K/mol      kJ/mol     J/K/mol     kJ/mol       kJ/mol      kJ/mol
  ----- ----------- ----------- ----------- ----------- ----------- -----------
     0      0.0000      0.0000      0.0000      0.0000      8.9711      8.9711
     1      0.0019      0.0000      0.0004      0.0000      8.9711      8.9711
     2      0.0189      0.0000      0.0060      0.0000      8.9711      8.9711
     3      0.0536      0.0000      0.0195      0.0000      8.9711      8.9710
     4      0.1189      0.0001      0.0428      0.0000      8.9712      8.9710
     5      0.2429      0.0003      0.0813      0.0001      8.9714      8.9710
    10      2.4218      0.0059      0.7672      0.0018      8.9769      8.9692
    15      6.1302      0.0271      2.4362      0.0095      8.9981      8.9616
    20      9.6998      0.0669      4.7006      0.0272      9.0379      8.9439
    30     15.0240      0.1925      9.7231      0.0992      9.1636      8.8719
    40     18.2737      0.3604     14.5298      0.2208      9.3314      8.7503
    50     20.2499      0.5538     18.8373      0.3881      9.5249      8.5830
    60     21.4978      0.7630     22.6479      0.5959      9.7340      8.3752
    70     22.3216      0.9823     26.0278      0.8396      9.9534      8.1315
    80     22.8885      1.2086     29.0477      1.1152     10.1796      7.8558
    90     23.2929      1.4396     31.7682      1.4195     10.4106      7.5515
   100     23.5905      1.6741     34.2385      1.7498     10.6451      7.2213
   125     24.0613      2.2703     39.5587      2.6745     11.2414      6.2966
   150     24.3245      2.8754     43.9709      3.7202     11.8465      5.2509
   175     24.4858      3.4857     47.7336      4.8676     12.4568      4.1034
   200     24.5916      4.0993     51.0106      6.1028     13.0703      2.8683
   225     24.6646      4.7150     53.9115      7.4150     13.6861      1.5561
   250     24.7171      5.3323     56.5130      8.7959     14.3034      0.1752
   273     24.7533      5.9012     58.6901     10.1211     14.8723     -1.1500
   275     24.7560      5.9507     58.8708     10.2386     14.9218     -1.2676
   298     24.7836      6.5205     60.8604     11.6158     15.4915     -2.6448
   300     24.7857      6.5700     61.0261     11.7377     15.5411     -2.7666
   350     24.8273      7.8104     64.8502     14.8870     16.7815     -5.9160
   400     24.8544      9.0525     68.1674     18.2143     18.0236     -9.2432
   450     24.8730     10.2957     71.0959     21.6973     19.2668    -12.7262
   500     24.8863     11.5397     73.7173     25.3187     20.5108    -16.3477
   550     24.8961     12.7843     76.0897     29.0648     21.7553    -20.0937
   600     24.9036     14.0293     78.2563     32.9242     23.0003    -23.9531
   650     24.9095     15.2746     80.2498     36.8875     24.2456    -27.9164
   700     24.9141     16.5202     82.0960     40.9467     25.4912    -31.9756
   750     24.9178     17.7660     83.8150     45.0949     26.7370    -36.1239
   800     24.9209     19.0119     85.4233     49.3263     27.9830    -40.3552
   850     24.9234     20.2580     86.9342     53.6356     29.2291    -44.6645
   900     24.9256     21.5043     88.3588     58.0182     30.4753    -49.0472
   950     24.9274     22.7506     89.7065     62.4701     31.7216    -53.4990
  1000     24.9289     23.9970     90.9852     66.9877     32.9680    -58.0166
  1050     24.9302     25.2434     92.2015     71.5676     34.2145    -62.5965
  1100     24.9314     26.4900     93.3612     76.2068     35.4610    -67.2358
  1150     24.9324     27.7366     94.4696     80.9028     36.7076    -71.9317
  1200     24.9333     28.9832     95.5307     85.6529     37.9543    -76.6819
  1250     24.9340     30.2299     96.5485     90.4551     39.2009    -81.4840
  1300     24.9347     31.4766     97.5265     95.3071     40.4476    -86.3360
  1350     24.9353     32.7233     98.4675    100.2070     41.6944    -91.2359
  1400     24.9359     33.9701     99.3744    105.1531     42.9412    -96.1821
  1450     24.9364     35.2169    100.2494    110.1438     44.1880   -101.1728
  1500     24.9368     36.4637    101.0948    115.1776     45.4348   -106.2065
  1550     24.9372     37.7106    101.9125    120.2528     46.6816   -111.2817
  1600     24.9376     38.9574    102.7043    125.3683     47.9285   -116.3973
  1650     24.9379     40.2043    103.4716    130.5228     49.1754   -121.5517
  1700     24.9382     41.4512    104.2161    135.7150     50.4223   -126.7440
  1750     24.9385     42.6981    104.9390    140.9440     51.6692   -131.9729
  1800     24.9387     43.9450    105.6415    146.2085     52.9161   -137.2374
  1850     24.9390     45.1920    106.3248    151.5078     54.1630   -142.5367
  1900     24.9392     46.4389    106.9899    156.8406     55.4100   -147.8695
  1950     24.9394     47.6859    107.6378    162.2063     56.6569   -153.2353
  2000     24.9396     48.9328    108.2692    167.6041     57.9039   -158.6331
  2100     24.9399     51.4268    109.4859    178.4923     60.3979   -169.5212
  2200     24.9402     53.9208    110.6461    189.4992     62.8919   -180.5282
  2300     24.9405     56.4148    111.7548    200.6196     65.3859   -191.6486
  2400     24.9407     58.9089    112.8163    211.8485     67.8799   -202.8775
  2500     24.9409     61.4029    113.8344    223.1812     70.3740   -214.2101
  2600     24.9410     63.8970    114.8126    234.6138     72.8681   -225.6428
  2700     24.9412     66.3911    115.7539    246.1425     75.3621   -237.1714
  2800     24.9413     68.8852    116.6609    257.7634     77.8563   -248.7923
  2900     24.9414     71.3793    117.5362    269.4734     80.3504   -260.5023
  3000     24.9416     73.8735    118.3817    281.2694     82.8445   -272.2983

Job completed on Fri 06 January 2017 at 17:44:15 æ±äº¬ (æ¨™æº–æ™‚) after 168 s (0:02:48)
