Startup is 'sourced'
Opening the database
Phonon calculation for Untitled_1

Phonon parameters
=================
The calculation explores the full Brillouin zone and accounts for an interaction range of about 10.0 Angstroem.
The asymmetric atoms are displaced by +/-0.02 Angstroem.

In a first step, need to run an optimization of atom positions for the supercell containing 32 atoms.
Then, need to run a total number of 2 single point energy calculations on supercells with displaced atoms containing 32 atoms.

      Supercell transformation matrix              Supercell lattice vectors
       2.00000    0.00000    0.00000             8.33775    0.00000    0.00000
       0.00000    2.00000    0.00000             0.00000    8.33775    0.00000
       0.00000    0.00000    2.00000             0.00000    0.00000    8.33775

     Supercell           Site        Displaced atom     Displacement (fractional units)
   ---------------    ----------     --------------     -------------------------------
  undisplaced           ----            ----             0.00000    0.00000    0.00000
  displaced_Au__a       Au              Au               0.00240    0.00000    0.00000
  displaced_Au__b       Au              Au              -0.00240    0.00000    0.00000

Invariance conditions are not enforced.
No approximation to LO/TO splitting
Properties: Phonon dispersion and form factors 
            Phonon density of states 
            Thermodynamic functions
==========================================


VASP parameters
===============
Since no magnetic moments are in the model, this is a non-magnetic calculation using 'accurate' precision
and a user-defined planewave cutoff energy of 600.000 eV.

The electronic iterations convergence is 1.00E-005 eV using the Very Fast (RMM-DIIS) algorithm
and reciprocal space projection operators.

The requested k-spacing is 0.1 per Angstrom, which leads to a 8x8x8 mesh.
This corresponds to actual k-spacings of 0.094 x 0.094 x 0.094 per Angstrom.

Using first order Methfessel-Paxton smearing with a width of 0.2 eV.

Other non-default parameters:
	Extrafine augmentation grid for accurate forces is TRUE
	Algorithm is Very Fast (RMM-DIIS)
	Wave functions is TRUE
==========================================

------------------------------------------------------------------------

Results for initial structural minimization of the supercell without displacements:
--------------------------------------------------------------------------------------

There are 20 symmetry-unique k-points
The plane wave cutoff is 600.00 eV

   VASP energy:            -104.694671 eV for Au32

   Initial VASP energy:    -104.694670 eV for Au32
   Relaxation energy:        -0.000001 eV gained after 1 optimization steps.

Electronic contributions:
                          Empirical Formula          Cell
                                    Au          (Au)32
                          --------------- ---------------
              VASP Energy        -315.672      -10101.498 kJ/mol
      Energy of formation          -0.000          -0.001
                  PV term           4.581         146.603

   This is the electronic part of the formation energy with respect to the
   elements in their standard state. It is obtained from the total energy (above)
   and tabulated VASP energies for the elements in their standard state.
   See the documentation for more details.

   Details for Au:
                                             VASP energy (Etot):     -315.67 kJ/mol
       Standard state energy of 1.00 atoms of Au  1.00 * -315.67:  -  -315.67
                                                                   ----------
                                        Energy of formation (Ef):       -0.00 kJ/mol


Cell parameters:
 Parameter    Value    
---------- ------------
         a     8.337753
         b     8.337753
         c     8.337753
     alpha    89.999999
      beta    89.999999
     gamma    89.999999

    Volume    72.453114 Ang^3

        Density:    18.057 Mg/m^3

   The pressure given below is exerted by the system according to its volume.
   Positive pressure would cause expansion during full geometry optimization.
       Pressure:   420.000 MPa
               =     4.200 kbar

                      XX        YY        ZZ        XY        YZ        ZX
         Stress:  -420.000  -420.000  -420.000     0.000     0.000     0.000 MPa
               =    -4.200    -4.200    -4.200     0.000     0.000     0.000 kbar
   The stress tensor above is imposed on the system, i.e. negative values of diagonal components 
   would cause expansion of the corresponding lattice parameter upon full geometry optimization.
   The pressure and stress include only electronic terms, i.e. the vibrational,
   temperature and other terms are not included here.

Fractional Coordinates:
	Atom          Initial Coordinates             Final Coordinates
	-----      -------- -------- --------      -------- -------- --------
	Au           0.7500   0.7500   0.5000        0.7500   0.7500   0.5000
	Au           0.7500   0.7500   0.0000        0.7500   0.7500   0.0000
	Au           0.7500   0.0000   0.2500        0.7500   0.0000   0.2500
	Au           0.7500   0.2500   0.5000        0.7500   0.2500   0.5000
	Au           0.0000   0.7500   0.2500        0.0000   0.7500   0.2500
	Au           0.0000   0.0000   0.5000        0.0000   0.0000   0.5000
	Au           0.2500   0.7500   0.5000        0.2500   0.7500   0.5000
	Au           0.7500   0.0000   0.7500        0.7500   0.0000   0.7500
	Au           0.7500   0.2500   0.0000        0.7500   0.2500   0.0000
	Au           0.7500   0.5000   0.2500        0.7500   0.5000   0.2500
	Au           0.0000   0.7500   0.7500        0.0000   0.7500   0.7500
	Au           0.0000   0.0000   0.0000        0.0000   0.0000   0.0000
	Au           0.0000   0.2500   0.2500        0.0000   0.2500   0.2500
	Au           0.0000   0.5000   0.5000        0.0000   0.5000   0.5000
	Au           0.2500   0.7500   0.0000        0.2500   0.7500   0.0000
	Au           0.2500   0.0000   0.2500        0.2500   0.0000   0.2500
	Au           0.2500   0.2500   0.5000        0.2500   0.2500   0.5000
	Au           0.5000   0.7500   0.2500        0.5000   0.7500   0.2500
	Au           0.5000   0.0000   0.5000        0.5000   0.0000   0.5000
	Au           0.7500   0.5000   0.7500        0.7500   0.5000   0.7500
	Au           0.0000   0.2500   0.7500        0.0000   0.2500   0.7500
	Au           0.0000   0.5000   0.0000        0.0000   0.5000   0.0000
	Au           0.2500   0.0000   0.7500        0.2500   0.0000   0.7500
	Au           0.2500   0.2500   0.0000        0.2500   0.2500   0.0000
	Au           0.2500   0.5000   0.2500        0.2500   0.5000   0.2500
	Au           0.5000   0.7500   0.7500        0.5000   0.7500   0.7500
	Au           0.5000   0.0000   0.0000        0.5000   0.0000   0.0000
	Au           0.5000   0.2500   0.2500        0.5000   0.2500   0.2500
	Au           0.5000   0.5000   0.5000        0.5000   0.5000   0.5000
	Au           0.2500   0.5000   0.7500        0.2500   0.5000   0.7500
	Au           0.5000   0.2500   0.7500        0.5000   0.2500   0.7500
	Au           0.5000   0.5000   0.0000        0.5000   0.5000   0.0000

Results for supercell calculations:
------------------------------------------------------------------------
	        Supercell         Energy (eV)
	      -------------      -------------
	        undisplaced      -104.69467
	     displaced_Au__a     -104.69360
	     displaced_Au__b     -104.69360


Symmetry analysis of Gamma point phonon frequencies:
----------------------------------------------------
   Crystal  Point  Group: O_h   (m3m) 
   Supercell Point Group: O_h   (m3m) 
    Table of irreducible representations of point group:
 ------------------------------------------
    IR     1  5  7  9 11  6  8 10 12 13 16 17 18 21 23 14 15 19 20 22 24  2  3  4 25 38 39 43 44 46 48 29 30 31 32 33 34 35 36 26 27 28 37 40 41 42 45 47
 ------------------------------------------
 A1g(R)    1  1  1  1  1  1  1  1  1  1  1  1  1  1  1  1  1  1  1  1  1  1  1  1  1  1  1  1  1  1  1  1  1  1  1  1  1  1  1  1  1  1  1  1  1  1  1  1   x^2+y^2+z^2                         
 A2g       1  1  1  1  1  1  1  1  1 -1 -1 -1 -1 -1 -1 -1 -1 -1 -1 -1 -1  1  1  1  1 -1 -1 -1 -1 -1 -1  1  1  1  1  1  1  1  1  1  1  1 -1 -1 -1 -1 -1 -1                                       
 Eg(R)     2 -1 -1 -1 -1 -1 -1 -1 -1  0  0  0  0  0  0  0  0  0  0  0  0  2  2  2  2  0  0  0  0  0  0 -1 -1 -1 -1 -1 -1 -1 -1  2  2  2  0  0  0  0  0  0   (2z^2-x^2-y^2, x^2-y^2)             
 T1g       3  0  0  0  0  0  0  0  0 -1 -1 -1 -1 -1 -1  1  1  1  1  1  1 -1 -1 -1  3  1  1  1  1  1  1  0  0  0  0  0  0  0  0 -1 -1 -1 -1 -1 -1 -1 -1 -1                                       
 T2g(R)    3  0  0  0  0  0  0  0  0  1  1  1  1  1  1 -1 -1 -1 -1 -1 -1 -1 -1 -1  3 -1 -1 -1 -1 -1 -1  0  0  0  0  0  0  0  0 -1 -1 -1  1  1  1  1  1  1   (xy,xz,yz)                          
 A1u       1  1  1  1  1  1  1  1  1  1  1  1  1  1  1  1  1  1  1  1  1  1  1  1 -1 -1 -1 -1 -1 -1 -1 -1 -1 -1 -1 -1 -1 -1 -1 -1 -1 -1 -1 -1 -1 -1 -1 -1                                       
 A2u       1  1  1  1  1  1  1  1  1 -1 -1 -1 -1 -1 -1 -1 -1 -1 -1 -1 -1  1  1  1 -1  1  1  1  1  1  1 -1 -1 -1 -1 -1 -1 -1 -1 -1 -1 -1  1  1  1  1  1  1                                       
 Eu        2 -1 -1 -1 -1 -1 -1 -1 -1  0  0  0  0  0  0  0  0  0  0  0  0  2  2  2 -2  0  0  0  0  0  0  1  1  1  1  1  1  1  1 -2 -2 -2  0  0  0  0  0  0                                       
 T1u(I)    3  0  0  0  0  0  0  0  0 -1 -1 -1 -1 -1 -1  1  1  1  1  1  1 -1 -1 -1 -3 -1 -1 -1 -1 -1 -1  0  0  0  0  0  0  0  0  1  1  1  1  1  1  1  1  1   (x,y,z)                             
 T2u       3  0  0  0  0  0  0  0  0  1  1  1  1  1  1 -1 -1 -1 -1 -1 -1 -1 -1 -1 -3  1  1  1  1  1  1  0  0  0  0  0  0  0  0  1  1  1 -1 -1 -1 -1 -1 -1                                       
 ------------------------------------------
    Wave vector= 0.0000  0.0000  0.0000    no macro. electric field
 Multi. Omega   Irreducible Representations
  3     0.015     T1u(I)                                                                                                     
Notation: (R)  Raman active mode
          (I)  Infrared active mode
          (RI) Raman and Infrared active mode

Thermodynamic Properties
   for empirical formula Au

The following thermodynamic functions are obtained from the phonon
density of states within the harmonic approximation. The results are
meaningful only below the melting point, which lies well below 3000 K
for most materials.
Definitions:
      Cv            : vibrational heat capacity at constant volume
E_vib(T)=E(T)-E(0)  : the change in vibrational internal energy from 0 K, where
                        E(0) = E_elec + ZPE is the electronic energy of formation E_elec plus the zero point energy ZPE
      S(T)          : the vibrational entropy at temperature T
   -(A(T)-E(0))     : the change in the vibrational Helmholtz free energy from 0 K
      E(T)          : the electronic energy of formation plus the vibrational internal energy, so this term is
                        E_elec + ZPE + E_vib(T)
      A(T)          : the electronic plus vibrational Helmholtz free energy,
                        E(T) - T.S(T)
Note that the electronic energy, which is part of the enthalpy and free energies,
 is referenced to the elements in their standard state.

Electronic energy =    -0.00 kJ/mol (referenced to elements in the standard state)
          PV term =     4.58 kJ/mol
Zero-point energy =     1.44 kJ/mol

    T       Cv       E(T)-E(0)      S(T)   -(A(T)-E(0))     E(T)        A(T)
    K     J/K/mol      kJ/mol     J/K/mol     kJ/mol       kJ/mol      kJ/mol
  ----- ----------- ----------- ----------- ----------- ----------- -----------
     0      0.0000      0.0000      0.0000      0.0000      1.4395      1.4395
     1      0.0009      0.0000      0.0002      0.0000      1.4395      1.4395
     2      0.0101      0.0000      0.0031      0.0000      1.4395      1.4395
     3      0.0284      0.0000      0.0104      0.0000      1.4395      1.4395
     4      0.0576      0.0001      0.0223      0.0000      1.4396      1.4395
     5      0.1004      0.0001      0.0394      0.0001      1.4397      1.4395
    10      0.7499      0.0019      0.2553      0.0007      1.4414      1.4388
    15      2.4520      0.0095      0.8487      0.0033      1.4490      1.4363
    20      4.7938      0.0275      1.8669      0.0099      1.4670      1.4296
    30      9.5728      0.0998      4.7328      0.0422      1.5393      1.3973
    40     13.4359      0.2157      8.0421      0.1060      1.6552      1.3336
    50     16.2567      0.3650     11.3608      0.2031      1.8045      1.2365
    60     18.2635      0.5381     14.5125      0.3326      1.9777      1.1069
    70     19.6980      0.7283     17.4416      0.4926      2.1679      0.9470
    80     20.7403      0.9308     20.1436      0.6807      2.3703      0.7588
    90     21.5132      1.1422     22.6332      0.8947      2.5818      0.5448
   100     22.0982      1.3604     24.9315      1.1327      2.8000      0.3068
   125     23.0530      1.9260     29.9757      1.8209      3.3655     -0.3814
   150     23.6029      2.5098     34.2316      2.6249      3.9493     -1.1854
   175     23.9459      3.1044     37.8977      3.5276      4.5440     -2.0881
   200     24.1733      3.7061     41.1110      4.5160      5.1456     -3.0765
   225     24.3315      4.3125     43.9679      5.5802      5.7521     -4.1407
   250     24.4457      4.9223     46.5377      6.7120      6.3618     -5.2725
   273     24.5249      5.4855     48.6927      7.8075      6.9250     -6.3680
   275     24.5309      5.5346     48.8718      7.9051      6.9741     -6.4656
   298     24.5914      6.0995     50.8447      9.0521      7.5390     -7.6126
   300     24.5960      6.1487     51.0092      9.1540      7.5882     -7.7144
   350     24.6874      7.3809     54.8080     11.8018      8.8205    -10.3622
   400     24.7471      8.6169     58.1087     14.6265     10.0564    -13.1869
   450     24.7881      9.8553     61.0260     17.6062     11.2948    -16.1667
   500     24.8175     11.0955     63.6393     20.7240     12.5350    -19.2845
   550     24.8394     12.3369     66.0058     23.9660     13.7765    -22.5265
   600     24.8560     13.5793     68.1678     27.3211     15.0188    -25.8816
   650     24.8689     14.8225     70.1579     30.7799     16.2620    -29.3404
   700     24.8792     16.0662     72.0013     34.3344     17.5057    -32.8949
   750     24.8875     17.3103     73.7181     37.9779     18.7498    -36.5383
   800     24.8943     18.5549     75.3245     41.7043     19.9944    -40.2648
   850     24.8999     19.7997     76.8338     45.5087     21.2392    -44.0691
   900     24.9046     21.0448     78.2572     49.3862     22.4844    -47.9467
   950     24.9086     22.2902     79.6039     53.3330     23.7297    -51.8935
  1000     24.9121     23.5357     80.8816     57.3454     24.9752    -55.9059
  1050     24.9150     24.7813     82.0972     61.4201     26.2209    -59.9806
  1100     24.9176     26.0271     83.2562     65.5542     27.4667    -64.1146
  1150     24.9198     27.2731     84.3639     69.7448     28.7126    -68.3053
  1200     24.9217     28.5191     85.4245     73.9897     29.9586    -72.5502
  1250     24.9234     29.7652     86.4419     78.2865     31.2048    -76.8470
  1300     24.9250     31.0114     87.4194     82.6332     32.4510    -81.1937
  1350     24.9263     32.2577     88.3601     87.0278     33.6972    -85.5883
  1400     24.9276     33.5041     89.2667     91.4686     34.9436    -90.0291
  1450     24.9287     34.7504     90.1414     95.9539     36.1900    -94.5144
  1500     24.9296     35.9969     90.9866    100.4822     37.4364    -99.0427
  1550     24.9305     37.2434     91.8041    105.0521     38.6829   -103.6125
  1600     24.9313     38.4899     92.5956    109.6621     39.9295   -108.2226
  1650     24.9321     39.7365     93.3628    114.3111     41.1760   -112.8716
  1700     24.9328     40.9831     94.1071    118.9979     42.4227   -117.5584
  1750     24.9334     42.2298     94.8298    123.7214     43.6693   -122.2819
  1800     24.9339     43.4764     95.5322    128.4805     44.9160   -127.0410
  1850     24.9345     44.7232     96.2154    133.2743     46.1627   -131.8348
  1900     24.9349     45.9699     96.8804    138.1017     47.4094   -136.6621
  1950     24.9354     47.2166     97.5281    142.9619     48.6562   -141.5224
  2000     24.9358     48.4634     98.1594    147.8541     49.9029   -146.4146
  2100     24.9365     50.9570     99.3760    157.7314     52.3965   -156.2919
  2200     24.9372     53.4507    100.5361    167.7274     54.8902   -166.2878
  2300     24.9377     55.9444    101.6446    177.8368     57.3839   -176.3973
  2400     24.9382     58.4382    102.7059    188.0546     59.8777   -186.6151
  2500     24.9386     60.9320    103.7240    198.3764     62.3715   -196.9369
  2600     24.9390     63.4259    104.7022    208.7979     64.8654   -207.3584
  2700     24.9394     65.9198    105.6434    219.3155     67.3593   -217.8759
  2800     24.9397     68.4137    106.5503    229.9253     69.8532   -228.4858
  2900     24.9399     70.9077    107.4255    240.6242     72.3472   -239.1847
  3000     24.9402     73.4017    108.2710    251.4093     74.8412   -249.9697

Job completed on Wed 25 January 2017 at 10:21:44 æ±äº¬ (æ¨™æº–æ™‚) after 572 s (0:09:32)
