       N       E                     dE             d eps       ncg     rms          rms(c)
RMM:   1     0.445601614379E+04    0.44560E+04   -0.16128E+05  4240   0.167E+03
RMM:   2     0.934872835453E+03   -0.35211E+04   -0.37961E+04  4240   0.427E+02
RMM:   3     0.212605966919E+03   -0.72227E+03   -0.78326E+03  4240   0.157E+02
RMM:   4     0.390978255508E+01   -0.20870E+03   -0.16211E+03  4240   0.916E+01
RMM:   5    -0.724930278312E+02   -0.76403E+02   -0.53310E+02  4240   0.559E+01
RMM:   6    -0.976354034060E+02   -0.25142E+02   -0.19586E+02  4240   0.335E+01
RMM:   7    -0.107341751014E+03   -0.97063E+01   -0.79173E+01  4240   0.207E+01
RMM:   8    -0.110585293038E+03   -0.32435E+01   -0.29420E+01  4240   0.127E+01
RMM:   9    -0.112382556720E+03   -0.17973E+01   -0.16908E+01  8865   0.747E+00
RMM:  10    -0.112596717110E+03   -0.21416E+00   -0.21130E+00  9667   0.135E+00
RMM:  11    -0.112603316645E+03   -0.65995E-02   -0.54627E-02  8975   0.435E-01
RMM:  12    -0.112604421297E+03   -0.11047E-02   -0.10416E-02  8720   0.620E-02    0.162E+01
RMM:  13    -0.105235084900E+03    0.73693E+01   -0.20109E+01  8480   0.141E+01    0.450E+00
RMM:  14    -0.104781580173E+03    0.45350E+00   -0.24127E+00  8481   0.364E+00    0.172E+00
RMM:  15    -0.104695180075E+03    0.86400E-01   -0.10068E-01  8485   0.115E+00    0.259E-01
RMM:  16    -0.104694818921E+03    0.36115E-03   -0.15702E-02  8555   0.280E-01    0.984E-02
RMM:  17    -0.104694703697E+03    0.11522E-03   -0.52677E-04  8602   0.499E-02    0.426E-02
RMM:  18    -0.104694673871E+03    0.29827E-04   -0.22859E-04  8483   0.475E-02    0.178E-03
RMM:  19    -0.104694670548E+03    0.33225E-05   -0.50955E-06  4799   0.342E-03
   1 F= -.10469467E+03 E0= -.10469825E+03  d E =-.104695E+03
