Startup is 'sourced'
Opening the database
Phonon calculation for Untitled_2

Phonon parameters
=================
The calculation explores the full Brillouin zone and accounts for an interaction range of about 10.0 Angstroem.
The asymmetric atoms are displaced by +/-0.02 Angstroem.

In a first step, need to run an optimization of atom positions for the supercell containing 32 atoms.
Then, need to run a total number of 2 single point energy calculations on supercells with displaced atoms containing 32 atoms.

      Supercell transformation matrix              Supercell lattice vectors
       2.00000    0.00000    0.00000             8.25520    0.00000    0.00000
       0.00000    2.00000    0.00000             0.00000    8.25520    0.00000
       0.00000    0.00000    2.00000             0.00000    0.00000    8.25520

     Supercell           Site        Displaced atom     Displacement (fractional units)
   ---------------    ----------     --------------     -------------------------------
  undisplaced           ----            ----             0.00000    0.00000    0.00000
  displaced_Au__a       Au              Au               0.00242    0.00000    0.00000
  displaced_Au__b       Au              Au              -0.00242    0.00000    0.00000

Invariance conditions are not enforced.
No approximation to LO/TO splitting
Properties: Phonon dispersion and form factors 
            Phonon density of states 
            Thermodynamic functions
==========================================


VASP parameters
===============
Since no magnetic moments are in the model, this is a non-magnetic calculation using 'normal' precision
and a default planewave cutoff energy of 229.948 eV.

The electronic iterations convergence is 1.00E-005 eV using the Normal (blocked Davidson) algorithm
and reciprocal space projection operators.

The requested k-spacing is 0.5 per Angstrom, which leads to a 2x2x2 mesh.
This corresponds to actual k-spacings of 0.381 x 0.381 x 0.381 per Angstrom.

Using first order Methfessel-Paxton smearing with a width of 0.2 eV.

Other non-default parameters:
	Wave functions is TRUE
==========================================

------------------------------------------------------------------------

Using GGA-PBE / PAW potentials:
	Au

Results for initial structural minimization of the supercell without displacements:
--------------------------------------------------------------------------------------

There are 1 symmetry-unique k-points
The plane wave cutoff is 229.95 eV

   VASP energy:            -102.338084 eV for Au32

   Initial VASP energy:    -102.338080 eV for Au32
   Relaxation energy:        -0.000004 eV gained after 1 optimization steps.

Electronic contributions:
                          Empirical Formula          Cell
                                    Au          (Au)32
                          --------------- ---------------
              VASP Energy        -308.566       -9874.122 kJ/mol
      Energy of formation           7.105         227.375
                  PV term          33.922        1085.494

   This is the electronic part of the formation energy with respect to the
   elements in their standard state. It is obtained from the total energy (above)
   and tabulated VASP energies for the elements in their standard state.
   See the documentation for more details.

   Details for Au:
                                             VASP energy (Etot):     -308.57 kJ/mol
       Standard state energy of 1.00 atoms of Au  1.00 * -315.67:  -  -315.67
                                                                   ----------
                                        Energy of formation (Ef):        7.11 kJ/mol


Cell parameters:
 Parameter    Value    
---------- ------------
         a     8.255201
         b     8.255201
         c     8.255201
     alpha    89.999999
      beta    89.999999
     gamma    89.999999

    Volume    70.322279 Ang^3

        Density:    18.604 Mg/m^3

   The pressure given below is exerted by the system according to its volume.
   Positive pressure would cause expansion during full geometry optimization.
       Pressure:     3.204 GPa
               =    32.040 kbar

                      XX        YY        ZZ        XY        YZ        ZX
         Stress:    -3.204    -3.204    -3.204     0.000     0.000     0.000 GPa
               =   -32.040   -32.040   -32.040     0.000     0.000     0.000 kbar
   The stress tensor above is imposed on the system, i.e. negative values of diagonal components 
   would cause expansion of the corresponding lattice parameter upon full geometry optimization.
   The pressure and stress include only electronic terms, i.e. the vibrational,
   temperature and other terms are not included here.

Fractional Coordinates:
	Atom          Initial Coordinates             Final Coordinates
	-----      -------- -------- --------      -------- -------- --------
	Au           0.7500   0.7500   0.5000        0.7500   0.7500   0.5000
	Au           0.7500   0.7500   0.0000        0.7500   0.7500   0.0000
	Au           0.7500   0.0000   0.2500        0.7500   0.0000   0.2500
	Au           0.7500   0.2500   0.5000        0.7500   0.2500   0.5000
	Au           0.0000   0.7500   0.2500        0.0000   0.7500   0.2500
	Au           0.0000   0.0000   0.5000        0.0000   0.0000   0.5000
	Au           0.2500   0.7500   0.5000        0.2500   0.7500   0.5000
	Au           0.7500   0.0000   0.7500        0.7500   0.0000   0.7500
	Au           0.7500   0.2500   0.0000        0.7500   0.2500   0.0000
	Au           0.7500   0.5000   0.2500        0.7500   0.5000   0.2500
	Au           0.0000   0.7500   0.7500        0.0000   0.7500   0.7500
	Au           0.0000   0.0000   0.0000        0.0000   0.0000   0.0000
	Au           0.0000   0.2500   0.2500        0.0000   0.2500   0.2500
	Au           0.0000   0.5000   0.5000        0.0000   0.5000   0.5000
	Au           0.2500   0.7500   0.0000        0.2500   0.7500   0.0000
	Au           0.2500   0.0000   0.2500        0.2500   0.0000   0.2500
	Au           0.2500   0.2500   0.5000        0.2500   0.2500   0.5000
	Au           0.5000   0.7500   0.2500        0.5000   0.7500   0.2500
	Au           0.5000   0.0000   0.5000        0.5000   0.0000   0.5000
	Au           0.7500   0.5000   0.7500        0.7500   0.5000   0.7500
	Au           0.0000   0.2500   0.7500        0.0000   0.2500   0.7500
	Au           0.0000   0.5000   0.0000        0.0000   0.5000   0.0000
	Au           0.2500   0.0000   0.7500        0.2500   0.0000   0.7500
	Au           0.2500   0.2500   0.0000        0.2500   0.2500   0.0000
	Au           0.2500   0.5000   0.2500        0.2500   0.5000   0.2500
	Au           0.5000   0.7500   0.7500        0.5000   0.7500   0.7500
	Au           0.5000   0.0000   0.0000        0.5000   0.0000   0.0000
	Au           0.5000   0.2500   0.2500        0.5000   0.2500   0.2500
	Au           0.5000   0.5000   0.5000        0.5000   0.5000   0.5000
	Au           0.2500   0.5000   0.7500        0.2500   0.5000   0.7500
	Au           0.5000   0.2500   0.7500        0.5000   0.2500   0.7500
	Au           0.5000   0.5000   0.0000        0.5000   0.5000   0.0000

Results for supercell calculations:
------------------------------------------------------------------------
	        Supercell         Energy (eV)
	      -------------      -------------
	        undisplaced      -102.33808
	     displaced_Au__a     -102.33692
	     displaced_Au__b     -102.33692


Symmetry analysis of Gamma point phonon frequencies:
----------------------------------------------------
   Crystal  Point  Group: O_h   (m3m) 
   Supercell Point Group: O_h   (m3m) 
    Table of irreducible representations of point group:
 ------------------------------------------
    IR     1  5  7  9 11  6  8 10 12 13 16 17 18 21 23 14 15 19 20 22 24  2  3  4 25 38 39 43 44 46 48 29 30 31 32 33 34 35 36 26 27 28 37 40 41 42 45 47
 ------------------------------------------
 A1g(R)    1  1  1  1  1  1  1  1  1  1  1  1  1  1  1  1  1  1  1  1  1  1  1  1  1  1  1  1  1  1  1  1  1  1  1  1  1  1  1  1  1  1  1  1  1  1  1  1   x^2+y^2+z^2                         
 A2g       1  1  1  1  1  1  1  1  1 -1 -1 -1 -1 -1 -1 -1 -1 -1 -1 -1 -1  1  1  1  1 -1 -1 -1 -1 -1 -1  1  1  1  1  1  1  1  1  1  1  1 -1 -1 -1 -1 -1 -1                                       
 Eg(R)     2 -1 -1 -1 -1 -1 -1 -1 -1  0  0  0  0  0  0  0  0  0  0  0  0  2  2  2  2  0  0  0  0  0  0 -1 -1 -1 -1 -1 -1 -1 -1  2  2  2  0  0  0  0  0  0   (2z^2-x^2-y^2, x^2-y^2)             
 T1g       3  0  0  0  0  0  0  0  0 -1 -1 -1 -1 -1 -1  1  1  1  1  1  1 -1 -1 -1  3  1  1  1  1  1  1  0  0  0  0  0  0  0  0 -1 -1 -1 -1 -1 -1 -1 -1 -1                                       
 T2g(R)    3  0  0  0  0  0  0  0  0  1  1  1  1  1  1 -1 -1 -1 -1 -1 -1 -1 -1 -1  3 -1 -1 -1 -1 -1 -1  0  0  0  0  0  0  0  0 -1 -1 -1  1  1  1  1  1  1   (xy,xz,yz)                          
 A1u       1  1  1  1  1  1  1  1  1  1  1  1  1  1  1  1  1  1  1  1  1  1  1  1 -1 -1 -1 -1 -1 -1 -1 -1 -1 -1 -1 -1 -1 -1 -1 -1 -1 -1 -1 -1 -1 -1 -1 -1                                       
 A2u       1  1  1  1  1  1  1  1  1 -1 -1 -1 -1 -1 -1 -1 -1 -1 -1 -1 -1  1  1  1 -1  1  1  1  1  1  1 -1 -1 -1 -1 -1 -1 -1 -1 -1 -1 -1  1  1  1  1  1  1                                       
 Eu        2 -1 -1 -1 -1 -1 -1 -1 -1  0  0  0  0  0  0  0  0  0  0  0  0  2  2  2 -2  0  0  0  0  0  0  1  1  1  1  1  1  1  1 -2 -2 -2  0  0  0  0  0  0                                       
 T1u(I)    3  0  0  0  0  0  0  0  0 -1 -1 -1 -1 -1 -1  1  1  1  1  1  1 -1 -1 -1 -3 -1 -1 -1 -1 -1 -1  0  0  0  0  0  0  0  0  1  1  1  1  1  1  1  1  1   (x,y,z)                             
 T2u       3  0  0  0  0  0  0  0  0  1  1  1  1  1  1 -1 -1 -1 -1 -1 -1 -1 -1 -1 -3  1  1  1  1  1  1  0  0  0  0  0  0  0  0  1  1  1 -1 -1 -1 -1 -1 -1                                       
 ------------------------------------------
    Wave vector= 0.0000  0.0000  0.0000    no macro. electric field
 Multi. Omega   Irreducible Representations
  3    -0.010     T1u(I)                                                                                                     
Notation: (R)  Raman active mode
          (I)  Infrared active mode
          (RI) Raman and Infrared active mode

Thermodynamic Properties
   for empirical formula Au

The following thermodynamic functions are obtained from the phonon
density of states within the harmonic approximation. The results are
meaningful only below the melting point, which lies well below 3000 K
for most materials.
Definitions:
      Cv            : vibrational heat capacity at constant volume
E_vib(T)=E(T)-E(0)  : the change in vibrational internal energy from 0 K, where
                        E(0) = E_elec + ZPE is the electronic energy of formation E_elec plus the zero point energy ZPE
      S(T)          : the vibrational entropy at temperature T
   -(A(T)-E(0))     : the change in the vibrational Helmholtz free energy from 0 K
      E(T)          : the electronic energy of formation plus the vibrational internal energy, so this term is
                        E_elec + ZPE + E_vib(T)
      A(T)          : the electronic plus vibrational Helmholtz free energy,
                        E(T) - T.S(T)
Note that the electronic energy, which is part of the enthalpy and free energies,
 is referenced to the elements in their standard state.

Electronic energy =     7.11 kJ/mol (referenced to elements in the standard state)
          PV term =    33.92 kJ/mol
Zero-point energy =     1.51 kJ/mol

    T       Cv       E(T)-E(0)      S(T)   -(A(T)-E(0))     E(T)        A(T)
    K     J/K/mol      kJ/mol     J/K/mol     kJ/mol       kJ/mol      kJ/mol
  ----- ----------- ----------- ----------- ----------- ----------- -----------
     0      0.0000      0.0000      0.0000      0.0000      8.6158      8.6158
     1      0.0002      0.0000      0.0000      0.0000      8.6158      8.6158
     2      0.0050      0.0000      0.0012      0.0000      8.6158      8.6158
     3      0.0161      0.0000      0.0051      0.0000      8.6158      8.6158
     4      0.0335      0.0000      0.0120      0.0000      8.6158      8.6158
     5      0.0587      0.0001      0.0220      0.0000      8.6158      8.6157
    10      0.4948      0.0012      0.1552      0.0004      8.6169      8.6154
    15      1.9280      0.0068      0.5913      0.0021      8.6225      8.6137
    20      4.1235      0.0217      1.4357      0.0070      8.6375      8.6088
    30      8.8533      0.0869      4.0137      0.0335      8.7027      8.5823
    40     12.7826      0.1960      7.1237      0.0890      8.8117      8.5268
    50     15.6979      0.3391     10.3067      0.1762      8.9549      8.4396
    60     17.7966      0.5072     13.3648      0.2947      9.1229      8.3211
    70     19.3098      0.6931     16.2280      0.4428      9.3089      8.1729
    80     20.4166      0.8920     18.8825      0.6186      9.5078      7.9972
    90     21.2412      1.1005     21.3371      0.8198      9.7163      7.7959
   100     21.8677      1.3162     23.6090      1.0447      9.9320      7.5711
   125     22.8944      1.8770     28.6102      1.6993     10.4927      6.9165
   150     23.4882      2.4574     32.8413      2.4688     11.0731      6.1470
   175     23.8595      3.0495     36.4920      3.3365     11.6653      5.2793
   200     24.1061      3.6493     39.6951      4.2897     12.2651      4.3261
   225     24.2778      4.2542     42.5449      5.3183     12.8700      3.2975
   250     24.4019      4.8628     45.1096      6.4145     13.4786      2.2012
   273     24.4879      5.4251     47.2611      7.4771     14.0408      1.1386
   275     24.4944      5.4741     47.4399      7.5718     14.0898      1.0439
   298     24.5602      6.0382     49.4100      8.6859     14.6540     -0.0701
   300     24.5652      6.0873     49.5743      8.7849     14.7031     -0.1691
   350     24.6647      7.3183     53.3691     11.3608     15.9340     -2.7450
   400     24.7296      8.5532     56.6671     14.1135     17.1690     -5.4977
   450     24.7742      9.7909     59.5826     17.0211     18.4066     -8.4054
   500     24.8063     11.0304     62.1946     20.0667     19.6462    -11.4509
   550     24.8300     12.2713     64.5600     23.2365     20.8871    -14.6207
   600     24.8481     13.5133     66.7213     26.5192     22.1291    -17.9035
   650     24.8622     14.7561     68.7108     29.9057     23.3718    -21.2899
   700     24.8734     15.9995     70.5537     33.3879     24.6152    -24.7721
   750     24.8825     17.2434     72.2702     36.9589     25.8591    -28.3432
   800     24.8899     18.4877     73.8763     40.6130     27.1034    -31.9972
   850     24.8960     19.7323     75.3854     44.3449     28.3481    -35.7291
   900     24.9012     20.9773     76.8086     48.1500     29.5930    -39.5343
   950     24.9055     22.2224     78.1550     52.0244     30.8382    -43.4086
  1000     24.9092     23.4678     79.4326     55.9644     32.0835    -47.3486
  1050     24.9124     24.7133     80.6480     59.9666     33.3291    -51.3508
  1100     24.9152     25.9590     81.8070     64.0282     34.5748    -55.4124
  1150     24.9176     27.2048     82.9146     68.1464     35.8206    -59.5306
  1200     24.9198     28.4507     83.9751     72.3188     37.0665    -63.7030
  1250     24.9216     29.6968     84.9924     76.5431     38.3125    -67.9274
  1300     24.9233     30.9429     85.9699     80.8173     39.5587    -72.2016
  1350     24.9248     32.1891     86.9106     85.1394     40.8049    -76.5237
  1400     24.9261     33.4353     87.8170     89.5077     42.0511    -80.8920
  1450     24.9273     34.6817     88.6917     93.9206     43.2974    -85.3048
  1500     24.9284     35.9281     89.5368     98.3764     44.5438    -89.7606
  1550     24.9294     37.1745     90.3543    102.8737     45.7903    -94.2580
  1600     24.9302     38.4210     91.1458    107.4113     47.0367    -98.7956
  1650     24.9310     39.6675     91.9129    111.9878     48.2833   -103.3721
  1700     24.9318     40.9141     92.6572    116.6021     49.5298   -107.9864
  1750     24.9325     42.1607     93.3800    121.2531     50.7764   -112.6373
  1800     24.9331     43.4073     94.0823    125.9397     52.0231   -117.3239
  1850     24.9336     44.6540     94.7654    130.6610     53.2697   -122.0452
  1900     24.9342     45.9007     95.4304    135.4159     54.5164   -126.8001
  1950     24.9346     47.1474     96.0781    140.2037     55.7631   -131.5879
  2000     24.9351     48.3941     96.7093    145.0234     57.0099   -136.4077
  2100     24.9359     50.8876     97.9260    154.7556     59.5034   -146.1398
  2200     24.9366     53.3812     99.0860    164.6066     61.9970   -155.9908
  2300     24.9372     55.8749    100.1944    174.5709     64.4907   -165.9551
  2400     24.9377     58.3686    101.2558    184.6438     66.9844   -176.0280
  2500     24.9382     60.8624    102.2738    194.8206     69.4782   -186.2048
  2600     24.9386     63.3563    103.2519    205.0970     71.9720   -196.4813
  2700     24.9390     65.8501    104.1931    215.4696     74.4659   -206.8538
  2800     24.9393     68.3440    105.1001    225.9345     76.9598   -217.3187
  2900     24.9396     70.8380    105.9753    236.4884     79.4537   -227.8726
  3000     24.9399     73.3319    106.8208    247.1284     81.9477   -238.5127

Job completed on Mon 29 August 2016 at 18:42:34 æ±äº¬ (æ¨™æº–æ™‚) after 142 s (0:02:22)
