Startup is 'sourced'
Opening the database
Phonon calculation for Untitled_1

Phonon parameters
=================
The calculation explores the full Brillouin zone and accounts for an interaction range of about 10.0 Angstroem.
The asymmetric atoms are displaced by +/-0.02 Angstroem.

In a first step, need to run an optimization of atom positions for the supercell containing 32 atoms.
Then, need to run a total number of 2 single point energy calculations on supercells with displaced atoms containing 32 atoms.

      Supercell transformation matrix              Supercell lattice vectors
       2.00000    0.00000    0.00000             8.25520    0.00000    0.00000
       0.00000    2.00000    0.00000             0.00000    8.25520    0.00000
       0.00000    0.00000    2.00000             0.00000    0.00000    8.25520

     Supercell           Site        Displaced atom     Displacement (fractional units)
   ---------------    ----------     --------------     -------------------------------
  undisplaced           ----            ----             0.00000    0.00000    0.00000
  displaced_Au__a       Au              Au               0.00242    0.00000    0.00000
  displaced_Au__b       Au              Au              -0.00242    0.00000    0.00000

Invariance conditions are not enforced.
No approximation to LO/TO splitting
Properties: Phonon dispersion and form factors 
            Phonon density of states 
            Thermodynamic functions
==========================================


VASP parameters
===============
Since no magnetic moments are in the model, this is a non-magnetic calculation using 'accurate' precision
and a user-defined planewave cutoff energy of 600.000 eV.

The electronic iterations convergence is 1.00E-005 eV using the Normal (blocked Davidson) algorithm
and reciprocal space projection operators.

The requested k-spacing is 0.3 per Angstrom, which leads to a 3x3x3 mesh.
This corresponds to actual k-spacings of 0.254 x 0.254 x 0.254 per Angstrom.

Using first order Methfessel-Paxton smearing with a width of 0.2 eV.

Other non-default parameters:
	Extrafine augmentation grid for accurate forces is TRUE
	Wave functions is TRUE
==========================================

------------------------------------------------------------------------

Using GGA-PBE / PAW potentials:
	Au

Results for initial structural minimization of the supercell without displacements:
--------------------------------------------------------------------------------------

There are 4 symmetry-unique k-points
The plane wave cutoff is 600.00 eV

   VASP energy:            -104.256617 eV for Au32

   Initial VASP energy:    -104.256620 eV for Au32
   Relaxation energy:         0.000003 eV gained after 1 optimization steps.

Electronic contributions:
                          Empirical Formula          Cell
                                    Au          (Au)32
                          --------------- ---------------
              VASP Energy        -314.351      -10059.232 kJ/mol
      Energy of formation           1.321          42.264
                  PV term          53.836        1722.764

   This is the electronic part of the formation energy with respect to the
   elements in their standard state. It is obtained from the total energy (above)
   and tabulated VASP energies for the elements in their standard state.
   See the documentation for more details.

   Details for Au:
                                             VASP energy (Etot):     -314.35 kJ/mol
       Standard state energy of 1.00 atoms of Au  1.00 * -315.67:  -  -315.67
                                                                   ----------
                                        Energy of formation (Ef):        1.32 kJ/mol


Cell parameters:
 Parameter    Value    
---------- ------------
         a     8.255201
         b     8.255201
         c     8.255201
     alpha    89.999999
      beta    89.999999
     gamma    89.999999

    Volume    70.322278 Ang^3

        Density:    18.604 Mg/m^3

   The pressure given below is exerted by the system according to its volume.
   Positive pressure would cause expansion during full geometry optimization.
       Pressure:     5.085 GPa
               =    50.850 kbar

                      XX        YY        ZZ        XY        YZ        ZX
         Stress:    -5.085    -5.085    -5.085     0.000     0.000     0.000 GPa
               =   -50.850   -50.850   -50.850     0.000     0.000     0.000 kbar
   The stress tensor above is imposed on the system, i.e. negative values of diagonal components 
   would cause expansion of the corresponding lattice parameter upon full geometry optimization.
   The pressure and stress include only electronic terms, i.e. the vibrational,
   temperature and other terms are not included here.

Fractional Coordinates:
	Atom          Initial Coordinates             Final Coordinates
	-----      -------- -------- --------      -------- -------- --------
	Au           0.7500   0.7500   0.5000        0.7500   0.7500   0.5000
	Au           0.7500   0.7500   0.0000        0.7500   0.7500   0.0000
	Au           0.7500   0.0000   0.2500        0.7500   0.0000   0.2500
	Au           0.7500   0.2500   0.5000        0.7500   0.2500   0.5000
	Au           0.0000   0.7500   0.2500        0.0000   0.7500   0.2500
	Au           0.0000   0.0000   0.5000        0.0000   0.0000   0.5000
	Au           0.2500   0.7500   0.5000        0.2500   0.7500   0.5000
	Au           0.7500   0.0000   0.7500        0.7500   0.0000   0.7500
	Au           0.7500   0.2500   0.0000        0.7500   0.2500   0.0000
	Au           0.7500   0.5000   0.2500        0.7500   0.5000   0.2500
	Au           0.0000   0.7500   0.7500        0.0000   0.7500   0.7500
	Au           0.0000   0.0000   0.0000        0.0000   0.0000   0.0000
	Au           0.0000   0.2500   0.2500        0.0000   0.2500   0.2500
	Au           0.0000   0.5000   0.5000        0.0000   0.5000   0.5000
	Au           0.2500   0.7500   0.0000        0.2500   0.7500   0.0000
	Au           0.2500   0.0000   0.2500        0.2500   0.0000   0.2500
	Au           0.2500   0.2500   0.5000        0.2500   0.2500   0.5000
	Au           0.5000   0.7500   0.2500        0.5000   0.7500   0.2500
	Au           0.5000   0.0000   0.5000        0.5000   0.0000   0.5000
	Au           0.7500   0.5000   0.7500        0.7500   0.5000   0.7500
	Au           0.0000   0.2500   0.7500        0.0000   0.2500   0.7500
	Au           0.0000   0.5000   0.0000        0.0000   0.5000   0.0000
	Au           0.2500   0.0000   0.7500        0.2500   0.0000   0.7500
	Au           0.2500   0.2500   0.0000        0.2500   0.2500   0.0000
	Au           0.2500   0.5000   0.2500        0.2500   0.5000   0.2500
	Au           0.5000   0.7500   0.7500        0.5000   0.7500   0.7500
	Au           0.5000   0.0000   0.0000        0.5000   0.0000   0.0000
	Au           0.5000   0.2500   0.2500        0.5000   0.2500   0.2500
	Au           0.5000   0.5000   0.5000        0.5000   0.5000   0.5000
	Au           0.2500   0.5000   0.7500        0.2500   0.5000   0.7500
	Au           0.5000   0.2500   0.7500        0.5000   0.2500   0.7500
	Au           0.5000   0.5000   0.0000        0.5000   0.5000   0.0000

Results for supercell calculations:
------------------------------------------------------------------------
	        Supercell         Energy (eV)
	      -------------      -------------
	        undisplaced      -104.25662
	     displaced_Au__a     -104.25532
	     displaced_Au__b     -104.25532


Symmetry analysis of Gamma point phonon frequencies:
----------------------------------------------------
   Crystal  Point  Group: O_h   (m3m) 
   Supercell Point Group: O_h   (m3m) 
    Table of irreducible representations of point group:
 ------------------------------------------
    IR     1  5  7  9 11  6  8 10 12 13 16 17 18 21 23 14 15 19 20 22 24  2  3  4 25 38 39 43 44 46 48 29 30 31 32 33 34 35 36 26 27 28 37 40 41 42 45 47
 ------------------------------------------
 A1g(R)    1  1  1  1  1  1  1  1  1  1  1  1  1  1  1  1  1  1  1  1  1  1  1  1  1  1  1  1  1  1  1  1  1  1  1  1  1  1  1  1  1  1  1  1  1  1  1  1   x^2+y^2+z^2                         
 A2g       1  1  1  1  1  1  1  1  1 -1 -1 -1 -1 -1 -1 -1 -1 -1 -1 -1 -1  1  1  1  1 -1 -1 -1 -1 -1 -1  1  1  1  1  1  1  1  1  1  1  1 -1 -1 -1 -1 -1 -1                                       
 Eg(R)     2 -1 -1 -1 -1 -1 -1 -1 -1  0  0  0  0  0  0  0  0  0  0  0  0  2  2  2  2  0  0  0  0  0  0 -1 -1 -1 -1 -1 -1 -1 -1  2  2  2  0  0  0  0  0  0   (2z^2-x^2-y^2, x^2-y^2)             
 T1g       3  0  0  0  0  0  0  0  0 -1 -1 -1 -1 -1 -1  1  1  1  1  1  1 -1 -1 -1  3  1  1  1  1  1  1  0  0  0  0  0  0  0  0 -1 -1 -1 -1 -1 -1 -1 -1 -1                                       
 T2g(R)    3  0  0  0  0  0  0  0  0  1  1  1  1  1  1 -1 -1 -1 -1 -1 -1 -1 -1 -1  3 -1 -1 -1 -1 -1 -1  0  0  0  0  0  0  0  0 -1 -1 -1  1  1  1  1  1  1   (xy,xz,yz)                          
 A1u       1  1  1  1  1  1  1  1  1  1  1  1  1  1  1  1  1  1  1  1  1  1  1  1 -1 -1 -1 -1 -1 -1 -1 -1 -1 -1 -1 -1 -1 -1 -1 -1 -1 -1 -1 -1 -1 -1 -1 -1                                       
 A2u       1  1  1  1  1  1  1  1  1 -1 -1 -1 -1 -1 -1 -1 -1 -1 -1 -1 -1  1  1  1 -1  1  1  1  1  1  1 -1 -1 -1 -1 -1 -1 -1 -1 -1 -1 -1  1  1  1  1  1  1                                       
 Eu        2 -1 -1 -1 -1 -1 -1 -1 -1  0  0  0  0  0  0  0  0  0  0  0  0  2  2  2 -2  0  0  0  0  0  0  1  1  1  1  1  1  1  1 -2 -2 -2  0  0  0  0  0  0                                       
 T1u(I)    3  0  0  0  0  0  0  0  0 -1 -1 -1 -1 -1 -1  1  1  1  1  1  1 -1 -1 -1 -3 -1 -1 -1 -1 -1 -1  0  0  0  0  0  0  0  0  1  1  1  1  1  1  1  1  1   (x,y,z)                             
 T2u       3  0  0  0  0  0  0  0  0  1  1  1  1  1  1 -1 -1 -1 -1 -1 -1 -1 -1 -1 -3  1  1  1  1  1  1  0  0  0  0  0  0  0  0  1  1  1 -1 -1 -1 -1 -1 -1                                       
 ------------------------------------------
    Wave vector= 0.0000  0.0000  0.0000    no macro. electric field
 Multi. Omega   Irreducible Representations
  3     0.012     T1u(I)                                                                                                     
Notation: (R)  Raman active mode
          (I)  Infrared active mode
          (RI) Raman and Infrared active mode

Thermodynamic Properties
   for empirical formula Au

The following thermodynamic functions are obtained from the phonon
density of states within the harmonic approximation. The results are
meaningful only below the melting point, which lies well below 3000 K
for most materials.
Definitions:
      Cv            : vibrational heat capacity at constant volume
E_vib(T)=E(T)-E(0)  : the change in vibrational internal energy from 0 K, where
                        E(0) = E_elec + ZPE is the electronic energy of formation E_elec plus the zero point energy ZPE
      S(T)          : the vibrational entropy at temperature T
   -(A(T)-E(0))     : the change in the vibrational Helmholtz free energy from 0 K
      E(T)          : the electronic energy of formation plus the vibrational internal energy, so this term is
                        E_elec + ZPE + E_vib(T)
      A(T)          : the electronic plus vibrational Helmholtz free energy,
                        E(T) - T.S(T)
Note that the electronic energy, which is part of the enthalpy and free energies,
 is referenced to the elements in their standard state.

Electronic energy =     1.32 kJ/mol (referenced to elements in the standard state)
          PV term =    53.84 kJ/mol
Zero-point energy =     1.61 kJ/mol

    T       Cv       E(T)-E(0)      S(T)   -(A(T)-E(0))     E(T)        A(T)
    K     J/K/mol      kJ/mol     J/K/mol     kJ/mol       kJ/mol      kJ/mol
  ----- ----------- ----------- ----------- ----------- ----------- -----------
     0      0.0000      0.0000      0.0000      0.0000      2.9336      2.9336
     1      0.0002      0.0000      0.0000      0.0000      2.9336      2.9336
     2      0.0051      0.0000      0.0013      0.0000      2.9336      2.9336
     3      0.0165      0.0000      0.0053      0.0000      2.9336      2.9336
     4      0.0351      0.0000      0.0124      0.0000      2.9336      2.9335
     5      0.0628      0.0001      0.0230      0.0000      2.9336      2.9335
    10      0.4752      0.0012      0.1592      0.0004      2.9347      2.9331
    15      1.6754      0.0062      0.5500      0.0021      2.9398      2.9315
    20      3.5623      0.0191      1.2787      0.0065      2.9526      2.9271
    30      7.9351      0.0765      3.5479      0.0299      3.0101      2.9037
    40     11.8242      0.1760      6.3832      0.0793      3.1096      2.8543
    50     14.8316      0.3100      9.3610      0.1580      3.2436      2.7755
    60     17.0539      0.4700     12.2720      0.2663      3.4036      2.6673
    70     18.6840      0.6491     15.0297      0.4029      3.5827      2.5306
    80     19.8904      0.8423     17.6073      0.5663      3.7759      2.3673
    90     20.7969      1.0459     20.0048      0.7545      3.9795      2.1791
   100     21.4898      1.2575     22.2335      0.9658      4.1911      1.9678
   125     22.6332      1.8104     27.1639      1.5850      4.7440      1.3485
   150     23.2989      2.3853     31.3543      2.3178      5.3188      0.6157
   175     23.7167      2.9733     34.9795      3.1480      5.9069     -0.2145
   200     23.9949      3.5700     38.1658      4.0632      6.5035     -1.1296
   225     24.1888      4.1724     41.0038      5.0534      7.1059     -2.1199
   250     24.3292      4.7790     43.5600      6.1110      7.7125     -3.1774
   273     24.4266      5.3397     45.7056      7.1379      8.2732     -4.2043
   275     24.4340      5.3885     45.8840      7.2295      8.3221     -4.2959
   298     24.5085      5.9514     47.8496      8.3077      8.8850     -5.3741
   300     24.5142      6.0004     48.0136      8.4036      8.9340     -5.4700
   350     24.6269      7.2292     51.8016     10.9013     10.1627     -7.9677
   400     24.7006      8.4625     55.0952     13.5755     11.3960    -10.6419
   450     24.7513      9.6988     58.0076     16.4044     12.6324    -13.4709
   500     24.7876     10.9373     60.6174     19.3712     13.8709    -16.4376
   550     24.8146     12.1774     62.9812     22.4620     15.1110    -19.5285
   600     24.8352     13.4187     65.1413     25.6659     16.3522    -22.7323
   650     24.8512     14.6609     67.1298     28.9733     17.5944    -26.0397
   700     24.8639     15.9037     68.9720     32.3764     18.8373    -29.4428
   750     24.8742     17.1472     70.6878     35.8683     20.0807    -32.9348
   800     24.8826     18.3911     72.2934     39.4433     21.3247    -36.5097
   850     24.8895     19.6354     73.8021     43.0960     22.5690    -40.1625
   900     24.8954     20.8800     75.2249     46.8220     23.8136    -43.8884
   950     24.9003     22.1249     76.5711     50.6172     25.0585    -47.6836
  1000     24.9046     23.3700     77.8484     54.4779     26.3036    -51.5444
  1050     24.9082     24.6153     79.0636     58.4009     27.5489    -55.4674
  1100     24.9114     25.8608     80.2224     62.3833     28.7944    -59.4497
  1150     24.9141     27.1065     81.3298     66.4223     30.0400    -63.4887
  1200     24.9165     28.3522     82.3902     70.5154     31.2858    -67.5819
  1250     24.9187     29.5981     83.4074     74.6605     32.5317    -71.7270
  1300     24.9206     30.8441     84.3848     78.8555     33.7776    -75.9219
  1350     24.9222     32.0901     85.3254     83.0983     35.0237    -80.1648
  1400     24.9237     33.3363     86.2317     87.3874     36.2698    -84.4538
  1450     24.9251     34.5825     87.1063     91.7209     37.5160    -88.7874
  1500     24.9263     35.8288     87.9514     96.0974     38.7623    -93.1639
  1550     24.9274     37.0751     88.7687    100.5155     40.0087    -97.5820
  1600     24.9284     38.3215     89.5602    104.9738     41.2551   -102.0403
  1650     24.9294     39.5679     90.3273    109.4711     42.5015   -106.5376
  1700     24.9302     40.8144     91.0715    114.0061     43.7480   -111.0726
  1750     24.9310     42.0609     91.7941    118.5778     44.9945   -115.6442
  1800     24.9316     43.3075     92.4965    123.1852     46.2410   -120.2516
  1850     24.9323     44.5541     93.1796    127.8271     47.4876   -124.8935
  1900     24.9329     45.8007     93.8445    132.5027     48.7343   -129.5692
  1950     24.9334     47.0474     94.4922    137.2112     49.9809   -134.2777
  2000     24.9339     48.2941     95.1234    141.9516     51.2276   -139.0181
  2100     24.9349     50.7875     96.3400    151.5252     53.7210   -148.5917
  2200     24.9357     53.2810     97.5000    161.2176     56.2145   -158.2841
  2300     24.9363     55.7746     98.6084    171.0233     58.7081   -168.0898
  2400     24.9369     58.2682     99.6697    180.9376     61.2018   -178.0040
  2500     24.9375     60.7619    100.6877    190.9558     63.6955   -188.0222
  2600     24.9380     63.2557    101.6658    201.0737     66.1892   -198.1401
  2700     24.9384     65.7495    102.6069    211.2875     68.6830   -208.3540
  2800     24.9388     68.2433    103.5139    221.5938     71.1769   -218.6602
  2900     24.9391     70.7372    104.3890    231.9891     73.6708   -229.0556
  3000     24.9394     73.2311    105.2345    242.4705     76.1647   -239.5370

Job completed on Fri 06 January 2017 at 18:59:26 æ±äº¬ (æ¨™æº–æ™‚) after 3139 s (0:52:19)
