Startup is 'sourced'
Opening the database
Phonon calculation for Untitled_5

Phonon parameters
=================
The calculation explores the full Brillouin zone and accounts for an interaction range of about 10.0 Angstroem.
The asymmetric atoms are displaced by +/-0.02 Angstroem.

In a first step, need to run an optimization of atom positions for the supercell containing 32 atoms.
Then, need to run a total number of 2 single point energy calculations on supercells with displaced atoms containing 32 atoms.

      Supercell transformation matrix              Supercell lattice vectors
       2.00000    0.00000    0.00000             8.25519    0.00000    0.00000
       0.00000    2.00000    0.00000             0.00000    8.25519    0.00000
       0.00000    0.00000    2.00000             0.00000    0.00000    8.25519

     Supercell           Site        Displaced atom     Displacement (fractional units)
   ---------------    ----------     --------------     -------------------------------
  undisplaced           ----            ----             0.00000    0.00000    0.00000
  displaced_Au__a       Au              Au               0.00242    0.00000    0.00000
  displaced_Au__b       Au              Au              -0.00242    0.00000    0.00000

Invariance conditions are not enforced.
No approximation to LO/TO splitting
Properties: Phonon dispersion and form factors 
            Phonon density of states 
            Thermodynamic functions
==========================================


VASP parameters
===============
Since no magnetic moments are in the model, this is a non-magnetic calculation using 'normal' precision
and a default planewave cutoff energy of 229.948 eV.

The electronic iterations convergence is 1.00E-005 eV using the Normal (blocked Davidson) algorithm
and reciprocal space projection operators.

The requested k-spacing is 0.5 per Angstrom, which leads to a 6x6x6 mesh.
This corresponds to actual k-spacings of 0.439 x 0.439 x 0.439 per Angstrom.

Using first order Methfessel-Paxton smearing with a width of 0.2 eV.

Other non-default parameters:
	Wave functions is TRUE
==========================================

------------------------------------------------------------------------

Using GGA-PBE / PAW potentials:
	Au

Results for initial structural minimization of the supercell without displacements:
--------------------------------------------------------------------------------------

There are 1 symmetry-unique k-points
The plane wave cutoff is 229.95 eV

   VASP energy:            -102.338058 eV for Au32

   Initial VASP energy:    -102.338060 eV for Au32
   Relaxation energy:         0.000002 eV gained after 1 optimization steps.

Electronic contributions:
                          Empirical Formula          Cell
                                    Au          (Au)32
                          --------------- ---------------
              VASP Energy        -308.566       -9874.119 kJ/mol
      Energy of formation           7.106         227.377
                  PV term          33.932        1085.833

   This is the electronic part of the formation energy with respect to the
   elements in their standard state. It is obtained from the total energy (above)
   and tabulated VASP energies for the elements in their standard state.
   See the documentation for more details.

   Details for Au:
                                             VASP energy (Etot):     -308.57 kJ/mol
       Standard state energy of 1.00 atoms of Au  1.00 * -315.67:  -  -315.67
                                                                   ----------
                                        Energy of formation (Ef):        7.11 kJ/mol


Cell parameters:
 Parameter    Value    
---------- ------------
         a     8.255194
         b     8.255194
         c     8.255194
     alpha    89.999999
      beta    89.999999
     gamma    89.999999

    Volume    70.322117 Ang^3

        Density:    18.604 Mg/m^3

   The pressure given below is exerted by the system according to its volume.
   Positive pressure would cause expansion during full geometry optimization.
       Pressure:     3.205 GPa
               =    32.050 kbar

                      XX        YY        ZZ        XY        YZ        ZX
         Stress:    -3.205    -3.205    -3.205     0.000     0.000     0.000 GPa
               =   -32.050   -32.050   -32.050     0.000     0.000     0.000 kbar
   The stress tensor above is imposed on the system, i.e. negative values of diagonal components 
   would cause expansion of the corresponding lattice parameter upon full geometry optimization.
   The pressure and stress include only electronic terms, i.e. the vibrational,
   temperature and other terms are not included here.

Fractional Coordinates:
	Atom          Initial Coordinates             Final Coordinates
	-----      -------- -------- --------      -------- -------- --------
	Au           0.7500   0.7500   0.5000        0.7500   0.7500   0.5000
	Au           0.7500   0.7500   0.0000        0.7500   0.7500   0.0000
	Au           0.7500   0.0000   0.2500        0.7500   0.0000   0.2500
	Au           0.7500   0.2500   0.5000        0.7500   0.2500   0.5000
	Au           0.0000   0.7500   0.2500        0.0000   0.7500   0.2500
	Au           0.0000   0.0000   0.5000        0.0000   0.0000   0.5000
	Au           0.2500   0.7500   0.5000        0.2500   0.7500   0.5000
	Au           0.7500   0.0000   0.7500        0.7500   0.0000   0.7500
	Au           0.7500   0.2500   0.0000        0.7500   0.2500   0.0000
	Au           0.7500   0.5000   0.2500        0.7500   0.5000   0.2500
	Au           0.0000   0.7500   0.7500        0.0000   0.7500   0.7500
	Au           0.0000   0.0000   0.0000        0.0000   0.0000   0.0000
	Au           0.0000   0.2500   0.2500        0.0000   0.2500   0.2500
	Au           0.0000   0.5000   0.5000        0.0000   0.5000   0.5000
	Au           0.2500   0.7500   0.0000        0.2500   0.7500   0.0000
	Au           0.2500   0.0000   0.2500        0.2500   0.0000   0.2500
	Au           0.2500   0.2500   0.5000        0.2500   0.2500   0.5000
	Au           0.5000   0.7500   0.2500        0.5000   0.7500   0.2500
	Au           0.5000   0.0000   0.5000        0.5000   0.0000   0.5000
	Au           0.7500   0.5000   0.7500        0.7500   0.5000   0.7500
	Au           0.0000   0.2500   0.7500        0.0000   0.2500   0.7500
	Au           0.0000   0.5000   0.0000        0.0000   0.5000   0.0000
	Au           0.2500   0.0000   0.7500        0.2500   0.0000   0.7500
	Au           0.2500   0.2500   0.0000        0.2500   0.2500   0.0000
	Au           0.2500   0.5000   0.2500        0.2500   0.5000   0.2500
	Au           0.5000   0.7500   0.7500        0.5000   0.7500   0.7500
	Au           0.5000   0.0000   0.0000        0.5000   0.0000   0.0000
	Au           0.5000   0.2500   0.2500        0.5000   0.2500   0.2500
	Au           0.5000   0.5000   0.5000        0.5000   0.5000   0.5000
	Au           0.2500   0.5000   0.7500        0.2500   0.5000   0.7500
	Au           0.5000   0.2500   0.7500        0.5000   0.2500   0.7500
	Au           0.5000   0.5000   0.0000        0.5000   0.5000   0.0000

Results for supercell calculations:
------------------------------------------------------------------------
	        Supercell         Energy (eV)
	      -------------      -------------
	        undisplaced      -102.33806
	     displaced_Au__a     -102.33689
	     displaced_Au__b     -102.33689


Symmetry analysis of Gamma point phonon frequencies:
----------------------------------------------------
   Crystal  Point  Group: O_h   (m3m) 
   Supercell Point Group: O_h   (m3m) 
    Table of irreducible representations of point group:
 ------------------------------------------
    IR     1  5  7  9 11  6  8 10 12 13 16 17 18 21 23 14 15 19 20 22 24  2  3  4 25 38 39 43 44 46 48 29 30 31 32 33 34 35 36 26 27 28 37 40 41 42 45 47
 ------------------------------------------
 A1g(R)    1  1  1  1  1  1  1  1  1  1  1  1  1  1  1  1  1  1  1  1  1  1  1  1  1  1  1  1  1  1  1  1  1  1  1  1  1  1  1  1  1  1  1  1  1  1  1  1   x^2+y^2+z^2                         
 A2g       1  1  1  1  1  1  1  1  1 -1 -1 -1 -1 -1 -1 -1 -1 -1 -1 -1 -1  1  1  1  1 -1 -1 -1 -1 -1 -1  1  1  1  1  1  1  1  1  1  1  1 -1 -1 -1 -1 -1 -1                                       
 Eg(R)     2 -1 -1 -1 -1 -1 -1 -1 -1  0  0  0  0  0  0  0  0  0  0  0  0  2  2  2  2  0  0  0  0  0  0 -1 -1 -1 -1 -1 -1 -1 -1  2  2  2  0  0  0  0  0  0   (2z^2-x^2-y^2, x^2-y^2)             
 T1g       3  0  0  0  0  0  0  0  0 -1 -1 -1 -1 -1 -1  1  1  1  1  1  1 -1 -1 -1  3  1  1  1  1  1  1  0  0  0  0  0  0  0  0 -1 -1 -1 -1 -1 -1 -1 -1 -1                                       
 T2g(R)    3  0  0  0  0  0  0  0  0  1  1  1  1  1  1 -1 -1 -1 -1 -1 -1 -1 -1 -1  3 -1 -1 -1 -1 -1 -1  0  0  0  0  0  0  0  0 -1 -1 -1  1  1  1  1  1  1   (xy,xz,yz)                          
 A1u       1  1  1  1  1  1  1  1  1  1  1  1  1  1  1  1  1  1  1  1  1  1  1  1 -1 -1 -1 -1 -1 -1 -1 -1 -1 -1 -1 -1 -1 -1 -1 -1 -1 -1 -1 -1 -1 -1 -1 -1                                       
 A2u       1  1  1  1  1  1  1  1  1 -1 -1 -1 -1 -1 -1 -1 -1 -1 -1 -1 -1  1  1  1 -1  1  1  1  1  1  1 -1 -1 -1 -1 -1 -1 -1 -1 -1 -1 -1  1  1  1  1  1  1                                       
 Eu        2 -1 -1 -1 -1 -1 -1 -1 -1  0  0  0  0  0  0  0  0  0  0  0  0  2  2  2 -2  0  0  0  0  0  0  1  1  1  1  1  1  1  1 -2 -2 -2  0  0  0  0  0  0                                       
 T1u(I)    3  0  0  0  0  0  0  0  0 -1 -1 -1 -1 -1 -1  1  1  1  1  1  1 -1 -1 -1 -3 -1 -1 -1 -1 -1 -1  0  0  0  0  0  0  0  0  1  1  1  1  1  1  1  1  1   (x,y,z)                             
 T2u       3  0  0  0  0  0  0  0  0  1  1  1  1  1  1 -1 -1 -1 -1 -1 -1 -1 -1 -1 -3  1  1  1  1  1  1  0  0  0  0  0  0  0  0  1  1  1 -1 -1 -1 -1 -1 -1                                       
 ------------------------------------------
    Wave vector= 0.0000  0.0000  0.0000    no macro. electric field
 Multi. Omega   Irreducible Representations
  3     0.000     T1u(I)                                                                                                     
Notation: (R)  Raman active mode
          (I)  Infrared active mode
          (RI) Raman and Infrared active mode

Thermodynamic Properties
   for empirical formula Au

The following thermodynamic functions are obtained from the phonon
density of states within the harmonic approximation. The results are
meaningful only below the melting point, which lies well below 3000 K
for most materials.
Definitions:
      Cv            : vibrational heat capacity at constant volume
E_vib(T)=E(T)-E(0)  : the change in vibrational internal energy from 0 K, where
                        E(0) = E_elec + ZPE is the electronic energy of formation E_elec plus the zero point energy ZPE
      S(T)          : the vibrational entropy at temperature T
   -(A(T)-E(0))     : the change in the vibrational Helmholtz free energy from 0 K
      E(T)          : the electronic energy of formation plus the vibrational internal energy, so this term is
                        E_elec + ZPE + E_vib(T)
      A(T)          : the electronic plus vibrational Helmholtz free energy,
                        E(T) - T.S(T)
Note that the electronic energy, which is part of the enthalpy and free energies,
 is referenced to the elements in their standard state.

Electronic energy =     7.11 kJ/mol (referenced to elements in the standard state)
          PV term =    33.93 kJ/mol
Zero-point energy =     1.51 kJ/mol

    T       Cv       E(T)-E(0)      S(T)   -(A(T)-E(0))     E(T)        A(T)
    K     J/K/mol      kJ/mol     J/K/mol     kJ/mol       kJ/mol      kJ/mol
  ----- ----------- ----------- ----------- ----------- ----------- -----------
     0      0.0000      0.0000      0.0000      0.0000      8.6158      8.6158
     1      0.0002      0.0000      0.0000      0.0000      8.6158      8.6158
     2      0.0050      0.0000      0.0012      0.0000      8.6158      8.6158
     3      0.0161      0.0000      0.0051      0.0000      8.6158      8.6158
     4      0.0335      0.0000      0.0120      0.0000      8.6159      8.6158
     5      0.0587      0.0001      0.0220      0.0000      8.6159      8.6158
    10      0.4947      0.0012      0.1552      0.0004      8.6170      8.6154
    15      1.9280      0.0068      0.5913      0.0021      8.6226      8.6137
    20      4.1235      0.0217      1.4357      0.0070      8.6375      8.6088
    30      8.8533      0.0869      4.0137      0.0335      8.7027      8.5823
    40     12.7825      0.1960      7.1237      0.0890      8.8118      8.5268
    50     15.6978      0.3391     10.3067      0.1762      8.9549      8.4396
    60     17.7965      0.5072     13.3648      0.2947      9.1230      8.3211
    70     19.3097      0.6931     16.2280      0.4428      9.3089      8.1730
    80     20.4164      0.8920     18.8824      0.6186      9.5078      7.9973
    90     21.2411      1.1005     21.3371      0.8198      9.7163      7.7960
   100     21.8674      1.3162     23.6089      1.0447      9.9320      7.5711
   125     22.8941      1.8770     28.6100      1.6993     10.4928      6.9165
   150     23.4880      2.4574     32.8411      2.4688     11.0732      6.1470
   175     23.8593      3.0495     36.4917      3.3365     11.6653      5.2793
   200     24.1058      3.6493     39.6949      4.2896     12.2651      4.3262
   225     24.2775      4.2542     42.5446      5.3183     12.8700      3.2975
   250     24.4016      4.8628     45.1092      6.4145     13.4786      2.2013
   273     24.4876      5.4250     47.2607      7.4771     14.0408      1.1387
   275     24.4941      5.4740     47.4395      7.5718     14.0898      1.0440
   298     24.5599      6.0382     49.4096      8.6858     14.6540     -0.0700
   300     24.5649      6.0873     49.5739      8.7848     14.7031     -0.1690
   350     24.6644      7.3182     53.3687     11.3607     15.9340     -2.7449
   400     24.7293      8.5531     56.6667     14.1134     17.1689     -5.4976
   450     24.7740      9.7908     59.5821     17.0210     18.4066     -8.4052
   500     24.8060     11.0303     62.1940     20.0665     19.6461    -11.4507
   550     24.8298     12.2712     64.5595     23.2363     20.8870    -14.6205
   600     24.8479     13.5132     66.7208     26.5190     22.1290    -17.9032
   650     24.8620     14.7559     68.7102     29.9055     23.3717    -21.2896
   700     24.8731     15.9993     70.5531     33.3876     24.6151    -24.7718
   750     24.8822     17.2432     72.2695     36.9586     25.8590    -28.3428
   800     24.8896     18.4875     73.8756     40.6127     27.1033    -31.9968
   850     24.8957     19.7321     75.3847     44.3445     28.3479    -35.7287
   900     24.9009     20.9770     76.8079     48.1496     29.5928    -39.5338
   950     24.9052     22.2222     78.1543     52.0240     30.8380    -43.4082
  1000     24.9090     23.4675     79.4319     55.9639     32.0833    -47.3481
  1050     24.9121     24.7130     80.6473     59.9661     33.3289    -51.3503
  1100     24.9149     25.9587     81.8063     64.0276     34.5745    -55.4118
  1150     24.9174     27.2045     82.9138     68.1458     35.8203    -59.5300
  1200     24.9195     28.4504     83.9743     72.3182     37.0662    -63.7024
  1250     24.9214     29.6964     84.9917     76.5425     38.3123    -67.9266
  1300     24.9230     30.9425     85.9691     80.8166     39.5584    -72.2008
  1350     24.9245     32.1887     86.9098     85.1387     40.8045    -76.5229
  1400     24.9258     33.4350     87.8162     89.5069     42.0508    -80.8911
  1450     24.9270     34.6813     88.6909     93.9197     43.2971    -85.3039
  1500     24.9281     35.9277     89.5360     98.3756     44.5435    -89.7597
  1550     24.9291     37.1741     90.3534    102.8728     45.7899    -94.2570
  1600     24.9300     38.4205     91.1448    107.4103     47.0364    -98.7945
  1650     24.9308     39.6671     91.9120    111.9868     48.2829   -103.3710
  1700     24.9315     40.9136     92.6563    116.6011     49.5294   -107.9853
  1750     24.9322     42.1602     93.3790    121.2520     50.7760   -112.6362
  1800     24.9328     43.4068     94.0814    125.9386     52.0226   -117.3228
  1850     24.9334     44.6535     94.7646    130.6598     53.2693   -122.0440
  1900     24.9339     45.9001     95.4295    135.4147     54.5160   -126.7989
  1950     24.9344     47.1468     96.0772    140.2024     55.7626   -131.5866
  2000     24.9348     48.3935     96.7084    145.0220     57.0094   -136.4062
  2100     24.9356     50.8871     97.9250    154.7542     59.5029   -146.1384
  2200     24.9363     53.3806     99.0850    164.6051     61.9965   -155.9893
  2300     24.9369     55.8743    100.1935    174.5693     64.4901   -165.9535
  2400     24.9374     58.3680    101.2548    184.6421     66.9838   -176.0263
  2500     24.9379     60.8617    102.2728    194.8188     69.4776   -186.2030
  2600     24.9383     63.3555    103.2509    205.0953     71.9713   -196.4794
  2700     24.9387     65.8494    104.1921    215.4676     74.4652   -206.8518
  2800     24.9390     68.3432    105.0991    225.9323     76.9591   -217.3165
  2900     24.9393     70.8372    105.9743    236.4862     79.4530   -227.8704
  3000     24.9396     73.3311    106.8197    247.1261     81.9469   -238.5103

Job completed on Mon 23 May 2016 at 14:56:04 æ±äº¬ (æ¨™æº–æ™‚) after 69 s (0:01:09)
