Startup is 'sourced'
Opening the database
Phonon calculation for Untitled_4

Phonon parameters
=================
The calculation explores the full Brillouin zone and accounts for an interaction range of about 10.0 Angstroem.
The asymmetric atoms are displaced by +/-0.02 Angstroem.

In a first step, need to run an optimization of atom positions for the supercell containing 108 atoms.
Then, need to run a total number of 2 single point energy calculations on supercells with displaced atoms containing 108 atoms.

      Supercell transformation matrix              Supercell lattice vectors
       3.00000    0.00000    0.00000            11.56374    0.00000    0.00000
       0.00000    3.00000    0.00000             0.00000   11.56374    0.00000
       0.00000    0.00000    3.00000             0.00000    0.00000   11.56374

     Supercell           Site        Displaced atom     Displacement (fractional units)
   ---------------    ----------     --------------     -------------------------------
  undisplaced           ----            ----             0.00000    0.00000    0.00000
  displaced_Cu__a       Cu              Cu               0.00173    0.00000    0.00000
  displaced_Cu__b       Cu              Cu              -0.00173    0.00000    0.00000

Invariance conditions are not enforced.
No approximation to LO/TO splitting
Properties: Phonon dispersion and form factors 
            Phonon density of states 
            Thermodynamic functions
==========================================


VASP parameters
===============
Since no magnetic moments are in the model, this is a non-magnetic calculation using 'accurate' precision
and a user-defined planewave cutoff energy of 500.000 eV.

The electronic iterations convergence is 1.00E-005 eV using the Very Fast (RMM-DIIS) algorithm
and reciprocal space projection operators.

The requested k-spacing is 0.1 per Angstrom, which leads to a 29x29x29 mesh.
This corresponds to actual k-spacings of 0.097 x 0.097 x 0.097 per Angstrom.

Using first order Methfessel-Paxton smearing with a width of 0.2 eV.

Other non-default parameters:
	Extrafine augmentation grid for accurate forces is TRUE
	Algorithm is Very Fast (RMM-DIIS)
	Wave functions is TRUE
==========================================

------------------------------------------------------------------------

Results for initial structural minimization of the supercell without displacements:
--------------------------------------------------------------------------------------

There are 10 symmetry-unique k-points
The plane wave cutoff is 500.00 eV

   VASP energy:            -387.441253 eV for Cu108

   Initial VASP energy:    -387.441250 eV for Cu108
   Relaxation energy:        -0.000003 eV gained after 1 optimization steps.

Electronic contributions:
                          Empirical Formula          Cell
                                    Cu         (Cu)108
                          --------------- ---------------
              VASP Energy        -346.133      -37382.389 kJ/mol
      Energy of formation          12.594        1360.104
                  PV term        -132.489      -14308.865

   This is the electronic part of the formation energy with respect to the
   elements in their standard state. It is obtained from the total energy (above)
   and tabulated VASP energies for the elements in their standard state.
   See the documentation for more details.

   Details for Cu:
                                             VASP energy (Etot):     -346.13 kJ/mol
       Standard state energy of 1.00 atoms of Cu  1.00 * -358.73:  -  -358.73
                                                                   ----------
                                        Energy of formation (Ef):       12.59 kJ/mol


Cell parameters:
 Parameter    Value    
---------- ------------
         a    11.563735
         b    11.563735
         c    11.563735
     alpha    89.999999
      beta    89.999999
     gamma    89.999999

    Volume    57.270460 Ang^3

        Density:     7.370 Mg/m^3

   The pressure given below is exerted by the system according to its volume.
   Positive pressure would cause expansion during full geometry optimization.
       Pressure:   -15.366 GPa
               =  -153.660 kbar

                      XX        YY        ZZ        XY        YZ        ZX
         Stress:    15.366    15.366    15.366     0.000     0.000     0.000 GPa
               =   153.660   153.660   153.660     0.000     0.000     0.000 kbar
   The stress tensor above is imposed on the system, i.e. negative values of diagonal components 
   would cause expansion of the corresponding lattice parameter upon full geometry optimization.
   The pressure and stress include only electronic terms, i.e. the vibrational,
   temperature and other terms are not included here.

Fractional Coordinates:
	Atom          Initial Coordinates             Final Coordinates
	-----      -------- -------- --------      -------- -------- --------
	Cu           0.6667   0.6667   0.3333        0.6667   0.6667   0.3333
	Cu           0.6667   0.8333   0.5000        0.6667   0.8333   0.5000
	Cu           0.8333   0.6667   0.5000        0.8333   0.6667   0.5000
	Cu           0.6667   0.6667   0.0000        0.6667   0.6667   0.0000
	Cu           0.6667   0.8333   0.1667        0.6667   0.8333   0.1667
	Cu           0.6667   0.0000   0.3333        0.6667   0.0000   0.3333
	Cu           0.6667   0.1667   0.5000        0.6667   0.1667   0.5000
	Cu           0.8333   0.6667   0.1667        0.8333   0.6667   0.1667
	Cu           0.8333   0.8333   0.3333        0.8333   0.8333   0.3333
	Cu           0.8333   0.0000   0.5000        0.8333   0.0000   0.5000
	Cu           0.0000   0.6667   0.3333        0.0000   0.6667   0.3333
	Cu           0.0000   0.8333   0.5000        0.0000   0.8333   0.5000
	Cu           0.1667   0.6667   0.5000        0.1667   0.6667   0.5000
	Cu           0.6667   0.6667   0.6667        0.6667   0.6667   0.6667
	Cu           0.6667   0.8333   0.8333        0.6667   0.8333   0.8333
	Cu           0.6667   0.0000   0.0000        0.6667   0.0000   0.0000
	Cu           0.6667   0.1667   0.1667        0.6667   0.1667   0.1667
	Cu           0.6667   0.3333   0.3333        0.6667   0.3333   0.3333
	Cu           0.6667   0.5000   0.5000        0.6667   0.5000   0.5000
	Cu           0.8333   0.6667   0.8333        0.8333   0.6667   0.8333
	Cu           0.8333   0.8333   0.0000        0.8333   0.8333   0.0000
	Cu           0.8333   0.0000   0.1667        0.8333   0.0000   0.1667
	Cu           0.8333   0.1667   0.3333        0.8333   0.1667   0.3333
	Cu           0.8333   0.3333   0.5000        0.8333   0.3333   0.5000
	Cu           0.0000   0.6667   0.0000        0.0000   0.6667   0.0000
	Cu           0.0000   0.8333   0.1667        0.0000   0.8333   0.1667
	Cu           0.0000   0.0000   0.3333        0.0000   0.0000   0.3333
	Cu           0.0000   0.1667   0.5000        0.0000   0.1667   0.5000
	Cu           0.1667   0.6667   0.1667        0.1667   0.6667   0.1667
	Cu           0.1667   0.8333   0.3333        0.1667   0.8333   0.3333
	Cu           0.1667   0.0000   0.5000        0.1667   0.0000   0.5000
	Cu           0.3333   0.6667   0.3333        0.3333   0.6667   0.3333
	Cu           0.3333   0.8333   0.5000        0.3333   0.8333   0.5000
	Cu           0.5000   0.6667   0.5000        0.5000   0.6667   0.5000
	Cu           0.6667   0.0000   0.6667        0.6667   0.0000   0.6667
	Cu           0.6667   0.1667   0.8333        0.6667   0.1667   0.8333
	Cu           0.6667   0.3333   0.0000        0.6667   0.3333   0.0000
	Cu           0.6667   0.5000   0.1667        0.6667   0.5000   0.1667
	Cu           0.8333   0.8333   0.6667        0.8333   0.8333   0.6667
	Cu           0.8333   0.0000   0.8333        0.8333   0.0000   0.8333
	Cu           0.8333   0.1667   0.0000        0.8333   0.1667   0.0000
	Cu           0.8333   0.3333   0.1667        0.8333   0.3333   0.1667
	Cu           0.8333   0.5000   0.3333        0.8333   0.5000   0.3333
	Cu           0.0000   0.6667   0.6667        0.0000   0.6667   0.6667
	Cu           0.0000   0.8333   0.8333        0.0000   0.8333   0.8333
	Cu           0.0000   0.0000   0.0000        0.0000   0.0000   0.0000
	Cu           0.0000   0.1667   0.1667        0.0000   0.1667   0.1667
	Cu           0.0000   0.3333   0.3333        0.0000   0.3333   0.3333
	Cu           0.0000   0.5000   0.5000        0.0000   0.5000   0.5000
	Cu           0.1667   0.6667   0.8333        0.1667   0.6667   0.8333
	Cu           0.1667   0.8333   0.0000        0.1667   0.8333   0.0000
	Cu           0.1667   0.0000   0.1667        0.1667   0.0000   0.1667
	Cu           0.1667   0.1667   0.3333        0.1667   0.1667   0.3333
	Cu           0.1667   0.3333   0.5000        0.1667   0.3333   0.5000
	Cu           0.3333   0.6667   0.0000        0.3333   0.6667   0.0000
	Cu           0.3333   0.8333   0.1667        0.3333   0.8333   0.1667
	Cu           0.3333   0.0000   0.3333        0.3333   0.0000   0.3333
	Cu           0.3333   0.1667   0.5000        0.3333   0.1667   0.5000
	Cu           0.5000   0.6667   0.1667        0.5000   0.6667   0.1667
	Cu           0.5000   0.8333   0.3333        0.5000   0.8333   0.3333
	Cu           0.5000   0.0000   0.5000        0.5000   0.0000   0.5000
	Cu           0.6667   0.3333   0.6667        0.6667   0.3333   0.6667
	Cu           0.6667   0.5000   0.8333        0.6667   0.5000   0.8333
	Cu           0.8333   0.1667   0.6667        0.8333   0.1667   0.6667
	Cu           0.8333   0.3333   0.8333        0.8333   0.3333   0.8333
	Cu           0.8333   0.5000   0.0000        0.8333   0.5000   0.0000
	Cu           0.0000   0.0000   0.6667        0.0000   0.0000   0.6667
	Cu           0.0000   0.1667   0.8333        0.0000   0.1667   0.8333
	Cu           0.0000   0.3333   0.0000        0.0000   0.3333   0.0000
	Cu           0.0000   0.5000   0.1667        0.0000   0.5000   0.1667
	Cu           0.1667   0.8333   0.6667        0.1667   0.8333   0.6667
	Cu           0.1667   0.0000   0.8333        0.1667   0.0000   0.8333
	Cu           0.1667   0.1667   0.0000        0.1667   0.1667   0.0000
	Cu           0.1667   0.3333   0.1667        0.1667   0.3333   0.1667
	Cu           0.1667   0.5000   0.3333        0.1667   0.5000   0.3333
	Cu           0.3333   0.6667   0.6667        0.3333   0.6667   0.6667
	Cu           0.3333   0.8333   0.8333        0.3333   0.8333   0.8333
	Cu           0.3333   0.0000   0.0000        0.3333   0.0000   0.0000
	Cu           0.3333   0.1667   0.1667        0.3333   0.1667   0.1667
	Cu           0.3333   0.3333   0.3333        0.3333   0.3333   0.3333
	Cu           0.3333   0.5000   0.5000        0.3333   0.5000   0.5000
	Cu           0.5000   0.6667   0.8333        0.5000   0.6667   0.8333
	Cu           0.5000   0.8333   0.0000        0.5000   0.8333   0.0000
	Cu           0.5000   0.0000   0.1667        0.5000   0.0000   0.1667
	Cu           0.5000   0.1667   0.3333        0.5000   0.1667   0.3333
	Cu           0.5000   0.3333   0.5000        0.5000   0.3333   0.5000
	Cu           0.8333   0.5000   0.6667        0.8333   0.5000   0.6667
	Cu           0.0000   0.3333   0.6667        0.0000   0.3333   0.6667
	Cu           0.0000   0.5000   0.8333        0.0000   0.5000   0.8333
	Cu           0.1667   0.1667   0.6667        0.1667   0.1667   0.6667
	Cu           0.1667   0.3333   0.8333        0.1667   0.3333   0.8333
	Cu           0.1667   0.5000   0.0000        0.1667   0.5000   0.0000
	Cu           0.3333   0.0000   0.6667        0.3333   0.0000   0.6667
	Cu           0.3333   0.1667   0.8333        0.3333   0.1667   0.8333
	Cu           0.3333   0.3333   0.0000        0.3333   0.3333   0.0000
	Cu           0.3333   0.5000   0.1667        0.3333   0.5000   0.1667
	Cu           0.5000   0.8333   0.6667        0.5000   0.8333   0.6667
	Cu           0.5000   0.0000   0.8333        0.5000   0.0000   0.8333
	Cu           0.5000   0.1667   0.0000        0.5000   0.1667   0.0000
	Cu           0.5000   0.3333   0.1667        0.5000   0.3333   0.1667
	Cu           0.5000   0.5000   0.3333        0.5000   0.5000   0.3333
	Cu           0.1667   0.5000   0.6667        0.1667   0.5000   0.6667
	Cu           0.3333   0.3333   0.6667        0.3333   0.3333   0.6667
	Cu           0.3333   0.5000   0.8333        0.3333   0.5000   0.8333
	Cu           0.5000   0.1667   0.6667        0.5000   0.1667   0.6667
	Cu           0.5000   0.3333   0.8333        0.5000   0.3333   0.8333
	Cu           0.5000   0.5000   0.0000        0.5000   0.5000   0.0000
	Cu           0.5000   0.5000   0.6667        0.5000   0.5000   0.6667

Update the system according to supercell optimization

Results for supercell calculations:
------------------------------------------------------------------------
	        Supercell         Energy (eV)
	      -------------      -------------
	        undisplaced      -387.44125
	     displaced_Cu__a     -387.44072
	     displaced_Cu__b     -387.44072


Symmetry analysis of Gamma point phonon frequencies:
----------------------------------------------------
   Crystal  Point  Group: O_h   (m3m) 
   Supercell Point Group: O_h   (m3m) 
    Table of irreducible representations of point group:
 ------------------------------------------
    IR     1  5  7  9 11  6  8 10 12 13 16 17 18 21 23 14 15 19 20 22 24  2  3  4 25 38 39 43 44 46 48 29 30 31 32 33 34 35 36 26 27 28 37 40 41 42 45 47
 ------------------------------------------
 A1g(R)    1  1  1  1  1  1  1  1  1  1  1  1  1  1  1  1  1  1  1  1  1  1  1  1  1  1  1  1  1  1  1  1  1  1  1  1  1  1  1  1  1  1  1  1  1  1  1  1   x^2+y^2+z^2                         
 A2g       1  1  1  1  1  1  1  1  1 -1 -1 -1 -1 -1 -1 -1 -1 -1 -1 -1 -1  1  1  1  1 -1 -1 -1 -1 -1 -1  1  1  1  1  1  1  1  1  1  1  1 -1 -1 -1 -1 -1 -1                                       
 Eg(R)     2 -1 -1 -1 -1 -1 -1 -1 -1  0  0  0  0  0  0  0  0  0  0  0  0  2  2  2  2  0  0  0  0  0  0 -1 -1 -1 -1 -1 -1 -1 -1  2  2  2  0  0  0  0  0  0   (2z^2-x^2-y^2, x^2-y^2)             
 T1g       3  0  0  0  0  0  0  0  0 -1 -1 -1 -1 -1 -1  1  1  1  1  1  1 -1 -1 -1  3  1  1  1  1  1  1  0  0  0  0  0  0  0  0 -1 -1 -1 -1 -1 -1 -1 -1 -1                                       
 T2g(R)    3  0  0  0  0  0  0  0  0  1  1  1  1  1  1 -1 -1 -1 -1 -1 -1 -1 -1 -1  3 -1 -1 -1 -1 -1 -1  0  0  0  0  0  0  0  0 -1 -1 -1  1  1  1  1  1  1   (xy,xz,yz)                          
 A1u       1  1  1  1  1  1  1  1  1  1  1  1  1  1  1  1  1  1  1  1  1  1  1  1 -1 -1 -1 -1 -1 -1 -1 -1 -1 -1 -1 -1 -1 -1 -1 -1 -1 -1 -1 -1 -1 -1 -1 -1                                       
 A2u       1  1  1  1  1  1  1  1  1 -1 -1 -1 -1 -1 -1 -1 -1 -1 -1 -1 -1  1  1  1 -1  1  1  1  1  1  1 -1 -1 -1 -1 -1 -1 -1 -1 -1 -1 -1  1  1  1  1  1  1                                       
 Eu        2 -1 -1 -1 -1 -1 -1 -1 -1  0  0  0  0  0  0  0  0  0  0  0  0  2  2  2 -2  0  0  0  0  0  0  1  1  1  1  1  1  1  1 -2 -2 -2  0  0  0  0  0  0                                       
 T1u(I)    3  0  0  0  0  0  0  0  0 -1 -1 -1 -1 -1 -1  1  1  1  1  1  1 -1 -1 -1 -3 -1 -1 -1 -1 -1 -1  0  0  0  0  0  0  0  0  1  1  1  1  1  1  1  1  1   (x,y,z)                             
 T2u       3  0  0  0  0  0  0  0  0  1  1  1  1  1  1 -1 -1 -1 -1 -1 -1 -1 -1 -1 -3  1  1  1  1  1  1  0  0  0  0  0  0  0  0  1  1  1 -1 -1 -1 -1 -1 -1                                       
 ------------------------------------------
    Wave vector= 0.0000  0.0000  0.0000    no macro. electric field
 Multi. Omega   Irreducible Representations
  3    -0.035     T1u(I)                                                                                                     
Notation: (R)  Raman active mode
          (I)  Infrared active mode
          (RI) Raman and Infrared active mode

Thermodynamic Properties
   for empirical formula Cu

The following thermodynamic functions are obtained from the phonon
density of states within the harmonic approximation. The results are
meaningful only below the melting point, which lies well below 3000 K
for most materials.
Definitions:
      Cv            : vibrational heat capacity at constant volume
E_vib(T)=E(T)-E(0)  : the change in vibrational internal energy from 0 K, where
                        E(0) = E_elec + ZPE is the electronic energy of formation E_elec plus the zero point energy ZPE
      S(T)          : the vibrational entropy at temperature T
   -(A(T)-E(0))     : the change in the vibrational Helmholtz free energy from 0 K
      E(T)          : the electronic energy of formation plus the vibrational internal energy, so this term is
                        E_elec + ZPE + E_vib(T)
      A(T)          : the electronic plus vibrational Helmholtz free energy,
                        E(T) - T.S(T)
Note that the electronic energy, which is part of the enthalpy and free energies,
 is referenced to the elements in their standard state.

Electronic energy =    12.59 kJ/mol (referenced to elements in the standard state)
          PV term =  -132.49 kJ/mol
Zero-point energy =     1.89 kJ/mol

    T       Cv       E(T)-E(0)      S(T)   -(A(T)-E(0))     E(T)        A(T)
    K     J/K/mol      kJ/mol     J/K/mol     kJ/mol       kJ/mol      kJ/mol
  ----- ----------- ----------- ----------- ----------- ----------- -----------
     0      0.0000      0.0000      0.0000      0.0000     14.4811     14.4811
     1      0.0000      0.0000      0.0000      0.0000     14.4811     14.4811
     2      0.0007      0.0000      0.0001      0.0000     14.4811     14.4811
     3      0.0038      0.0000      0.0009      0.0000     14.4811     14.4811
     4      0.0097      0.0000      0.0027      0.0000     14.4811     14.4811
     5      0.0183      0.0000      0.0058      0.0000     14.4811     14.4811
    10      0.1263      0.0003      0.0436      0.0001     14.4814     14.4810
    15      0.5268      0.0018      0.1550      0.0006     14.4828     14.4805
    20      1.5069      0.0066      0.4254      0.0019     14.4876     14.4791
    30      4.9956      0.0379      1.6474      0.0115     14.5190     14.4695
    40      8.9961      0.1081      3.6383      0.0375     14.5891     14.4436
    50     12.4228      0.2158      6.0282      0.0856     14.6969     14.3955
    60     15.0741      0.3539      8.5388      0.1584     14.8350     14.3227
    70     17.0654      0.5151     11.0194      0.2563     14.9962     14.2248
    80     18.5589      0.6936     13.4004      0.3785     15.1746     14.1026
    90     19.6905      0.8851     15.6546      0.5239     15.3661     13.9572
   100     20.5601      1.0865     17.7762      0.6911     15.5676     13.7900
   125     22.0031      1.6203     22.5344      1.1965     16.1013     13.2845
   150     22.8472      2.1817     26.6270      1.8123     16.6628     12.6688
   175     23.3785      2.7600     30.1917      2.5235     17.2411     11.9576
   200     23.7326      3.3492     33.3381      3.3184     17.8303     11.1627
   225     23.9798      3.9458     36.1485      4.1876     18.4268     10.2935
   250     24.1589      4.5476     38.6848      5.1235     19.0287      9.3576
   273     24.2832      5.1048     40.8166      6.0381     19.5858      8.4430
   275     24.2926      5.1533     40.9939      6.1199     19.6344      8.3611
   298     24.3877      5.7132     42.9491      7.0855     20.1943      7.3955
   300     24.3950      5.7620     43.1122      7.1716     20.2431      7.3095
   350     24.5389      6.9856     46.8844      9.4238     21.4667      5.0572
   400     24.6330      8.2150     50.1677     11.8519     22.6961      2.6292
   450     24.6978      9.4484     53.0730     14.4343     23.9295      0.0468
   500     24.7443     10.6845     55.6777     17.1542     25.1656     -2.6731
   550     24.7787     11.9226     58.0377     19.9980     26.4037     -5.5169
   600     24.8050     13.1622     60.1950     22.9545     27.6433     -8.4735
   650     24.8255     14.4030     62.1813     26.0146     28.8841    -11.5335
   700     24.8417     15.6447     64.0216     29.1702     30.1258    -14.6891
   750     24.8548     16.8871     65.7360     32.4146     31.3682    -17.9335
   800     24.8656     18.1301     67.3404     35.7419     32.6112    -21.2608
   850     24.8745     19.3736     68.8482     39.1470     33.8547    -24.6659
   900     24.8820     20.6175     70.2702     42.6253     35.0986    -28.1442
   950     24.8883     21.8618     71.6157     46.1727     36.3429    -31.6916
  1000     24.8937     23.1063     72.8924     49.7856     37.5874    -35.3046
  1050     24.8984     24.3511     74.1071     53.4608     38.8322    -38.9798
  1100     24.9024     25.5961     75.2655     57.1954     40.0772    -42.7143
  1150     24.9059     26.8413     76.3725     60.9865     41.3224    -46.5054
  1200     24.9090     28.0867     77.4326     64.8318     42.5678    -50.3507
  1250     24.9117     29.3322     78.4494     68.7290     43.8133    -54.2479
  1300     24.9142     30.5779     79.4266     72.6760     45.0589    -58.1950
  1350     24.9163     31.8236     80.3669     76.6710     46.3047    -62.1899
  1400     24.9183     33.0695     81.2730     80.7121     47.5506    -66.2310
  1450     24.9200     34.3154     82.1475     84.7977     48.7965    -70.3166
  1500     24.9215     35.5615     82.9923     88.9263     50.0425    -74.4452
  1550     24.9230     36.8076     83.8095     93.0964     51.2886    -78.6153
  1600     24.9242     38.0537     84.6008     97.3068     52.5348    -82.8257
  1650     24.9254     39.3000     85.3678    101.5561     53.7810    -87.0750
  1700     24.9265     40.5463     86.1119    105.8431     55.0273    -91.3620
  1750     24.9275     41.7926     86.8345    110.1668     56.2737    -95.6857
  1800     24.9284     43.0390     87.5368    114.5261     57.5201   -100.0450
  1850     24.9292     44.2854     88.2198    118.9201     58.7665   -104.4391
  1900     24.9299     45.5319     88.8846    123.3478     60.0130   -108.8667
  1950     24.9306     46.7784     89.5322    127.8083     61.2595   -113.3272
  2000     24.9313     48.0249     90.1634    132.3006     62.5060   -117.8196
  2100     24.9325     50.5181     91.3798    141.3783     64.9992   -126.8972
  2200     24.9335     53.0114     92.5397    150.5747     67.4925   -136.0936
  2300     24.9343     55.5048     93.6480    159.8843     69.9859   -145.4033
  2400     24.9351     57.9982     94.7092    169.3026     72.4793   -154.8215
  2500     24.9358     60.4918     95.7271    178.8246     74.9728   -164.3435
  2600     24.9364     62.9854     96.7052    188.4465     77.4664   -173.9654
  2700     24.9370     65.4790     97.6463    198.1643     79.9601   -183.6832
  2800     24.9374     67.9727     98.5532    207.9745     82.4538   -193.4935
  2900     24.9379     70.4665     99.4283    217.8738     84.9475   -203.3928
  3000     24.9383     72.9603    100.2738    227.8591     87.4413   -213.3780

Job completed on Mon 30 January 2017 at 12:18:03 æ±äº¬ (æ¨™æº–æ™‚) after 150 s (0:02:30)
