       N       E                     dE             d eps       ncg     rms          rms(c)
RMM:   1     0.605761768906E+04    0.60576E+04   -0.50286E+05  7120   0.222E+03
RMM:   2     0.615195444447E+03   -0.54424E+04   -0.64176E+04  7120   0.350E+02
RMM:   3    -0.211198570519E+03   -0.82639E+03   -0.84520E+03  7120   0.151E+02
RMM:   4    -0.421139939507E+03   -0.20994E+03   -0.94043E+02  7120   0.570E+01
RMM:   5    -0.463052933586E+03   -0.41913E+02   -0.24035E+02  7120   0.228E+01
RMM:   6    -0.469334434580E+03   -0.62815E+01   -0.53675E+01  7120   0.140E+01
RMM:   7    -0.470615085181E+03   -0.12807E+01   -0.12180E+01  7120   0.508E+00
RMM:   8    -0.470919480420E+03   -0.30440E+00   -0.29096E+00  7120   0.317E+00
RMM:   9    -0.471004815816E+03   -0.85335E-01   -0.86702E-01 14243   0.120E+00
RMM:  10    -0.471010406402E+03   -0.55906E-02   -0.54961E-02 14254   0.227E-01
RMM:  11    -0.471010701492E+03   -0.29509E-03   -0.28939E-03 13708   0.962E-02
RMM:  12    -0.471010721633E+03   -0.20140E-04   -0.21815E-04 12492   0.106E-02    0.689E+01
RMM:  13    -0.436611620854E+03    0.34399E+02   -0.10893E+03 14240   0.755E+01    0.423E+01
RMM:  14    -0.388178096976E+03    0.48434E+02   -0.20930E+02 14240   0.348E+01    0.439E+00
RMM:  15    -0.387680246272E+03    0.49785E+00   -0.19345E+00 14240   0.309E+00    0.349E+00
RMM:  16    -0.387439595595E+03    0.24065E+00   -0.69145E-01 14240   0.178E+00    0.269E-01
RMM:  17    -0.387441200935E+03   -0.16053E-02   -0.55627E-03 14240   0.189E-01    0.330E-02
RMM:  18    -0.387441253802E+03   -0.52866E-04   -0.17987E-04 14233   0.244E-02    0.150E-02
RMM:  19    -0.387441252653E+03    0.11488E-05   -0.88407E-06  7895   0.580E-03
   1 F= -.38744125E+03 E0= -.38742442E+03  d E =-.387441E+03
