Startup is 'sourced'
Opening the database
Phonon calculation for Untitled

Phonon parameters
=================
The calculation explores the full Brillouin zone and accounts for an interaction range of about 10.0 Angstroem.
The asymmetric atoms are displaced by +/-0.02 Angstroem.

In a first step, need to run an optimization of atom positions for the supercell containing 108 atoms.
Then, need to run a total number of 2 single point energy calculations on supercells with displaced atoms containing 108 atoms.

      Supercell transformation matrix              Supercell lattice vectors
       3.00000    0.00000    0.00000            11.23952    0.00000    0.00000
       0.00000    3.00000    0.00000             0.00000   11.23952    0.00000
       0.00000    0.00000    3.00000             0.00000    0.00000   11.23952

     Supercell           Site        Displaced atom     Displacement (fractional units)
   ---------------    ----------     --------------     -------------------------------
  undisplaced           ----            ----             0.00000    0.00000    0.00000
  displaced_Cu__a       Cu              Cu               0.00178    0.00000    0.00000
  displaced_Cu__b       Cu              Cu              -0.00178    0.00000    0.00000

Invariance conditions are not enforced.
No approximation to LO/TO splitting
Properties: Phonon dispersion and form factors 
            Phonon density of states 
            Thermodynamic functions
==========================================


VASP parameters
===============
Since no magnetic moments are in the model, this is a non-magnetic calculation using 'normal' precision
and a default planewave cutoff energy of 273.214 eV.

The electronic iterations convergence is 1.00E-005 eV using the Normal (blocked Davidson) algorithm
and reciprocal space projection operators.

The requested k-spacing is 0.5 per Angstrom, which leads to a 2x2x2 mesh.
This corresponds to actual k-spacings of 0.280 x 0.280 x 0.280 per Angstrom.

Using first order Methfessel-Paxton smearing with a width of 0.2 eV.

Other non-default parameters:
	Wave functions is TRUE
==========================================

------------------------------------------------------------------------

Using GGA-PBE / PAW potentials:
	Cu

Results for initial structural minimization of the supercell without displacements:
--------------------------------------------------------------------------------------

There are 1 symmetry-unique k-points
The plane wave cutoff is 273.21 eV

   VASP energy:            -396.213675 eV for Cu108

   Initial VASP energy:    -396.213680 eV for Cu108
   Relaxation energy:         0.000005 eV gained after 1 optimization steps.

Electronic contributions:
                          Empirical Formula          Cell
                                    Cu         (Cu)108
                          --------------- ---------------
              VASP Energy        -353.970      -38228.799 kJ/mol
      Energy of formation           4.756         513.694
                  PV term        -104.111      -11243.948

   This is the electronic part of the formation energy with respect to the
   elements in their standard state. It is obtained from the total energy (above)
   and tabulated VASP energies for the elements in their standard state.
   See the documentation for more details.

   Details for Cu:
                                             VASP energy (Etot):     -353.97 kJ/mol
       Standard state energy of 1.00 atoms of Cu  1.00 * -358.73:  -  -358.73
                                                                   ----------
                                        Energy of formation (Ef):        4.76 kJ/mol


Cell parameters:
 Parameter    Value    
---------- ------------
         a    11.239518
         b    11.239518
         c    11.239518
     alpha    89.999999
      beta    89.999999
     gamma    89.999999

    Volume    52.587116 Ang^3

        Density:     8.026 Mg/m^3

   The pressure given below is exerted by the system according to its volume.
   Positive pressure would cause expansion during full geometry optimization.
       Pressure:   -13.150 GPa
               =  -131.500 kbar

                      XX        YY        ZZ        XY        YZ        ZX
         Stress:    13.150    13.150    13.150     0.000     0.000     0.000 GPa
               =   131.500   131.500   131.500     0.000     0.000     0.000 kbar
   The stress tensor above is imposed on the system, i.e. negative values of diagonal components 
   would cause expansion of the corresponding lattice parameter upon full geometry optimization.
   The pressure and stress include only electronic terms, i.e. the vibrational,
   temperature and other terms are not included here.

Fractional Coordinates:
	Atom          Initial Coordinates             Final Coordinates
	-----      -------- -------- --------      -------- -------- --------
	Cu           0.6667   0.6667   0.3333        0.6667   0.6667   0.3333
	Cu           0.6667   0.8333   0.5000        0.6667   0.8333   0.5000
	Cu           0.8333   0.6667   0.5000        0.8333   0.6667   0.5000
	Cu           0.6667   0.6667   0.0000        0.6667   0.6667   0.0000
	Cu           0.6667   0.8333   0.1667        0.6667   0.8333   0.1667
	Cu           0.6667   0.0000   0.3333        0.6667   0.0000   0.3333
	Cu           0.6667   0.1667   0.5000        0.6667   0.1667   0.5000
	Cu           0.8333   0.6667   0.1667        0.8333   0.6667   0.1667
	Cu           0.8333   0.8333   0.3333        0.8333   0.8333   0.3333
	Cu           0.8333   0.0000   0.5000        0.8333   0.0000   0.5000
	Cu           0.0000   0.6667   0.3333        0.0000   0.6667   0.3333
	Cu           0.0000   0.8333   0.5000        0.0000   0.8333   0.5000
	Cu           0.1667   0.6667   0.5000        0.1667   0.6667   0.5000
	Cu           0.6667   0.6667   0.6667        0.6667   0.6667   0.6667
	Cu           0.6667   0.8333   0.8333        0.6667   0.8333   0.8333
	Cu           0.6667   0.0000   0.0000        0.6667   0.0000   0.0000
	Cu           0.6667   0.1667   0.1667        0.6667   0.1667   0.1667
	Cu           0.6667   0.3333   0.3333        0.6667   0.3333   0.3333
	Cu           0.6667   0.5000   0.5000        0.6667   0.5000   0.5000
	Cu           0.8333   0.6667   0.8333        0.8333   0.6667   0.8333
	Cu           0.8333   0.8333   0.0000        0.8333   0.8333   0.0000
	Cu           0.8333   0.0000   0.1667        0.8333   0.0000   0.1667
	Cu           0.8333   0.1667   0.3333        0.8333   0.1667   0.3333
	Cu           0.8333   0.3333   0.5000        0.8333   0.3333   0.5000
	Cu           0.0000   0.6667   0.0000        0.0000   0.6667   0.0000
	Cu           0.0000   0.8333   0.1667        0.0000   0.8333   0.1667
	Cu           0.0000   0.0000   0.3333        0.0000   0.0000   0.3333
	Cu           0.0000   0.1667   0.5000        0.0000   0.1667   0.5000
	Cu           0.1667   0.6667   0.1667        0.1667   0.6667   0.1667
	Cu           0.1667   0.8333   0.3333        0.1667   0.8333   0.3333
	Cu           0.1667   0.0000   0.5000        0.1667   0.0000   0.5000
	Cu           0.3333   0.6667   0.3333        0.3333   0.6667   0.3333
	Cu           0.3333   0.8333   0.5000        0.3333   0.8333   0.5000
	Cu           0.5000   0.6667   0.5000        0.5000   0.6667   0.5000
	Cu           0.6667   0.0000   0.6667        0.6667   0.0000   0.6667
	Cu           0.6667   0.1667   0.8333        0.6667   0.1667   0.8333
	Cu           0.6667   0.3333   0.0000        0.6667   0.3333   0.0000
	Cu           0.6667   0.5000   0.1667        0.6667   0.5000   0.1667
	Cu           0.8333   0.8333   0.6667        0.8333   0.8333   0.6667
	Cu           0.8333   0.0000   0.8333        0.8333   0.0000   0.8333
	Cu           0.8333   0.1667   0.0000        0.8333   0.1667   0.0000
	Cu           0.8333   0.3333   0.1667        0.8333   0.3333   0.1667
	Cu           0.8333   0.5000   0.3333        0.8333   0.5000   0.3333
	Cu           0.0000   0.6667   0.6667        0.0000   0.6667   0.6667
	Cu           0.0000   0.8333   0.8333        0.0000   0.8333   0.8333
	Cu           0.0000   0.0000   0.0000        0.0000   0.0000   0.0000
	Cu           0.0000   0.1667   0.1667        0.0000   0.1667   0.1667
	Cu           0.0000   0.3333   0.3333        0.0000   0.3333   0.3333
	Cu           0.0000   0.5000   0.5000        0.0000   0.5000   0.5000
	Cu           0.1667   0.6667   0.8333        0.1667   0.6667   0.8333
	Cu           0.1667   0.8333   0.0000        0.1667   0.8333   0.0000
	Cu           0.1667   0.0000   0.1667        0.1667   0.0000   0.1667
	Cu           0.1667   0.1667   0.3333        0.1667   0.1667   0.3333
	Cu           0.1667   0.3333   0.5000        0.1667   0.3333   0.5000
	Cu           0.3333   0.6667   0.0000        0.3333   0.6667   0.0000
	Cu           0.3333   0.8333   0.1667        0.3333   0.8333   0.1667
	Cu           0.3333   0.0000   0.3333        0.3333   0.0000   0.3333
	Cu           0.3333   0.1667   0.5000        0.3333   0.1667   0.5000
	Cu           0.5000   0.6667   0.1667        0.5000   0.6667   0.1667
	Cu           0.5000   0.8333   0.3333        0.5000   0.8333   0.3333
	Cu           0.5000   0.0000   0.5000        0.5000   0.0000   0.5000
	Cu           0.6667   0.3333   0.6667        0.6667   0.3333   0.6667
	Cu           0.6667   0.5000   0.8333        0.6667   0.5000   0.8333
	Cu           0.8333   0.1667   0.6667        0.8333   0.1667   0.6667
	Cu           0.8333   0.3333   0.8333        0.8333   0.3333   0.8333
	Cu           0.8333   0.5000   0.0000        0.8333   0.5000   0.0000
	Cu           0.0000   0.0000   0.6667        0.0000   0.0000   0.6667
	Cu           0.0000   0.1667   0.8333        0.0000   0.1667   0.8333
	Cu           0.0000   0.3333   0.0000        0.0000   0.3333   0.0000
	Cu           0.0000   0.5000   0.1667        0.0000   0.5000   0.1667
	Cu           0.1667   0.8333   0.6667        0.1667   0.8333   0.6667
	Cu           0.1667   0.0000   0.8333        0.1667   0.0000   0.8333
	Cu           0.1667   0.1667   0.0000        0.1667   0.1667   0.0000
	Cu           0.1667   0.3333   0.1667        0.1667   0.3333   0.1667
	Cu           0.1667   0.5000   0.3333        0.1667   0.5000   0.3333
	Cu           0.3333   0.6667   0.6667        0.3333   0.6667   0.6667
	Cu           0.3333   0.8333   0.8333        0.3333   0.8333   0.8333
	Cu           0.3333   0.0000   0.0000        0.3333   0.0000   0.0000
	Cu           0.3333   0.1667   0.1667        0.3333   0.1667   0.1667
	Cu           0.3333   0.3333   0.3333        0.3333   0.3333   0.3333
	Cu           0.3333   0.5000   0.5000        0.3333   0.5000   0.5000
	Cu           0.5000   0.6667   0.8333        0.5000   0.6667   0.8333
	Cu           0.5000   0.8333   0.0000        0.5000   0.8333   0.0000
	Cu           0.5000   0.0000   0.1667        0.5000   0.0000   0.1667
	Cu           0.5000   0.1667   0.3333        0.5000   0.1667   0.3333
	Cu           0.5000   0.3333   0.5000        0.5000   0.3333   0.5000
	Cu           0.8333   0.5000   0.6667        0.8333   0.5000   0.6667
	Cu           0.0000   0.3333   0.6667        0.0000   0.3333   0.6667
	Cu           0.0000   0.5000   0.8333        0.0000   0.5000   0.8333
	Cu           0.1667   0.1667   0.6667        0.1667   0.1667   0.6667
	Cu           0.1667   0.3333   0.8333        0.1667   0.3333   0.8333
	Cu           0.1667   0.5000   0.0000        0.1667   0.5000   0.0000
	Cu           0.3333   0.0000   0.6667        0.3333   0.0000   0.6667
	Cu           0.3333   0.1667   0.8333        0.3333   0.1667   0.8333
	Cu           0.3333   0.3333   0.0000        0.3333   0.3333   0.0000
	Cu           0.3333   0.5000   0.1667        0.3333   0.5000   0.1667
	Cu           0.5000   0.8333   0.6667        0.5000   0.8333   0.6667
	Cu           0.5000   0.0000   0.8333        0.5000   0.0000   0.8333
	Cu           0.5000   0.1667   0.0000        0.5000   0.1667   0.0000
	Cu           0.5000   0.3333   0.1667        0.5000   0.3333   0.1667
	Cu           0.5000   0.5000   0.3333        0.5000   0.5000   0.3333
	Cu           0.1667   0.5000   0.6667        0.1667   0.5000   0.6667
	Cu           0.3333   0.3333   0.6667        0.3333   0.3333   0.6667
	Cu           0.3333   0.5000   0.8333        0.3333   0.5000   0.8333
	Cu           0.5000   0.1667   0.6667        0.5000   0.1667   0.6667
	Cu           0.5000   0.3333   0.8333        0.5000   0.3333   0.8333
	Cu           0.5000   0.5000   0.0000        0.5000   0.5000   0.0000
	Cu           0.5000   0.5000   0.6667        0.5000   0.5000   0.6667

Update the system according to supercell optimization

Results for supercell calculations:
------------------------------------------------------------------------
	        Supercell         Energy (eV)
	      -------------      -------------
	        undisplaced      -396.21368
	     displaced_Cu__a     -396.21282
	     displaced_Cu__b     -396.21282


Symmetry analysis of Gamma point phonon frequencies:
----------------------------------------------------
   Crystal  Point  Group: O_h   (m3m) 
   Supercell Point Group: O_h   (m3m) 
    Table of irreducible representations of point group:
 ------------------------------------------
    IR     1  5  7  9 11  6  8 10 12 13 16 17 18 21 23 14 15 19 20 22 24  2  3  4 25 38 39 43 44 46 48 29 30 31 32 33 34 35 36 26 27 28 37 40 41 42 45 47
 ------------------------------------------
 A1g(R)    1  1  1  1  1  1  1  1  1  1  1  1  1  1  1  1  1  1  1  1  1  1  1  1  1  1  1  1  1  1  1  1  1  1  1  1  1  1  1  1  1  1  1  1  1  1  1  1   x^2+y^2+z^2                         
 A2g       1  1  1  1  1  1  1  1  1 -1 -1 -1 -1 -1 -1 -1 -1 -1 -1 -1 -1  1  1  1  1 -1 -1 -1 -1 -1 -1  1  1  1  1  1  1  1  1  1  1  1 -1 -1 -1 -1 -1 -1                                       
 Eg(R)     2 -1 -1 -1 -1 -1 -1 -1 -1  0  0  0  0  0  0  0  0  0  0  0  0  2  2  2  2  0  0  0  0  0  0 -1 -1 -1 -1 -1 -1 -1 -1  2  2  2  0  0  0  0  0  0   (2z^2-x^2-y^2, x^2-y^2)             
 T1g       3  0  0  0  0  0  0  0  0 -1 -1 -1 -1 -1 -1  1  1  1  1  1  1 -1 -1 -1  3  1  1  1  1  1  1  0  0  0  0  0  0  0  0 -1 -1 -1 -1 -1 -1 -1 -1 -1                                       
 T2g(R)    3  0  0  0  0  0  0  0  0  1  1  1  1  1  1 -1 -1 -1 -1 -1 -1 -1 -1 -1  3 -1 -1 -1 -1 -1 -1  0  0  0  0  0  0  0  0 -1 -1 -1  1  1  1  1  1  1   (xy,xz,yz)                          
 A1u       1  1  1  1  1  1  1  1  1  1  1  1  1  1  1  1  1  1  1  1  1  1  1  1 -1 -1 -1 -1 -1 -1 -1 -1 -1 -1 -1 -1 -1 -1 -1 -1 -1 -1 -1 -1 -1 -1 -1 -1                                       
 A2u       1  1  1  1  1  1  1  1  1 -1 -1 -1 -1 -1 -1 -1 -1 -1 -1 -1 -1  1  1  1 -1  1  1  1  1  1  1 -1 -1 -1 -1 -1 -1 -1 -1 -1 -1 -1  1  1  1  1  1  1                                       
 Eu        2 -1 -1 -1 -1 -1 -1 -1 -1  0  0  0  0  0  0  0  0  0  0  0  0  2  2  2 -2  0  0  0  0  0  0  1  1  1  1  1  1  1  1 -2 -2 -2  0  0  0  0  0  0                                       
 T1u(I)    3  0  0  0  0  0  0  0  0 -1 -1 -1 -1 -1 -1  1  1  1  1  1  1 -1 -1 -1 -3 -1 -1 -1 -1 -1 -1  0  0  0  0  0  0  0  0  1  1  1  1  1  1  1  1  1   (x,y,z)                             
 T2u       3  0  0  0  0  0  0  0  0  1  1  1  1  1  1 -1 -1 -1 -1 -1 -1 -1 -1 -1 -3  1  1  1  1  1  1  0  0  0  0  0  0  0  0  1  1  1 -1 -1 -1 -1 -1 -1                                       
 ------------------------------------------
    Wave vector= 0.0000  0.0000  0.0000    no macro. electric field
 Multi. Omega   Irreducible Representations
  3     0.043     T1u(I)                                                                                                     
Notation: (R)  Raman active mode
          (I)  Infrared active mode
          (RI) Raman and Infrared active mode

Thermodynamic Properties
   for empirical formula Cu

The following thermodynamic functions are obtained from the phonon
density of states within the harmonic approximation. The results are
meaningful only below the melting point, which lies well below 3000 K
for most materials.
Definitions:
      Cv            : vibrational heat capacity at constant volume
E_vib(T)=E(T)-E(0)  : the change in vibrational internal energy from 0 K, where
                        E(0) = E_elec + ZPE is the electronic energy of formation E_elec plus the zero point energy ZPE
      S(T)          : the vibrational entropy at temperature T
   -(A(T)-E(0))     : the change in the vibrational Helmholtz free energy from 0 K
      E(T)          : the electronic energy of formation plus the vibrational internal energy, so this term is
                        E_elec + ZPE + E_vib(T)
      A(T)          : the electronic plus vibrational Helmholtz free energy,
                        E(T) - T.S(T)
Note that the electronic energy, which is part of the enthalpy and free energies,
 is referenced to the elements in their standard state.

Electronic energy =     4.76 kJ/mol (referenced to elements in the standard state)
          PV term =  -104.11 kJ/mol
Zero-point energy =     2.34 kJ/mol

    T       Cv       E(T)-E(0)      S(T)   -(A(T)-E(0))     E(T)        A(T)
    K     J/K/mol      kJ/mol     J/K/mol     kJ/mol       kJ/mol      kJ/mol
  ----- ----------- ----------- ----------- ----------- ----------- -----------
     0      0.0000      0.0000      0.0000      0.0000      7.0997      7.0997
     1      0.0000      0.0000      0.0000      0.0000      7.0997      7.0997
     2      0.0003      0.0000      0.0001      0.0000      7.0997      7.0997
     3      0.0022      0.0000      0.0005      0.0000      7.0997      7.0997
     4      0.0060      0.0000      0.0016      0.0000      7.0997      7.0997
     5      0.0116      0.0000      0.0035      0.0000      7.0997      7.0997
    10      0.0741      0.0002      0.0270      0.0001      7.0999      7.0996
    15      0.2561      0.0009      0.0850      0.0003      7.1006      7.0993
    20      0.7294      0.0033      0.2144      0.0010      7.1029      7.0986
    30      2.8782      0.0200      0.8659      0.0059      7.1197      7.0937
    40      6.0074      0.0641      2.1118      0.0204      7.1638      7.0793
    50      9.1842      0.1403      3.7985      0.0496      7.2399      7.0500
    60     11.9565      0.2464      5.7255      0.0971      7.3461      7.0025
    70     14.2258      0.3777      7.7454      0.1645      7.4774      6.9352
    80     16.0379      0.5294      9.7679      0.2520      7.6290      6.8476
    90     17.4759      0.6972     11.7431      0.3597      7.7969      6.7400
   100     18.6203      0.8779     13.6459      0.4867      7.9776      6.6130
   125     20.5973      1.3703     18.0325      0.8838      8.4699      6.2159
   150     21.8004      1.9014     21.9027      1.3840      9.0011      5.7157
   175     22.5756      2.4568     25.3255      1.9752      9.5564      5.1245
   200     23.1003      3.0281     28.3765      2.6471     10.1278      4.4525
   225     23.4703      3.6105     31.1199      3.3914     10.7102      3.7082
   250     23.7403      4.2008     33.6074      4.2010     11.3005      2.8987
   273     23.9287      4.7491     35.7053      4.9984     11.8487      2.1013
   275     23.9430      4.7970     35.8800      5.0700     11.8966      2.0297
   298     24.0878      5.3494     37.8091      5.9177     12.4490      1.1820
   300     24.0989      5.3976     37.9703      5.9935     12.4972      1.1062
   350     24.3189      6.6084     41.7030      7.9875     13.7081     -0.8879
   400     24.4633      7.8282     44.9603     10.1558     14.9279     -3.0562
   450     24.5630      9.0540     47.8478     12.4774     16.1536     -5.3777
   500     24.6347     10.2840     50.4397     14.9357     17.3837     -7.8360
   550     24.6879     11.5171     52.7902     17.5173     18.6168    -10.4176
   600     24.7285     12.7526     54.9402     20.2113     19.8522    -13.1117
   650     24.7602     13.9898     56.9208     23.0085     21.0895    -15.9088
   700     24.7853     15.2285     58.7567     25.9010     22.3281    -18.8013
   750     24.8057     16.4683     60.4674     28.8820     23.5679    -21.7824
   800     24.8223     17.7090     62.0689     31.9458     24.8086    -24.8462
   850     24.8361     18.9504     63.5742     35.0873     26.0501    -27.9876
   900     24.8477     20.1925     64.9941     38.3018     27.2922    -31.2021
   950     24.8575     21.4352     66.3378     41.5854     28.5348    -34.4857
  1000     24.8659     22.6783     67.6131     44.9344     29.7779    -37.8347
  1050     24.8731     23.9217     68.8264     48.3456     31.0214    -41.2459
  1100     24.8794     25.1655     69.9837     51.8161     32.2652    -44.7164
  1150     24.8849     26.4096     71.0898     55.3431     33.5093    -48.2434
  1200     24.8897     27.6540     72.1490     58.9242     34.7536    -51.8246
  1250     24.8939     28.8986     73.1651     62.5572     35.9982    -55.4576
  1300     24.8976     30.1434     74.1415     66.2400     37.2430    -59.1404
  1350     24.9010     31.3883     75.0812     69.9707     38.4880    -62.8710
  1400     24.9040     32.6334     75.9869     73.7475     39.7331    -66.6479
  1450     24.9067     33.8787     76.8608     77.5688     40.9784    -70.4692
  1500     24.9091     35.1241     77.7053     81.4331     42.2238    -74.3334
  1550     24.9113     36.3696     78.5220     85.3388     43.4693    -78.2392
  1600     24.9133     37.6152     79.3130     89.2848     44.7148    -82.1851
  1650     24.9151     38.8609     80.0796     93.2697     45.9606    -86.1700
  1700     24.9168     40.1067     80.8235     97.2923     47.2064    -90.1927
  1750     24.9183     41.3526     81.5458    101.3516     48.4522    -94.2520
  1800     24.9197     42.5985     82.2477    105.4465     49.6982    -98.3468
  1850     24.9210     43.8445     82.9305    109.5760     50.9442   -102.4764
  1900     24.9221     45.0906     83.5951    113.7392     52.1903   -106.6395
  1950     24.9232     46.3367     84.2426    117.9351     53.4364   -110.8355
  2000     24.9242     47.5829     84.8735    122.1631     54.6825   -115.0635
  2100     24.9261     50.0754     86.0896    130.7117     57.1750   -123.6121
  2200     24.9276     52.5681     87.2492    139.3791     59.6677   -132.2794
  2300     24.9290     55.0609     88.3573    148.1597     62.1605   -141.0601
  2400     24.9302     57.5538     89.4183    157.0488     64.6535   -149.9492
  2500     24.9312     60.0469     90.4360    166.0419     67.1465   -158.9422
  2600     24.9322     62.5400     91.4139    175.1346     69.6397   -168.0350
  2700     24.9330     65.0333     92.3549    184.3233     72.1329   -177.2237
  2800     24.9338     67.5266     93.2616    193.6043     74.6263   -186.5047
  2900     24.9344     70.0200     94.1366    202.9744     77.1197   -195.8747
  3000     24.9351     72.5135     94.9819    212.4305     79.6131   -205.3309

Job completed on Mon 29 August 2016 at 18:45:49 æ±äº¬ (æ¨™æº–æ™‚) after 1601 s (0:26:41)
