Startup is 'sourced'
Opening the database
Phonon calculation for Untitled

Phonon parameters
=================
The calculation explores the full Brillouin zone and accounts for an interaction range of about 10.0 Angstroem.
The asymmetric atoms are displaced by +/-0.02 Angstroem.

In a first step, need to run an optimization of atom positions for the supercell containing 32 atoms.
Then, need to run a total number of 2 single point energy calculations on supercells with displaced atoms containing 32 atoms.

      Supercell transformation matrix              Supercell lattice vectors
       2.00000    0.00000    0.00000             8.28666    0.00000    0.00000
       0.00000    2.00000    0.00000             0.00000    8.28666    0.00000
       0.00000    0.00000    2.00000             0.00000    0.00000    8.28666

     Supercell           Site        Displaced atom     Displacement (fractional units)
   ---------------    ----------     --------------     -------------------------------
  undisplaced           ----            ----             0.00000    0.00000    0.00000
  displaced_Ag__a       Ag              Ag               0.00241    0.00000    0.00000
  displaced_Ag__b       Ag              Ag              -0.00241    0.00000    0.00000

Invariance conditions are not enforced.
No approximation to LO/TO splitting
Properties: Phonon dispersion and form factors 
            Phonon density of states 
            Thermodynamic functions
==========================================


VASP parameters
===============
Since no magnetic moments are in the model, this is a non-magnetic calculation using 'accurate' precision
and a user-defined planewave cutoff energy of 600.000 eV.

The electronic iterations convergence is 1.00E-005 eV using the Very Fast (RMM-DIIS) algorithm
and reciprocal space projection operators.

The requested k-spacing is 0.1 per Angstrom, which leads to a 27x27x27 mesh.
This corresponds to actual k-spacings of 0.097 x 0.097 x 0.097 per Angstrom.

Using first order Methfessel-Paxton smearing with a width of 0.2 eV.

Other non-default parameters:
	Extrafine augmentation grid for accurate forces is TRUE
	Algorithm is Very Fast (RMM-DIIS)
	Wave functions is TRUE
==========================================

------------------------------------------------------------------------

Results for initial structural minimization of the supercell without displacements:
--------------------------------------------------------------------------------------

There are 20 symmetry-unique k-points
The plane wave cutoff is 600.00 eV

   VASP energy:             -90.435814 eV for Ag32

   Initial VASP energy:     -90.435814 eV for Ag32
   Relaxation energy:         0.000000 eV gained after 1 optimization steps.

Electronic contributions:
                          Empirical Formula          Cell
                                    Ag          (Ag)32
                          --------------- ---------------
              VASP Energy        -272.679       -8725.727 kJ/mol
      Energy of formation           0.147           4.708
                  PV term          13.793         441.369

   This is the electronic part of the formation energy with respect to the
   elements in their standard state. It is obtained from the total energy (above)
   and tabulated VASP energies for the elements in their standard state.
   See the documentation for more details.

   Details for Ag:
                                             VASP energy (Etot):     -272.68 kJ/mol
       Standard state energy of 1.00 atoms of Ag  1.00 * -272.83:  -  -272.83
                                                                   ----------
                                        Energy of formation (Ef):        0.15 kJ/mol


Cell parameters:
 Parameter    Value    
---------- ------------
         a     8.286660
         b     8.286660
         c     8.286660
     alpha    89.999999
      beta    89.999999
     gamma    89.999999

    Volume    71.129315 Ang^3

        Density:    10.073 Mg/m^3

   The pressure given below is exerted by the system according to its volume.
   Positive pressure would cause expansion during full geometry optimization.
       Pressure:     1.288 GPa
               =    12.880 kbar

                      XX        YY        ZZ        XY        YZ        ZX
         Stress:    -1.288    -1.288    -1.288     0.000     0.000     0.000 GPa
               =   -12.880   -12.880   -12.880     0.000     0.000     0.000 kbar
   The stress tensor above is imposed on the system, i.e. negative values of diagonal components 
   would cause expansion of the corresponding lattice parameter upon full geometry optimization.
   The pressure and stress include only electronic terms, i.e. the vibrational,
   temperature and other terms are not included here.

Fractional Coordinates:
	Atom          Initial Coordinates             Final Coordinates
	-----      -------- -------- --------      -------- -------- --------
	Ag           0.7500   0.7500   0.5000        0.7500   0.7500   0.5000
	Ag           0.7500   0.7500   0.0000        0.7500   0.7500   0.0000
	Ag           0.7500   0.0000   0.2500        0.7500   0.0000   0.2500
	Ag           0.7500   0.2500   0.5000        0.7500   0.2500   0.5000
	Ag           0.0000   0.7500   0.2500        0.0000   0.7500   0.2500
	Ag           0.0000   0.0000   0.5000        0.0000   0.0000   0.5000
	Ag           0.2500   0.7500   0.5000        0.2500   0.7500   0.5000
	Ag           0.7500   0.0000   0.7500        0.7500   0.0000   0.7500
	Ag           0.7500   0.2500   0.0000        0.7500   0.2500   0.0000
	Ag           0.7500   0.5000   0.2500        0.7500   0.5000   0.2500
	Ag           0.0000   0.7500   0.7500        0.0000   0.7500   0.7500
	Ag           0.0000   0.0000   0.0000        0.0000   0.0000   0.0000
	Ag           0.0000   0.2500   0.2500        0.0000   0.2500   0.2500
	Ag           0.0000   0.5000   0.5000        0.0000   0.5000   0.5000
	Ag           0.2500   0.7500   0.0000        0.2500   0.7500   0.0000
	Ag           0.2500   0.0000   0.2500        0.2500   0.0000   0.2500
	Ag           0.2500   0.2500   0.5000        0.2500   0.2500   0.5000
	Ag           0.5000   0.7500   0.2500        0.5000   0.7500   0.2500
	Ag           0.5000   0.0000   0.5000        0.5000   0.0000   0.5000
	Ag           0.7500   0.5000   0.7500        0.7500   0.5000   0.7500
	Ag           0.0000   0.2500   0.7500        0.0000   0.2500   0.7500
	Ag           0.0000   0.5000   0.0000        0.0000   0.5000   0.0000
	Ag           0.2500   0.0000   0.7500        0.2500   0.0000   0.7500
	Ag           0.2500   0.2500   0.0000        0.2500   0.2500   0.0000
	Ag           0.2500   0.5000   0.2500        0.2500   0.5000   0.2500
	Ag           0.5000   0.7500   0.7500        0.5000   0.7500   0.7500
	Ag           0.5000   0.0000   0.0000        0.5000   0.0000   0.0000
	Ag           0.5000   0.2500   0.2500        0.5000   0.2500   0.2500
	Ag           0.5000   0.5000   0.5000        0.5000   0.5000   0.5000
	Ag           0.2500   0.5000   0.7500        0.2500   0.5000   0.7500
	Ag           0.5000   0.2500   0.7500        0.5000   0.2500   0.7500
	Ag           0.5000   0.5000   0.0000        0.5000   0.5000   0.0000

Results for supercell calculations:
------------------------------------------------------------------------
	        Supercell         Energy (eV)
	      -------------      -------------
	        undisplaced       -90.43581
	     displaced_Ag__a      -90.43485
	     displaced_Ag__b      -90.43485


Symmetry analysis of Gamma point phonon frequencies:
----------------------------------------------------
   Crystal  Point  Group: O_h   (m3m) 
   Supercell Point Group: O_h   (m3m) 
    Table of irreducible representations of point group:
 ------------------------------------------
    IR     1  5  7  9 11  6  8 10 12 13 16 17 18 21 23 14 15 19 20 22 24  2  3  4 25 38 39 43 44 46 48 29 30 31 32 33 34 35 36 26 27 28 37 40 41 42 45 47
 ------------------------------------------
 A1g(R)    1  1  1  1  1  1  1  1  1  1  1  1  1  1  1  1  1  1  1  1  1  1  1  1  1  1  1  1  1  1  1  1  1  1  1  1  1  1  1  1  1  1  1  1  1  1  1  1   x^2+y^2+z^2                         
 A2g       1  1  1  1  1  1  1  1  1 -1 -1 -1 -1 -1 -1 -1 -1 -1 -1 -1 -1  1  1  1  1 -1 -1 -1 -1 -1 -1  1  1  1  1  1  1  1  1  1  1  1 -1 -1 -1 -1 -1 -1                                       
 Eg(R)     2 -1 -1 -1 -1 -1 -1 -1 -1  0  0  0  0  0  0  0  0  0  0  0  0  2  2  2  2  0  0  0  0  0  0 -1 -1 -1 -1 -1 -1 -1 -1  2  2  2  0  0  0  0  0  0   (2z^2-x^2-y^2, x^2-y^2)             
 T1g       3  0  0  0  0  0  0  0  0 -1 -1 -1 -1 -1 -1  1  1  1  1  1  1 -1 -1 -1  3  1  1  1  1  1  1  0  0  0  0  0  0  0  0 -1 -1 -1 -1 -1 -1 -1 -1 -1                                       
 T2g(R)    3  0  0  0  0  0  0  0  0  1  1  1  1  1  1 -1 -1 -1 -1 -1 -1 -1 -1 -1  3 -1 -1 -1 -1 -1 -1  0  0  0  0  0  0  0  0 -1 -1 -1  1  1  1  1  1  1   (xy,xz,yz)                          
 A1u       1  1  1  1  1  1  1  1  1  1  1  1  1  1  1  1  1  1  1  1  1  1  1  1 -1 -1 -1 -1 -1 -1 -1 -1 -1 -1 -1 -1 -1 -1 -1 -1 -1 -1 -1 -1 -1 -1 -1 -1                                       
 A2u       1  1  1  1  1  1  1  1  1 -1 -1 -1 -1 -1 -1 -1 -1 -1 -1 -1 -1  1  1  1 -1  1  1  1  1  1  1 -1 -1 -1 -1 -1 -1 -1 -1 -1 -1 -1  1  1  1  1  1  1                                       
 Eu        2 -1 -1 -1 -1 -1 -1 -1 -1  0  0  0  0  0  0  0  0  0  0  0  0  2  2  2 -2  0  0  0  0  0  0  1  1  1  1  1  1  1  1 -2 -2 -2  0  0  0  0  0  0                                       
 T1u(I)    3  0  0  0  0  0  0  0  0 -1 -1 -1 -1 -1 -1  1  1  1  1  1  1 -1 -1 -1 -3 -1 -1 -1 -1 -1 -1  0  0  0  0  0  0  0  0  1  1  1  1  1  1  1  1  1   (x,y,z)                             
 T2u       3  0  0  0  0  0  0  0  0  1  1  1  1  1  1 -1 -1 -1 -1 -1 -1 -1 -1 -1 -3  1  1  1  1  1  1  0  0  0  0  0  0  0  0  1  1  1 -1 -1 -1 -1 -1 -1                                       
 ------------------------------------------
    Wave vector= 0.0000  0.0000  0.0000    no macro. electric field
 Multi. Omega   Irreducible Representations
  3    -0.008     T1u(I)                                                                                                     
Notation: (R)  Raman active mode
          (I)  Infrared active mode
          (RI) Raman and Infrared active mode

Thermodynamic Properties
   for empirical formula Ag

The following thermodynamic functions are obtained from the phonon
density of states within the harmonic approximation. The results are
meaningful only below the melting point, which lies well below 3000 K
for most materials.
Definitions:
      Cv            : vibrational heat capacity at constant volume
E_vib(T)=E(T)-E(0)  : the change in vibrational internal energy from 0 K, where
                        E(0) = E_elec + ZPE is the electronic energy of formation E_elec plus the zero point energy ZPE
      S(T)          : the vibrational entropy at temperature T
   -(A(T)-E(0))     : the change in the vibrational Helmholtz free energy from 0 K
      E(T)          : the electronic energy of formation plus the vibrational internal energy, so this term is
                        E_elec + ZPE + E_vib(T)
      A(T)          : the electronic plus vibrational Helmholtz free energy,
                        E(T) - T.S(T)
Note that the electronic energy, which is part of the enthalpy and free energies,
 is referenced to the elements in their standard state.

Electronic energy =     0.15 kJ/mol (referenced to elements in the standard state)
          PV term =    13.79 kJ/mol
Zero-point energy =     1.90 kJ/mol

    T       Cv       E(T)-E(0)      S(T)   -(A(T)-E(0))     E(T)        A(T)
    K     J/K/mol      kJ/mol     J/K/mol     kJ/mol       kJ/mol      kJ/mol
  ----- ----------- ----------- ----------- ----------- ----------- -----------
     0      0.0000      0.0000      0.0000      0.0000      2.0491      2.0491
     1      0.0000      0.0000      0.0000      0.0000      2.0491      2.0491
     2      0.0013      0.0000      0.0002      0.0000      2.0491      2.0491
     3      0.0059      0.0000      0.0015      0.0000      2.0491      2.0491
     4      0.0138      0.0000      0.0042      0.0000      2.0491      2.0491
     5      0.0252      0.0000      0.0084      0.0000      2.0491      2.0491
    10      0.1763      0.0004      0.0604      0.0002      2.0495      2.0489
    15      0.7235      0.0025      0.2162      0.0008      2.0516      2.0483
    20      1.8815      0.0087      0.5687      0.0027      2.0578      2.0464
    30      5.4215      0.0444      1.9671      0.0146      2.0935      2.0345
    40      9.2216      0.1179      4.0548      0.0443      2.1670      2.0048
    50     12.4668      0.2269      6.4741      0.0968      2.2760      1.9523
    60     15.0117      0.3649      8.9822      0.1741      2.4140      1.8750
    70     16.9520      0.5251     11.4489      0.2763      2.5742      1.7728
    80     18.4265      0.7024     13.8132      0.4027      2.7514      1.6464
    90     19.5554      0.8925     16.0516      0.5521      2.9416      1.4970
   100     20.4302      1.0926     18.1592      0.7233      3.1417      1.3258
   125     21.8964      1.6234     22.8908      1.2379      3.6725      0.8112
   150     22.7628      2.1825     26.9660      1.8624      4.2316      0.1867
   175     23.3114      2.7589     30.5191      2.5819      4.8080     -0.5328
   200     23.6786      3.3466     33.6574      3.3848      5.3957     -1.3358
   225     23.9356      3.9419     36.4620      4.2620      5.9910     -2.2129
   250     24.1221      4.5428     38.9940      5.2057      6.5919     -3.1566
   273     24.2518      5.0991     41.1229      6.1273      7.1482     -4.0783
   275     24.2616      5.1477     41.3000      6.2098      7.1967     -4.1607
   298     24.3609      5.7069     43.2528      7.1824      7.7559     -5.1333
   300     24.3685      5.7556     43.4158      7.2691      7.8047     -5.2200
   350     24.5190      6.9780     47.1844      9.5364      9.0271     -7.4873
   400     24.6174      8.2066     50.4653     11.9794     10.2557     -9.9303
   450     24.6853      9.4393     53.3689     14.5766     11.4884    -12.5275
   500     24.7340     10.6748     55.9725     17.3113     12.7239    -15.2622
   550     24.7702     11.9124     58.3316     20.1698     13.9615    -18.1207
   600     24.7977     13.1517     60.4882     23.1410     15.2008    -21.0919
   650     24.8192     14.3921     62.4739     26.2157     16.4412    -24.1666
   700     24.8362     15.6335     64.3139     29.3859     17.6826    -27.3368
   750     24.8500     16.8757     66.0279     32.6449     18.9247    -30.5958
   800     24.8613     18.1184     67.6320     35.9868     20.1675    -33.9378
   850     24.8706     19.3617     69.1395     39.4065     21.4108    -37.3574
   900     24.8785     20.6055     70.5613     42.8993     22.6546    -40.8502
   950     24.8851     21.8495     71.9066     46.4613     23.8986    -44.4122
  1000     24.8908     23.0939     73.1832     50.0888     25.1430    -48.0397
  1050     24.8957     24.3386     74.3977     53.7785     26.3877    -51.7294
  1100     24.8999     25.5835     75.5560     57.5276     27.6326    -55.4785
  1150     24.9036     26.8286     76.6629     61.3332     28.8777    -59.2841
  1200     24.9068     28.0738     77.7229     65.1930     30.1229    -63.1440
  1250     24.9097     29.3192     78.7397     69.1048     31.3683    -67.0557
  1300     24.9122     30.5648     79.7167     73.0663     32.6139    -71.0172
  1350     24.9145     31.8104     80.6569     77.0758     33.8595    -75.0267
  1400     24.9165     33.0562     81.5631     81.1314     35.1053    -79.0823
  1450     24.9184     34.3021     82.4375     85.2315     36.3512    -83.1824
  1500     24.9200     35.5480     83.2822     89.3746     37.5971    -87.3255
  1550     24.9215     36.7941     84.0994     93.5592     38.8432    -91.5101
  1600     24.9228     38.0402     84.8907     97.7840     40.0892    -95.7349
  1650     24.9241     39.2863     85.6576    102.0478     41.3354    -99.9987
  1700     24.9252     40.5325     86.4017    106.3493     42.5816   -104.3003
  1750     24.9262     41.7788     87.1242    110.6875     43.8279   -108.6384
  1800     24.9271     43.0252     87.8264    115.0614     45.0742   -113.0123
  1850     24.9280     44.2715     88.5094    119.4698     46.3206   -117.4207
  1900     24.9288     45.5179     89.1742    123.9120     47.5670   -121.8629
  1950     24.9295     46.7644     89.8218    128.3869     48.8135   -126.3378
  2000     24.9302     48.0109     90.4529    132.8938     50.0600   -130.8447
  2100     24.9315     50.5039     91.6692    142.0004     52.5530   -139.9513
  2200     24.9325     52.9971     92.8291    151.2256     55.0462   -149.1765
  2300     24.9334     55.4904     93.9374    160.5643     57.5395   -158.5153
  2400     24.9342     57.9838     94.9986    170.0115     60.0329   -167.9624
  2500     24.9350     60.4772     96.0165    179.5625     62.5263   -177.5134
  2600     24.9356     62.9707     96.9944    189.2133     65.0198   -187.1642
  2700     24.9362     65.4643     97.9356    198.9600     67.5134   -196.9109
  2800     24.9367     67.9579     98.8424    208.7992     70.0070   -206.7501
  2900     24.9371     70.4516     99.7175    218.7273     72.5007   -216.6782
  3000     24.9375     72.9453    100.5629    228.7415     74.9944   -226.6924

Job completed on Wed 25 January 2017 at 10:12:10 æ±äº¬ (æ¨™æº–æ™‚) after 9 s (0:00:09)
