       N       E                     dE             d eps       ncg     rms          rms(c)
RMM:   1     0.389228303887E+04    0.38923E+04   -0.16831E+05  4240   0.174E+03
RMM:   2     0.775517482408E+03   -0.31168E+04   -0.35247E+04  4240   0.427E+02
RMM:   3     0.145498970464E+03   -0.63002E+03   -0.68725E+03  4240   0.163E+02
RMM:   4    -0.315648024966E+02   -0.17706E+03   -0.12964E+03  4240   0.742E+01
RMM:   5    -0.860632942865E+02   -0.54498E+02   -0.32045E+02  4240   0.435E+01
RMM:   6    -0.953040948081E+02   -0.92408E+01   -0.70028E+01  4240   0.203E+01
RMM:   7    -0.971754363985E+02   -0.18713E+01   -0.15991E+01  4240   0.102E+01
RMM:   8    -0.975762346075E+02   -0.40080E+00   -0.37364E+00  4240   0.463E+00
RMM:   9    -0.976943135676E+02   -0.11808E+00   -0.11157E+00  8477   0.227E+00
RMM:  10    -0.977035478755E+02   -0.92343E-02   -0.86075E-02  8453   0.324E-01
RMM:  11    -0.977038892934E+02   -0.34142E-03   -0.30636E-03  7864   0.140E-01
RMM:  12    -0.977039166276E+02   -0.27334E-04   -0.26260E-04  6460   0.127E-02    0.160E+01
RMM:  13    -0.907247281576E+02    0.69792E+01   -0.26505E+01  8480   0.169E+01    0.296E+00
RMM:  14    -0.905236416273E+02    0.20109E+00   -0.45752E-01  8480   0.126E+00    0.150E+00
RMM:  15    -0.904355636264E+02    0.88078E-01   -0.37948E-02  8480   0.820E-01    0.182E-01
RMM:  16    -0.904363419910E+02   -0.77836E-03   -0.59075E-03  8480   0.212E-01    0.103E-01
RMM:  17    -0.904358361459E+02    0.50585E-03   -0.13425E-04  8317   0.287E-02    0.232E-02
RMM:  18    -0.904358211740E+02    0.14972E-04   -0.71217E-05  7686   0.276E-02    0.232E-03
RMM:  19    -0.904358140145E+02    0.71594E-05   -0.80507E-07  4608   0.293E-03
   1 F= -.90435814E+02 E0= -.90430966E+02  d E =-.904358E+02
