Startup is 'sourced'
Opening the database
Phonon calculation for Untitled_1

Phonon parameters
=================
The calculation explores the full Brillouin zone and accounts for an interaction range of about 10.0 Angstroem.
The asymmetric atoms are displaced by +/-0.02 Angstroem.

In a first step, need to run an optimization of atom positions for the supercell containing 32 atoms.
Then, need to run a total number of 2 single point energy calculations on supercells with displaced atoms containing 32 atoms.

      Supercell transformation matrix              Supercell lattice vectors
       2.00000    0.00000    0.00000             8.66796    0.00000    0.00000
       0.00000    2.00000    0.00000             0.00000    8.66796    0.00000
       0.00000    0.00000    2.00000             0.00000    0.00000    8.66796

     Supercell           Site        Displaced atom     Displacement (fractional units)
   ---------------    ----------     --------------     -------------------------------
  undisplaced           ----            ----             0.00000    0.00000    0.00000
  displaced_Au__a       Au              Au               0.00231    0.00000    0.00000
  displaced_Au__b       Au              Au              -0.00231    0.00000    0.00000

Invariance conditions are not enforced.
No approximation to LO/TO splitting
Properties: Phonon dispersion and form factors 
            Phonon density of states 
            Thermodynamic functions
==========================================


VASP parameters
===============
Since no magnetic moments are in the model, this is a non-magnetic calculation using 'accurate' precision
and a user-defined planewave cutoff energy of 600.000 eV.

The electronic iterations convergence is 1.00E-005 eV using the Very Fast (RMM-DIIS) algorithm
and reciprocal space projection operators.

The requested k-spacing is 0.1 per Angstrom, which leads to a 26x26x26 mesh.
This corresponds to actual k-spacings of 0.097 x 0.097 x 0.097 per Angstrom.

Using first order Methfessel-Paxton smearing with a width of 0.2 eV.

Other non-default parameters:
	Extrafine augmentation grid for accurate forces is TRUE
	Algorithm is Very Fast (RMM-DIIS)
	Wave functions is TRUE
==========================================

------------------------------------------------------------------------

Results for initial structural minimization of the supercell without displacements:
--------------------------------------------------------------------------------------

There are 20 symmetry-unique k-points
The plane wave cutoff is 600.00 eV

   VASP energy:            -101.972194 eV for Au32

   Initial VASP energy:    -101.972190 eV for Au32
   Relaxation energy:        -0.000004 eV gained after 1 optimization steps.

Electronic contributions:
                          Empirical Formula          Cell
                                    Au          (Au)32
                          --------------- ---------------
              VASP Energy        -307.463       -9838.819 kJ/mol
      Energy of formation           8.209         262.678
                  PV term        -134.706       -4310.578

   This is the electronic part of the formation energy with respect to the
   elements in their standard state. It is obtained from the total energy (above)
   and tabulated VASP energies for the elements in their standard state.
   See the documentation for more details.

   Details for Au:
                                             VASP energy (Etot):     -307.46 kJ/mol
       Standard state energy of 1.00 atoms of Au  1.00 * -315.67:  -  -315.67
                                                                   ----------
                                        Energy of formation (Ef):        8.21 kJ/mol


Cell parameters:
 Parameter    Value    
---------- ------------
         a     8.667961
         b     8.667961
         c     8.667961
     alpha    89.999999
      beta    89.999999
     gamma    89.999999

    Volume    81.406828 Ang^3

        Density:    16.071 Mg/m^3

   The pressure given below is exerted by the system according to its volume.
   Positive pressure would cause expansion during full geometry optimization.
       Pressure:   -10.991 GPa
               =  -109.910 kbar

                      XX        YY        ZZ        XY        YZ        ZX
         Stress:    10.991    10.991    10.991     0.000     0.000     0.000 GPa
               =   109.910   109.910   109.910     0.000     0.000     0.000 kbar
   The stress tensor above is imposed on the system, i.e. negative values of diagonal components 
   would cause expansion of the corresponding lattice parameter upon full geometry optimization.
   The pressure and stress include only electronic terms, i.e. the vibrational,
   temperature and other terms are not included here.

Fractional Coordinates:
	Atom          Initial Coordinates             Final Coordinates
	-----      -------- -------- --------      -------- -------- --------
	Au           0.7500   0.7500   0.5000        0.7500   0.7500   0.5000
	Au           0.7500   0.7500   0.0000        0.7500   0.7500   0.0000
	Au           0.7500   0.0000   0.2500        0.7500   0.0000   0.2500
	Au           0.7500   0.2500   0.5000        0.7500   0.2500   0.5000
	Au           0.0000   0.7500   0.2500        0.0000   0.7500   0.2500
	Au           0.0000   0.0000   0.5000        0.0000   0.0000   0.5000
	Au           0.2500   0.7500   0.5000        0.2500   0.7500   0.5000
	Au           0.7500   0.0000   0.7500        0.7500   0.0000   0.7500
	Au           0.7500   0.2500   0.0000        0.7500   0.2500   0.0000
	Au           0.7500   0.5000   0.2500        0.7500   0.5000   0.2500
	Au           0.0000   0.7500   0.7500        0.0000   0.7500   0.7500
	Au           0.0000   0.0000   0.0000        0.0000   0.0000   0.0000
	Au           0.0000   0.2500   0.2500        0.0000   0.2500   0.2500
	Au           0.0000   0.5000   0.5000        0.0000   0.5000   0.5000
	Au           0.2500   0.7500   0.0000        0.2500   0.7500   0.0000
	Au           0.2500   0.0000   0.2500        0.2500   0.0000   0.2500
	Au           0.2500   0.2500   0.5000        0.2500   0.2500   0.5000
	Au           0.5000   0.7500   0.2500        0.5000   0.7500   0.2500
	Au           0.5000   0.0000   0.5000        0.5000   0.0000   0.5000
	Au           0.7500   0.5000   0.7500        0.7500   0.5000   0.7500
	Au           0.0000   0.2500   0.7500        0.0000   0.2500   0.7500
	Au           0.0000   0.5000   0.0000        0.0000   0.5000   0.0000
	Au           0.2500   0.0000   0.7500        0.2500   0.0000   0.7500
	Au           0.2500   0.2500   0.0000        0.2500   0.2500   0.0000
	Au           0.2500   0.5000   0.2500        0.2500   0.5000   0.2500
	Au           0.5000   0.7500   0.7500        0.5000   0.7500   0.7500
	Au           0.5000   0.0000   0.0000        0.5000   0.0000   0.0000
	Au           0.5000   0.2500   0.2500        0.5000   0.2500   0.2500
	Au           0.5000   0.5000   0.5000        0.5000   0.5000   0.5000
	Au           0.2500   0.5000   0.7500        0.2500   0.5000   0.7500
	Au           0.5000   0.2500   0.7500        0.5000   0.2500   0.7500
	Au           0.5000   0.5000   0.0000        0.5000   0.5000   0.0000

Results for supercell calculations:
------------------------------------------------------------------------
	        Supercell         Energy (eV)
	      -------------      -------------
	        undisplaced      -101.97219
	     displaced_Au__a     -101.97179
	     displaced_Au__b     -101.97179


Symmetry analysis of Gamma point phonon frequencies:
----------------------------------------------------
   Crystal  Point  Group: O_h   (m3m) 
   Supercell Point Group: O_h   (m3m) 
    Table of irreducible representations of point group:
 ------------------------------------------
    IR     1  5  7  9 11  6  8 10 12 13 16 17 18 21 23 14 15 19 20 22 24  2  3  4 25 38 39 43 44 46 48 29 30 31 32 33 34 35 36 26 27 28 37 40 41 42 45 47
 ------------------------------------------
 A1g(R)    1  1  1  1  1  1  1  1  1  1  1  1  1  1  1  1  1  1  1  1  1  1  1  1  1  1  1  1  1  1  1  1  1  1  1  1  1  1  1  1  1  1  1  1  1  1  1  1   x^2+y^2+z^2                         
 A2g       1  1  1  1  1  1  1  1  1 -1 -1 -1 -1 -1 -1 -1 -1 -1 -1 -1 -1  1  1  1  1 -1 -1 -1 -1 -1 -1  1  1  1  1  1  1  1  1  1  1  1 -1 -1 -1 -1 -1 -1                                       
 Eg(R)     2 -1 -1 -1 -1 -1 -1 -1 -1  0  0  0  0  0  0  0  0  0  0  0  0  2  2  2  2  0  0  0  0  0  0 -1 -1 -1 -1 -1 -1 -1 -1  2  2  2  0  0  0  0  0  0   (2z^2-x^2-y^2, x^2-y^2)             
 T1g       3  0  0  0  0  0  0  0  0 -1 -1 -1 -1 -1 -1  1  1  1  1  1  1 -1 -1 -1  3  1  1  1  1  1  1  0  0  0  0  0  0  0  0 -1 -1 -1 -1 -1 -1 -1 -1 -1                                       
 T2g(R)    3  0  0  0  0  0  0  0  0  1  1  1  1  1  1 -1 -1 -1 -1 -1 -1 -1 -1 -1  3 -1 -1 -1 -1 -1 -1  0  0  0  0  0  0  0  0 -1 -1 -1  1  1  1  1  1  1   (xy,xz,yz)                          
 A1u       1  1  1  1  1  1  1  1  1  1  1  1  1  1  1  1  1  1  1  1  1  1  1  1 -1 -1 -1 -1 -1 -1 -1 -1 -1 -1 -1 -1 -1 -1 -1 -1 -1 -1 -1 -1 -1 -1 -1 -1                                       
 A2u       1  1  1  1  1  1  1  1  1 -1 -1 -1 -1 -1 -1 -1 -1 -1 -1 -1 -1  1  1  1 -1  1  1  1  1  1  1 -1 -1 -1 -1 -1 -1 -1 -1 -1 -1 -1  1  1  1  1  1  1                                       
 Eu        2 -1 -1 -1 -1 -1 -1 -1 -1  0  0  0  0  0  0  0  0  0  0  0  0  2  2  2 -2  0  0  0  0  0  0  1  1  1  1  1  1  1  1 -2 -2 -2  0  0  0  0  0  0                                       
 T1u(I)    3  0  0  0  0  0  0  0  0 -1 -1 -1 -1 -1 -1  1  1  1  1  1  1 -1 -1 -1 -3 -1 -1 -1 -1 -1 -1  0  0  0  0  0  0  0  0  1  1  1  1  1  1  1  1  1   (x,y,z)                             
 T2u       3  0  0  0  0  0  0  0  0  1  1  1  1  1  1 -1 -1 -1 -1 -1 -1 -1 -1 -1 -3  1  1  1  1  1  1  0  0  0  0  0  0  0  0  1  1  1 -1 -1 -1 -1 -1 -1                                       
 ------------------------------------------
    Wave vector= 0.0000  0.0000  0.0000    no macro. electric field
 Multi. Omega   Irreducible Representations
  3    -0.010     T1u(I)                                                                                                     
Notation: (R)  Raman active mode
          (I)  Infrared active mode
          (RI) Raman and Infrared active mode

Thermodynamic Properties
   for empirical formula Au

The following thermodynamic functions are obtained from the phonon
density of states within the harmonic approximation. The results are
meaningful only below the melting point, which lies well below 3000 K
for most materials.
Definitions:
      Cv            : vibrational heat capacity at constant volume
E_vib(T)=E(T)-E(0)  : the change in vibrational internal energy from 0 K, where
                        E(0) = E_elec + ZPE is the electronic energy of formation E_elec plus the zero point energy ZPE
      S(T)          : the vibrational entropy at temperature T
   -(A(T)-E(0))     : the change in the vibrational Helmholtz free energy from 0 K
      E(T)          : the electronic energy of formation plus the vibrational internal energy, so this term is
                        E_elec + ZPE + E_vib(T)
      A(T)          : the electronic plus vibrational Helmholtz free energy,
                        E(T) - T.S(T)
Note that the electronic energy, which is part of the enthalpy and free energies,
 is referenced to the elements in their standard state.

Electronic energy =     8.21 kJ/mol (referenced to elements in the standard state)
          PV term =  -134.71 kJ/mol
Zero-point energy =     0.88 kJ/mol

    T       Cv       E(T)-E(0)      S(T)   -(A(T)-E(0))     E(T)        A(T)
    K     J/K/mol      kJ/mol     J/K/mol     kJ/mol       kJ/mol      kJ/mol
  ----- ----------- ----------- ----------- ----------- ----------- -----------
     0      0.0000      0.0000      0.0000      0.0000      9.0918      9.0918
     1      0.0098      0.0000      0.0030      0.0000      9.0918      9.0918
     2      0.0484      0.0000      0.0201      0.0000      9.0918      9.0918
     3      0.1197      0.0001      0.0518      0.0000      9.0919      9.0917
     4      0.2478      0.0003      0.1020      0.0001      9.0921      9.0916
     5      0.4700      0.0006      0.1791      0.0003      9.0924      9.0915
    10      3.3761      0.0092      1.2469      0.0033      9.1009      9.0885
    15      7.3921      0.0361      3.3776      0.0145      9.1279      9.0772
    20     10.9520      0.0823      6.0079      0.0379      9.1740      9.0539
    30     16.0306      0.2193     11.4952      0.1255      9.3111      8.9662
    40     19.0285      0.3959     16.5556      0.2663      9.4877      8.8255
    50     20.8147      0.5959     21.0100      0.4546      9.6877      8.6372
    60     21.9281      0.8100     24.9110      0.6846      9.9018      8.4071
    70     22.6570      1.0332     28.3497      0.9513     10.1249      8.1405
    80     23.1557      1.2624     31.4096      1.2504     10.3542      7.8414
    90     23.5100      1.4958     34.1586      1.5784     10.5876      7.5133
   100     23.7700      1.7323     36.6497      1.9327     10.8240      7.1591
   125     24.1799      2.3322     42.0027      2.9181     11.4240      6.1736
   150     24.4084      2.9398     46.4333      4.0252     12.0316      5.0666
   175     24.5482      3.5519     50.2071      5.2343     12.6436      3.8574
   200     24.6397      4.1668     53.4915      6.5314     13.2586      2.5603
   225     24.7029      4.7836     56.3975      7.9057     13.8754      1.1860
   250     24.7483      5.4018     59.0026      9.3488     14.4936     -0.2570
   273     24.7796      5.9714     61.1822     10.7313     15.0631     -1.6395
   275     24.7819      6.0209     61.3631     10.8538     15.1127     -1.7620
   298     24.8058      6.5912     63.3546     12.2884     15.6830     -3.1966
   300     24.8076      6.6408     63.5205     12.4152     15.7326     -3.3235
   350     24.8435      7.8821     67.3475     15.6894     16.9739     -6.5976
   400     24.8669      9.1249     70.6666     19.1415     18.2167    -10.0497
   450     24.8829     10.3687     73.5964     22.7495     19.4605    -13.6577
   500     24.8944     11.6131     76.2187     26.4960     20.7049    -17.4042
   550     24.9029     12.8581     78.5918     30.3672     21.9498    -21.2754
   600     24.9094     14.1034     80.7590     34.3517     23.1951    -25.2599
   650     24.9144     15.3490     82.7530     38.4401     24.4407    -29.3484
   700     24.9184     16.5948     84.5995     42.6245     25.6865    -33.5327
   750     24.9216     17.8408     86.3188     46.8979     26.9325    -37.8062
   800     24.9243     19.0869     87.9273     51.2545     28.1787    -42.1627
   850     24.9265     20.3332     89.4384     55.6890     29.4249    -46.5972
   900     24.9283     21.5795     90.8631     60.1968     30.6713    -51.1051
   950     24.9299     22.8260     92.2110     64.7740     31.9178    -55.6822
  1000     24.9312     24.0725     93.4898     69.4167     33.1643    -60.3249
  1050     24.9323     25.3191     94.7062     74.1218     34.4109    -65.0301
  1100     24.9333     26.5657     95.8661     78.8863     35.6575    -69.7946
  1150     24.9342     27.8124     96.9745     83.7075     36.9042    -74.6158
  1200     24.9349     29.0591     98.0357     88.5829     38.1509    -79.4912
  1250     24.9356     30.3059     99.0535     93.5103     39.3976    -84.4185
  1300     24.9362     31.5527    100.0316     98.4875     40.6444    -89.3958
  1350     24.9367     32.7995    100.9727    103.5128     41.8913    -94.4210
  1400     24.9372     34.0463    101.8795    108.5842     43.1381    -99.4925
  1450     24.9376     35.2932    102.7546    113.7001     44.3850   -104.6083
  1500     24.9380     36.5401    103.6001    118.8592     45.6318   -109.7674
  1550     24.9383     37.7870    104.4178    124.0596     46.8787   -114.9678
  1600     24.9387     39.0339    105.2096    129.3004     48.1257   -120.2086
  1650     24.9389     40.2808    105.9770    134.5801     49.3726   -125.4883
  1700     24.9392     41.5278    106.7215    139.8976     50.6195   -130.8058
  1750     24.9394     42.7747    107.4444    145.2518     51.8665   -136.1601
  1800     24.9397     44.0217    108.1470    150.6417     53.1135   -141.5499
  1850     24.9399     45.2687    108.8303    156.0662     54.3605   -146.9744
  1900     24.9401     46.5157    109.4954    161.5243     55.6074   -152.4325
  1950     24.9402     47.7627    110.1433    167.0154     56.8544   -157.9236
  2000     24.9404     49.0097    110.7747    172.5383     58.1014   -163.4465
  2100     24.9407     51.5037    111.9916    183.6770     60.5955   -174.5853
  2200     24.9409     53.9978    113.1518    194.9345     63.0896   -185.8428
  2300     24.9411     56.4919    114.2604    206.3055     65.5836   -197.2138
  2400     24.9413     58.9860    115.3219    217.7850     68.0778   -208.6932
  2500     24.9415     61.4801    116.3401    229.3683     70.5719   -220.2765
  2600     24.9416     63.9742    117.3183    241.0515     73.0660   -231.9598
  2700     24.9418     66.4684    118.2596    252.8306     75.5602   -243.7389
  2800     24.9419     68.9626    119.1667    264.7021     78.0543   -255.6103
  2900     24.9420     71.4568    120.0419    276.6627     80.5485   -267.5709
  3000     24.9421     73.9509    120.8875    288.7094     83.0427   -279.6176

Job completed on Wed 25 January 2017 at 18:07:42 æ±äº¬ (æ¨™æº–æ™‚) after 3981 s (1:06:21)
