Startup is 'sourced'
Opening the database
Phonon calculation for Untitled

Phonon parameters
=================
The calculation explores the full Brillouin zone and accounts for an interaction range of about 10.0 Angstroem.
The asymmetric atoms are displaced by +/-0.02 Angstroem.

In a first step, need to run an optimization of atom positions for the supercell containing 32 atoms.
Then, need to run a total number of 2 single point energy calculations on supercells with displaced atoms containing 32 atoms.

      Supercell transformation matrix              Supercell lattice vectors
       2.00000    0.00000    0.00000             8.23610    0.00000    0.00000
       0.00000    2.00000    0.00000             0.00000    8.23610    0.00000
       0.00000    0.00000    2.00000             0.00000    0.00000    8.23610

     Supercell           Site        Displaced atom     Displacement (fractional units)
   ---------------    ----------     --------------     -------------------------------
  undisplaced           ----            ----             0.00000    0.00000    0.00000
  displaced_Al__a       Al              Al               0.00243    0.00000    0.00000
  displaced_Al__b       Al              Al              -0.00243    0.00000    0.00000

Invariance conditions are not enforced.
No approximation to LO/TO splitting
Properties: Phonon dispersion and form factors 
            Phonon density of states 
            Thermodynamic functions
==========================================


VASP parameters
===============
Since no magnetic moments are in the model, this is a non-magnetic calculation using 'accurate' precision
and a user-defined planewave cutoff energy of 600.000 eV.

The electronic iterations convergence is 1.00E-005 eV using the Normal (blocked Davidson) algorithm
and reciprocal space projection operators.

The requested k-spacing is 0.3 per Angstrom, which leads to a 9x9x9 mesh.
This corresponds to actual k-spacings of 0.294 x 0.294 x 0.294 per Angstrom.

Using first order Methfessel-Paxton smearing with a width of 0.2 eV.

Other non-default parameters:
	Extrafine augmentation grid for accurate forces is TRUE
	Wave functions is TRUE
==========================================

------------------------------------------------------------------------

Results for initial structural minimization of the supercell without displacements:
--------------------------------------------------------------------------------------

There are 4 symmetry-unique k-points
The plane wave cutoff is 600.00 eV

   VASP energy:            -120.200630 eV for Al32

   Initial VASP energy:    -120.200630 eV for Al32
   Relaxation energy:         0.000000 eV gained after 1 optimization steps.

Electronic contributions:
                          Empirical Formula          Cell
                                    Al          (Al)32
                          --------------- ---------------
              VASP Energy        -362.425      -11597.595 kJ/mol
      Energy of formation          -1.445         -46.241
                  PV term         -38.397       -1228.696

   This is the electronic part of the formation energy with respect to the
   elements in their standard state. It is obtained from the total energy (above)
   and tabulated VASP energies for the elements in their standard state.
   See the documentation for more details.

   Details for Al:
                                             VASP energy (Etot):     -362.42 kJ/mol
       Standard state energy of 1.00 atoms of Al  1.00 * -360.98:  -  -360.98
                                                                   ----------
                                        Energy of formation (Ef):       -1.45 kJ/mol


Cell parameters:
 Parameter    Value    
---------- ------------
         a     8.236104
         b     8.236104
         c     8.236104
     alpha    89.999999
      beta    89.999999
     gamma    89.999999

    Volume    69.835383 Ang^3

        Density:     2.566 Mg/m^3

   The pressure given below is exerted by the system according to its volume.
   Positive pressure would cause expansion during full geometry optimization.
       Pressure:    -3.652 GPa
               =   -36.520 kbar

                      XX        YY        ZZ        XY        YZ        ZX
         Stress:     3.652     3.652     3.652     0.000     0.000     0.000 GPa
               =    36.520    36.520    36.520     0.000     0.000     0.000 kbar
   The stress tensor above is imposed on the system, i.e. negative values of diagonal components 
   would cause expansion of the corresponding lattice parameter upon full geometry optimization.
   The pressure and stress include only electronic terms, i.e. the vibrational,
   temperature and other terms are not included here.

Fractional Coordinates:
	Atom          Initial Coordinates             Final Coordinates
	-----      -------- -------- --------      -------- -------- --------
	Al           0.7500   0.7500   0.5000        0.7500   0.7500   0.5000
	Al           0.7500   0.7500   0.0000        0.7500   0.7500   0.0000
	Al           0.7500   0.0000   0.2500        0.7500   0.0000   0.2500
	Al           0.7500   0.2500   0.5000        0.7500   0.2500   0.5000
	Al           0.0000   0.7500   0.2500        0.0000   0.7500   0.2500
	Al           0.0000   0.0000   0.5000        0.0000   0.0000   0.5000
	Al           0.2500   0.7500   0.5000        0.2500   0.7500   0.5000
	Al           0.7500   0.0000   0.7500        0.7500   0.0000   0.7500
	Al           0.7500   0.2500   0.0000        0.7500   0.2500   0.0000
	Al           0.7500   0.5000   0.2500        0.7500   0.5000   0.2500
	Al           0.0000   0.7500   0.7500        0.0000   0.7500   0.7500
	Al           0.0000   0.0000   0.0000        0.0000   0.0000   0.0000
	Al           0.0000   0.2500   0.2500        0.0000   0.2500   0.2500
	Al           0.0000   0.5000   0.5000        0.0000   0.5000   0.5000
	Al           0.2500   0.7500   0.0000        0.2500   0.7500   0.0000
	Al           0.2500   0.0000   0.2500        0.2500   0.0000   0.2500
	Al           0.2500   0.2500   0.5000        0.2500   0.2500   0.5000
	Al           0.5000   0.7500   0.2500        0.5000   0.7500   0.2500
	Al           0.5000   0.0000   0.5000        0.5000   0.0000   0.5000
	Al           0.7500   0.5000   0.7500        0.7500   0.5000   0.7500
	Al           0.0000   0.2500   0.7500        0.0000   0.2500   0.7500
	Al           0.0000   0.5000   0.0000        0.0000   0.5000   0.0000
	Al           0.2500   0.0000   0.7500        0.2500   0.0000   0.7500
	Al           0.2500   0.2500   0.0000        0.2500   0.2500   0.0000
	Al           0.2500   0.5000   0.2500        0.2500   0.5000   0.2500
	Al           0.5000   0.7500   0.7500        0.5000   0.7500   0.7500
	Al           0.5000   0.0000   0.0000        0.5000   0.0000   0.0000
	Al           0.5000   0.2500   0.2500        0.5000   0.2500   0.2500
	Al           0.5000   0.5000   0.5000        0.5000   0.5000   0.5000
	Al           0.2500   0.5000   0.7500        0.2500   0.5000   0.7500
	Al           0.5000   0.2500   0.7500        0.5000   0.2500   0.7500
	Al           0.5000   0.5000   0.0000        0.5000   0.5000   0.0000

Results for supercell calculations:
------------------------------------------------------------------------
	        Supercell         Energy (eV)
	      -------------      -------------
	        undisplaced      -120.20063
	     displaced_Al__a     -120.19989
	     displaced_Al__b     -120.19989


Symmetry analysis of Gamma point phonon frequencies:
----------------------------------------------------
   Crystal  Point  Group: O_h   (m3m) 
   Supercell Point Group: O_h   (m3m) 
    Table of irreducible representations of point group:
 ------------------------------------------
    IR     1  5  7  9 11  6  8 10 12 13 16 17 18 21 23 14 15 19 20 22 24  2  3  4 25 38 39 43 44 46 48 29 30 31 32 33 34 35 36 26 27 28 37 40 41 42 45 47
 ------------------------------------------
 A1g(R)    1  1  1  1  1  1  1  1  1  1  1  1  1  1  1  1  1  1  1  1  1  1  1  1  1  1  1  1  1  1  1  1  1  1  1  1  1  1  1  1  1  1  1  1  1  1  1  1   x^2+y^2+z^2                         
 A2g       1  1  1  1  1  1  1  1  1 -1 -1 -1 -1 -1 -1 -1 -1 -1 -1 -1 -1  1  1  1  1 -1 -1 -1 -1 -1 -1  1  1  1  1  1  1  1  1  1  1  1 -1 -1 -1 -1 -1 -1                                       
 Eg(R)     2 -1 -1 -1 -1 -1 -1 -1 -1  0  0  0  0  0  0  0  0  0  0  0  0  2  2  2  2  0  0  0  0  0  0 -1 -1 -1 -1 -1 -1 -1 -1  2  2  2  0  0  0  0  0  0   (2z^2-x^2-y^2, x^2-y^2)             
 T1g       3  0  0  0  0  0  0  0  0 -1 -1 -1 -1 -1 -1  1  1  1  1  1  1 -1 -1 -1  3  1  1  1  1  1  1  0  0  0  0  0  0  0  0 -1 -1 -1 -1 -1 -1 -1 -1 -1                                       
 T2g(R)    3  0  0  0  0  0  0  0  0  1  1  1  1  1  1 -1 -1 -1 -1 -1 -1 -1 -1 -1  3 -1 -1 -1 -1 -1 -1  0  0  0  0  0  0  0  0 -1 -1 -1  1  1  1  1  1  1   (xy,xz,yz)                          
 A1u       1  1  1  1  1  1  1  1  1  1  1  1  1  1  1  1  1  1  1  1  1  1  1  1 -1 -1 -1 -1 -1 -1 -1 -1 -1 -1 -1 -1 -1 -1 -1 -1 -1 -1 -1 -1 -1 -1 -1 -1                                       
 A2u       1  1  1  1  1  1  1  1  1 -1 -1 -1 -1 -1 -1 -1 -1 -1 -1 -1 -1  1  1  1 -1  1  1  1  1  1  1 -1 -1 -1 -1 -1 -1 -1 -1 -1 -1 -1  1  1  1  1  1  1                                       
 Eu        2 -1 -1 -1 -1 -1 -1 -1 -1  0  0  0  0  0  0  0  0  0  0  0  0  2  2  2 -2  0  0  0  0  0  0  1  1  1  1  1  1  1  1 -2 -2 -2  0  0  0  0  0  0                                       
 T1u(I)    3  0  0  0  0  0  0  0  0 -1 -1 -1 -1 -1 -1  1  1  1  1  1  1 -1 -1 -1 -3 -1 -1 -1 -1 -1 -1  0  0  0  0  0  0  0  0  1  1  1  1  1  1  1  1  1   (x,y,z)                             
 T2u       3  0  0  0  0  0  0  0  0  1  1  1  1  1  1 -1 -1 -1 -1 -1 -1 -1 -1 -1 -3  1  1  1  1  1  1  0  0  0  0  0  0  0  0  1  1  1 -1 -1 -1 -1 -1 -1                                       
 ------------------------------------------
    Wave vector= 0.0000  0.0000  0.0000    no macro. electric field
 Multi. Omega   Irreducible Representations
  3    -0.037     T1u(I)                                                                                                     
Notation: (R)  Raman active mode
          (I)  Infrared active mode
          (RI) Raman and Infrared active mode

Thermodynamic Properties
   for empirical formula Al

The following thermodynamic functions are obtained from the phonon
density of states within the harmonic approximation. The results are
meaningful only below the melting point, which lies well below 3000 K
for most materials.
Definitions:
      Cv            : vibrational heat capacity at constant volume
E_vib(T)=E(T)-E(0)  : the change in vibrational internal energy from 0 K, where
                        E(0) = E_elec + ZPE is the electronic energy of formation E_elec plus the zero point energy ZPE
      S(T)          : the vibrational entropy at temperature T
   -(A(T)-E(0))     : the change in the vibrational Helmholtz free energy from 0 K
      E(T)          : the electronic energy of formation plus the vibrational internal energy, so this term is
                        E_elec + ZPE + E_vib(T)
      A(T)          : the electronic plus vibrational Helmholtz free energy,
                        E(T) - T.S(T)
Note that the electronic energy, which is part of the enthalpy and free energies,
 is referenced to the elements in their standard state.

Electronic energy =    -1.45 kJ/mol (referenced to elements in the standard state)
          PV term =   -38.40 kJ/mol
Zero-point energy =     3.32 kJ/mol

    T       Cv       E(T)-E(0)      S(T)   -(A(T)-E(0))     E(T)        A(T)
    K     J/K/mol      kJ/mol     J/K/mol     kJ/mol       kJ/mol      kJ/mol
  ----- ----------- ----------- ----------- ----------- ----------- -----------
     0      0.0000      0.0000      0.0000      0.0000      1.8770      1.8770
     1      0.0000      0.0000      0.0000      0.0000      1.8770      1.8770
     2      0.0006      0.0000      0.0001      0.0000      1.8770      1.8770
     3      0.0025      0.0000      0.0007      0.0000      1.8770      1.8770
     4      0.0058      0.0000      0.0018      0.0000      1.8770      1.8770
     5      0.0104      0.0000      0.0035      0.0000      1.8770      1.8770
    10      0.0599      0.0002      0.0233      0.0001      1.8771      1.8769
    15      0.1670      0.0007      0.0653      0.0003      1.8777      1.8767
    20      0.3789      0.0020      0.1391      0.0008      1.8790      1.8762
    30      1.3316      0.0099      0.4465      0.0035      1.8869      1.8735
    40      3.0050      0.0311      1.0444      0.0107      1.9081      1.8663
    50      5.0952      0.0714      1.9350      0.0254      1.9484      1.8516
    60      7.2864      0.1333      3.0580      0.0502      2.0103      1.8268
    70      9.3806      0.2168      4.3405      0.0870      2.0937      1.7899
    80     11.2812      0.3203      5.7196      0.1373      2.1972      1.7397
    90     12.9561      0.4417      7.1473      0.2016      2.3186      1.6754
   100     14.4080      0.5787      8.5894      0.2803      2.4556      1.5967
   125     17.1999      0.9760     12.1244      0.5395      2.8530      1.3374
   150     19.0996      1.4312     15.4391      0.8846      3.3082      0.9923
   175     20.4147      1.9261     18.4881      1.3093      3.8031      0.5677
   200     21.3488      2.4488     21.2785      1.8069      4.3258      0.0701
   225     22.0301      2.9915     23.8344      2.3712      4.8684     -0.4943
   250     22.5395      3.5489     26.1831      2.9968      5.4258     -1.1199
   273     22.9012      4.0716     28.1831      3.6223      5.9486     -1.7454
   275     22.9288      4.1174     28.3504      3.6789      5.9944     -1.8019
   298     23.2107      4.6482     30.2037      4.3525      6.5251     -2.4755
   300     23.2324      4.6946     30.3590      4.4130      6.5716     -2.5361
   350     23.6672      5.8679     33.9753      6.0234      7.7448     -4.1465
   400     23.9566      7.0589     37.1558      7.8033      8.9359     -5.9263
   450     24.1584      8.2621     39.9898      9.7332     10.1390     -7.8563
   500     24.3044      9.4738     42.5431     11.7976     11.3508     -9.9206
   550     24.4134     10.6919     44.8649     13.9837     12.5688    -12.1067
   600     24.4968     11.9147     46.9928     16.2808     13.7917    -14.4039
   650     24.5621     13.1413     48.9563     18.6802     15.0182    -16.8032
   700     24.6140     14.3707     50.7785     21.1741     16.2476    -19.2971
   750     24.6561     15.6025     52.4782     23.7559     17.4794    -21.8790
   800     24.6906     16.8362     54.0706     26.4201     18.7131    -24.5431
   850     24.7193     18.0714     55.5684     29.1614     19.9484    -27.2844
   900     24.7434     19.3080     56.9820     31.9755     21.1850    -30.0985
   950     24.7638     20.5457     58.3203     34.8583     22.4226    -32.9814
  1000     24.7812     21.7843     59.5910     37.8063     23.6613    -35.9294
  1050     24.7962     23.0237     60.8005     40.8164     24.9007    -38.9394
  1100     24.8092     24.2639     61.9543     43.8854     26.1408    -42.0085
  1150     24.8206     25.5046     63.0574     47.0109     27.3816    -45.1339
  1200     24.8306     26.7459     64.1139     50.1903     28.6229    -48.3134
  1250     24.8394     27.9877     65.1278     53.4215     29.8646    -51.5446
  1300     24.8473     29.2298     66.1021     56.7024     31.1068    -54.8255
  1350     24.8542     30.4723     67.0400     60.0311     32.3493    -58.1541
  1400     24.8605     31.7152     67.9440     63.4058     33.5922    -61.5289
  1450     24.8661     32.9584     68.8165     66.8249     34.8353    -64.9480
  1500     24.8712     34.2018     69.6596     70.2869     36.0788    -68.4100
  1550     24.8757     35.4455     70.4752     73.7904     37.3224    -71.9134
  1600     24.8799     36.6893     71.2650     77.3340     38.5663    -75.4570
  1650     24.8837     37.9334     72.0307     80.9165     39.8104    -79.0395
  1700     24.8872     39.1777     72.7736     84.5366     41.0547    -82.6597
  1750     24.8903     40.4221     73.4950     88.1934     42.2991    -86.3164
  1800     24.8932     41.6667     74.1963     91.8857     43.5437    -90.0088
  1850     24.8959     42.9114     74.8784     95.6127     44.7884    -93.7357
  1900     24.8984     44.1563     75.5423     99.3733     46.0332    -97.4963
  1950     24.9007     45.4013     76.1891    103.1665     47.2782   -101.2896
  2000     24.9028     46.6463     76.8195    106.9918     48.5233   -105.1148
  2100     24.9066     49.1368     78.0347    114.7349     51.0138   -112.8580
  2200     24.9098     51.6276     79.1934    122.5967     53.5046   -120.7198
  2300     24.9127     54.1187     80.3007    130.5718     55.9957   -128.6949
  2400     24.9152     56.6101     81.3611    138.6553     58.4871   -136.7783
  2500     24.9174     59.1017     82.3782    146.8425     60.9787   -144.9656
  2600     24.9194     61.5936     83.3556    155.1295     63.4705   -153.2525
  2700     24.9212     64.0856     84.2960    163.5123     65.9625   -161.6353
  2800     24.9227     66.5777     85.2024    171.9874     68.4547   -170.1104
  2900     24.9241     69.0701     86.0770    180.5516     70.9470   -178.6747
  3000     24.9254     71.5625     86.9220    189.2017     73.4395   -187.3248

Job completed on Tue 10 January 2017 at 10:20:32 æ±äº¬ (æ¨™æº–æ™‚) after 78 s (0:01:18)
