Startup is 'sourced'
Opening the database
Phonon calculation for Untitled_4

Phonon parameters
=================
The calculation explores the full Brillouin zone and accounts for an interaction range of about 10.0 Angstroem.
The asymmetric atoms are displaced by +/-0.02 Angstroem.

In a first step, need to run an optimization of atom positions for the supercell containing 108 atoms.
Then, need to run a total number of 2 single point energy calculations on supercells with displaced atoms containing 108 atoms.

      Supercell transformation matrix              Supercell lattice vectors
       3.00000    0.00000    0.00000            11.34759    0.00000    0.00000
       0.00000    3.00000    0.00000             0.00000   11.34759    0.00000
       0.00000    0.00000    3.00000             0.00000    0.00000   11.34759

     Supercell           Site        Displaced atom     Displacement (fractional units)
   ---------------    ----------     --------------     -------------------------------
  undisplaced           ----            ----             0.00000    0.00000    0.00000
  displaced_Cu__a       Cu              Cu               0.00176    0.00000    0.00000
  displaced_Cu__b       Cu              Cu              -0.00176    0.00000    0.00000

Invariance conditions are not enforced.
No approximation to LO/TO splitting
Properties: Phonon dispersion and form factors 
            Phonon density of states 
            Thermodynamic functions
==========================================


VASP parameters
===============
Since no magnetic moments are in the model, this is a non-magnetic calculation using 'accurate' precision
and a user-defined planewave cutoff energy of 500.000 eV.

The electronic iterations convergence is 1.00E-005 eV using the Very Fast (RMM-DIIS) algorithm
and reciprocal space projection operators.

The requested k-spacing is 0.1 per Angstrom, which leads to a 29x29x29 mesh.
This corresponds to actual k-spacings of 0.099 x 0.099 x 0.099 per Angstrom.

Using first order Methfessel-Paxton smearing with a width of 0.2 eV.

Other non-default parameters:
	Extrafine augmentation grid for accurate forces is TRUE
	Algorithm is Very Fast (RMM-DIIS)
	Wave functions is TRUE
==========================================

------------------------------------------------------------------------

Results for initial structural minimization of the supercell without displacements:
--------------------------------------------------------------------------------------

There are 10 symmetry-unique k-points
The plane wave cutoff is 500.00 eV

   VASP energy:            -394.780662 eV for Cu108

   Initial VASP energy:    -394.780660 eV for Cu108
   Relaxation energy:        -0.000002 eV gained after 1 optimization steps.

Electronic contributions:
                          Empirical Formula          Cell
                                    Cu         (Cu)108
                          --------------- ---------------
              VASP Energy        -352.690      -38090.534 kJ/mol
      Energy of formation           6.037         651.958
                  PV term         -98.310      -10617.532

   This is the electronic part of the formation energy with respect to the
   elements in their standard state. It is obtained from the total energy (above)
   and tabulated VASP energies for the elements in their standard state.
   See the documentation for more details.

   Details for Cu:
                                             VASP energy (Etot):     -352.69 kJ/mol
       Standard state energy of 1.00 atoms of Cu  1.00 * -358.73:  -  -358.73
                                                                   ----------
                                        Energy of formation (Ef):        6.04 kJ/mol


Cell parameters:
 Parameter    Value    
---------- ------------
         a    11.347591
         b    11.347591
         c    11.347591
     alpha    89.999999
      beta    89.999999
     gamma    89.999999

    Volume    54.118685 Ang^3

        Density:     7.799 Mg/m^3

   The pressure given below is exerted by the system according to its volume.
   Positive pressure would cause expansion during full geometry optimization.
       Pressure:   -12.066 GPa
               =  -120.660 kbar

                      XX        YY        ZZ        XY        YZ        ZX
         Stress:    12.066    12.066    12.066     0.000     0.000     0.000 GPa
               =   120.660   120.660   120.660     0.000     0.000     0.000 kbar
   The stress tensor above is imposed on the system, i.e. negative values of diagonal components 
   would cause expansion of the corresponding lattice parameter upon full geometry optimization.
   The pressure and stress include only electronic terms, i.e. the vibrational,
   temperature and other terms are not included here.

Fractional Coordinates:
	Atom          Initial Coordinates             Final Coordinates
	-----      -------- -------- --------      -------- -------- --------
	Cu           0.6667   0.6667   0.3333        0.6667   0.6667   0.3333
	Cu           0.6667   0.8333   0.5000        0.6667   0.8333   0.5000
	Cu           0.8333   0.6667   0.5000        0.8333   0.6667   0.5000
	Cu           0.6667   0.6667   0.0000        0.6667   0.6667   0.0000
	Cu           0.6667   0.8333   0.1667        0.6667   0.8333   0.1667
	Cu           0.6667   0.0000   0.3333        0.6667   0.0000   0.3333
	Cu           0.6667   0.1667   0.5000        0.6667   0.1667   0.5000
	Cu           0.8333   0.6667   0.1667        0.8333   0.6667   0.1667
	Cu           0.8333   0.8333   0.3333        0.8333   0.8333   0.3333
	Cu           0.8333   0.0000   0.5000        0.8333   0.0000   0.5000
	Cu           0.0000   0.6667   0.3333        0.0000   0.6667   0.3333
	Cu           0.0000   0.8333   0.5000        0.0000   0.8333   0.5000
	Cu           0.1667   0.6667   0.5000        0.1667   0.6667   0.5000
	Cu           0.6667   0.6667   0.6667        0.6667   0.6667   0.6667
	Cu           0.6667   0.8333   0.8333        0.6667   0.8333   0.8333
	Cu           0.6667   0.0000   0.0000        0.6667   0.0000   0.0000
	Cu           0.6667   0.1667   0.1667        0.6667   0.1667   0.1667
	Cu           0.6667   0.3333   0.3333        0.6667   0.3333   0.3333
	Cu           0.6667   0.5000   0.5000        0.6667   0.5000   0.5000
	Cu           0.8333   0.6667   0.8333        0.8333   0.6667   0.8333
	Cu           0.8333   0.8333   0.0000        0.8333   0.8333   0.0000
	Cu           0.8333   0.0000   0.1667        0.8333   0.0000   0.1667
	Cu           0.8333   0.1667   0.3333        0.8333   0.1667   0.3333
	Cu           0.8333   0.3333   0.5000        0.8333   0.3333   0.5000
	Cu           0.0000   0.6667   0.0000        0.0000   0.6667   0.0000
	Cu           0.0000   0.8333   0.1667        0.0000   0.8333   0.1667
	Cu           0.0000   0.0000   0.3333        0.0000   0.0000   0.3333
	Cu           0.0000   0.1667   0.5000        0.0000   0.1667   0.5000
	Cu           0.1667   0.6667   0.1667        0.1667   0.6667   0.1667
	Cu           0.1667   0.8333   0.3333        0.1667   0.8333   0.3333
	Cu           0.1667   0.0000   0.5000        0.1667   0.0000   0.5000
	Cu           0.3333   0.6667   0.3333        0.3333   0.6667   0.3333
	Cu           0.3333   0.8333   0.5000        0.3333   0.8333   0.5000
	Cu           0.5000   0.6667   0.5000        0.5000   0.6667   0.5000
	Cu           0.6667   0.0000   0.6667        0.6667   0.0000   0.6667
	Cu           0.6667   0.1667   0.8333        0.6667   0.1667   0.8333
	Cu           0.6667   0.3333   0.0000        0.6667   0.3333   0.0000
	Cu           0.6667   0.5000   0.1667        0.6667   0.5000   0.1667
	Cu           0.8333   0.8333   0.6667        0.8333   0.8333   0.6667
	Cu           0.8333   0.0000   0.8333        0.8333   0.0000   0.8333
	Cu           0.8333   0.1667   0.0000        0.8333   0.1667   0.0000
	Cu           0.8333   0.3333   0.1667        0.8333   0.3333   0.1667
	Cu           0.8333   0.5000   0.3333        0.8333   0.5000   0.3333
	Cu           0.0000   0.6667   0.6667        0.0000   0.6667   0.6667
	Cu           0.0000   0.8333   0.8333        0.0000   0.8333   0.8333
	Cu           0.0000   0.0000   0.0000        0.0000   0.0000   0.0000
	Cu           0.0000   0.1667   0.1667        0.0000   0.1667   0.1667
	Cu           0.0000   0.3333   0.3333        0.0000   0.3333   0.3333
	Cu           0.0000   0.5000   0.5000        0.0000   0.5000   0.5000
	Cu           0.1667   0.6667   0.8333        0.1667   0.6667   0.8333
	Cu           0.1667   0.8333   0.0000        0.1667   0.8333   0.0000
	Cu           0.1667   0.0000   0.1667        0.1667   0.0000   0.1667
	Cu           0.1667   0.1667   0.3333        0.1667   0.1667   0.3333
	Cu           0.1667   0.3333   0.5000        0.1667   0.3333   0.5000
	Cu           0.3333   0.6667   0.0000        0.3333   0.6667   0.0000
	Cu           0.3333   0.8333   0.1667        0.3333   0.8333   0.1667
	Cu           0.3333   0.0000   0.3333        0.3333   0.0000   0.3333
	Cu           0.3333   0.1667   0.5000        0.3333   0.1667   0.5000
	Cu           0.5000   0.6667   0.1667        0.5000   0.6667   0.1667
	Cu           0.5000   0.8333   0.3333        0.5000   0.8333   0.3333
	Cu           0.5000   0.0000   0.5000        0.5000   0.0000   0.5000
	Cu           0.6667   0.3333   0.6667        0.6667   0.3333   0.6667
	Cu           0.6667   0.5000   0.8333        0.6667   0.5000   0.8333
	Cu           0.8333   0.1667   0.6667        0.8333   0.1667   0.6667
	Cu           0.8333   0.3333   0.8333        0.8333   0.3333   0.8333
	Cu           0.8333   0.5000   0.0000        0.8333   0.5000   0.0000
	Cu           0.0000   0.0000   0.6667        0.0000   0.0000   0.6667
	Cu           0.0000   0.1667   0.8333        0.0000   0.1667   0.8333
	Cu           0.0000   0.3333   0.0000        0.0000   0.3333   0.0000
	Cu           0.0000   0.5000   0.1667        0.0000   0.5000   0.1667
	Cu           0.1667   0.8333   0.6667        0.1667   0.8333   0.6667
	Cu           0.1667   0.0000   0.8333        0.1667   0.0000   0.8333
	Cu           0.1667   0.1667   0.0000        0.1667   0.1667   0.0000
	Cu           0.1667   0.3333   0.1667        0.1667   0.3333   0.1667
	Cu           0.1667   0.5000   0.3333        0.1667   0.5000   0.3333
	Cu           0.3333   0.6667   0.6667        0.3333   0.6667   0.6667
	Cu           0.3333   0.8333   0.8333        0.3333   0.8333   0.8333
	Cu           0.3333   0.0000   0.0000        0.3333   0.0000   0.0000
	Cu           0.3333   0.1667   0.1667        0.3333   0.1667   0.1667
	Cu           0.3333   0.3333   0.3333        0.3333   0.3333   0.3333
	Cu           0.3333   0.5000   0.5000        0.3333   0.5000   0.5000
	Cu           0.5000   0.6667   0.8333        0.5000   0.6667   0.8333
	Cu           0.5000   0.8333   0.0000        0.5000   0.8333   0.0000
	Cu           0.5000   0.0000   0.1667        0.5000   0.0000   0.1667
	Cu           0.5000   0.1667   0.3333        0.5000   0.1667   0.3333
	Cu           0.5000   0.3333   0.5000        0.5000   0.3333   0.5000
	Cu           0.8333   0.5000   0.6667        0.8333   0.5000   0.6667
	Cu           0.0000   0.3333   0.6667        0.0000   0.3333   0.6667
	Cu           0.0000   0.5000   0.8333        0.0000   0.5000   0.8333
	Cu           0.1667   0.1667   0.6667        0.1667   0.1667   0.6667
	Cu           0.1667   0.3333   0.8333        0.1667   0.3333   0.8333
	Cu           0.1667   0.5000   0.0000        0.1667   0.5000   0.0000
	Cu           0.3333   0.0000   0.6667        0.3333   0.0000   0.6667
	Cu           0.3333   0.1667   0.8333        0.3333   0.1667   0.8333
	Cu           0.3333   0.3333   0.0000        0.3333   0.3333   0.0000
	Cu           0.3333   0.5000   0.1667        0.3333   0.5000   0.1667
	Cu           0.5000   0.8333   0.6667        0.5000   0.8333   0.6667
	Cu           0.5000   0.0000   0.8333        0.5000   0.0000   0.8333
	Cu           0.5000   0.1667   0.0000        0.5000   0.1667   0.0000
	Cu           0.5000   0.3333   0.1667        0.5000   0.3333   0.1667
	Cu           0.5000   0.5000   0.3333        0.5000   0.5000   0.3333
	Cu           0.1667   0.5000   0.6667        0.1667   0.5000   0.6667
	Cu           0.3333   0.3333   0.6667        0.3333   0.3333   0.6667
	Cu           0.3333   0.5000   0.8333        0.3333   0.5000   0.8333
	Cu           0.5000   0.1667   0.6667        0.5000   0.1667   0.6667
	Cu           0.5000   0.3333   0.8333        0.5000   0.3333   0.8333
	Cu           0.5000   0.5000   0.0000        0.5000   0.5000   0.0000
	Cu           0.5000   0.5000   0.6667        0.5000   0.5000   0.6667

Update the system according to supercell optimization

Results for supercell calculations:
------------------------------------------------------------------------
	        Supercell         Energy (eV)
	      -------------      -------------
	        undisplaced      -394.78066
	     displaced_Cu__a     -394.77992
	     displaced_Cu__b     -394.77992


Symmetry analysis of Gamma point phonon frequencies:
----------------------------------------------------
   Crystal  Point  Group: O_h   (m3m) 
   Supercell Point Group: O_h   (m3m) 
    Table of irreducible representations of point group:
 ------------------------------------------
    IR     1  5  7  9 11  6  8 10 12 13 16 17 18 21 23 14 15 19 20 22 24  2  3  4 25 38 39 43 44 46 48 29 30 31 32 33 34 35 36 26 27 28 37 40 41 42 45 47
 ------------------------------------------
 A1g(R)    1  1  1  1  1  1  1  1  1  1  1  1  1  1  1  1  1  1  1  1  1  1  1  1  1  1  1  1  1  1  1  1  1  1  1  1  1  1  1  1  1  1  1  1  1  1  1  1   x^2+y^2+z^2                         
 A2g       1  1  1  1  1  1  1  1  1 -1 -1 -1 -1 -1 -1 -1 -1 -1 -1 -1 -1  1  1  1  1 -1 -1 -1 -1 -1 -1  1  1  1  1  1  1  1  1  1  1  1 -1 -1 -1 -1 -1 -1                                       
 Eg(R)     2 -1 -1 -1 -1 -1 -1 -1 -1  0  0  0  0  0  0  0  0  0  0  0  0  2  2  2  2  0  0  0  0  0  0 -1 -1 -1 -1 -1 -1 -1 -1  2  2  2  0  0  0  0  0  0   (2z^2-x^2-y^2, x^2-y^2)             
 T1g       3  0  0  0  0  0  0  0  0 -1 -1 -1 -1 -1 -1  1  1  1  1  1  1 -1 -1 -1  3  1  1  1  1  1  1  0  0  0  0  0  0  0  0 -1 -1 -1 -1 -1 -1 -1 -1 -1                                       
 T2g(R)    3  0  0  0  0  0  0  0  0  1  1  1  1  1  1 -1 -1 -1 -1 -1 -1 -1 -1 -1  3 -1 -1 -1 -1 -1 -1  0  0  0  0  0  0  0  0 -1 -1 -1  1  1  1  1  1  1   (xy,xz,yz)                          
 A1u       1  1  1  1  1  1  1  1  1  1  1  1  1  1  1  1  1  1  1  1  1  1  1  1 -1 -1 -1 -1 -1 -1 -1 -1 -1 -1 -1 -1 -1 -1 -1 -1 -1 -1 -1 -1 -1 -1 -1 -1                                       
 A2u       1  1  1  1  1  1  1  1  1 -1 -1 -1 -1 -1 -1 -1 -1 -1 -1 -1 -1  1  1  1 -1  1  1  1  1  1  1 -1 -1 -1 -1 -1 -1 -1 -1 -1 -1 -1  1  1  1  1  1  1                                       
 Eu        2 -1 -1 -1 -1 -1 -1 -1 -1  0  0  0  0  0  0  0  0  0  0  0  0  2  2  2 -2  0  0  0  0  0  0  1  1  1  1  1  1  1  1 -2 -2 -2  0  0  0  0  0  0                                       
 T1u(I)    3  0  0  0  0  0  0  0  0 -1 -1 -1 -1 -1 -1  1  1  1  1  1  1 -1 -1 -1 -3 -1 -1 -1 -1 -1 -1  0  0  0  0  0  0  0  0  1  1  1  1  1  1  1  1  1   (x,y,z)                             
 T2u       3  0  0  0  0  0  0  0  0  1  1  1  1  1  1 -1 -1 -1 -1 -1 -1 -1 -1 -1 -3  1  1  1  1  1  1  0  0  0  0  0  0  0  0  1  1  1 -1 -1 -1 -1 -1 -1                                       
 ------------------------------------------
    Wave vector= 0.0000  0.0000  0.0000    no macro. electric field
 Multi. Omega   Irreducible Representations
  3    -0.017     T1u(I)                                                                                                     
Notation: (R)  Raman active mode
          (I)  Infrared active mode
          (RI) Raman and Infrared active mode

Thermodynamic Properties
   for empirical formula Cu

The following thermodynamic functions are obtained from the phonon
density of states within the harmonic approximation. The results are
meaningful only below the melting point, which lies well below 3000 K
for most materials.
Definitions:
      Cv            : vibrational heat capacity at constant volume
E_vib(T)=E(T)-E(0)  : the change in vibrational internal energy from 0 K, where
                        E(0) = E_elec + ZPE is the electronic energy of formation E_elec plus the zero point energy ZPE
      S(T)          : the vibrational entropy at temperature T
   -(A(T)-E(0))     : the change in the vibrational Helmholtz free energy from 0 K
      E(T)          : the electronic energy of formation plus the vibrational internal energy, so this term is
                        E_elec + ZPE + E_vib(T)
      A(T)          : the electronic plus vibrational Helmholtz free energy,
                        E(T) - T.S(T)
Note that the electronic energy, which is part of the enthalpy and free energies,
 is referenced to the elements in their standard state.

Electronic energy =     6.04 kJ/mol (referenced to elements in the standard state)
          PV term =   -98.31 kJ/mol
Zero-point energy =     2.21 kJ/mol

    T       Cv       E(T)-E(0)      S(T)   -(A(T)-E(0))     E(T)        A(T)
    K     J/K/mol      kJ/mol     J/K/mol     kJ/mol       kJ/mol      kJ/mol
  ----- ----------- ----------- ----------- ----------- ----------- -----------
     0      0.0000      0.0000      0.0000      0.0000      8.2428      8.2428
     1      0.0000      0.0000      0.0000      0.0000      8.2428      8.2428
     2      0.0004      0.0000      0.0001      0.0000      8.2428      8.2428
     3      0.0026      0.0000      0.0005      0.0000      8.2428      8.2428
     4      0.0069      0.0000      0.0018      0.0000      8.2428      8.2428
     5      0.0135      0.0000      0.0040      0.0000      8.2428      8.2428
    10      0.0908      0.0002      0.0319      0.0001      8.2430      8.2427
    15      0.3404      0.0012      0.1068      0.0004      8.2440      8.2424
    20      0.9601      0.0043      0.2789      0.0013      8.2470      8.2415
    30      3.4736      0.0252      1.0939      0.0076      8.2680      8.2352
    40      6.8435      0.0766      2.5483      0.0254      8.3193      8.2174
    50     10.1023      0.1616      4.4328      0.0600      8.4044      8.1828
    60     12.8551      0.2769      6.5266      0.1147      8.5197      8.1281
    70     15.0565      0.4169      8.6803      0.1907      8.6597      8.0520
    80     16.7845      0.5764     10.8083      0.2882      8.8192      7.9546
    90     18.1381      0.7513     12.8666      0.4067      8.9941      7.8361
   100     19.2049      0.9383     14.8350      0.5452      9.1810      7.6975
   125     21.0265      1.4432     19.3344      0.9736      9.6859      7.2692
   150     22.1224      1.9836     23.2727      1.5073     10.2264      6.7355
   175     22.8237      2.5461     26.7393      2.1333     10.7888      6.1095
   200     23.2962      3.1229     29.8198      2.8410     11.3657      5.4018
   225     23.6285      3.7097     32.5839      3.6216     11.9525      4.6211
   250     23.8704      4.3036     35.0866      4.4680     12.5463      3.7747
   273     24.0389      4.8546     37.1951      5.2996     13.0974      2.9432
   275     24.0517      4.9027     37.3706      5.3741     13.1455      2.8686
   298     24.1810      5.4574     39.3078      6.2562     13.7002      1.9865
   300     24.1909      5.5058     39.4696      6.3350     13.7486      1.9078
   350     24.3872      6.7206     43.2145      8.4044     14.9634     -0.1616
   400     24.5159      7.9434     46.4799     10.6485     16.1862     -2.4057
   450     24.6046      9.1715     49.3729     13.0461     17.4143     -4.8034
   500     24.6684     10.4034     51.9688     15.5808     18.6462     -7.3380
   550     24.7158     11.6381     54.3222     18.2390     19.8809     -9.9962
   600     24.7519     12.8748     56.4744     21.0096     21.1176    -12.7668
   650     24.7800     14.1131     58.4568     23.8835     22.3559    -15.6408
   700     24.8024     15.3527     60.2940     26.8528     23.5955    -18.6101
   750     24.8205     16.5933     62.0058     29.9108     24.8361    -21.6680
   800     24.8353     17.8347     63.6082     33.0516     26.0775    -24.8088
   850     24.8476     19.0768     65.1142     36.2700     27.3195    -28.0272
   900     24.8579     20.3194     66.5348     39.5615     28.5622    -31.3188
   950     24.8666     21.5625     67.8790     42.9222     29.8053    -34.6794
  1000     24.8740     22.8060     69.1547     46.3482     31.0488    -38.1055
  1050     24.8804     24.0499     70.3685     49.8366     32.2926    -41.5938
  1100     24.8860     25.2940     71.5260     53.3841     33.5368    -45.1413
  1150     24.8908     26.5385     72.6324     56.9882     34.7812    -48.7455
  1200     24.8951     27.7831     73.6918     60.6465     36.0259    -52.4037
  1250     24.8989     29.0279     74.7081     64.3567     37.2707    -56.1139
  1300     24.9022     30.2730     75.6848     68.1166     38.5157    -59.8739
  1350     24.9052     31.5181     76.6246     71.9245     39.7609    -63.6817
  1400     24.9078     32.7635     77.5304     75.7785     41.0062    -67.5357
  1450     24.9102     34.0089     78.4045     79.6769     42.2517    -71.4342
  1500     24.9124     35.2545     79.2490     83.6184     43.4972    -75.3756
  1550     24.9143     36.5001     80.0659     87.6013     44.7429    -79.3586
  1600     24.9161     37.7459     80.8570     91.6245     45.9886    -83.3817
  1650     24.9177     38.9917     81.6237     95.6866     47.2345    -87.4438
  1700     24.9192     40.2376     82.3676     99.7864     48.4804    -91.5437
  1750     24.9205     41.4836     83.0900    103.9230     49.7264    -95.6802
  1800     24.9218     42.7297     83.7920    108.0951     50.9724    -99.8523
  1850     24.9229     43.9758     84.4749    112.3017     52.2185   -104.0590
  1900     24.9239     45.2219     85.1395    116.5422     53.4647   -108.2994
  1950     24.9249     46.4681     85.7870    120.8153     54.7109   -112.5725
  2000     24.9258     47.7144     86.4180    125.1205     55.9572   -116.8777
  2100     24.9274     50.2071     87.6342    133.8236     58.4498   -125.5808
  2200     24.9288     52.6999     88.7938    142.6454     60.9426   -134.4026
  2300     24.9300     55.1928     89.9020    151.5805     63.4355   -143.3378
  2400     24.9311     57.6858     90.9630    160.6241     65.9286   -152.3813
  2500     24.9320     60.1790     91.9808    169.7716     68.4217   -161.5288
  2600     24.9329     62.6722     92.9587    179.0188     70.9150   -170.7761
  2700     24.9336     65.1655     93.8996    188.3620     73.4083   -180.1192
  2800     24.9343     67.6589     94.8064    197.7975     75.9016   -189.5547
  2900     24.9349     70.1523     95.6814    207.3220     78.3951   -199.0792
  3000     24.9354     72.6458     96.5267    216.9326     80.8886   -208.6899

Job completed on Mon 30 January 2017 at 12:18:03 æ±äº¬ (æ¨™æº–æ™‚) after 166 s (0:02:46)
