       N       E                     dE             d eps       ncg     rms          rms(c)
RMM:   1     0.604017560081E+04    0.60402E+04   -0.50316E+05  7120   0.225E+03
RMM:   2     0.569466625356E+03   -0.54707E+04   -0.64226E+04  7120   0.352E+02
RMM:   3    -0.234520946735E+03   -0.80399E+03   -0.83280E+03  7120   0.151E+02
RMM:   4    -0.438763074889E+03   -0.20424E+03   -0.91148E+02  7120   0.574E+01
RMM:   5    -0.475669956920E+03   -0.36907E+02   -0.21326E+02  7120   0.220E+01
RMM:   6    -0.480873943286E+03   -0.52040E+01   -0.45072E+01  7120   0.130E+01
RMM:   7    -0.481888710551E+03   -0.10148E+01   -0.98274E+00  7120   0.465E+00
RMM:   8    -0.482123700653E+03   -0.23499E+00   -0.22766E+00  7120   0.283E+00
RMM:   9    -0.482186970507E+03   -0.63270E-01   -0.65172E-01 14245   0.107E+00
RMM:  10    -0.482190767393E+03   -0.37969E-02   -0.38625E-02 14252   0.192E-01
RMM:  11    -0.482190956409E+03   -0.18902E-03   -0.18836E-03 13705   0.813E-02
RMM:  12    -0.482190966604E+03   -0.10195E-04   -0.12258E-04 11919   0.868E-03    0.703E+01
RMM:  13    -0.440561655300E+03    0.41629E+02   -0.10703E+03 14240   0.754E+01    0.403E+01
RMM:  14    -0.395676136280E+03    0.44886E+02   -0.19934E+02 14240   0.341E+01    0.513E+00
RMM:  15    -0.394977959296E+03    0.69818E+00   -0.11388E+00 14240   0.242E+00    0.316E+00
RMM:  16    -0.394778542214E+03    0.19942E+00   -0.49974E-01 14240   0.149E+00    0.173E-01
RMM:  17    -0.394780632272E+03   -0.20901E-02   -0.48200E-03 14240   0.132E-01    0.405E-02
RMM:  18    -0.394780636141E+03   -0.38690E-05   -0.17978E-04 14072   0.349E-02    0.635E-03
RMM:  19    -0.394780659571E+03   -0.23429E-04   -0.18043E-05  7748   0.936E-03    0.110E-02
RMM:  20    -0.394780662252E+03   -0.26810E-05   -0.11691E-05  7665   0.872E-03
   1 F= -.39478066E+03 E0= -.39477097E+03  d E =-.394781E+03
