Startup is 'sourced'
Opening the database
Phonon calculation for Untitled_2

Phonon parameters
=================
The calculation explores the full Brillouin zone and accounts for an interaction range of about 10.0 Angstroem.
The asymmetric atoms are displaced by +/-0.02 Angstroem.

In a first step, need to run an optimization of atom positions for the supercell containing 108 atoms.
Then, need to run a total number of 2 single point energy calculations on supercells with displaced atoms containing 108 atoms.

      Supercell transformation matrix              Supercell lattice vectors
       3.00000    0.00000    0.00000            11.13145    0.00000    0.00000
       0.00000    3.00000    0.00000             0.00000   11.13145    0.00000
       0.00000    0.00000    3.00000             0.00000    0.00000   11.13145

     Supercell           Site        Displaced atom     Displacement (fractional units)
   ---------------    ----------     --------------     -------------------------------
  undisplaced           ----            ----             0.00000    0.00000    0.00000
  displaced_Cu__a       Cu              Cu               0.00180    0.00000    0.00000
  displaced_Cu__b       Cu              Cu              -0.00180    0.00000    0.00000

Invariance conditions are not enforced.
No approximation to LO/TO splitting
Properties: Phonon dispersion and form factors 
            Phonon density of states 
            Thermodynamic functions
==========================================


VASP parameters
===============
Since no magnetic moments are in the model, this is a non-magnetic calculation using 'normal' precision
and a default planewave cutoff energy of 273.214 eV.

The electronic iterations convergence is 1.00E-005 eV using the Normal (blocked Davidson) algorithm
and reciprocal space projection operators.

The requested k-spacing is 0.5 per Angstrom, which leads to a 2x2x2 mesh.
This corresponds to actual k-spacings of 0.282 x 0.282 x 0.282 per Angstrom.

Using first order Methfessel-Paxton smearing with a width of 0.2 eV.

Other non-default parameters:
	Wave functions is TRUE
==========================================

------------------------------------------------------------------------

Using GGA-PBE / PAW potentials:
	Cu

Results for initial structural minimization of the supercell without displacements:
--------------------------------------------------------------------------------------

There are 1 symmetry-unique k-points
The plane wave cutoff is 273.21 eV

   VASP energy:            -398.236189 eV for Cu108

   Initial VASP energy:    -398.236190 eV for Cu108
   Relaxation energy:         0.000001 eV gained after 1 optimization steps.

Electronic contributions:
                          Empirical Formula          Cell
                                    Cu         (Cu)108
                          --------------- ---------------
              VASP Energy        -355.777      -38423.942 kJ/mol
      Energy of formation           2.950         318.551
                  PV term         -82.394       -8898.510

   This is the electronic part of the formation energy with respect to the
   elements in their standard state. It is obtained from the total energy (above)
   and tabulated VASP energies for the elements in their standard state.
   See the documentation for more details.

   Details for Cu:
                                             VASP energy (Etot):     -355.78 kJ/mol
       Standard state energy of 1.00 atoms of Cu  1.00 * -358.73:  -  -358.73
                                                                   ----------
                                        Energy of formation (Ef):        2.95 kJ/mol


Cell parameters:
 Parameter    Value    
---------- ------------
         a    11.131446
         b    11.131446
         c    11.131446
     alpha    89.999999
      beta    89.999999
     gamma    89.999999

    Volume    51.084719 Ang^3

        Density:     8.262 Mg/m^3

   The pressure given below is exerted by the system according to its volume.
   Positive pressure would cause expansion during full geometry optimization.
       Pressure:   -10.713 GPa
               =  -107.130 kbar

                      XX        YY        ZZ        XY        YZ        ZX
         Stress:    10.713    10.713    10.713     0.000     0.000     0.000 GPa
               =   107.130   107.130   107.130     0.000     0.000     0.000 kbar
   The stress tensor above is imposed on the system, i.e. negative values of diagonal components 
   would cause expansion of the corresponding lattice parameter upon full geometry optimization.
   The pressure and stress include only electronic terms, i.e. the vibrational,
   temperature and other terms are not included here.

Fractional Coordinates:
	Atom          Initial Coordinates             Final Coordinates
	-----      -------- -------- --------      -------- -------- --------
	Cu           0.6667   0.6667   0.3333        0.6667   0.6667   0.3333
	Cu           0.6667   0.8333   0.5000        0.6667   0.8333   0.5000
	Cu           0.8333   0.6667   0.5000        0.8333   0.6667   0.5000
	Cu           0.6667   0.6667   0.0000        0.6667   0.6667   0.0000
	Cu           0.6667   0.8333   0.1667        0.6667   0.8333   0.1667
	Cu           0.6667   0.0000   0.3333        0.6667   0.0000   0.3333
	Cu           0.6667   0.1667   0.5000        0.6667   0.1667   0.5000
	Cu           0.8333   0.6667   0.1667        0.8333   0.6667   0.1667
	Cu           0.8333   0.8333   0.3333        0.8333   0.8333   0.3333
	Cu           0.8333   0.0000   0.5000        0.8333   0.0000   0.5000
	Cu           0.0000   0.6667   0.3333        0.0000   0.6667   0.3333
	Cu           0.0000   0.8333   0.5000        0.0000   0.8333   0.5000
	Cu           0.1667   0.6667   0.5000        0.1667   0.6667   0.5000
	Cu           0.6667   0.6667   0.6667        0.6667   0.6667   0.6667
	Cu           0.6667   0.8333   0.8333        0.6667   0.8333   0.8333
	Cu           0.6667   0.0000   0.0000        0.6667   0.0000   0.0000
	Cu           0.6667   0.1667   0.1667        0.6667   0.1667   0.1667
	Cu           0.6667   0.3333   0.3333        0.6667   0.3333   0.3333
	Cu           0.6667   0.5000   0.5000        0.6667   0.5000   0.5000
	Cu           0.8333   0.6667   0.8333        0.8333   0.6667   0.8333
	Cu           0.8333   0.8333   0.0000        0.8333   0.8333   0.0000
	Cu           0.8333   0.0000   0.1667        0.8333   0.0000   0.1667
	Cu           0.8333   0.1667   0.3333        0.8333   0.1667   0.3333
	Cu           0.8333   0.3333   0.5000        0.8333   0.3333   0.5000
	Cu           0.0000   0.6667   0.0000        0.0000   0.6667   0.0000
	Cu           0.0000   0.8333   0.1667        0.0000   0.8333   0.1667
	Cu           0.0000   0.0000   0.3333        0.0000   0.0000   0.3333
	Cu           0.0000   0.1667   0.5000        0.0000   0.1667   0.5000
	Cu           0.1667   0.6667   0.1667        0.1667   0.6667   0.1667
	Cu           0.1667   0.8333   0.3333        0.1667   0.8333   0.3333
	Cu           0.1667   0.0000   0.5000        0.1667   0.0000   0.5000
	Cu           0.3333   0.6667   0.3333        0.3333   0.6667   0.3333
	Cu           0.3333   0.8333   0.5000        0.3333   0.8333   0.5000
	Cu           0.5000   0.6667   0.5000        0.5000   0.6667   0.5000
	Cu           0.6667   0.0000   0.6667        0.6667   0.0000   0.6667
	Cu           0.6667   0.1667   0.8333        0.6667   0.1667   0.8333
	Cu           0.6667   0.3333   0.0000        0.6667   0.3333   0.0000
	Cu           0.6667   0.5000   0.1667        0.6667   0.5000   0.1667
	Cu           0.8333   0.8333   0.6667        0.8333   0.8333   0.6667
	Cu           0.8333   0.0000   0.8333        0.8333   0.0000   0.8333
	Cu           0.8333   0.1667   0.0000        0.8333   0.1667   0.0000
	Cu           0.8333   0.3333   0.1667        0.8333   0.3333   0.1667
	Cu           0.8333   0.5000   0.3333        0.8333   0.5000   0.3333
	Cu           0.0000   0.6667   0.6667        0.0000   0.6667   0.6667
	Cu           0.0000   0.8333   0.8333        0.0000   0.8333   0.8333
	Cu           0.0000   0.0000   0.0000        0.0000   0.0000   0.0000
	Cu           0.0000   0.1667   0.1667        0.0000   0.1667   0.1667
	Cu           0.0000   0.3333   0.3333        0.0000   0.3333   0.3333
	Cu           0.0000   0.5000   0.5000        0.0000   0.5000   0.5000
	Cu           0.1667   0.6667   0.8333        0.1667   0.6667   0.8333
	Cu           0.1667   0.8333   0.0000        0.1667   0.8333   0.0000
	Cu           0.1667   0.0000   0.1667        0.1667   0.0000   0.1667
	Cu           0.1667   0.1667   0.3333        0.1667   0.1667   0.3333
	Cu           0.1667   0.3333   0.5000        0.1667   0.3333   0.5000
	Cu           0.3333   0.6667   0.0000        0.3333   0.6667   0.0000
	Cu           0.3333   0.8333   0.1667        0.3333   0.8333   0.1667
	Cu           0.3333   0.0000   0.3333        0.3333   0.0000   0.3333
	Cu           0.3333   0.1667   0.5000        0.3333   0.1667   0.5000
	Cu           0.5000   0.6667   0.1667        0.5000   0.6667   0.1667
	Cu           0.5000   0.8333   0.3333        0.5000   0.8333   0.3333
	Cu           0.5000   0.0000   0.5000        0.5000   0.0000   0.5000
	Cu           0.6667   0.3333   0.6667        0.6667   0.3333   0.6667
	Cu           0.6667   0.5000   0.8333        0.6667   0.5000   0.8333
	Cu           0.8333   0.1667   0.6667        0.8333   0.1667   0.6667
	Cu           0.8333   0.3333   0.8333        0.8333   0.3333   0.8333
	Cu           0.8333   0.5000   0.0000        0.8333   0.5000   0.0000
	Cu           0.0000   0.0000   0.6667        0.0000   0.0000   0.6667
	Cu           0.0000   0.1667   0.8333        0.0000   0.1667   0.8333
	Cu           0.0000   0.3333   0.0000        0.0000   0.3333   0.0000
	Cu           0.0000   0.5000   0.1667        0.0000   0.5000   0.1667
	Cu           0.1667   0.8333   0.6667        0.1667   0.8333   0.6667
	Cu           0.1667   0.0000   0.8333        0.1667   0.0000   0.8333
	Cu           0.1667   0.1667   0.0000        0.1667   0.1667   0.0000
	Cu           0.1667   0.3333   0.1667        0.1667   0.3333   0.1667
	Cu           0.1667   0.5000   0.3333        0.1667   0.5000   0.3333
	Cu           0.3333   0.6667   0.6667        0.3333   0.6667   0.6667
	Cu           0.3333   0.8333   0.8333        0.3333   0.8333   0.8333
	Cu           0.3333   0.0000   0.0000        0.3333   0.0000   0.0000
	Cu           0.3333   0.1667   0.1667        0.3333   0.1667   0.1667
	Cu           0.3333   0.3333   0.3333        0.3333   0.3333   0.3333
	Cu           0.3333   0.5000   0.5000        0.3333   0.5000   0.5000
	Cu           0.5000   0.6667   0.8333        0.5000   0.6667   0.8333
	Cu           0.5000   0.8333   0.0000        0.5000   0.8333   0.0000
	Cu           0.5000   0.0000   0.1667        0.5000   0.0000   0.1667
	Cu           0.5000   0.1667   0.3333        0.5000   0.1667   0.3333
	Cu           0.5000   0.3333   0.5000        0.5000   0.3333   0.5000
	Cu           0.8333   0.5000   0.6667        0.8333   0.5000   0.6667
	Cu           0.0000   0.3333   0.6667        0.0000   0.3333   0.6667
	Cu           0.0000   0.5000   0.8333        0.0000   0.5000   0.8333
	Cu           0.1667   0.1667   0.6667        0.1667   0.1667   0.6667
	Cu           0.1667   0.3333   0.8333        0.1667   0.3333   0.8333
	Cu           0.1667   0.5000   0.0000        0.1667   0.5000   0.0000
	Cu           0.3333   0.0000   0.6667        0.3333   0.0000   0.6667
	Cu           0.3333   0.1667   0.8333        0.3333   0.1667   0.8333
	Cu           0.3333   0.3333   0.0000        0.3333   0.3333   0.0000
	Cu           0.3333   0.5000   0.1667        0.3333   0.5000   0.1667
	Cu           0.5000   0.8333   0.6667        0.5000   0.8333   0.6667
	Cu           0.5000   0.0000   0.8333        0.5000   0.0000   0.8333
	Cu           0.5000   0.1667   0.0000        0.5000   0.1667   0.0000
	Cu           0.5000   0.3333   0.1667        0.5000   0.3333   0.1667
	Cu           0.5000   0.5000   0.3333        0.5000   0.5000   0.3333
	Cu           0.1667   0.5000   0.6667        0.1667   0.5000   0.6667
	Cu           0.3333   0.3333   0.6667        0.3333   0.3333   0.6667
	Cu           0.3333   0.5000   0.8333        0.3333   0.5000   0.8333
	Cu           0.5000   0.1667   0.6667        0.5000   0.1667   0.6667
	Cu           0.5000   0.3333   0.8333        0.5000   0.3333   0.8333
	Cu           0.5000   0.5000   0.0000        0.5000   0.5000   0.0000
	Cu           0.5000   0.5000   0.6667        0.5000   0.5000   0.6667

Update the system according to supercell optimization

Results for supercell calculations:
------------------------------------------------------------------------
	        Supercell         Energy (eV)
	      -------------      -------------
	        undisplaced      -398.23619
	     displaced_Cu__a     -398.23522
	     displaced_Cu__b     -398.23522


Symmetry analysis of Gamma point phonon frequencies:
----------------------------------------------------
   Crystal  Point  Group: O_h   (m3m) 
   Supercell Point Group: O_h   (m3m) 
    Table of irreducible representations of point group:
 ------------------------------------------
    IR     1  5  7  9 11  6  8 10 12 13 16 17 18 21 23 14 15 19 20 22 24  2  3  4 25 38 39 43 44 46 48 29 30 31 32 33 34 35 36 26 27 28 37 40 41 42 45 47
 ------------------------------------------
 A1g(R)    1  1  1  1  1  1  1  1  1  1  1  1  1  1  1  1  1  1  1  1  1  1  1  1  1  1  1  1  1  1  1  1  1  1  1  1  1  1  1  1  1  1  1  1  1  1  1  1   x^2+y^2+z^2                         
 A2g       1  1  1  1  1  1  1  1  1 -1 -1 -1 -1 -1 -1 -1 -1 -1 -1 -1 -1  1  1  1  1 -1 -1 -1 -1 -1 -1  1  1  1  1  1  1  1  1  1  1  1 -1 -1 -1 -1 -1 -1                                       
 Eg(R)     2 -1 -1 -1 -1 -1 -1 -1 -1  0  0  0  0  0  0  0  0  0  0  0  0  2  2  2  2  0  0  0  0  0  0 -1 -1 -1 -1 -1 -1 -1 -1  2  2  2  0  0  0  0  0  0   (2z^2-x^2-y^2, x^2-y^2)             
 T1g       3  0  0  0  0  0  0  0  0 -1 -1 -1 -1 -1 -1  1  1  1  1  1  1 -1 -1 -1  3  1  1  1  1  1  1  0  0  0  0  0  0  0  0 -1 -1 -1 -1 -1 -1 -1 -1 -1                                       
 T2g(R)    3  0  0  0  0  0  0  0  0  1  1  1  1  1  1 -1 -1 -1 -1 -1 -1 -1 -1 -1  3 -1 -1 -1 -1 -1 -1  0  0  0  0  0  0  0  0 -1 -1 -1  1  1  1  1  1  1   (xy,xz,yz)                          
 A1u       1  1  1  1  1  1  1  1  1  1  1  1  1  1  1  1  1  1  1  1  1  1  1  1 -1 -1 -1 -1 -1 -1 -1 -1 -1 -1 -1 -1 -1 -1 -1 -1 -1 -1 -1 -1 -1 -1 -1 -1                                       
 A2u       1  1  1  1  1  1  1  1  1 -1 -1 -1 -1 -1 -1 -1 -1 -1 -1 -1 -1  1  1  1 -1  1  1  1  1  1  1 -1 -1 -1 -1 -1 -1 -1 -1 -1 -1 -1  1  1  1  1  1  1                                       
 Eu        2 -1 -1 -1 -1 -1 -1 -1 -1  0  0  0  0  0  0  0  0  0  0  0  0  2  2  2 -2  0  0  0  0  0  0  1  1  1  1  1  1  1  1 -2 -2 -2  0  0  0  0  0  0                                       
 T1u(I)    3  0  0  0  0  0  0  0  0 -1 -1 -1 -1 -1 -1  1  1  1  1  1  1 -1 -1 -1 -3 -1 -1 -1 -1 -1 -1  0  0  0  0  0  0  0  0  1  1  1  1  1  1  1  1  1   (x,y,z)                             
 T2u       3  0  0  0  0  0  0  0  0  1  1  1  1  1  1 -1 -1 -1 -1 -1 -1 -1 -1 -1 -3  1  1  1  1  1  1  0  0  0  0  0  0  0  0  1  1  1 -1 -1 -1 -1 -1 -1                                       
 ------------------------------------------
    Wave vector= 0.0000  0.0000  0.0000    no macro. electric field
 Multi. Omega   Irreducible Representations
  3     0.024     T1u(I)                                                                                                     
Notation: (R)  Raman active mode
          (I)  Infrared active mode
          (RI) Raman and Infrared active mode

Thermodynamic Properties
   for empirical formula Cu

The following thermodynamic functions are obtained from the phonon
density of states within the harmonic approximation. The results are
meaningful only below the melting point, which lies well below 3000 K
for most materials.
Definitions:
      Cv            : vibrational heat capacity at constant volume
E_vib(T)=E(T)-E(0)  : the change in vibrational internal energy from 0 K, where
                        E(0) = E_elec + ZPE is the electronic energy of formation E_elec plus the zero point energy ZPE
      S(T)          : the vibrational entropy at temperature T
   -(A(T)-E(0))     : the change in the vibrational Helmholtz free energy from 0 K
      E(T)          : the electronic energy of formation plus the vibrational internal energy, so this term is
                        E_elec + ZPE + E_vib(T)
      A(T)          : the electronic plus vibrational Helmholtz free energy,
                        E(T) - T.S(T)
Note that the electronic energy, which is part of the enthalpy and free energies,
 is referenced to the elements in their standard state.

Electronic energy =     2.95 kJ/mol (referenced to elements in the standard state)
          PV term =   -82.39 kJ/mol
Zero-point energy =     2.52 kJ/mol

    T       Cv       E(T)-E(0)      S(T)   -(A(T)-E(0))     E(T)        A(T)
    K     J/K/mol      kJ/mol     J/K/mol     kJ/mol       kJ/mol      kJ/mol
  ----- ----------- ----------- ----------- ----------- ----------- -----------
     0      0.0000      0.0000      0.0000      0.0000      5.4719      5.4719
     1      0.0000      0.0000      0.0000      0.0000      5.4719      5.4719
     2      0.0002      0.0000      0.0000      0.0000      5.4719      5.4719
     3      0.0016      0.0000      0.0003      0.0000      5.4719      5.4719
     4      0.0047      0.0000      0.0012      0.0000      5.4719      5.4719
     5      0.0095      0.0000      0.0027      0.0000      5.4719      5.4719
    10      0.0616      0.0002      0.0222      0.0001      5.4721      5.4718
    15      0.2056      0.0008      0.0696      0.0003      5.4727      5.4716
    20      0.5748      0.0026      0.1720      0.0008      5.4745      5.4711
    30      2.3505      0.0161      0.6943      0.0048      5.4880      5.4671
    40      5.1335      0.0530      1.7377      0.0165      5.5249      5.4554
    50      8.1286      0.1194      3.2067      0.0409      5.5913      5.4310
    60     10.8601      0.2147      4.9360      0.0815      5.6866      5.3904
    70     13.1714      0.3352      6.7893      0.1401      5.8071      5.3318
    80     15.0637      0.4767      8.6760      0.2174      5.9486      5.2545
    90     16.5942      0.6353     10.5418      0.3135      6.1071      5.1584
   100     17.8303      0.8076     12.3565      0.4281      6.2795      5.0438
   125     20.0029      1.2828     16.5889      0.7908      6.7547      4.6811
   150     21.3479      1.8009     20.3639      1.2537      7.2728      4.2182
   175     22.2237      2.3463     23.7250      1.8056      7.8182      3.6663
   200     22.8206      2.9098     26.7340      2.4370      8.3817      3.0349
   225     23.2435      3.4859     29.4476      3.1398      8.9578      2.3321
   250     23.5531      4.0710     31.9134      3.9073      9.5429      1.5646
   273     23.7697      4.6153     33.9961      4.6655     10.0872      0.8064
   275     23.7861      4.6629     34.1697      4.7337     10.1348      0.7382
   298     23.9529      5.2120     36.0871      5.5419     10.6839     -0.0700
   300     23.9656      5.2599     36.2474      5.6143     10.7318     -0.1424
   350     24.2195      6.4650     39.9622      7.5217     11.9369     -2.0498
   400     24.3864      7.6804     43.2079      9.6027     13.1523     -4.1308
   450     24.5018      8.9028     46.0873     11.8364     14.3747     -6.3645
   500     24.5849     10.1300     48.6733     14.2065     15.6019     -8.7346
   550     24.6466     11.3609     51.0195     16.6997     16.8328    -11.2278
   600     24.6937     12.5944     53.1662     19.3051     18.0663    -13.8332
   650     24.7304     13.8301     55.1442     22.0135     19.3020    -16.5416
   700     24.7596     15.0673     56.9781     24.8171     20.5392    -19.3452
   750     24.7832     16.3059     58.6871     27.7092     21.7778    -22.2373
   800     24.8026     17.5456     60.2872     30.6839     23.0175    -25.2120
   850     24.8186     18.7861     61.7914     33.7363     24.2580    -28.2644
   900     24.8321     20.0274     63.2104     36.8616     25.4993    -31.3897
   950     24.8435     21.2693     64.5533     40.0560     26.7412    -34.5841
  1000     24.8532     22.5117     65.8279     43.3158     27.9836    -37.8439
  1050     24.8616     23.7545     67.0406     46.6377     29.2264    -41.1658
  1100     24.8689     24.9978     68.1974     50.0189     30.4697    -44.5470
  1150     24.8752     26.2414     69.3030     53.4566     31.7133    -47.9847
  1200     24.8808     27.4853     70.3618     56.9483     32.9572    -51.4764
  1250     24.8857     28.7295     71.3776     60.4920     34.2013    -55.0201
  1300     24.8901     29.9738     72.3537     64.0854     35.4457    -58.6135
  1350     24.8939     31.2184     73.2931     67.7267     36.6903    -62.2548
  1400     24.8974     32.4632     74.1985     71.4141     37.9351    -65.9422
  1450     24.9005     33.7082     75.0723     75.1459     39.1800    -69.6741
  1500     24.9034     34.9532     75.9165     78.9208     40.4251    -73.4489
  1550     24.9059     36.1985     76.7331     82.7371     41.6704    -77.2652
  1600     24.9082     37.4438     77.5239     86.5936     42.9157    -81.1217
  1650     24.9103     38.6893     78.2904     90.4890     44.1612    -85.0171
  1700     24.9123     39.9348     79.0340     94.4222     45.4067    -88.9503
  1750     24.9140     41.1805     79.7562     98.3920     46.6524    -92.9201
  1800     24.9157     42.4262     80.4581    102.3975     47.8981    -96.9256
  1850     24.9171     43.6720     81.1408    106.4374     49.1439   -100.9655
  1900     24.9185     44.9179     81.8053    110.5111     50.3898   -105.0392
  1950     24.9198     46.1639     82.4526    114.6176     51.6358   -109.1457
  2000     24.9210     47.4099     83.0835    118.7561     52.8818   -113.2842
  2100     24.9231     49.9021     84.2994    127.1257     55.3740   -121.6538
  2200     24.9249     52.3945     85.4589    135.6140     57.8664   -130.1421
  2300     24.9265     54.8870     86.5669    144.2157     60.3589   -138.7438
  2400     24.9279     57.3797     87.6278    152.9257     62.8516   -147.4538
  2500     24.9291     59.8726     88.6454    161.7396     65.3445   -156.2677
  2600     24.9302     62.3655     89.6232    170.6534     67.8374   -165.1815
  2700     24.9312     64.8586     90.5641    179.6629     70.3305   -174.1910
  2800     24.9321     67.3517     91.4708    188.7649     72.8236   -183.2930
  2900     24.9328     69.8449     92.3457    197.9560     75.3168   -192.4841
  3000     24.9335     72.3382     93.1910    207.2330     77.8101   -201.7611

Job completed on Mon 29 August 2016 at 18:49:42 æ±äº¬ (æ¨™æº–æ™‚) after 825 s (0:13:45)
