Startup is 'sourced'
Opening the database
Phonon calculation for Untitled_1

Phonon parameters
=================
The calculation explores the full Brillouin zone and accounts for an interaction range of about 10.0 Angstroem.
The asymmetric atoms are displaced by +/-0.02 Angstroem.

In a first step, need to run an optimization of atom positions for the supercell containing 32 atoms.
Then, need to run a total number of 2 single point energy calculations on supercells with displaced atoms containing 32 atoms.

      Supercell transformation matrix              Supercell lattice vectors
       2.00000    0.00000    0.00000             8.91562    0.00000    0.00000
       0.00000    2.00000    0.00000             0.00000    8.91562    0.00000
       0.00000    0.00000    2.00000             0.00000    0.00000    8.91562

     Supercell           Site        Displaced atom     Displacement (fractional units)
   ---------------    ----------     --------------     -------------------------------
  undisplaced           ----            ----             0.00000    0.00000    0.00000
  displaced_Au__a       Au              Au               0.00224    0.00000    0.00000
  displaced_Au__b       Au              Au              -0.00224    0.00000    0.00000

Invariance conditions are not enforced.
No approximation to LO/TO splitting
Properties: Phonon dispersion and form factors 
            Phonon density of states 
            Thermodynamic functions
==========================================


VASP parameters
===============
Since no magnetic moments are in the model, this is a non-magnetic calculation using 'accurate' precision
and a user-defined planewave cutoff energy of 600.000 eV.

The electronic iterations convergence is 1.00E-005 eV using the Very Fast (RMM-DIIS) algorithm
and reciprocal space projection operators.

The requested k-spacing is 0.1 per Angstrom, which leads to a 25x25x25 mesh.
This corresponds to actual k-spacings of 0.098 x 0.098 x 0.098 per Angstrom.

Using first order Methfessel-Paxton smearing with a width of 0.2 eV.

Other non-default parameters:
	Extrafine augmentation grid for accurate forces is TRUE
	Algorithm is Very Fast (RMM-DIIS)
	Wave functions is TRUE
==========================================

------------------------------------------------------------------------

Results for initial structural minimization of the supercell without displacements:
--------------------------------------------------------------------------------------

There are 20 symmetry-unique k-points
The plane wave cutoff is 600.00 eV

   VASP energy:             -97.277386 eV for Au32

   Initial VASP energy:     -97.277386 eV for Au32
   Relaxation energy:         0.000000 eV gained after 1 optimization steps.

Electronic contributions:
                          Empirical Formula          Cell
                                    Au          (Au)32
                          --------------- ---------------
              VASP Energy        -293.307       -9385.839 kJ/mol
      Energy of formation          22.364         715.658
                  PV term        -196.587       -6290.779

   This is the electronic part of the formation energy with respect to the
   elements in their standard state. It is obtained from the total energy (above)
   and tabulated VASP energies for the elements in their standard state.
   See the documentation for more details.

   Details for Au:
                                             VASP energy (Etot):     -293.31 kJ/mol
       Standard state energy of 1.00 atoms of Au  1.00 * -315.67:  -  -315.67
                                                                   ----------
                                        Energy of formation (Ef):       22.36 kJ/mol


Cell parameters:
 Parameter    Value    
---------- ------------
         a     8.915617
         b     8.915617
         c     8.915617
     alpha    89.999999
      beta    89.999999
     gamma    89.999999

    Volume    88.585818 Ang^3

        Density:    14.769 Mg/m^3

   The pressure given below is exerted by the system according to its volume.
   Positive pressure would cause expansion during full geometry optimization.
       Pressure:   -14.740 GPa
               =  -147.400 kbar

                      XX        YY        ZZ        XY        YZ        ZX
         Stress:    14.740    14.740    14.740     0.000     0.000     0.000 GPa
               =   147.400   147.400   147.400     0.000     0.000     0.000 kbar
   The stress tensor above is imposed on the system, i.e. negative values of diagonal components 
   would cause expansion of the corresponding lattice parameter upon full geometry optimization.
   The pressure and stress include only electronic terms, i.e. the vibrational,
   temperature and other terms are not included here.

Fractional Coordinates:
	Atom          Initial Coordinates             Final Coordinates
	-----      -------- -------- --------      -------- -------- --------
	Au           0.7500   0.7500   0.5000        0.7500   0.7500   0.5000
	Au           0.7500   0.7500   0.0000        0.7500   0.7500   0.0000
	Au           0.7500   0.0000   0.2500        0.7500   0.0000   0.2500
	Au           0.7500   0.2500   0.5000        0.7500   0.2500   0.5000
	Au           0.0000   0.7500   0.2500        0.0000   0.7500   0.2500
	Au           0.0000   0.0000   0.5000        0.0000   0.0000   0.5000
	Au           0.2500   0.7500   0.5000        0.2500   0.7500   0.5000
	Au           0.7500   0.0000   0.7500        0.7500   0.0000   0.7500
	Au           0.7500   0.2500   0.0000        0.7500   0.2500   0.0000
	Au           0.7500   0.5000   0.2500        0.7500   0.5000   0.2500
	Au           0.0000   0.7500   0.7500        0.0000   0.7500   0.7500
	Au           0.0000   0.0000   0.0000        0.0000   0.0000   0.0000
	Au           0.0000   0.2500   0.2500        0.0000   0.2500   0.2500
	Au           0.0000   0.5000   0.5000        0.0000   0.5000   0.5000
	Au           0.2500   0.7500   0.0000        0.2500   0.7500   0.0000
	Au           0.2500   0.0000   0.2500        0.2500   0.0000   0.2500
	Au           0.2500   0.2500   0.5000        0.2500   0.2500   0.5000
	Au           0.5000   0.7500   0.2500        0.5000   0.7500   0.2500
	Au           0.5000   0.0000   0.5000        0.5000   0.0000   0.5000
	Au           0.7500   0.5000   0.7500        0.7500   0.5000   0.7500
	Au           0.0000   0.2500   0.7500        0.0000   0.2500   0.7500
	Au           0.0000   0.5000   0.0000        0.0000   0.5000   0.0000
	Au           0.2500   0.0000   0.7500        0.2500   0.0000   0.7500
	Au           0.2500   0.2500   0.0000        0.2500   0.2500   0.0000
	Au           0.2500   0.5000   0.2500        0.2500   0.5000   0.2500
	Au           0.5000   0.7500   0.7500        0.5000   0.7500   0.7500
	Au           0.5000   0.0000   0.0000        0.5000   0.0000   0.0000
	Au           0.5000   0.2500   0.2500        0.5000   0.2500   0.2500
	Au           0.5000   0.5000   0.5000        0.5000   0.5000   0.5000
	Au           0.2500   0.5000   0.7500        0.2500   0.5000   0.7500
	Au           0.5000   0.2500   0.7500        0.5000   0.2500   0.7500
	Au           0.5000   0.5000   0.0000        0.5000   0.5000   0.0000

Results for supercell calculations:
------------------------------------------------------------------------
	        Supercell         Energy (eV)
	      -------------      -------------
	        undisplaced       -97.27739
	     displaced_Au__a      -97.27730
	     displaced_Au__b      -97.27730


Symmetry analysis of Gamma point phonon frequencies:
----------------------------------------------------
   Crystal  Point  Group: O_h   (m3m) 
   Supercell Point Group: O_h   (m3m) 
    Table of irreducible representations of point group:
 ------------------------------------------
    IR     1  5  7  9 11  6  8 10 12 13 16 17 18 21 23 14 15 19 20 22 24  2  3  4 25 38 39 43 44 46 48 29 30 31 32 33 34 35 36 26 27 28 37 40 41 42 45 47
 ------------------------------------------
 A1g(R)    1  1  1  1  1  1  1  1  1  1  1  1  1  1  1  1  1  1  1  1  1  1  1  1  1  1  1  1  1  1  1  1  1  1  1  1  1  1  1  1  1  1  1  1  1  1  1  1   x^2+y^2+z^2                         
 A2g       1  1  1  1  1  1  1  1  1 -1 -1 -1 -1 -1 -1 -1 -1 -1 -1 -1 -1  1  1  1  1 -1 -1 -1 -1 -1 -1  1  1  1  1  1  1  1  1  1  1  1 -1 -1 -1 -1 -1 -1                                       
 Eg(R)     2 -1 -1 -1 -1 -1 -1 -1 -1  0  0  0  0  0  0  0  0  0  0  0  0  2  2  2  2  0  0  0  0  0  0 -1 -1 -1 -1 -1 -1 -1 -1  2  2  2  0  0  0  0  0  0   (2z^2-x^2-y^2, x^2-y^2)             
 T1g       3  0  0  0  0  0  0  0  0 -1 -1 -1 -1 -1 -1  1  1  1  1  1  1 -1 -1 -1  3  1  1  1  1  1  1  0  0  0  0  0  0  0  0 -1 -1 -1 -1 -1 -1 -1 -1 -1                                       
 T2g(R)    3  0  0  0  0  0  0  0  0  1  1  1  1  1  1 -1 -1 -1 -1 -1 -1 -1 -1 -1  3 -1 -1 -1 -1 -1 -1  0  0  0  0  0  0  0  0 -1 -1 -1  1  1  1  1  1  1   (xy,xz,yz)                          
 A1u       1  1  1  1  1  1  1  1  1  1  1  1  1  1  1  1  1  1  1  1  1  1  1  1 -1 -1 -1 -1 -1 -1 -1 -1 -1 -1 -1 -1 -1 -1 -1 -1 -1 -1 -1 -1 -1 -1 -1 -1                                       
 A2u       1  1  1  1  1  1  1  1  1 -1 -1 -1 -1 -1 -1 -1 -1 -1 -1 -1 -1  1  1  1 -1  1  1  1  1  1  1 -1 -1 -1 -1 -1 -1 -1 -1 -1 -1 -1  1  1  1  1  1  1                                       
 Eu        2 -1 -1 -1 -1 -1 -1 -1 -1  0  0  0  0  0  0  0  0  0  0  0  0  2  2  2 -2  0  0  0  0  0  0  1  1  1  1  1  1  1  1 -2 -2 -2  0  0  0  0  0  0                                       
 T1u(I)    3  0  0  0  0  0  0  0  0 -1 -1 -1 -1 -1 -1  1  1  1  1  1  1 -1 -1 -1 -3 -1 -1 -1 -1 -1 -1  0  0  0  0  0  0  0  0  1  1  1  1  1  1  1  1  1   (x,y,z)                             
 T2u       3  0  0  0  0  0  0  0  0  1  1  1  1  1  1 -1 -1 -1 -1 -1 -1 -1 -1 -1 -3  1  1  1  1  1  1  0  0  0  0  0  0  0  0  1  1  1 -1 -1 -1 -1 -1 -1                                       
 ------------------------------------------
    Wave vector= 0.0000  0.0000  0.0000    no macro. electric field
 Multi. Omega   Irreducible Representations
  3     0.012     T1u(I)                                                                                                     
Notation: (R)  Raman active mode
          (I)  Infrared active mode
          (RI) Raman and Infrared active mode

=========================================================
=========================================================
               !!!! WARNING MESSAGE !!!!
=========================================================
About 35.88 % of the phonon density of states is contributed by 
imaginary frequencies which cannot be taken into account for the 
thermodynamic functions. 
The thermodynamic functions exhibit an error of at least this magnitude!
=========================================================
=========================================================

Thermodynamic Properties
   for empirical formula Au

The following thermodynamic functions are obtained from the phonon
density of states within the harmonic approximation. The results are
meaningful only below the melting point, which lies well below 3000 K
for most materials.
Definitions:
      Cv            : vibrational heat capacity at constant volume
E_vib(T)=E(T)-E(0)  : the change in vibrational internal energy from 0 K, where
                        E(0) = E_elec + ZPE is the electronic energy of formation E_elec plus the zero point energy ZPE
      S(T)          : the vibrational entropy at temperature T
   -(A(T)-E(0))     : the change in the vibrational Helmholtz free energy from 0 K
      E(T)          : the electronic energy of formation plus the vibrational internal energy, so this term is
                        E_elec + ZPE + E_vib(T)
      A(T)          : the electronic plus vibrational Helmholtz free energy,
                        E(T) - T.S(T)
Note that the electronic energy, which is part of the enthalpy and free energies,
 is referenced to the elements in their standard state.

Electronic energy =    22.36 kJ/mol (referenced to elements in the standard state)
          PV term =  -196.59 kJ/mol
Zero-point energy =     0.32 kJ/mol

    T       Cv       E(T)-E(0)      S(T)   -(A(T)-E(0))     E(T)        A(T)
    K     J/K/mol      kJ/mol     J/K/mol     kJ/mol       kJ/mol      kJ/mol
  ----- ----------- ----------- ----------- ----------- ----------- -----------
     0      0.0000      0.0000      0.0000      0.0000     22.6834     22.6834
     1      0.1292      0.0000      0.0621      0.0000     22.6834     22.6833
     2      0.5215      0.0003      0.2558      0.0002     22.6837     22.6832
     3      1.1944      0.0012      0.5860      0.0006     22.6845     22.6828
     4      2.0482      0.0028      1.0440      0.0014     22.6861     22.6820
     5      2.9384      0.0053      1.5971      0.0027     22.6886     22.6807
    10      6.5980      0.0297      4.8288      0.0186     22.7130     22.6647
    15      9.3482      0.0698      8.0506      0.0509     22.7532     22.6324
    20     11.2962      0.1218     11.0250      0.0987     22.8051     22.5846
    30     13.4503      0.2470     16.0715      0.2352     22.9303     22.4482
    40     14.4470      0.3870     20.0942      0.4167     23.0704     22.2666
    50     14.9653      0.5343     23.3793      0.6346     23.2177     22.0487
    60     15.2640      0.6856     26.1365      0.8826     23.3690     21.8008
    70     15.4503      0.8393     28.5045      1.1560     23.5226     21.5273
    80     15.5738      0.9944     30.5762      1.4517     23.6778     21.2317
    90     15.6597      1.1506     32.4158      1.7668     23.8340     20.9166
   100     15.7218      1.3075     34.0690      2.0994     23.9909     20.5840
   125     15.8180      1.7019     37.5888      2.9967     24.3853     19.6867
   150     15.8708      2.0981     40.4778      3.9736     24.7814     18.7098
   175     15.9028      2.4953     42.9269      5.0169     25.1786     17.6665
   200     15.9237      2.8931     45.0519      6.1172     25.5765     16.5661
   225     15.9380      3.2914     46.9283      7.2674     25.9747     15.4159
   250     15.9483      3.6900     48.6081      8.4620     26.3733     14.2214
   273     15.9554      4.0569     50.0121      9.5963     26.7402     13.0870
   275     15.9559      4.0888     50.1285      9.6965     26.7721     12.9869
   298     15.9613      4.4558     51.4104     10.8644     27.1392     11.8190
   300     15.9617      4.4878     51.5171     10.9673     27.1711     11.7161
   350     15.9698      5.2860     53.9783     13.6062     27.9694      9.0771
   400     15.9750      6.0847     56.1111     16.3596     28.7680      6.3237
   450     15.9786      6.8835     57.9929     19.2131     29.5669      3.4702
   500     15.9812      7.6825     59.6766     22.1556     30.3659      0.5278
   550     15.9831      8.4816     61.1999     25.1781     31.1650     -2.4947
   600     15.9846      9.2808     62.5906     28.2733     31.9642     -5.5900
   650     15.9857     10.0801     63.8701     31.4353     32.7634     -8.7519
   700     15.9866     10.8794     65.0548     34.6587     33.5627    -11.9754
   750     15.9873     11.6787     66.1578     37.9393     34.3621    -15.2560
   800     15.9879     12.4781     67.1896     41.2733     35.1614    -18.5899
   850     15.9884     13.2775     68.1589     44.6572     35.9608    -21.9739
   900     15.9888     14.0769     69.0728     48.0882     36.7603    -25.4049
   950     15.9892     14.8764     69.9373     51.5636     37.5597    -28.8803
  1000     15.9895     15.6758     70.7574     55.0812     38.3592    -32.3978
  1050     15.9897     16.4753     71.5375     58.6387     39.1586    -35.9553
  1100     15.9899     17.2748     72.2814     62.2343     39.9581    -39.5509
  1150     15.9901     18.0743     72.9922     65.8662     40.7576    -43.1829
  1200     15.9903     18.8738     73.6727     69.5329     41.5571    -46.8496
  1250     15.9905     19.6733     74.3255     73.2330     42.3567    -50.5496
  1300     15.9906     20.4728     74.9526     76.9650     43.1562    -54.2816
  1350     15.9907     21.2723     75.5561     80.7278     43.9557    -58.0444
  1400     15.9908     22.0719     76.1377     84.5202     44.7552    -61.8368
  1450     15.9909     22.8714     76.6988     88.3412     45.5548    -65.6578
  1500     15.9910     23.6710     77.2409     92.1897     46.3543    -69.5063
  1550     15.9911     24.4705     77.7653     96.0649     47.1539    -73.3816
  1600     15.9911     25.2701     78.2730     99.9659     47.9534    -77.2825
  1650     15.9912     26.0696     78.7650    103.8919     48.7530    -81.2085
  1700     15.9913     26.8692     79.2424    107.8421     49.5525    -85.1587
  1750     15.9913     27.6687     79.7060    111.8158     50.3521    -89.1325
  1800     15.9914     28.4683     80.1565    115.8125     51.1516    -93.1291
  1850     15.9914     29.2679     80.5946    119.8313     51.9512    -97.1479
  1900     15.9915     30.0674     81.0211    123.8717     52.7508   -101.1883
  1950     15.9915     30.8670     81.4365    127.9331     53.5503   -105.2498
  2000     15.9915     31.6666     81.8413    132.0150     54.3499   -109.3317
  2100     15.9916     33.2657     82.6216    140.2385     55.9491   -117.5551
  2200     15.9916     34.8649     83.3655    148.5381     57.5482   -125.8547
  2300     15.9917     36.4640     84.0763    156.9104     59.1474   -134.2270
  2400     15.9917     38.0632     84.7570    165.3523     60.7465   -142.6689
  2500     15.9918     39.6623     85.4097    173.8607     62.3457   -151.1774
  2600     15.9918     41.2615     86.0370    182.4332     63.9449   -159.7499
  2700     15.9918     42.8607     86.6405    191.0672     65.5440   -168.3839
  2800     15.9919     44.4599     87.2221    199.7605     67.1432   -177.0771
  2900     15.9919     46.0590     87.7833    208.5109     68.7424   -185.8276
  3000     15.9919     47.6582     88.3254    217.3164     70.3416   -194.6331

Job completed on Wed 25 January 2017 at 16:04:44 æ±äº¬ (æ¨™æº–æ™‚) after 135 s (0:02:15)
