       N       E                     dE             d eps       ncg     rms          rms(c)
RMM:   1     0.443761494127E+04    0.44376E+04   -0.15381E+05  4240   0.161E+03
RMM:   2     0.101328101654E+04   -0.34243E+04   -0.36275E+04  4240   0.401E+02
RMM:   3     0.267840200756E+03   -0.74544E+03   -0.79119E+03  4240   0.151E+02
RMM:   4     0.375626984113E+02   -0.23028E+03   -0.18014E+03  4240   0.901E+01
RMM:   5    -0.493984899459E+02   -0.86961E+02   -0.59782E+02  4240   0.581E+01
RMM:   6    -0.807270970412E+02   -0.31329E+02   -0.23837E+02  4240   0.353E+01
RMM:   7    -0.952989376276E+02   -0.14572E+02   -0.10920E+02  4240   0.245E+01
RMM:   8    -0.100420450428E+03   -0.51215E+01   -0.44849E+01  4240   0.154E+01
RMM:   9    -0.103473553709E+03   -0.30531E+01   -0.28192E+01  8993   0.100E+01
RMM:  10    -0.103847982807E+03   -0.37443E+00   -0.38376E+00  9904   0.181E+00
RMM:  11    -0.103860629051E+03   -0.12646E-01   -0.10405E-01  9153   0.624E-01
RMM:  12    -0.103862919205E+03   -0.22902E-02   -0.21751E-02  9301   0.887E-02    0.143E+01
RMM:  13    -0.974459598160E+02    0.64170E+01   -0.21343E+01  8480   0.139E+01    0.357E+00
RMM:  14    -0.973095178575E+02    0.13644E+00   -0.17035E+00  8483   0.264E+00    0.181E+00
RMM:  15    -0.972783351047E+02    0.31183E-01   -0.95629E-02  8485   0.109E+00    0.323E-01
RMM:  16    -0.972778499652E+02    0.48514E-03   -0.27047E-02  8485   0.403E-01    0.131E-01
RMM:  17    -0.972775052270E+02    0.34474E-03   -0.98792E-04  8674   0.457E-02    0.639E-02
RMM:  18    -0.972773898134E+02    0.11541E-03   -0.54022E-04  8480   0.696E-02    0.404E-03
RMM:  19    -0.972773864614E+02    0.33520E-05   -0.10842E-05  4767   0.511E-03
   1 F= -.97277386E+02 E0= -.97275206E+02  d E =-.972774E+02
